#
# A fatal error has been detected by the Java Runtime Environment:
#
#  EXCEPTION_ACCESS_VIOLATION (0xc0000005) at pc=0x00007ffcdb97c19c, pid=9456, tid=10096
#
# JRE version: Java(TM) SE Runtime Environment 18.9 (11.0.18+9) (build 11.0.18+9-LTS-195)
# Java VM: Java HotSpot(TM) 64-Bit Server VM 18.9 (11.0.18+9-LTS-195, mixed mode, tiered, compressed oops, g1 gc, windows-amd64)
# Problematic frame:
# C  0x00007ffcdb97c19c
#
# No core dump will be written. Minidumps are not enabled by default on client versions of Windows
#
# If you would like to submit a bug report, please visit:
#   https://bugreport.java.com/bugreport/crash.jsp
# The crash happened outside the Java Virtual Machine in native code.
# See problematic frame for where to report the bug.
#

---------------  S U M M A R Y ------------

Command Line: -javaagent:C:\Program Files\JetBrains\IntelliJ IDEA 2022.3.2\lib\idea_rt.jar=62905:C:\Program Files\JetBrains\IntelliJ IDEA 2022.3.2\bin -Dfile.encoding=UTF-8 --module-path=C:\Users\fs-dev1\.m2\repository\org\openjfx\javafx-graphics\17.0.2\javafx-graphics-17.0.2-win.jar;C:\Users\fs-dev1\.m2\repository\org\openjfx\javafx-swing\16\javafx-swing-16-win.jar;C:\Users\fs-dev1\.m2\repository\org\bytedeco\flandmark\1.07-1.5.4\flandmark-1.07-1.5.4.jar;C:\Users\fs-dev1\.m2\repository\org\openjfx\javafx-base\17.0.2\javafx-base-17.0.2-win.jar;C:\Users\fs-dev1\.m2\repository\org\openjfx\javafx-controls\17.0.2\javafx-controls-17.0.2-win.jar;C:\Users\fs-dev1\.m2\repository\org\bytedeco\tesseract\4.1.1-1.5.4\tesseract-4.1.1-1.5.4.jar;C:\Users\fs-dev1\.m2\repository\org\openjfx\javafx-fxml\17.0.2\javafx-fxml-17.0.2-win.jar;C:\Users\fs-dev1\.m2\repository\org\bytedeco\libdc1394\2.2.6-1.5.4\libdc1394-2.2.6-1.5.4.jar;C:\Users\fs-dev1\.m2\repository\org\bytedeco\videoinput\0.200-1.5.4\videoinput-0.200-1.5.4.jar;C:\Users\fs-dev1\.m2\repository\org\bytedeco\flycapture\2.13.3.31-1.5.4\flycapture-2.13.3.31-1.5.4.jar;C:\Users\fs-dev1\.m2\repository\org\bytedeco\ffmpeg\4.3.1-1.5.4\ffmpeg-4.3.1-1.5.4.jar;C:\Users\fs-dev1\.m2\repository\org\bytedeco\openblas\0.3.10-1.5.4\openblas-0.3.10-1.5.4.jar;C:\Users\fs-dev1\.m2\repository\org\bytedeco\leptonica\1.80.0-1.5.4\leptonica-1.80.0-1.5.4.jar;C:\Users\fs-dev1\.m2\repository\org\bytedeco\libfreenect2\0.2.0-1.5.4\libfreenect2-0.2.0-1.5.4.jar;D:\work\project\WebCamComponent\target\classes;D:\work\project\WebCamComponent\lib\HV_lib\jna.jar;C:\Users\fs-dev1\.m2\repository\org\bytedeco\libfreenect\0.5.7-1.5.4\libfreenect-0.5.7-1.5.4.jar;C:\Users\fs-dev1\.m2\repository\org\bytedeco\javacpp\1.5.4\javacpp-1.5.4.jar;D:\work\project\WebCamComponent\lib\HV_lib\examples.jar;C:\Users\fs-dev1\.m2\repository\org\bytedeco\artoolkitplus\2.3.1-1.5.4\artoolkitplus-2.3.1-1.5.4.jar;C:\Users\fs-dev1\.m2\repository\org\bytedeco\librealsense\1.12.4-1.5.4\librealsense-1.12.4-1.5.4.jar;C:\Users\fs-dev1\.m2\repository\org\bytedeco\javacv\1.5.4\javacv-1.5.4.jar;C:\Users\fs-dev1\.m2\repository\org\bytedeco\opencv\4.4.0-1.5.4\opencv--Djdk.module.main=com.fs.webcamcomponent com.fs.webcamcomponent/com.fs.webcamcomponent.WebCamApplication

Host: Intel(R) Core(TM) i7-7500U CPU @ 2.70GHz, 4 cores, 15G,  Windows 10 , 64 bit Build 19041 (10.0.19041.3031)
Time: Wed Jul 12 11:10:05 2023  Windows 10 , 64 bit Build 19041 (10.0.19041.3031) elapsed time: 46.491159 seconds (0d 0h 0m 46s)

---------------  T H R E A D  ---------------

Current thread (0x0000019f26066000):  JavaThread "Thread-5" [_thread_in_native, id=10096, stack(0x0000004b83560000,0x0000004b83660000)]

Stack: [0x0000004b83560000,0x0000004b83660000],  sp=0x0000004b8365eb28,  free space=1018k
Native frames: (J=compiled Java code, j=interpreted, Vv=VM code, C=native code)
C  0x00007ffcdb97c19c

Java frames: (J=compiled Java code, j=interpreted, Vv=VM code)
J 3782  org.bytedeco.ffmpeg.global.swscale.sws_scale(Lorg/bytedeco/ffmpeg/swscale/SwsContext;Lorg/bytedeco/javacpp/PointerPointer;Lorg/bytedeco/javacpp/IntPointer;IILorg/bytedeco/javacpp/PointerPointer;Lorg/bytedeco/javacpp/IntPointer;)I org.bytedeco.ffmpeg (0 bytes) @ 0x0000019f107180eb [0x0000019f10718020+0x00000000000000cb]
J 3914 c1 org.bytedeco.javacv.FFmpegFrameGrabber.processImage()V org.bytedeco.javacv (508 bytes) @ 0x0000019f097db84c [0x0000019f097da800+0x000000000000104c]
J 3773 c1 org.bytedeco.javacv.FFmpegFrameGrabber.grabFrame(ZZZZZ)Lorg/bytedeco/javacv/Frame; org.bytedeco.javacv (1265 bytes) @ 0x0000019f0977bee4 [0x0000019f09779fa0+0x0000000000001f44]
J 3772 c1 org.bytedeco.javacv.FFmpegFrameGrabber.grab()Lorg/bytedeco/javacv/Frame; org.bytedeco.javacv (10 bytes) @ 0x0000019f09780364 [0x0000019f097802c0+0x00000000000000a4]
j  com.fs.webcamcomponent.hv.HikvisionOperation$FrameGrabThread.run()V+65 com.fs.webcamcomponent
v  ~StubRoutines::call_stub

siginfo: EXCEPTION_ACCESS_VIOLATION (0xc0000005), reading address 0x0000019f307c9000


Register to memory mapping:

RIP=0x00007ffcdb97c19c points into unknown readable memory: f3 41 0f 7e
RAX=0x000000000000057e is an unknown value
RBX=0x00000000000003c2 is an unknown value
RCX=0x000000000000057b is an unknown value
RDX=0x0000019f3c819e00 points into unknown readable memory: 0x4000400040004000 | 00 40 00 40 00 40 00 40
RSP=0x0000004b8365eb28 is pointing into the stack for thread: 0x0000019f26066000
RBP=0x0000019f2ae31440 points into unknown readable memory: 0x0000019f3cf3df80 | 80 df f3 3c 9f 01 00 00
RSI=0x0000019f3a8a3500 points into unknown readable memory: 0x00007ffcdb99d860 | 60 d8 99 db fc 7f 00 00
RDI=0x0000000000000280 is an unknown value
R8 =0xfffffffffffffea8 is an unknown value
R9 =0x0000019f307c8a80 points into unknown readable memory: 0x0000000000000000 | 00 00 00 00 00 00 00 00
R10=0x0000019f3cf40780 points into unknown readable memory: 0x0000000000000000 | 00 00 00 00 00 00 00 00
R11=0x0000019f3c1c5c00 points into unknown readable memory: 0x0000077800000778 | 78 07 00 00 78 07 00 00
R12=0x0000000000000780 is an unknown value
R13=0x0000000000030000 is an unknown value
R14=0x0000019f3c02ae60 points into unknown readable memory: 0x0000019f3c819900 | 00 99 81 3c 9f 01 00 00
R15=0x0000019f3a723900 points into unknown readable memory: 0x0000019f38c9edc0 | c0 ed c9 38 9f 01 00 00


Registers:
RAX=0x000000000000057e, RBX=0x00000000000003c2, RCX=0x000000000000057b, RDX=0x0000019f3c819e00
RSP=0x0000004b8365eb28, RBP=0x0000019f2ae31440, RSI=0x0000019f3a8a3500, RDI=0x0000000000000280
R8 =0xfffffffffffffea8, R9 =0x0000019f307c8a80, R10=0x0000019f3cf40780, R11=0x0000019f3c1c5c00
R12=0x0000000000000780, R13=0x0000000000030000, R14=0x0000019f3c02ae60, R15=0x0000019f3a723900
RIP=0x00007ffcdb97c19c, EFLAGS=0x0000000000010282

Top of Stack: (sp=0x0000004b8365eb28)
0x0000004b8365eb28:   00007ffcdb9225d2 0000000000000280
0x0000004b8365eb38:   00000000000001a7 0000019f3a6e46c0
0x0000004b8365eb48:   00000280000001a7 0000019f3cf3df80
0x0000004b8365eb58:   0000019f3c1c5200 0000019f00000008
0x0000004b8365eb68:   0000019f38c8e9c0 0000019f38bce280
0x0000004b8365eb78:   000003c3000003c0 0000019f3bcd00c0
0x0000004b8365eb88:   0000019f3a8a3500 00000000000003be
0x0000004b8365eb98:   0000019f3a723928 0000000000000005
0x0000004b8365eba8:   0000019f3a723900 0000019f38c9ee58
0x0000004b8365ebb8:   00000000000003be 00000000000001df
0x0000004b8365ebc8:   00007ffcdb959031 0000000000000000
0x0000004b8365ebd8:   000000070d6ed528 0000019f35005d00
0x0000004b8365ebe8:   0000000700000005 00007ffc00000000
0x0000004b8365ebf8:   00007ffc000001e0 00007ffc00000000
0x0000004b8365ec08:   00000000000001e0 0000000000000000
0x0000004b8365ec18:   0000000000000200 000001e026066348 

Instructions: (pc=0x00007ffcdb97c19c)
0x00007ffcdb97c17c:   c0 66 0f ef db 49 d1 e0 4f 8d 14 c2 4a 8d 14 02
0x00007ffcdb97c18c:   4f 8d 1c 43 49 f7 d8 4b 63 0c 43 4b 63 44 43 04
0x00007ffcdb97c19c:   f3 41 0f 7e 04 09 f3 41 0f 7e 0c 01 4b 63 4c 43
0x00007ffcdb97c1ac:   08 4b 63 44 43 0c f3 41 0f 7e 24 09 f3 41 0f 7e 


Stack slot to memory mapping:
stack at sp + 0 slots: 0x00007ffcdb9225d2 points into unknown readable memory: e9 1c ff ff ff 66
stack at sp + 1 slots: 0x0000000000000280 is an unknown value
stack at sp + 2 slots: 0x00000000000001a7 is an unknown value
stack at sp + 3 slots: 0x0000019f3a6e46c0 points into unknown readable memory: 0x071c0e3915561555 | 55 15 56 15 39 0e 1c 07
stack at sp + 4 slots: 0x00000280000001a7 is an unknown value
stack at sp + 5 slots: 0x0000019f3cf3df80 points into unknown readable memory: 0x071c0e3915561555 | 55 15 56 15 39 0e 1c 07
stack at sp + 6 slots: 0x0000019f3c1c5200 points into unknown readable memory: 0x0000000200000000 | 00 00 00 00 02 00 00 00
stack at sp + 7 slots: 0x0000019f00000008 points into unknown readable memory: 0xfb99157c9df38f6d | 6d 8f f3 9d 7c 15 99 fb


---------------  P R O C E S S  ---------------

Threads class SMR info:
_java_thread_list=0x0000019f3500a1f0, length=21, elements={
0x0000019f7f87a000, 0x0000019f2464e800, 0x0000019f24658000, 0x0000019f246b9800,
0x0000019f246bd800, 0x0000019f246c2800, 0x0000019f246c8800, 0x0000019f246d2800,
0x0000019f246d7800, 0x0000019f24857800, 0x0000019f24a8f000, 0x0000019f253f2800,
0x0000019f254d6800, 0x0000019f25552000, 0x0000019f256c0000, 0x0000019f25510000,
0x0000019f24939000, 0x0000019f25613800, 0x0000019f26068800, 0x0000019f26066000,
0x0000019f26069800
}

Java Threads: ( => current thread )
  0x0000019f7f87a000 JavaThread "main" [_thread_blocked, id=15576, stack(0x0000004bfca00000,0x0000004bfcb00000)]
  0x0000019f2464e800 JavaThread "Reference Handler" daemon [_thread_blocked, id=8044, stack(0x0000004bfd100000,0x0000004bfd200000)]
  0x0000019f24658000 JavaThread "Finalizer" daemon [_thread_blocked, id=18904, stack(0x0000004bfd200000,0x0000004bfd300000)]
  0x0000019f246b9800 JavaThread "Signal Dispatcher" daemon [_thread_blocked, id=13372, stack(0x0000004bfd300000,0x0000004bfd400000)]
  0x0000019f246bd800 JavaThread "Attach Listener" daemon [_thread_blocked, id=16456, stack(0x0000004bfd400000,0x0000004bfd500000)]
  0x0000019f246c2800 JavaThread "Service Thread" daemon [_thread_blocked, id=19280, stack(0x0000004bfd500000,0x0000004bfd600000)]
  0x0000019f246c8800 JavaThread "C2 CompilerThread0" daemon [_thread_blocked, id=12276, stack(0x0000004bfd600000,0x0000004bfd700000)]
  0x0000019f246d2800 JavaThread "C1 CompilerThread0" daemon [_thread_blocked, id=7428, stack(0x0000004bfd700000,0x0000004bfd800000)]
  0x0000019f246d7800 JavaThread "Sweeper thread" daemon [_thread_blocked, id=7360, stack(0x0000004bfd800000,0x0000004bfd900000)]
  0x0000019f24857800 JavaThread "Common-Cleaner" daemon [_thread_blocked, id=17856, stack(0x0000004bfd900000,0x0000004bfda00000)]
  0x0000019f24a8f000 JavaThread "Monitor Ctrl-Break" daemon [_thread_in_native, id=3924, stack(0x0000004bfde00000,0x0000004bfdf00000)]
  0x0000019f253f2800 JavaThread "QuantumRenderer-0" daemon [_thread_blocked, id=2888, stack(0x0000004bfe000000,0x0000004bfe100000)]
  0x0000019f254d6800 JavaThread "InvokeLaterDispatcher" daemon [_thread_blocked, id=3940, stack(0x0000004bfe100000,0x0000004bfe200000)]
  0x0000019f25552000 JavaThread "JavaFX Application Thread" [_thread_in_native, id=4068, stack(0x0000004bfe200000,0x0000004bfe300000)]
  0x0000019f256c0000 JavaThread "Thread-1" daemon [_thread_in_native, id=6324, stack(0x0000004bfe600000,0x0000004bfe700000)]
  0x0000019f25510000 JavaThread "JavaFX-Launcher" [_thread_blocked, id=15976, stack(0x0000004bfe700000,0x0000004bfe800000)]
  0x0000019f24939000 JavaThread "Prism Font Disposer" daemon [_thread_blocked, id=968, stack(0x0000004bfda00000,0x0000004bfdb00000)]
  0x0000019f25613800 JavaThread "Cleaner-0" daemon [_thread_blocked, id=3972, stack(0x0000004bfec00000,0x0000004bfed00000)]
  0x0000019f26068800 JavaThread "JavaCPP Deallocator" daemon [_thread_blocked, id=16288, stack(0x0000004b83460000,0x0000004b83560000)]
=>0x0000019f26066000 JavaThread "Thread-5" [_thread_in_native, id=10096, stack(0x0000004b83560000,0x0000004b83660000)]
  0x0000019f26069800 JavaThread "Thread-5521" [_thread_blocked, id=19444, stack(0x0000004b82d00000,0x0000004b82e00000)]

Other Threads:
  0x0000019f24629800 VMThread "VM Thread" [stack: 0x0000004bfd000000,0x0000004bfd100000] [id=15464]
  0x0000019f24ef0000 WatcherThread [stack: 0x0000004bfdf00000,0x0000004bfe000000] [id=17320]
  0x0000019f7f88f000 GCTaskThread "GC Thread#0" [stack: 0x0000004bfcb00000,0x0000004bfcc00000] [id=10636]
  0x0000019f24db1000 GCTaskThread "GC Thread#1" [stack: 0x0000004bfdb00000,0x0000004bfdc00000] [id=14068]
  0x0000019f24d2d800 GCTaskThread "GC Thread#2" [stack: 0x0000004bfdc00000,0x0000004bfdd00000] [id=16108]
  0x0000019f24da0000 GCTaskThread "GC Thread#3" [stack: 0x0000004bfdd00000,0x0000004bfde00000] [id=16676]
  0x0000019f7f8e9800 ConcurrentGCThread "G1 Main Marker" [stack: 0x0000004bfcc00000,0x0000004bfcd00000] [id=764]
  0x0000019f7f8eb800 ConcurrentGCThread "G1 Conc#0" [stack: 0x0000004bfcd00000,0x0000004bfce00000] [id=12240]
  0x0000019f23c8a000 ConcurrentGCThread "G1 Refine#0" [stack: 0x0000004bfce00000,0x0000004bfcf00000] [id=17008]
  0x0000019f23c8b000 ConcurrentGCThread "G1 Young RemSet Sampling" [stack: 0x0000004bfcf00000,0x0000004bfd000000] [id=1772]

Threads with active compile tasks:

VM state:not at safepoint (normal execution)

VM Mutex/Monitor currently owned by a thread: None

Heap address: 0x0000000702400000, size: 4060 MB, Compressed Oops mode: Zero based, Oop shift amount: 3
Narrow klass base: 0x0000000800000000, Narrow klass shift: 0
Compressed class space size: 1073741824 Address: 0x0000000800000000

Heap:
 garbage-first heap   total 290816K, used 243249K [0x0000000702400000, 0x0000000800000000)
  region size 1024K, 148 young (151552K), 1 survivors (1024K)
 Metaspace       used 27954K, capacity 28616K, committed 28924K, reserved 1075200K
  class space    used 3514K, capacity 3806K, committed 3916K, reserved 1048576K
Heap Regions: E=young(eden), S=young(survivor), O=old, HS=humongous(starts), HC=humongous(continues), CS=collection set, F=free, A=archive, TAMS=top-at-mark-start (previous, next)
|   0|0x0000000702400000, 0x0000000702500000, 0x0000000702500000|100%|HS|  |TAMS 0x0000000702500000, 0x0000000702400000| Complete 
|   1|0x0000000702500000, 0x0000000702600000, 0x0000000702600000|100%|HC|  |TAMS 0x0000000702600000, 0x0000000702500000| Complete 
|   2|0x0000000702600000, 0x0000000702700000, 0x0000000702700000|100%| O|  |TAMS 0x0000000702700000, 0x0000000702600000| Untracked 
|   3|0x0000000702700000, 0x0000000702800000, 0x0000000702800000|100%| O|  |TAMS 0x0000000702800000, 0x0000000702700000| Untracked 
|   4|0x0000000702800000, 0x0000000702900000, 0x0000000702900000|100%| O|  |TAMS 0x0000000702900000, 0x0000000702800000| Untracked 
|   5|0x0000000702900000, 0x0000000702a00000, 0x0000000702a00000|100%| O|  |TAMS 0x0000000702a00000, 0x0000000702900000| Untracked 
|   6|0x0000000702a00000, 0x0000000702b00000, 0x0000000702b00000|100%| O|  |TAMS 0x0000000702b00000, 0x0000000702a00000| Untracked 
|   7|0x0000000702b00000, 0x0000000702c00000, 0x0000000702c00000|100%| O|  |TAMS 0x0000000702c00000, 0x0000000702b00000| Untracked 
|   8|0x0000000702c00000, 0x0000000702d00000, 0x0000000702d00000|100%| O|  |TAMS 0x0000000702d00000, 0x0000000702c00000| Untracked 
|   9|0x0000000702d00000, 0x0000000702e00000, 0x0000000702e00000|100%| O|  |TAMS 0x0000000702d50200, 0x0000000702d00000| Untracked 
|  10|0x0000000702e00000, 0x0000000702f00000, 0x0000000702f00000|100%|HS|  |TAMS 0x0000000702e00000, 0x0000000702e00000| Complete 
|  11|0x0000000702f00000, 0x0000000703000000, 0x0000000703000000|100%|HC|  |TAMS 0x0000000702f00000, 0x0000000702f00000| Complete 
|  12|0x0000000703000000, 0x0000000703100000, 0x0000000703100000|100%|HS|  |TAMS 0x0000000703000000, 0x0000000703000000| Complete 
|  13|0x0000000703100000, 0x0000000703200000, 0x0000000703200000|100%|HC|  |TAMS 0x0000000703100000, 0x0000000703100000| Complete 
|  14|0x0000000703200000, 0x0000000703300000, 0x0000000703300000|100%|HS|  |TAMS 0x0000000703200000, 0x0000000703200000| Complete 
|  15|0x0000000703300000, 0x0000000703400000, 0x0000000703400000|100%|HC|  |TAMS 0x0000000703300000, 0x0000000703300000| Complete 
|  16|0x0000000703400000, 0x0000000703500000, 0x0000000703500000|100%|HS|  |TAMS 0x0000000703400000, 0x0000000703400000| Complete 
|  17|0x0000000703500000, 0x0000000703600000, 0x0000000703600000|100%|HC|  |TAMS 0x0000000703500000, 0x0000000703500000| Complete 
|  18|0x0000000703600000, 0x0000000703700000, 0x0000000703700000|100%|HS|  |TAMS 0x0000000703600000, 0x0000000703600000| Complete 
|  19|0x0000000703700000, 0x0000000703800000, 0x0000000703800000|100%|HC|  |TAMS 0x0000000703700000, 0x0000000703700000| Complete 
|  20|0x0000000703800000, 0x0000000703900000, 0x0000000703900000|100%|HS|  |TAMS 0x0000000703800000, 0x0000000703800000| Complete 
|  21|0x0000000703900000, 0x0000000703a00000, 0x0000000703a00000|100%|HC|  |TAMS 0x0000000703900000, 0x0000000703900000| Complete 
|  22|0x0000000703a00000, 0x0000000703b00000, 0x0000000703b00000|100%|HS|  |TAMS 0x0000000703a00000, 0x0000000703a00000| Complete 
|  23|0x0000000703b00000, 0x0000000703c00000, 0x0000000703c00000|100%|HC|  |TAMS 0x0000000703b00000, 0x0000000703b00000| Complete 
|  24|0x0000000703c00000, 0x0000000703d00000, 0x0000000703d00000|100%|HS|  |TAMS 0x0000000703c00000, 0x0000000703c00000| Complete 
|  25|0x0000000703d00000, 0x0000000703e00000, 0x0000000703e00000|100%|HC|  |TAMS 0x0000000703d00000, 0x0000000703d00000| Complete 
|  26|0x0000000703e00000, 0x0000000703f00000, 0x0000000703f00000|100%|HS|  |TAMS 0x0000000703e00000, 0x0000000703e00000| Complete 
|  27|0x0000000703f00000, 0x0000000704000000, 0x0000000704000000|100%|HC|  |TAMS 0x0000000703f00000, 0x0000000703f00000| Complete 
|  28|0x0000000704000000, 0x0000000704100000, 0x0000000704100000|100%|HS|  |TAMS 0x0000000704000000, 0x0000000704000000| Complete 
|  29|0x0000000704100000, 0x0000000704200000, 0x0000000704200000|100%|HC|  |TAMS 0x0000000704100000, 0x0000000704100000| Complete 
|  30|0x0000000704200000, 0x0000000704300000, 0x0000000704300000|100%|HS|  |TAMS 0x0000000704200000, 0x0000000704200000| Complete 
|  31|0x0000000704300000, 0x0000000704400000, 0x0000000704400000|100%|HC|  |TAMS 0x0000000704300000, 0x0000000704300000| Complete 
|  32|0x0000000704400000, 0x0000000704500000, 0x0000000704500000|100%|HS|  |TAMS 0x0000000704400000, 0x0000000704400000| Complete 
|  33|0x0000000704500000, 0x0000000704600000, 0x0000000704600000|100%|HC|  |TAMS 0x0000000704500000, 0x0000000704500000| Complete 
|  34|0x0000000704600000, 0x0000000704700000, 0x0000000704700000|100%|HS|  |TAMS 0x0000000704600000, 0x0000000704600000| Complete 
|  35|0x0000000704700000, 0x0000000704800000, 0x0000000704800000|100%|HC|  |TAMS 0x0000000704700000, 0x0000000704700000| Complete 
|  36|0x0000000704800000, 0x0000000704900000, 0x0000000704900000|100%|HS|  |TAMS 0x0000000704800000, 0x0000000704800000| Complete 
|  37|0x0000000704900000, 0x0000000704a00000, 0x0000000704a00000|100%|HC|  |TAMS 0x0000000704900000, 0x0000000704900000| Complete 
|  38|0x0000000704a00000, 0x0000000704b00000, 0x0000000704b00000|100%|HS|  |TAMS 0x0000000704a00000, 0x0000000704a00000| Complete 
|  39|0x0000000704b00000, 0x0000000704c00000, 0x0000000704c00000|100%|HC|  |TAMS 0x0000000704b00000, 0x0000000704b00000| Complete 
|  40|0x0000000704c00000, 0x0000000704d00000, 0x0000000704d00000|100%|HS|  |TAMS 0x0000000704c00000, 0x0000000704c00000| Complete 
|  41|0x0000000704d00000, 0x0000000704e00000, 0x0000000704e00000|100%|HC|  |TAMS 0x0000000704d00000, 0x0000000704d00000| Complete 
|  42|0x0000000704e00000, 0x0000000704f00000, 0x0000000704f00000|100%|HS|  |TAMS 0x0000000704e00000, 0x0000000704e00000| Complete 
|  43|0x0000000704f00000, 0x0000000705000000, 0x0000000705000000|100%|HC|  |TAMS 0x0000000704f00000, 0x0000000704f00000| Complete 
|  44|0x0000000705000000, 0x0000000705100000, 0x0000000705100000|100%|HS|  |TAMS 0x0000000705000000, 0x0000000705000000| Complete 
|  45|0x0000000705100000, 0x0000000705200000, 0x0000000705200000|100%|HC|  |TAMS 0x0000000705100000, 0x0000000705100000| Complete 
|  46|0x0000000705200000, 0x0000000705300000, 0x0000000705300000|100%|HS|  |TAMS 0x0000000705200000, 0x0000000705200000| Complete 
|  47|0x0000000705300000, 0x0000000705400000, 0x0000000705400000|100%|HC|  |TAMS 0x0000000705300000, 0x0000000705300000| Complete 
|  48|0x0000000705400000, 0x0000000705500000, 0x0000000705500000|100%|HS|  |TAMS 0x0000000705400000, 0x0000000705400000| Complete 
|  49|0x0000000705500000, 0x0000000705600000, 0x0000000705600000|100%|HC|  |TAMS 0x0000000705500000, 0x0000000705500000| Complete 
|  50|0x0000000705600000, 0x0000000705700000, 0x0000000705700000|100%|HS|  |TAMS 0x0000000705600000, 0x0000000705600000| Complete 
|  51|0x0000000705700000, 0x0000000705800000, 0x0000000705800000|100%|HC|  |TAMS 0x0000000705700000, 0x0000000705700000| Complete 
|  52|0x0000000705800000, 0x0000000705900000, 0x0000000705900000|100%|HS|  |TAMS 0x0000000705800000, 0x0000000705800000| Complete 
|  53|0x0000000705900000, 0x0000000705a00000, 0x0000000705a00000|100%|HC|  |TAMS 0x0000000705900000, 0x0000000705900000| Complete 
|  54|0x0000000705a00000, 0x0000000705b00000, 0x0000000705b00000|100%|HS|  |TAMS 0x0000000705a00000, 0x0000000705a00000| Complete 
|  55|0x0000000705b00000, 0x0000000705c00000, 0x0000000705c00000|100%|HC|  |TAMS 0x0000000705b00000, 0x0000000705b00000| Complete 
|  56|0x0000000705c00000, 0x0000000705d00000, 0x0000000705d00000|100%|HS|  |TAMS 0x0000000705c00000, 0x0000000705c00000| Complete 
|  57|0x0000000705d00000, 0x0000000705e00000, 0x0000000705e00000|100%|HC|  |TAMS 0x0000000705d00000, 0x0000000705d00000| Complete 
|  58|0x0000000705e00000, 0x0000000705f00000, 0x0000000705f00000|100%|HS|  |TAMS 0x0000000705e00000, 0x0000000705e00000| Complete 
|  59|0x0000000705f00000, 0x0000000706000000, 0x0000000706000000|100%|HC|  |TAMS 0x0000000705f00000, 0x0000000705f00000| Complete 
|  60|0x0000000706000000, 0x0000000706100000, 0x0000000706100000|100%|HS|  |TAMS 0x0000000706000000, 0x0000000706000000| Complete 
|  61|0x0000000706100000, 0x0000000706200000, 0x0000000706200000|100%|HC|  |TAMS 0x0000000706100000, 0x0000000706100000| Complete 
|  62|0x0000000706200000, 0x0000000706300000, 0x0000000706300000|100%|HS|  |TAMS 0x0000000706200000, 0x0000000706200000| Complete 
|  63|0x0000000706300000, 0x0000000706400000, 0x0000000706400000|100%|HC|  |TAMS 0x0000000706300000, 0x0000000706300000| Complete 
|  64|0x0000000706400000, 0x0000000706500000, 0x0000000706500000|100%|HS|  |TAMS 0x0000000706400000, 0x0000000706400000| Complete 
|  65|0x0000000706500000, 0x0000000706600000, 0x0000000706600000|100%|HC|  |TAMS 0x0000000706500000, 0x0000000706500000| Complete 
|  66|0x0000000706600000, 0x0000000706700000, 0x0000000706700000|100%|HS|  |TAMS 0x0000000706600000, 0x0000000706600000| Complete 
|  67|0x0000000706700000, 0x0000000706800000, 0x0000000706800000|100%|HC|  |TAMS 0x0000000706700000, 0x0000000706700000| Complete 
|  68|0x0000000706800000, 0x0000000706900000, 0x0000000706900000|100%|HS|  |TAMS 0x0000000706800000, 0x0000000706800000| Complete 
|  69|0x0000000706900000, 0x0000000706a00000, 0x0000000706a00000|100%|HC|  |TAMS 0x0000000706900000, 0x0000000706900000| Complete 
|  70|0x0000000706a00000, 0x0000000706b00000, 0x0000000706b00000|100%|HS|  |TAMS 0x0000000706a00000, 0x0000000706a00000| Complete 
|  71|0x0000000706b00000, 0x0000000706c00000, 0x0000000706c00000|100%|HC|  |TAMS 0x0000000706b00000, 0x0000000706b00000| Complete 
|  72|0x0000000706c00000, 0x0000000706d00000, 0x0000000706d00000|100%|HS|  |TAMS 0x0000000706c00000, 0x0000000706c00000| Complete 
|  73|0x0000000706d00000, 0x0000000706e00000, 0x0000000706e00000|100%|HC|  |TAMS 0x0000000706d00000, 0x0000000706d00000| Complete 
|  74|0x0000000706e00000, 0x0000000706f00000, 0x0000000706f00000|100%|HS|  |TAMS 0x0000000706e00000, 0x0000000706e00000| Complete 
|  75|0x0000000706f00000, 0x0000000707000000, 0x0000000707000000|100%|HC|  |TAMS 0x0000000706f00000, 0x0000000706f00000| Complete 
|  76|0x0000000707000000, 0x0000000707100000, 0x0000000707100000|100%|HS|  |TAMS 0x0000000707000000, 0x0000000707000000| Complete 
|  77|0x0000000707100000, 0x0000000707200000, 0x0000000707200000|100%|HC|  |TAMS 0x0000000707100000, 0x0000000707100000| Complete 
|  78|0x0000000707200000, 0x0000000707300000, 0x0000000707300000|100%|HS|  |TAMS 0x0000000707200000, 0x0000000707200000| Complete 
|  79|0x0000000707300000, 0x0000000707400000, 0x0000000707400000|100%|HC|  |TAMS 0x0000000707300000, 0x0000000707300000| Complete 
|  80|0x0000000707400000, 0x0000000707500000, 0x0000000707500000|100%|HS|  |TAMS 0x0000000707400000, 0x0000000707400000| Complete 
|  81|0x0000000707500000, 0x0000000707600000, 0x0000000707600000|100%|HC|  |TAMS 0x0000000707500000, 0x0000000707500000| Complete 
|  82|0x0000000707600000, 0x0000000707700000, 0x0000000707700000|100%|HS|  |TAMS 0x0000000707600000, 0x0000000707600000| Complete 
|  83|0x0000000707700000, 0x0000000707800000, 0x0000000707800000|100%|HC|  |TAMS 0x0000000707700000, 0x0000000707700000| Complete 
|  84|0x0000000707800000, 0x0000000707900000, 0x0000000707900000|100%|HS|  |TAMS 0x0000000707800000, 0x0000000707800000| Complete 
|  85|0x0000000707900000, 0x0000000707a00000, 0x0000000707a00000|100%|HC|  |TAMS 0x0000000707900000, 0x0000000707900000| Complete 
|  86|0x0000000707a00000, 0x0000000707b00000, 0x0000000707b00000|100%|HS|  |TAMS 0x0000000707a00000, 0x0000000707a00000| Complete 
|  87|0x0000000707b00000, 0x0000000707c00000, 0x0000000707c00000|100%|HC|  |TAMS 0x0000000707b00000, 0x0000000707b00000| Complete 
|  88|0x0000000707c00000, 0x0000000707c00000, 0x0000000707d00000|  0%| F|  |TAMS 0x0000000707c00000, 0x0000000707c00000| Untracked 
|  89|0x0000000707d00000, 0x0000000707d00000, 0x0000000707e00000|  0%| F|  |TAMS 0x0000000707d00000, 0x0000000707d00000| Untracked 
|  90|0x0000000707e00000, 0x0000000707e00000, 0x0000000707f00000|  0%| F|  |TAMS 0x0000000707e00000, 0x0000000707e00000| Untracked 
|  91|0x0000000707f00000, 0x0000000707f00000, 0x0000000708000000|  0%| F|  |TAMS 0x0000000707f00000, 0x0000000707f00000| Untracked 
|  92|0x0000000708000000, 0x0000000708000000, 0x0000000708100000|  0%| F|  |TAMS 0x0000000708000000, 0x0000000708000000| Untracked 
|  93|0x0000000708100000, 0x0000000708100000, 0x0000000708200000|  0%| F|  |TAMS 0x0000000708100000, 0x0000000708100000| Untracked 
|  94|0x0000000708200000, 0x0000000708200000, 0x0000000708300000|  0%| F|  |TAMS 0x0000000708200000, 0x0000000708200000| Untracked 
|  95|0x0000000708300000, 0x0000000708300000, 0x0000000708400000|  0%| F|  |TAMS 0x0000000708300000, 0x0000000708300000| Untracked 
|  96|0x0000000708400000, 0x0000000708400000, 0x0000000708500000|  0%| F|  |TAMS 0x0000000708400000, 0x0000000708400000| Untracked 
|  97|0x0000000708500000, 0x0000000708500000, 0x0000000708600000|  0%| F|  |TAMS 0x0000000708500000, 0x0000000708500000| Untracked 
|  98|0x0000000708600000, 0x0000000708600000, 0x0000000708700000|  0%| F|  |TAMS 0x0000000708600000, 0x0000000708600000| Untracked 
|  99|0x0000000708700000, 0x0000000708700000, 0x0000000708800000|  0%| F|  |TAMS 0x0000000708700000, 0x0000000708700000| Untracked 
| 100|0x0000000708800000, 0x0000000708800000, 0x0000000708900000|  0%| F|  |TAMS 0x0000000708800000, 0x0000000708800000| Untracked 
| 101|0x0000000708900000, 0x0000000708900000, 0x0000000708a00000|  0%| F|  |TAMS 0x0000000708900000, 0x0000000708900000| Untracked 
| 102|0x0000000708a00000, 0x0000000708b00000, 0x0000000708b00000|100%| O|  |TAMS 0x0000000708a00000, 0x0000000708a00000| Untracked 
| 103|0x0000000708b00000, 0x0000000708b00000, 0x0000000708c00000|  0%| F|  |TAMS 0x0000000708b00000, 0x0000000708b00000| Untracked 
| 104|0x0000000708c00000, 0x0000000708c00000, 0x0000000708d00000|  0%| F|  |TAMS 0x0000000708c00000, 0x0000000708c00000| Untracked 
| 105|0x0000000708d00000, 0x0000000708d00000, 0x0000000708e00000|  0%| F|  |TAMS 0x0000000708d00000, 0x0000000708d00000| Untracked 
| 106|0x0000000708e00000, 0x0000000708e00000, 0x0000000708f00000|  0%| F|  |TAMS 0x0000000708e00000, 0x0000000708e00000| Untracked 
| 107|0x0000000708f00000, 0x0000000708f00000, 0x0000000709000000|  0%| F|  |TAMS 0x0000000708f00000, 0x0000000708f00000| Untracked 
| 108|0x0000000709000000, 0x0000000709000000, 0x0000000709100000|  0%| F|  |TAMS 0x0000000709000000, 0x0000000709000000| Untracked 
| 109|0x0000000709100000, 0x0000000709100000, 0x0000000709200000|  0%| F|  |TAMS 0x0000000709100000, 0x0000000709100000| Untracked 
| 110|0x0000000709200000, 0x0000000709200000, 0x0000000709300000|  0%| F|  |TAMS 0x0000000709200000, 0x0000000709200000| Untracked 
| 111|0x0000000709300000, 0x0000000709300000, 0x0000000709400000|  0%| F|  |TAMS 0x0000000709300000, 0x0000000709300000| Untracked 
| 112|0x0000000709400000, 0x0000000709400000, 0x0000000709500000|  0%| F|  |TAMS 0x0000000709400000, 0x0000000709400000| Untracked 
| 113|0x0000000709500000, 0x0000000709500000, 0x0000000709600000|  0%| F|  |TAMS 0x0000000709500000, 0x0000000709500000| Untracked 
| 114|0x0000000709600000, 0x0000000709600000, 0x0000000709700000|  0%| F|  |TAMS 0x0000000709600000, 0x0000000709600000| Untracked 
| 115|0x0000000709700000, 0x0000000709800000, 0x0000000709800000|100%|HS|  |TAMS 0x0000000709700000, 0x0000000709700000| Complete 
| 116|0x0000000709800000, 0x0000000709900000, 0x0000000709900000|100%|HC|  |TAMS 0x0000000709800000, 0x0000000709800000| Complete 
| 117|0x0000000709900000, 0x0000000709900000, 0x0000000709a00000|  0%| F|  |TAMS 0x0000000709900000, 0x0000000709900000| Untracked 
| 118|0x0000000709a00000, 0x0000000709a00000, 0x0000000709b00000|  0%| F|  |TAMS 0x0000000709a00000, 0x0000000709a00000| Untracked 
| 119|0x0000000709b00000, 0x0000000709b00000, 0x0000000709c00000|  0%| F|  |TAMS 0x0000000709b00000, 0x0000000709b00000| Untracked 
| 120|0x0000000709c00000, 0x0000000709c00000, 0x0000000709d00000|  0%| F|  |TAMS 0x0000000709c00000, 0x0000000709c00000| Untracked 
| 121|0x0000000709d00000, 0x0000000709d00000, 0x0000000709e00000|  0%| F|  |TAMS 0x0000000709d00000, 0x0000000709d00000| Untracked 
| 122|0x0000000709e00000, 0x0000000709e00000, 0x0000000709f00000|  0%| F|  |TAMS 0x0000000709e00000, 0x0000000709e00000| Untracked 
| 123|0x0000000709f00000, 0x0000000709f00000, 0x000000070a000000|  0%| F|  |TAMS 0x0000000709f00000, 0x0000000709f00000| Untracked 
| 124|0x000000070a000000, 0x000000070a000000, 0x000000070a100000|  0%| F|  |TAMS 0x000000070a000000, 0x000000070a000000| Untracked 
| 125|0x000000070a100000, 0x000000070a100000, 0x000000070a200000|  0%| F|  |TAMS 0x000000070a100000, 0x000000070a100000| Untracked 
| 126|0x000000070a200000, 0x000000070a200000, 0x000000070a300000|  0%| F|  |TAMS 0x000000070a200000, 0x000000070a200000| Untracked 
| 127|0x000000070a300000, 0x000000070a300000, 0x000000070a400000|  0%| F|  |TAMS 0x000000070a300000, 0x000000070a300000| Untracked 
| 128|0x000000070a400000, 0x000000070a400000, 0x000000070a500000|  0%| F|  |TAMS 0x000000070a400000, 0x000000070a400000| Untracked 
| 129|0x000000070a500000, 0x000000070a500000, 0x000000070a600000|  0%| F|  |TAMS 0x000000070a500000, 0x000000070a500000| Untracked 
| 130|0x000000070a600000, 0x000000070a600000, 0x000000070a700000|  0%| F|  |TAMS 0x000000070a600000, 0x000000070a600000| Untracked 
| 131|0x000000070a700000, 0x000000070a700000, 0x000000070a800000|  0%| F|  |TAMS 0x000000070a700000, 0x000000070a700000| Untracked 
| 132|0x000000070a800000, 0x000000070a800000, 0x000000070a900000|  0%| F|  |TAMS 0x000000070a800000, 0x000000070a800000| Untracked 
| 133|0x000000070a900000, 0x000000070a900000, 0x000000070aa00000|  0%| F|  |TAMS 0x000000070a900000, 0x000000070a900000| Untracked 
| 134|0x000000070aa00000, 0x000000070aa00000, 0x000000070ab00000|  0%| F|  |TAMS 0x000000070aa00000, 0x000000070aa00000| Untracked 
| 135|0x000000070ab00000, 0x000000070ab84778, 0x000000070ac00000| 51%| E|  |TAMS 0x000000070ab00000, 0x000000070ab00000| Complete 
| 136|0x000000070ac00000, 0x000000070ad00000, 0x000000070ad00000|100%| E|CS|TAMS 0x000000070ac00000, 0x000000070ac00000| Complete 
| 137|0x000000070ad00000, 0x000000070ae00000, 0x000000070ae00000|100%| E|CS|TAMS 0x000000070ad00000, 0x000000070ad00000| Complete 
| 138|0x000000070ae00000, 0x000000070af00000, 0x000000070af00000|100%| E|CS|TAMS 0x000000070ae00000, 0x000000070ae00000| Complete 
| 139|0x000000070af00000, 0x000000070b000000, 0x000000070b000000|100%| E|CS|TAMS 0x000000070af00000, 0x000000070af00000| Complete 
| 140|0x000000070b000000, 0x000000070b100000, 0x000000070b100000|100%| E|CS|TAMS 0x000000070b000000, 0x000000070b000000| Complete 
| 141|0x000000070b100000, 0x000000070b200000, 0x000000070b200000|100%| E|CS|TAMS 0x000000070b100000, 0x000000070b100000| Complete 
| 142|0x000000070b200000, 0x000000070b300000, 0x000000070b300000|100%| E|CS|TAMS 0x000000070b200000, 0x000000070b200000| Complete 
| 143|0x000000070b300000, 0x000000070b400000, 0x000000070b400000|100%| E|CS|TAMS 0x000000070b300000, 0x000000070b300000| Complete 
| 144|0x000000070b400000, 0x000000070b500000, 0x000000070b500000|100%| E|CS|TAMS 0x000000070b400000, 0x000000070b400000| Complete 
| 145|0x000000070b500000, 0x000000070b600000, 0x000000070b600000|100%| E|CS|TAMS 0x000000070b500000, 0x000000070b500000| Complete 
| 146|0x000000070b600000, 0x000000070b700000, 0x000000070b700000|100%| E|CS|TAMS 0x000000070b600000, 0x000000070b600000| Complete 
| 147|0x000000070b700000, 0x000000070b800000, 0x000000070b800000|100%| E|CS|TAMS 0x000000070b700000, 0x000000070b700000| Complete 
| 148|0x000000070b800000, 0x000000070b900000, 0x000000070b900000|100%| E|CS|TAMS 0x000000070b800000, 0x000000070b800000| Complete 
| 149|0x000000070b900000, 0x000000070ba00000, 0x000000070ba00000|100%| E|CS|TAMS 0x000000070b900000, 0x000000070b900000| Complete 
| 150|0x000000070ba00000, 0x000000070bb00000, 0x000000070bb00000|100%| E|CS|TAMS 0x000000070ba00000, 0x000000070ba00000| Complete 
| 151|0x000000070bb00000, 0x000000070bc00000, 0x000000070bc00000|100%| E|CS|TAMS 0x000000070bb00000, 0x000000070bb00000| Complete 
| 152|0x000000070bc00000, 0x000000070bd00000, 0x000000070bd00000|100%| E|CS|TAMS 0x000000070bc00000, 0x000000070bc00000| Complete 
| 153|0x000000070bd00000, 0x000000070be00000, 0x000000070be00000|100%| E|CS|TAMS 0x000000070bd00000, 0x000000070bd00000| Complete 
| 154|0x000000070be00000, 0x000000070bf00000, 0x000000070bf00000|100%| E|CS|TAMS 0x000000070be00000, 0x000000070be00000| Complete 
| 155|0x000000070bf00000, 0x000000070c000000, 0x000000070c000000|100%| E|CS|TAMS 0x000000070bf00000, 0x000000070bf00000| Complete 
| 156|0x000000070c000000, 0x000000070c100000, 0x000000070c100000|100%| E|CS|TAMS 0x000000070c000000, 0x000000070c000000| Complete 
| 157|0x000000070c100000, 0x000000070c200000, 0x000000070c200000|100%| E|CS|TAMS 0x000000070c100000, 0x000000070c100000| Complete 
| 158|0x000000070c200000, 0x000000070c300000, 0x000000070c300000|100%| E|CS|TAMS 0x000000070c200000, 0x000000070c200000| Complete 
| 159|0x000000070c300000, 0x000000070c400000, 0x000000070c400000|100%| E|CS|TAMS 0x000000070c300000, 0x000000070c300000| Complete 
| 160|0x000000070c400000, 0x000000070c500000, 0x000000070c500000|100%| E|CS|TAMS 0x000000070c400000, 0x000000070c400000| Complete 
| 161|0x000000070c500000, 0x000000070c600000, 0x000000070c600000|100%| E|CS|TAMS 0x000000070c500000, 0x000000070c500000| Complete 
| 162|0x000000070c600000, 0x000000070c700000, 0x000000070c700000|100%| E|CS|TAMS 0x000000070c600000, 0x000000070c600000| Complete 
| 163|0x000000070c700000, 0x000000070c800000, 0x000000070c800000|100%| E|CS|TAMS 0x000000070c700000, 0x000000070c700000| Complete 
| 164|0x000000070c800000, 0x000000070c900000, 0x000000070c900000|100%| E|CS|TAMS 0x000000070c800000, 0x000000070c800000| Complete 
| 165|0x000000070c900000, 0x000000070ca00000, 0x000000070ca00000|100%| E|CS|TAMS 0x000000070c900000, 0x000000070c900000| Complete 
| 166|0x000000070ca00000, 0x000000070cb00000, 0x000000070cb00000|100%| E|CS|TAMS 0x000000070ca00000, 0x000000070ca00000| Complete 
| 167|0x000000070cb00000, 0x000000070cc00000, 0x000000070cc00000|100%| E|CS|TAMS 0x000000070cb00000, 0x000000070cb00000| Complete 
| 168|0x000000070cc00000, 0x000000070cd00000, 0x000000070cd00000|100%| E|CS|TAMS 0x000000070cc00000, 0x000000070cc00000| Complete 
| 169|0x000000070cd00000, 0x000000070ce00000, 0x000000070ce00000|100%| E|CS|TAMS 0x000000070cd00000, 0x000000070cd00000| Complete 
| 170|0x000000070ce00000, 0x000000070cf00000, 0x000000070cf00000|100%| E|CS|TAMS 0x000000070ce00000, 0x000000070ce00000| Complete 
| 171|0x000000070cf00000, 0x000000070d000000, 0x000000070d000000|100%| E|CS|TAMS 0x000000070cf00000, 0x000000070cf00000| Complete 
| 172|0x000000070d000000, 0x000000070d100000, 0x000000070d100000|100%| E|CS|TAMS 0x000000070d000000, 0x000000070d000000| Complete 
| 173|0x000000070d100000, 0x000000070d200000, 0x000000070d200000|100%| E|CS|TAMS 0x000000070d100000, 0x000000070d100000| Complete 
| 174|0x000000070d200000, 0x000000070d300000, 0x000000070d300000|100%| E|CS|TAMS 0x000000070d200000, 0x000000070d200000| Complete 
| 175|0x000000070d300000, 0x000000070d400000, 0x000000070d400000|100%| E|CS|TAMS 0x000000070d300000, 0x000000070d300000| Complete 
| 176|0x000000070d400000, 0x000000070d500000, 0x000000070d500000|100%| E|CS|TAMS 0x000000070d400000, 0x000000070d400000| Complete 
| 177|0x000000070d500000, 0x000000070d600000, 0x000000070d600000|100%| E|CS|TAMS 0x000000070d500000, 0x000000070d500000| Complete 
| 178|0x000000070d600000, 0x000000070d700000, 0x000000070d700000|100%| E|CS|TAMS 0x000000070d600000, 0x000000070d600000| Complete 
| 179|0x000000070d700000, 0x000000070d800000, 0x000000070d800000|100%| E|CS|TAMS 0x000000070d700000, 0x000000070d700000| Complete 
| 180|0x000000070d800000, 0x000000070d900000, 0x000000070d900000|100%| E|CS|TAMS 0x000000070d800000, 0x000000070d800000| Complete 
| 181|0x000000070d900000, 0x000000070da00000, 0x000000070da00000|100%| E|CS|TAMS 0x000000070d900000, 0x000000070d900000| Complete 
| 182|0x000000070da00000, 0x000000070db00000, 0x000000070db00000|100%| E|CS|TAMS 0x000000070da00000, 0x000000070da00000| Complete 
| 183|0x000000070db00000, 0x000000070dc00000, 0x000000070dc00000|100%| E|CS|TAMS 0x000000070db00000, 0x000000070db00000| Complete 
| 184|0x000000070dc00000, 0x000000070dd00000, 0x000000070dd00000|100%| E|CS|TAMS 0x000000070dc00000, 0x000000070dc00000| Complete 
| 185|0x000000070dd00000, 0x000000070de00000, 0x000000070de00000|100%| E|CS|TAMS 0x000000070dd00000, 0x000000070dd00000| Complete 
| 186|0x000000070de00000, 0x000000070df00000, 0x000000070df00000|100%| E|CS|TAMS 0x000000070de00000, 0x000000070de00000| Complete 
| 187|0x000000070df00000, 0x000000070e000000, 0x000000070e000000|100%| E|CS|TAMS 0x000000070df00000, 0x000000070df00000| Complete 
| 188|0x000000070e000000, 0x000000070e100000, 0x000000070e100000|100%| E|CS|TAMS 0x000000070e000000, 0x000000070e000000| Complete 
| 189|0x000000070e100000, 0x000000070e200000, 0x000000070e200000|100%| E|CS|TAMS 0x000000070e100000, 0x000000070e100000| Complete 
| 190|0x000000070e200000, 0x000000070e300000, 0x000000070e300000|100%| E|CS|TAMS 0x000000070e200000, 0x000000070e200000| Complete 
| 191|0x000000070e300000, 0x000000070e400000, 0x000000070e400000|100%| E|CS|TAMS 0x000000070e300000, 0x000000070e300000| Complete 
| 192|0x000000070e400000, 0x000000070e500000, 0x000000070e500000|100%| E|CS|TAMS 0x000000070e400000, 0x000000070e400000| Complete 
| 193|0x000000070e500000, 0x000000070e600000, 0x000000070e600000|100%| E|CS|TAMS 0x000000070e500000, 0x000000070e500000| Complete 
| 194|0x000000070e600000, 0x000000070e700000, 0x000000070e700000|100%| E|CS|TAMS 0x000000070e600000, 0x000000070e600000| Complete 
| 195|0x000000070e700000, 0x000000070e800000, 0x000000070e800000|100%| E|CS|TAMS 0x000000070e700000, 0x000000070e700000| Complete 
| 196|0x000000070e800000, 0x000000070e900000, 0x000000070e900000|100%| E|CS|TAMS 0x000000070e800000, 0x000000070e800000| Complete 
| 197|0x000000070e900000, 0x000000070ea00000, 0x000000070ea00000|100%| E|CS|TAMS 0x000000070e900000, 0x000000070e900000| Complete 
| 198|0x000000070ea00000, 0x000000070eb00000, 0x000000070eb00000|100%| E|CS|TAMS 0x000000070ea00000, 0x000000070ea00000| Complete 
| 199|0x000000070eb00000, 0x000000070ec00000, 0x000000070ec00000|100%| E|CS|TAMS 0x000000070eb00000, 0x000000070eb00000| Complete 
| 200|0x000000070ec00000, 0x000000070ed00000, 0x000000070ed00000|100%| E|CS|TAMS 0x000000070ec00000, 0x000000070ec00000| Complete 
| 201|0x000000070ed00000, 0x000000070ee00000, 0x000000070ee00000|100%| E|CS|TAMS 0x000000070ed00000, 0x000000070ed00000| Complete 
| 202|0x000000070ee00000, 0x000000070ef00000, 0x000000070ef00000|100%| E|CS|TAMS 0x000000070ee00000, 0x000000070ee00000| Complete 
| 203|0x000000070ef00000, 0x000000070f000000, 0x000000070f000000|100%| E|CS|TAMS 0x000000070ef00000, 0x000000070ef00000| Complete 
| 204|0x000000070f000000, 0x000000070f100000, 0x000000070f100000|100%| E|CS|TAMS 0x000000070f000000, 0x000000070f000000| Complete 
| 205|0x000000070f100000, 0x000000070f200000, 0x000000070f200000|100%| E|CS|TAMS 0x000000070f100000, 0x000000070f100000| Complete 
| 206|0x000000070f200000, 0x000000070f300000, 0x000000070f300000|100%| E|CS|TAMS 0x000000070f200000, 0x000000070f200000| Complete 
| 207|0x000000070f300000, 0x000000070f400000, 0x000000070f400000|100%| E|CS|TAMS 0x000000070f300000, 0x000000070f300000| Complete 
| 208|0x000000070f400000, 0x000000070f500000, 0x000000070f500000|100%| E|CS|TAMS 0x000000070f400000, 0x000000070f400000| Complete 
| 209|0x000000070f500000, 0x000000070f600000, 0x000000070f600000|100%| E|CS|TAMS 0x000000070f500000, 0x000000070f500000| Complete 
| 210|0x000000070f600000, 0x000000070f700000, 0x000000070f700000|100%| E|CS|TAMS 0x000000070f600000, 0x000000070f600000| Complete 
| 211|0x000000070f700000, 0x000000070f800000, 0x000000070f800000|100%| E|CS|TAMS 0x000000070f700000, 0x000000070f700000| Complete 
| 212|0x000000070f800000, 0x000000070f900000, 0x000000070f900000|100%| E|CS|TAMS 0x000000070f800000, 0x000000070f800000| Complete 
| 213|0x000000070f900000, 0x000000070fa00000, 0x000000070fa00000|100%| E|CS|TAMS 0x000000070f900000, 0x000000070f900000| Complete 
| 214|0x000000070fa00000, 0x000000070fb00000, 0x000000070fb00000|100%| E|CS|TAMS 0x000000070fa00000, 0x000000070fa00000| Complete 
| 215|0x000000070fb00000, 0x000000070fc00000, 0x000000070fc00000|100%| E|CS|TAMS 0x000000070fb00000, 0x000000070fb00000| Complete 
| 216|0x000000070fc00000, 0x000000070fd00000, 0x000000070fd00000|100%| E|CS|TAMS 0x000000070fc00000, 0x000000070fc00000| Complete 
| 217|0x000000070fd00000, 0x000000070fe00000, 0x000000070fe00000|100%| E|CS|TAMS 0x000000070fd00000, 0x000000070fd00000| Complete 
| 218|0x000000070fe00000, 0x000000070ff00000, 0x000000070ff00000|100%| E|CS|TAMS 0x000000070fe00000, 0x000000070fe00000| Complete 
| 219|0x000000070ff00000, 0x0000000710000000, 0x0000000710000000|100%| E|CS|TAMS 0x000000070ff00000, 0x000000070ff00000| Complete 
| 220|0x0000000710000000, 0x0000000710100000, 0x0000000710100000|100%| E|CS|TAMS 0x0000000710000000, 0x0000000710000000| Complete 
| 221|0x0000000710100000, 0x0000000710200000, 0x0000000710200000|100%| E|CS|TAMS 0x0000000710100000, 0x0000000710100000| Complete 
| 222|0x0000000710200000, 0x0000000710300000, 0x0000000710300000|100%| E|CS|TAMS 0x0000000710200000, 0x0000000710200000| Complete 
| 223|0x0000000710300000, 0x0000000710400000, 0x0000000710400000|100%| E|CS|TAMS 0x0000000710300000, 0x0000000710300000| Complete 
| 224|0x0000000710400000, 0x0000000710500000, 0x0000000710500000|100%| E|CS|TAMS 0x0000000710400000, 0x0000000710400000| Complete 
| 225|0x0000000710500000, 0x0000000710600000, 0x0000000710600000|100%| E|CS|TAMS 0x0000000710500000, 0x0000000710500000| Complete 
| 226|0x0000000710600000, 0x0000000710700000, 0x0000000710700000|100%| E|CS|TAMS 0x0000000710600000, 0x0000000710600000| Complete 
| 227|0x0000000710700000, 0x0000000710800000, 0x0000000710800000|100%| E|CS|TAMS 0x0000000710700000, 0x0000000710700000| Complete 
| 228|0x0000000710800000, 0x0000000710900000, 0x0000000710900000|100%| E|CS|TAMS 0x0000000710800000, 0x0000000710800000| Complete 
| 229|0x0000000710900000, 0x0000000710a00000, 0x0000000710a00000|100%| E|CS|TAMS 0x0000000710900000, 0x0000000710900000| Complete 
| 230|0x0000000710a00000, 0x0000000710b00000, 0x0000000710b00000|100%| E|CS|TAMS 0x0000000710a00000, 0x0000000710a00000| Complete 
| 231|0x0000000710b00000, 0x0000000710c00000, 0x0000000710c00000|100%| E|CS|TAMS 0x0000000710b00000, 0x0000000710b00000| Complete 
| 232|0x0000000710c00000, 0x0000000710d00000, 0x0000000710d00000|100%| E|CS|TAMS 0x0000000710c00000, 0x0000000710c00000| Complete 
| 233|0x0000000710d00000, 0x0000000710e00000, 0x0000000710e00000|100%| E|CS|TAMS 0x0000000710d00000, 0x0000000710d00000| Complete 
| 234|0x0000000710e00000, 0x0000000710f00000, 0x0000000710f00000|100%| E|CS|TAMS 0x0000000710e00000, 0x0000000710e00000| Complete 
| 235|0x0000000710f00000, 0x0000000711000000, 0x0000000711000000|100%| E|CS|TAMS 0x0000000710f00000, 0x0000000710f00000| Complete 
| 236|0x0000000711000000, 0x0000000711100000, 0x0000000711100000|100%| E|CS|TAMS 0x0000000711000000, 0x0000000711000000| Complete 
| 237|0x0000000711100000, 0x0000000711200000, 0x0000000711200000|100%| E|CS|TAMS 0x0000000711100000, 0x0000000711100000| Complete 
| 238|0x0000000711200000, 0x0000000711300000, 0x0000000711300000|100%| E|CS|TAMS 0x0000000711200000, 0x0000000711200000| Complete 
| 239|0x0000000711300000, 0x0000000711400000, 0x0000000711400000|100%| E|CS|TAMS 0x0000000711300000, 0x0000000711300000| Complete 
| 240|0x0000000711400000, 0x0000000711500000, 0x0000000711500000|100%| E|CS|TAMS 0x0000000711400000, 0x0000000711400000| Complete 
| 241|0x0000000711500000, 0x0000000711600000, 0x0000000711600000|100%| E|CS|TAMS 0x0000000711500000, 0x0000000711500000| Complete 
| 242|0x0000000711600000, 0x0000000711700000, 0x0000000711700000|100%| E|CS|TAMS 0x0000000711600000, 0x0000000711600000| Complete 
| 243|0x0000000711700000, 0x0000000711800000, 0x0000000711800000|100%| E|CS|TAMS 0x0000000711700000, 0x0000000711700000| Complete 
| 244|0x0000000711800000, 0x0000000711900000, 0x0000000711900000|100%| E|CS|TAMS 0x0000000711800000, 0x0000000711800000| Complete 
| 245|0x0000000711900000, 0x0000000711a00000, 0x0000000711a00000|100%| E|CS|TAMS 0x0000000711900000, 0x0000000711900000| Complete 
| 246|0x0000000711a00000, 0x0000000711b00000, 0x0000000711b00000|100%| E|CS|TAMS 0x0000000711a00000, 0x0000000711a00000| Complete 
| 247|0x0000000711b00000, 0x0000000711c00000, 0x0000000711c00000|100%| E|CS|TAMS 0x0000000711b00000, 0x0000000711b00000| Complete 
| 248|0x0000000711c00000, 0x0000000711d00000, 0x0000000711d00000|100%| E|CS|TAMS 0x0000000711c00000, 0x0000000711c00000| Complete 
| 249|0x0000000711d00000, 0x0000000711e00000, 0x0000000711e00000|100%| E|CS|TAMS 0x0000000711d00000, 0x0000000711d00000| Complete 
| 250|0x0000000711e00000, 0x0000000711f00000, 0x0000000711f00000|100%| E|CS|TAMS 0x0000000711e00000, 0x0000000711e00000| Complete 
| 251|0x0000000711f00000, 0x0000000712000000, 0x0000000712000000|100%| E|CS|TAMS 0x0000000711f00000, 0x0000000711f00000| Complete 
| 252|0x0000000712000000, 0x0000000712100000, 0x0000000712100000|100%| E|CS|TAMS 0x0000000712000000, 0x0000000712000000| Complete 
| 253|0x0000000712100000, 0x0000000712200000, 0x0000000712200000|100%| E|CS|TAMS 0x0000000712100000, 0x0000000712100000| Complete 
| 254|0x0000000712200000, 0x0000000712300000, 0x0000000712300000|100%| E|CS|TAMS 0x0000000712200000, 0x0000000712200000| Complete 
| 255|0x0000000712300000, 0x0000000712400000, 0x0000000712400000|100%| E|CS|TAMS 0x0000000712300000, 0x0000000712300000| Complete 
| 256|0x0000000712400000, 0x0000000712500000, 0x0000000712500000|100%| E|CS|TAMS 0x0000000712400000, 0x0000000712400000| Complete 
| 257|0x0000000712500000, 0x0000000712600000, 0x0000000712600000|100%| E|CS|TAMS 0x0000000712500000, 0x0000000712500000| Complete 
| 258|0x0000000712600000, 0x0000000712700000, 0x0000000712700000|100%| E|CS|TAMS 0x0000000712600000, 0x0000000712600000| Complete 
| 259|0x0000000712700000, 0x0000000712800000, 0x0000000712800000|100%| E|CS|TAMS 0x0000000712700000, 0x0000000712700000| Complete 
| 260|0x0000000712800000, 0x0000000712900000, 0x0000000712900000|100%| E|CS|TAMS 0x0000000712800000, 0x0000000712800000| Complete 
| 261|0x0000000712900000, 0x0000000712a00000, 0x0000000712a00000|100%| E|CS|TAMS 0x0000000712900000, 0x0000000712900000| Complete 
| 262|0x0000000712a00000, 0x0000000712b00000, 0x0000000712b00000|100%| E|CS|TAMS 0x0000000712a00000, 0x0000000712a00000| Complete 
| 263|0x0000000712b00000, 0x0000000712c00000, 0x0000000712c00000|100%| E|CS|TAMS 0x0000000712b00000, 0x0000000712b00000| Complete 
| 264|0x0000000712c00000, 0x0000000712d00000, 0x0000000712d00000|100%| E|CS|TAMS 0x0000000712c00000, 0x0000000712c00000| Complete 
| 265|0x0000000712d00000, 0x0000000712e00000, 0x0000000712e00000|100%| E|CS|TAMS 0x0000000712d00000, 0x0000000712d00000| Complete 
| 266|0x0000000712e00000, 0x0000000712f00000, 0x0000000712f00000|100%| E|CS|TAMS 0x0000000712e00000, 0x0000000712e00000| Complete 
| 267|0x0000000712f00000, 0x0000000713000000, 0x0000000713000000|100%| E|CS|TAMS 0x0000000712f00000, 0x0000000712f00000| Complete 
| 268|0x0000000713000000, 0x0000000713100000, 0x0000000713100000|100%| E|CS|TAMS 0x0000000713000000, 0x0000000713000000| Complete 
| 269|0x0000000713100000, 0x0000000713200000, 0x0000000713200000|100%| E|CS|TAMS 0x0000000713100000, 0x0000000713100000| Complete 
| 270|0x0000000713200000, 0x0000000713300000, 0x0000000713300000|100%| E|CS|TAMS 0x0000000713200000, 0x0000000713200000| Complete 
| 271|0x0000000713300000, 0x0000000713400000, 0x0000000713400000|100%| E|CS|TAMS 0x0000000713300000, 0x0000000713300000| Complete 
| 272|0x0000000713400000, 0x0000000713500000, 0x0000000713500000|100%| E|CS|TAMS 0x0000000713400000, 0x0000000713400000| Complete 
| 273|0x0000000713500000, 0x0000000713600000, 0x0000000713600000|100%| E|CS|TAMS 0x0000000713500000, 0x0000000713500000| Complete 
| 274|0x0000000713600000, 0x0000000713700000, 0x0000000713700000|100%| E|CS|TAMS 0x0000000713600000, 0x0000000713600000| Complete 
| 275|0x0000000713700000, 0x0000000713778000, 0x0000000713800000| 46%| O|  |TAMS 0x0000000713700000, 0x0000000713700000| Untracked 
| 276|0x0000000713800000, 0x0000000713900000, 0x0000000713900000|100%| E|CS|TAMS 0x0000000713800000, 0x0000000713800000| Complete 
| 277|0x0000000713900000, 0x0000000713a00000, 0x0000000713a00000|100%| E|CS|TAMS 0x0000000713900000, 0x0000000713900000| Complete 
| 278|0x0000000713a00000, 0x0000000713b00000, 0x0000000713b00000|100%| E|CS|TAMS 0x0000000713a00000, 0x0000000713a00000| Complete 
| 279|0x0000000713b00000, 0x0000000713c00000, 0x0000000713c00000|100%| E|CS|TAMS 0x0000000713b00000, 0x0000000713b00000| Complete 
| 280|0x0000000713c00000, 0x0000000713d00000, 0x0000000713d00000|100%| E|CS|TAMS 0x0000000713c00000, 0x0000000713c00000| Complete 
| 281|0x0000000713d00000, 0x0000000713e00000, 0x0000000713e00000|100%| E|CS|TAMS 0x0000000713d00000, 0x0000000713d00000| Complete 
| 282|0x0000000713e00000, 0x0000000713f00000, 0x0000000713f00000|100%| E|CS|TAMS 0x0000000713e00000, 0x0000000713e00000| Complete 
| 283|0x0000000713f00000, 0x0000000713f14510, 0x0000000714000000|  7%| S|CS|TAMS 0x0000000713f00000, 0x0000000713f00000| Complete 

Card table byte_map: [0x0000019f18850000,0x0000019f19040000] _byte_map_base: 0x0000019f1503e000

Marking Bits (Prev, Next): (CMBitMap*) 0x0000019f7f8d8988, (CMBitMap*) 0x0000019f7f8d89c0
 Prev Bits: [0x0000019f19830000, 0x0000019f1d7a0000)
 Next Bits: [0x0000019f1d7a0000, 0x0000019f21710000)

Polling page: 0x0000019f01410000

Metaspace:

Usage:
  Non-class:     24.23 MB capacity,    23.87 MB ( 99%) used,   288.16 KB (  1%) free+waste,    82.31 KB ( <1%) overhead. 
      Class:      3.72 MB capacity,     3.43 MB ( 92%) used,   248.53 KB (  7%) free+waste,    42.75 KB (  1%) overhead. 
       Both:     27.95 MB capacity,    27.30 MB ( 98%) used,   536.70 KB (  2%) free+waste,   125.06 KB ( <1%) overhead. 

Virtual space:
  Non-class space:       26.00 MB reserved,      24.42 MB ( 94%) committed 
      Class space:        1.00 GB reserved,       3.82 MB ( <1%) committed 
             Both:        1.03 GB reserved,      28.25 MB (  3%) committed 

Chunk freelists:
   Non-Class:  768 bytes
       Class:  256 bytes
        Both:  1.00 KB

CodeHeap 'non-profiled nmethods': size=120064Kb used=2525Kb max_used=2525Kb free=117538Kb
 bounds [0x0000019f104f0000, 0x0000019f10770000, 0x0000019f17a30000]
CodeHeap 'profiled nmethods': size=120000Kb used=8886Kb max_used=8886Kb free=111113Kb
 bounds [0x0000019f08fc0000, 0x0000019f09870000, 0x0000019f104f0000]
CodeHeap 'non-nmethods': size=5696Kb used=1384Kb max_used=1469Kb free=4311Kb
 bounds [0x0000019f08a30000, 0x0000019f08ca0000, 0x0000019f08fc0000]
 total_blobs=4954 nmethods=4133 adapters=732
 compilation: enabled
              stopped_count=0, restarted_count=0
 full_count=0

Compilation events (10 events):
Event: 45.484 Thread 0x0000019f246c8800 nmethod 4136 0x0000019f1075eb10 code [0x0000019f1075ece0, 0x0000019f1075f0a8]
Event: 45.484 Thread 0x0000019f246c8800 4137   !   4       com.fs.webcamcomponent.hv.HikvisionOperation$FRealDataCallBack::invoke (415 bytes)
Event: 45.498 Thread 0x0000019f246c8800 nmethod 4137 0x0000019f1075f490 code [0x0000019f1075f6a0, 0x0000019f10760310]
Event: 45.498 Thread 0x0000019f246c8800 4138       4       com.sun.marlin.Renderer::dispose (356 bytes)
Event: 45.545 Thread 0x0000019f246c8800 nmethod 4138 0x0000019f10760b90 code [0x0000019f10760d80, 0x0000019f107623f8]
Event: 46.389 Thread 0x0000019f246c8800 4139       4       java.util.WeakHashMap::size (18 bytes)
Event: 46.390 Thread 0x0000019f246c8800 nmethod 4139 0x0000019f10762e90 code [0x0000019f10763020, 0x0000019f107630c8]
Event: 46.397 Thread 0x0000019f246c8800 4140       4       java.lang.ref.Finalizer::register (10 bytes)
Event: 46.407 Thread 0x0000019f246c8800 nmethod 4140 0x0000019f10763190 code [0x0000019f10763340, 0x0000019f10763a18]
Event: 46.424 Thread 0x0000019f246c8800 4141       4       com.sun.prism.d3d.D3DContext::updateRenderTarget (362 bytes)

GC Heap History (10 events):
Event: 35.880 GC heap before
{Heap before GC invocations=23 (full 0):
 garbage-first heap   total 280576K, used 280166K [0x0000000702400000, 0x0000000800000000)
  region size 1024K, 159 young (162816K), 1 survivors (1024K)
 Metaspace       used 27914K, capacity 28616K, committed 28924K, reserved 1075200K
  class space    used 3514K, capacity 3806K, committed 3916K, reserved 1048576K
}
Event: 35.882 GC heap after
{Heap after GC invocations=24 (full 0):
 garbage-first heap   total 282624K, used 13844K [0x0000000702400000, 0x0000000800000000)
  region size 1024K, 1 young (1024K), 1 survivors (1024K)
 Metaspace       used 27914K, capacity 28616K, committed 28924K, reserved 1075200K
  class space    used 3514K, capacity 3806K, committed 3916K, reserved 1048576K
}
Event: 37.898 GC heap before
{Heap before GC invocations=24 (full 0):
 garbage-first heap   total 284672K, used 283156K [0x0000000702400000, 0x0000000800000000)
  region size 1024K, 162 young (165888K), 1 survivors (1024K)
 Metaspace       used 27949K, capacity 28616K, committed 28924K, reserved 1075200K
  class space    used 3514K, capacity 3806K, committed 3916K, reserved 1048576K
}
Event: 37.900 GC heap after
{Heap after GC invocations=25 (full 0):
 garbage-first heap   total 285696K, used 15935K [0x0000000702400000, 0x0000000800000000)
  region size 1024K, 1 young (1024K), 1 survivors (1024K)
 Metaspace       used 27949K, capacity 28616K, committed 28924K, reserved 1075200K
  class space    used 3514K, capacity 3806K, committed 3916K, reserved 1048576K
}
Event: 39.924 GC heap before
{Heap before GC invocations=25 (full 0):
 garbage-first heap   total 287744K, used 286271K [0x0000000702400000, 0x0000000800000000)
  region size 1024K, 163 young (166912K), 1 survivors (1024K)
 Metaspace       used 27951K, capacity 28616K, committed 28924K, reserved 1075200K
  class space    used 3514K, capacity 3806K, committed 3916K, reserved 1048576K
}
Event: 39.926 GC heap after
{Heap after GC invocations=26 (full 0):
 garbage-first heap   total 288768K, used 15920K [0x0000000702400000, 0x0000000800000000)
  region size 1024K, 1 young (1024K), 1 survivors (1024K)
 Metaspace       used 27951K, capacity 28616K, committed 28924K, reserved 1075200K
  class space    used 3514K, capacity 3806K, committed 3916K, reserved 1048576K
}
Event: 41.982 GC heap before
{Heap before GC invocations=26 (full 0):
 garbage-first heap   total 288768K, used 287280K [0x0000000702400000, 0x0000000800000000)
  region size 1024K, 164 young (167936K), 1 survivors (1024K)
 Metaspace       used 27951K, capacity 28616K, committed 28924K, reserved 1075200K
  class space    used 3514K, capacity 3806K, committed 3916K, reserved 1048576K
}
Event: 41.984 GC heap after
{Heap after GC invocations=27 (full 0):
 garbage-first heap   total 289792K, used 15924K [0x0000000702400000, 0x0000000800000000)
  region size 1024K, 1 young (1024K), 1 survivors (1024K)
 Metaspace       used 27951K, capacity 28616K, committed 28924K, reserved 1075200K
  class space    used 3514K, capacity 3806K, committed 3916K, reserved 1048576K
}
Event: 44.020 GC heap before
{Heap before GC invocations=27 (full 0):
 garbage-first heap   total 289792K, used 288308K [0x0000000702400000, 0x0000000800000000)
  region size 1024K, 165 young (168960K), 1 survivors (1024K)
 Metaspace       used 27954K, capacity 28616K, committed 28924K, reserved 1075200K
  class space    used 3514K, capacity 3806K, committed 3916K, reserved 1048576K
}
Event: 44.021 GC heap after
{Heap after GC invocations=28 (full 0):
 garbage-first heap   total 290816K, used 13873K [0x0000000702400000, 0x0000000800000000)
  region size 1024K, 1 young (1024K), 1 survivors (1024K)
 Metaspace       used 27954K, capacity 28616K, committed 28924K, reserved 1075200K
  class space    used 3514K, capacity 3806K, committed 3916K, reserved 1048576K
}

Deoptimization events (10 events):
Event: 9.376 Thread 0x0000019f2606a000 Uncommon trap: reason=unstable_if action=reinterpret pc=0x0000019f10512d48 method=sun.nio.fs.WindowsPath.compareTo(Ljava/nio/file/Path;)I @ 76 c2
Event: 9.545 Thread 0x0000019f2606a000 Uncommon trap: reason=intrinsic_or_type_checked_inlining action=make_not_entrant pc=0x0000019f105f7160 method=java.util.Arrays.copyOf([Ljava/lang/Object;ILjava/lang/Class;)[Ljava/lang/Object; @ 35 c2
Event: 9.780 Thread 0x0000019f2606a000 Uncommon trap: reason=unstable_if action=reinterpret pc=0x0000019f105fbca0 method=sun.net.www.ParseUtil.firstEncodeIndex(Ljava/lang/String;)I @ 51 c2
Event: 10.078 Thread 0x0000019f2606a000 Uncommon trap: reason=intrinsic_or_type_checked_inlining action=make_not_entrant pc=0x0000019f10634d50 method=java.util.ArrayList.toArray([Ljava/lang/Object;)[Ljava/lang/Object; @ 36 c2
Event: 10.311 Thread 0x0000019f2606a000 Uncommon trap: reason=class_check action=make_not_entrant pc=0x0000019f10648dc0 method=java.util.ArrayList.toArray([Ljava/lang/Object;)[Ljava/lang/Object; @ 21 c2
Event: 11.018 Thread 0x0000019f26066000 Uncommon trap: reason=range_check action=make_not_entrant pc=0x0000019f106771fc method=java.util.zip.ZipUtils.get16([BI)I @ 11 c2
Event: 17.426 Thread 0x0000019f253f2800 Uncommon trap: reason=unstable_if action=reinterpret pc=0x0000019f106453c8 method=java.util.concurrent.locks.AbstractQueuedSynchronizer.doReleaseShared()V @ 69 c2
Event: 17.805 Thread 0x0000019f253f2800 Uncommon trap: reason=unstable_if action=reinterpret pc=0x0000019f105bf3b8 method=java.util.WeakHashMap.expungeStaleEntries()V @ 66 c2
Event: 20.404 Thread 0x0000019f25552000 Uncommon trap: reason=unstable_if action=reinterpret pc=0x0000019f106fd03c method=java.lang.StrictMath.floorOrCeil(DDDD)D @ 14 c2
Event: 41.766 Thread 0x0000019f26066000 Uncommon trap: reason=unstable_if action=reinterpret pc=0x0000019f1072e070 method=java.util.concurrent.locks.ReentrantLock$Sync.nonfairTryAcquire(I)Z @ 19 c2

Classes redefined (0 events):
No events

Internal exceptions (10 events):
Event: 17.152 Thread 0x0000019f26066000 Exception <a 'sun/nio/fs/WindowsException'{0x000000070d2f29b8}> (0x000000070d2f29b8) thrown at [./open/src/hotspot/share/prims/jni.cpp, line 611]
Event: 17.152 Thread 0x0000019f26066000 Exception <a 'sun/nio/fs/WindowsException'{0x000000070d2f3cd8}> (0x000000070d2f3cd8) thrown at [./open/src/hotspot/share/prims/jni.cpp, line 611]
Event: 17.153 Thread 0x0000019f26066000 Exception <a 'sun/nio/fs/WindowsException'{0x000000070d2f5078}> (0x000000070d2f5078) thrown at [./open/src/hotspot/share/prims/jni.cpp, line 611]
Event: 17.153 Thread 0x0000019f26066000 Exception <a 'sun/nio/fs/WindowsException'{0x000000070d2f6298}> (0x000000070d2f6298) thrown at [./open/src/hotspot/share/prims/jni.cpp, line 611]
Event: 17.153 Thread 0x0000019f26066000 Exception <a 'sun/nio/fs/WindowsException'{0x000000070d2f74f0}> (0x000000070d2f74f0) thrown at [./open/src/hotspot/share/prims/jni.cpp, line 611]
Event: 17.153 Thread 0x0000019f26066000 Exception <a 'sun/nio/fs/WindowsException'{0x000000070d2f8760}> (0x000000070d2f8760) thrown at [./open/src/hotspot/share/prims/jni.cpp, line 611]
Event: 17.153 Thread 0x0000019f26066000 Exception <a 'sun/nio/fs/WindowsException'{0x000000070d2f9980}> (0x000000070d2f9980) thrown at [./open/src/hotspot/share/prims/jni.cpp, line 611]
Event: 17.154 Thread 0x0000019f26066000 Exception <a 'sun/nio/fs/WindowsException'{0x000000070d2faba0}> (0x000000070d2faba0) thrown at [./open/src/hotspot/share/prims/jni.cpp, line 611]
Event: 17.154 Thread 0x0000019f26066000 Exception <a 'sun/nio/fs/WindowsException'{0x000000070d2fbdc0}> (0x000000070d2fbdc0) thrown at [./open/src/hotspot/share/prims/jni.cpp, line 611]
Event: 17.154 Thread 0x0000019f26066000 Exception <a 'sun/nio/fs/WindowsException'{0x000000070d2fcfe0}> (0x000000070d2fcfe0) thrown at [./open/src/hotspot/share/prims/jni.cpp, line 611]

Events (10 events):
Event: 46.436 Thread 0x0000019f26069800 Thread exited: 0x0000019f26069800
Event: 46.436 Thread 0x0000019f26067000 Thread added: 0x0000019f26067000
Event: 46.436 Thread 0x0000019f26067000 Thread exited: 0x0000019f26067000
Event: 46.436 Thread 0x0000019f2606a000 Thread added: 0x0000019f2606a000
Event: 46.436 Thread 0x0000019f2606a000 Thread exited: 0x0000019f2606a000
Event: 46.436 Thread 0x0000019f26067000 Thread added: 0x0000019f26067000
Event: 46.436 Thread 0x0000019f26067000 Thread exited: 0x0000019f26067000
Event: 46.437 Thread 0x0000019f2606a000 Thread added: 0x0000019f2606a000
Event: 46.437 Thread 0x0000019f2606a000 Thread exited: 0x0000019f2606a000
Event: 46.437 Thread 0x0000019f26069800 Thread added: 0x0000019f26069800


Dynamic libraries:
0x00007ff7b6390000 - 0x00007ff7b63a0000 	C:\Program Files\Java\jdk-11\bin\java.exe
0x00007ffd0cbb0000 - 0x00007ffd0cda8000 	C:\Windows\SYSTEM32\ntdll.dll
0x00007ffd0c620000 - 0x00007ffd0c6df000 	C:\Windows\System32\KERNEL32.DLL
0x00007ffd0a390000 - 0x00007ffd0a686000 	C:\Windows\System32\KERNELBASE.dll
0x00007ffd0a290000 - 0x00007ffd0a390000 	C:\Windows\System32\ucrtbase.dll
0x00007ffd020c0000 - 0x00007ffd020d8000 	C:\Program Files\Java\jdk-11\bin\jli.dll
0x00007ffcfee30000 - 0x00007ffcfee4b000 	C:\Program Files\Java\jdk-11\bin\VCRUNTIME140.dll
0x00007ffd0aeb0000 - 0x00007ffd0af5f000 	C:\Windows\System32\ADVAPI32.dll
0x00007ffd0bc50000 - 0x00007ffd0bcee000 	C:\Windows\System32\msvcrt.dll
0x00007ffd0bb30000 - 0x00007ffd0bbcc000 	C:\Windows\System32\sechost.dll
0x00007ffd0b250000 - 0x00007ffd0b376000 	C:\Windows\System32\RPCRT4.dll
0x00007ffd0b7f0000 - 0x00007ffd0b98d000 	C:\Windows\System32\USER32.dll
0x00007ffd0abe0000 - 0x00007ffd0ac02000 	C:\Windows\System32\win32u.dll
0x00007ffcf0730000 - 0x00007ffcf09ca000 	C:\Windows\WinSxS\amd64_microsoft.windows.common-controls_6595b64144ccf1df_6.0.19041.1110_none_60b5254171f9507e\COMCTL32.dll
0x00007ffd0c440000 - 0x00007ffd0c46c000 	C:\Windows\System32\GDI32.dll
0x00007ffd0a880000 - 0x00007ffd0a995000 	C:\Windows\System32\gdi32full.dll
0x00007ffd0a690000 - 0x00007ffd0a72d000 	C:\Windows\System32\msvcp_win.dll
0x00007ffcffed0000 - 0x00007ffcffeda000 	C:\Windows\SYSTEM32\VERSION.dll
0x00007ffd0c5f0000 - 0x00007ffd0c620000 	C:\Windows\System32\IMM32.DLL
0x00007ffd02220000 - 0x00007ffd0222c000 	C:\Program Files\Java\jdk-11\bin\vcruntime140_1.dll
0x00007ffcf6e90000 - 0x00007ffcf6f1e000 	C:\Program Files\Java\jdk-11\bin\msvcp140.dll
0x00007ffcbb880000 - 0x00007ffcbc3e8000 	C:\Program Files\Java\jdk-11\bin\server\jvm.dll
0x00007ffd0ba60000 - 0x00007ffd0ba68000 	C:\Windows\System32\PSAPI.DLL
0x00007ffcefde0000 - 0x00007ffcefe07000 	C:\Windows\SYSTEM32\WINMM.dll
0x00007ffd051c0000 - 0x00007ffd051c9000 	C:\Windows\SYSTEM32\WSOCK32.dll
0x00007ffd0b990000 - 0x00007ffd0b9fb000 	C:\Windows\System32\WS2_32.dll
0x00007ffd08ad0000 - 0x00007ffd08ae2000 	C:\Windows\SYSTEM32\kernel.appcore.dll
0x00007ffd020b0000 - 0x00007ffd020c0000 	C:\Program Files\Java\jdk-11\bin\verify.dll
0x00007ffd07e80000 - 0x00007ffd08064000 	C:\Windows\SYSTEM32\DBGHELP.DLL
0x00007ffcefcb0000 - 0x00007ffcefce4000 	C:\Windows\SYSTEM32\dbgcore.DLL
0x00007ffd0a730000 - 0x00007ffd0a7b2000 	C:\Windows\System32\bcryptPrimitives.dll
0x00007ffcf70c0000 - 0x00007ffcf70e8000 	C:\Program Files\Java\jdk-11\bin\java.dll
0x00007ffd02060000 - 0x00007ffd0206a000 	C:\Program Files\Java\jdk-11\bin\jimage.dll
0x00007ffcf70b0000 - 0x00007ffcf70be000 	C:\Program Files\Java\jdk-11\bin\instrument.dll
0x00007ffcfeaf0000 - 0x00007ffcfeb07000 	C:\Program Files\Java\jdk-11\bin\zip.dll
0x00007ffd0bcf0000 - 0x00007ffd0c434000 	C:\Windows\System32\SHELL32.dll
0x00007ffd082e0000 - 0x00007ffd08a73000 	C:\Windows\SYSTEM32\windows.storage.dll
0x00007ffd0c810000 - 0x00007ffd0cb64000 	C:\Windows\System32\combase.dll
0x00007ffd09ce0000 - 0x00007ffd09d0e000 	C:\Windows\SYSTEM32\Wldp.dll
0x00007ffd0b070000 - 0x00007ffd0b11d000 	C:\Windows\System32\SHCORE.dll
0x00007ffd0bbf0000 - 0x00007ffd0bc45000 	C:\Windows\System32\shlwapi.dll
0x00007ffd0a1d0000 - 0x00007ffd0a1ef000 	C:\Windows\SYSTEM32\profapi.dll
0x00007ffcfa4e0000 - 0x00007ffcfa4f9000 	C:\Program Files\Java\jdk-11\bin\net.dll
0x00007ffd06610000 - 0x00007ffd0671a000 	C:\Windows\SYSTEM32\WINHTTP.dll
0x00007ffd09a40000 - 0x00007ffd09aaa000 	C:\Windows\system32\mswsock.dll
0x00007ffcf7b70000 - 0x00007ffcf7b82000 	C:\Program Files\Java\jdk-11\bin\nio.dll
0x00007ffcf7070000 - 0x00007ffcf708a000 	C:\Program Files\JetBrains\IntelliJ IDEA 2022.3.2\bin\breakgen64.dll
0x0000019f26430000 - 0x0000019f26433000 	C:\Users\fs-dev1\.openjfx\cache\17.0.2-ea\api-ms-win-core-console-l1-1-0.dll
0x0000019f26440000 - 0x0000019f26443000 	C:\Users\fs-dev1\.openjfx\cache\17.0.2-ea\api-ms-win-core-console-l1-2-0.dll
0x0000019f26450000 - 0x0000019f26453000 	C:\Users\fs-dev1\.openjfx\cache\17.0.2-ea\api-ms-win-core-datetime-l1-1-0.dll
0x0000019f26460000 - 0x0000019f26463000 	C:\Users\fs-dev1\.openjfx\cache\17.0.2-ea\api-ms-win-core-debug-l1-1-0.dll
0x0000019f26470000 - 0x0000019f26473000 	C:\Users\fs-dev1\.openjfx\cache\17.0.2-ea\api-ms-win-core-errorhandling-l1-1-0.dll
0x0000019f26480000 - 0x0000019f26484000 	C:\Users\fs-dev1\.openjfx\cache\17.0.2-ea\api-ms-win-core-file-l1-1-0.dll
0x0000019f26490000 - 0x0000019f26493000 	C:\Users\fs-dev1\.openjfx\cache\17.0.2-ea\api-ms-win-core-file-l1-2-0.dll
0x0000019f264a0000 - 0x0000019f264a3000 	C:\Users\fs-dev1\.openjfx\cache\17.0.2-ea\api-ms-win-core-file-l2-1-0.dll
0x0000019f264b0000 - 0x0000019f264b3000 	C:\Users\fs-dev1\.openjfx\cache\17.0.2-ea\api-ms-win-core-handle-l1-1-0.dll
0x0000019f264c0000 - 0x0000019f264c3000 	C:\Users\fs-dev1\.openjfx\cache\17.0.2-ea\api-ms-win-core-heap-l1-1-0.dll
0x0000019f264d0000 - 0x0000019f264d3000 	C:\Users\fs-dev1\.openjfx\cache\17.0.2-ea\api-ms-win-core-interlocked-l1-1-0.dll
0x0000019f264e0000 - 0x0000019f264e3000 	C:\Users\fs-dev1\.openjfx\cache\17.0.2-ea\api-ms-win-core-libraryloader-l1-1-0.dll
0x0000019f264f0000 - 0x0000019f264f3000 	C:\Users\fs-dev1\.openjfx\cache\17.0.2-ea\api-ms-win-core-localization-l1-2-0.dll
0x0000019f26500000 - 0x0000019f26503000 	C:\Users\fs-dev1\.openjfx\cache\17.0.2-ea\api-ms-win-core-memory-l1-1-0.dll
0x0000019f26510000 - 0x0000019f26513000 	C:\Users\fs-dev1\.openjfx\cache\17.0.2-ea\api-ms-win-core-namedpipe-l1-1-0.dll
0x0000019f26520000 - 0x0000019f26523000 	C:\Users\fs-dev1\.openjfx\cache\17.0.2-ea\api-ms-win-core-processenvironment-l1-1-0.dll
0x0000019f26530000 - 0x0000019f26533000 	C:\Users\fs-dev1\.openjfx\cache\17.0.2-ea\api-ms-win-core-processthreads-l1-1-0.dll
0x0000019f26540000 - 0x0000019f26543000 	C:\Users\fs-dev1\.openjfx\cache\17.0.2-ea\api-ms-win-core-processthreads-l1-1-1.dll
0x0000019f26550000 - 0x0000019f26553000 	C:\Users\fs-dev1\.openjfx\cache\17.0.2-ea\api-ms-win-core-profile-l1-1-0.dll
0x0000019f26560000 - 0x0000019f26563000 	C:\Users\fs-dev1\.openjfx\cache\17.0.2-ea\api-ms-win-core-rtlsupport-l1-1-0.dll
0x0000019f26570000 - 0x0000019f26573000 	C:\Users\fs-dev1\.openjfx\cache\17.0.2-ea\api-ms-win-core-string-l1-1-0.dll
0x0000019f26580000 - 0x0000019f26583000 	C:\Users\fs-dev1\.openjfx\cache\17.0.2-ea\api-ms-win-core-synch-l1-1-0.dll
0x0000019f26590000 - 0x0000019f26593000 	C:\Users\fs-dev1\.openjfx\cache\17.0.2-ea\api-ms-win-core-synch-l1-2-0.dll
0x0000019f265a0000 - 0x0000019f265a3000 	C:\Users\fs-dev1\.openjfx\cache\17.0.2-ea\api-ms-win-core-sysinfo-l1-1-0.dll
0x0000019f265b0000 - 0x0000019f265b3000 	C:\Users\fs-dev1\.openjfx\cache\17.0.2-ea\api-ms-win-core-timezone-l1-1-0.dll
0x0000019f265c0000 - 0x0000019f265c3000 	C:\Users\fs-dev1\.openjfx\cache\17.0.2-ea\api-ms-win-core-util-l1-1-0.dll
0x0000019f265d0000 - 0x0000019f265d3000 	C:\Users\fs-dev1\.openjfx\cache\17.0.2-ea\api-ms-win-crt-conio-l1-1-0.dll
0x0000019f265e0000 - 0x0000019f265e4000 	C:\Users\fs-dev1\.openjfx\cache\17.0.2-ea\api-ms-win-crt-convert-l1-1-0.dll
0x0000019f265f0000 - 0x0000019f265f3000 	C:\Users\fs-dev1\.openjfx\cache\17.0.2-ea\api-ms-win-crt-environment-l1-1-0.dll
0x0000019f26600000 - 0x0000019f26603000 	C:\Users\fs-dev1\.openjfx\cache\17.0.2-ea\api-ms-win-crt-filesystem-l1-1-0.dll
0x0000019f26610000 - 0x0000019f26613000 	C:\Users\fs-dev1\.openjfx\cache\17.0.2-ea\api-ms-win-crt-heap-l1-1-0.dll
0x0000019f26620000 - 0x0000019f26623000 	C:\Users\fs-dev1\.openjfx\cache\17.0.2-ea\api-ms-win-crt-locale-l1-1-0.dll
0x0000019f26630000 - 0x0000019f26635000 	C:\Users\fs-dev1\.openjfx\cache\17.0.2-ea\api-ms-win-crt-math-l1-1-0.dll
0x0000019f26640000 - 0x0000019f26645000 	C:\Users\fs-dev1\.openjfx\cache\17.0.2-ea\api-ms-win-crt-multibyte-l1-1-0.dll
0x0000019f26650000 - 0x0000019f26660000 	C:\Users\fs-dev1\.openjfx\cache\17.0.2-ea\api-ms-win-crt-private-l1-1-0.dll
0x0000019f26660000 - 0x0000019f26663000 	C:\Users\fs-dev1\.openjfx\cache\17.0.2-ea\api-ms-win-crt-process-l1-1-0.dll
0x0000019f26670000 - 0x0000019f26674000 	C:\Users\fs-dev1\.openjfx\cache\17.0.2-ea\api-ms-win-crt-runtime-l1-1-0.dll
0x0000019f26680000 - 0x0000019f26684000 	C:\Users\fs-dev1\.openjfx\cache\17.0.2-ea\api-ms-win-crt-stdio-l1-1-0.dll
0x0000019f26690000 - 0x0000019f26694000 	C:\Users\fs-dev1\.openjfx\cache\17.0.2-ea\api-ms-win-crt-string-l1-1-0.dll
0x0000019f266a0000 - 0x0000019f266a3000 	C:\Users\fs-dev1\.openjfx\cache\17.0.2-ea\api-ms-win-crt-time-l1-1-0.dll
0x0000019f266b0000 - 0x0000019f266b3000 	C:\Users\fs-dev1\.openjfx\cache\17.0.2-ea\api-ms-win-crt-utility-l1-1-0.dll
0x00007ffcdd310000 - 0x00007ffcdd40c000 	C:\Users\fs-dev1\.openjfx\cache\17.0.2-ea\ucrtbase.dll
0x00007ffcf7050000 - 0x00007ffcf706a000 	C:\Users\fs-dev1\.openjfx\cache\17.0.2-ea\vcruntime140.dll
0x00007ffcf7040000 - 0x00007ffcf704c000 	C:\Users\fs-dev1\.openjfx\cache\17.0.2-ea\vcruntime140_1.dll
0x00007ffce3320000 - 0x00007ffce33ad000 	C:\Users\fs-dev1\.openjfx\cache\17.0.2-ea\msvcp140.dll
0x00007ffcf6ff0000 - 0x00007ffcf701a000 	C:\Users\fs-dev1\.openjfx\cache\17.0.2-ea\prism_d3d.dll
0x00007ffcd0310000 - 0x00007ffcd04dd000 	C:\Windows\system32\d3d9.dll
0x00007ffd07050000 - 0x00007ffd0707f000 	C:\Windows\SYSTEM32\dwmapi.dll
0x00007ffd06470000 - 0x00007ffd0650e000 	C:\Windows\system32\uxtheme.dll
0x00007ffcdbdb0000 - 0x00007ffcdbf5f000 	C:\Windows\System32\DriverStore\FileRepository\iigd_dch.inf_amd64_51f685305808e3a5\igdumdim64.dll
0x00007ffd0c6e0000 - 0x00007ffd0c80a000 	C:\Windows\System32\ole32.dll
0x00007ffcad5d0000 - 0x00007ffcb0673000 	C:\Windows\System32\DriverStore\FileRepository\iigd_dch.inf_amd64_51f685305808e3a5\igd9dxva64.dll
0x00007ffd0b120000 - 0x00007ffd0b1ed000 	C:\Windows\System32\OLEAUT32.dll
0x00007ffd0b380000 - 0x00007ffd0b7e8000 	C:\Windows\System32\SETUPAPI.dll
0x00007ffd0a7c0000 - 0x00007ffd0a80e000 	C:\Windows\System32\cfgmgr32.dll
0x00007ffd0ab00000 - 0x00007ffd0ab27000 	C:\Windows\System32\bcrypt.dll
0x00007ffcfe6e0000 - 0x00007ffcfeae9000 	C:\Windows\System32\DriverStore\FileRepository\iigd_dch.inf_amd64_51f685305808e3a5\igdgmm64.dll
0x00007ffce5a90000 - 0x00007ffce5ad2000 	C:\Users\fs-dev1\.openjfx\cache\17.0.2-ea\glass.dll
0x00007ffd0adc0000 - 0x00007ffd0ae9a000 	C:\Windows\System32\COMDLG32.dll
0x00007ffd0c470000 - 0x00007ffd0c584000 	C:\Windows\System32\MSCTF.dll
0x00007ffce5c30000 - 0x00007ffce5c57000 	C:\Windows\System32\DriverStore\FileRepository\iigd_dch.inf_amd64_51f685305808e3a5\igdinfo64.dll
0x00007ffd09c30000 - 0x00007ffd09c48000 	C:\Windows\SYSTEM32\CRYPTSP.dll
0x00007ffd092f0000 - 0x00007ffd09324000 	C:\Windows\system32\rsaenh.dll
0x00007ffd09c50000 - 0x00007ffd09c5c000 	C:\Windows\SYSTEM32\CRYPTBASE.dll
0x00007ffcfaf40000 - 0x00007ffcfe6d4000 	C:\Windows\System32\DriverStore\FileRepository\iigd_dch.inf_amd64_51f685305808e3a5\igc64.dll
0x00007ffd03e40000 - 0x00007ffd03e7b000 	C:\Windows\SYSTEM32\dxcore.dll
0x00007ffcec010000 - 0x00007ffcec024000 	C:\Users\fs-dev1\.openjfx\cache\17.0.2-ea\javafx_font.dll
0x00007ffd07ae0000 - 0x00007ffd07d5f000 	C:\Windows\SYSTEM32\dwrite.dll
0x00007ffcf7030000 - 0x00007ffcf7037000 	C:\Users\fs-dev1\.openjfx\cache\17.0.2-ea\prism_common.dll
0x00007ffd0ba70000 - 0x00007ffd0bb19000 	C:\Windows\System32\clbcatq.dll
0x00007ffd02dc0000 - 0x00007ffd02f74000 	C:\Windows\SYSTEM32\WindowsCodecs.dll
0x00007ffcdf710000 - 0x00007ffcdf74e000 	C:\Windows\system32\dataexchange.dll
0x00007ffd05820000 - 0x00007ffd05a03000 	C:\Windows\system32\dcomp.dll
0x00007ffd08070000 - 0x00007ffd082d3000 	C:\Windows\system32\d3d11.dll
0x00007ffd08c60000 - 0x00007ffd08d53000 	C:\Windows\system32\dxgi.dll
0x00007ffd02f80000 - 0x00007ffd03187000 	C:\Windows\system32\twinapi.appcore.dll
0x00007ffce32e0000 - 0x00007ffce3314000 	C:\Program Files\Common Files\Microsoft Shared\Ink\rtscom.dll
0x00007ffcfa190000 - 0x00007ffcfa289000 	C:\Windows\SYSTEM32\textinputframework.dll
0x00007ffd05d90000 - 0x00007ffd060ee000 	C:\Windows\System32\CoreUIComponents.dll
0x00007ffd060f0000 - 0x00007ffd061e2000 	C:\Windows\System32\CoreMessaging.dll
0x00007ffd09410000 - 0x00007ffd09443000 	C:\Windows\SYSTEM32\ntmarta.dll

dbghelp: loaded successfully - version: 4.0.5 - missing functions: none
symbol engine: initialized successfully - sym options: 0x614 - pdb path: .;C:\Program Files\Java\jdk-11\bin;C:\Windows\SYSTEM32;C:\Windows\WinSxS\amd64_microsoft.windows.common-controls_6595b64144ccf1df_6.0.19041.1110_none_60b5254171f9507e;C:\Program Files\Java\jdk-11\bin\server;C:\Program Files\JetBrains\IntelliJ IDEA 2022.3.2\bin;C:\Users\fs-dev1\.openjfx\cache\17.0.2-ea;C:\Windows\System32\DriverStore\FileRepository\iigd_dch.inf_amd64_51f685305808e3a5;C:\Program Files\Common Files\Microsoft Shared\Ink;C:\Program Files (x86)\SogouInput\9.2.0.2770;C:\Program Files (x86)\SogouInput\Components\PicFace\1.1.0.1844;C:\Users\fs-dev1\AppData\Local\Temp;D:\work\project\WebCamComponent\lib\HV_lib;C:\Users\fs-dev1\.javacpp\cache\javacpp-1.5.4-windows-x86_64.jar\org\bytedeco\javacpp\windows-x86_64;C:\Users\fs-dev1\.javacpp\cache\ffmpeg-4.3.1-1.5.4-windows-x86_64.jar\org\bytedeco\ffmpeg\windows-x86_64;D:\work\project\WebCamComponent\lib\HV_lib\HCNetSDKCom

VM Arguments:
jvm_args: -javaagent:C:\Program Files\JetBrains\IntelliJ IDEA 2022.3.2\lib\idea_rt.jar=62905:C:\Program Files\JetBrains\IntelliJ IDEA 2022.3.2\bin -Dfile.encoding=UTF-8 --module-path=C:\Users\fs-dev1\.m2\repository\org\openjfx\javafx-graphics\17.0.2\javafx-graphics-17.0.2-win.jar;C:\Users\fs-dev1\.m2\repository\org\openjfx\javafx-swing\16\javafx-swing-16-win.jar;C:\Users\fs-dev1\.m2\repository\org\bytedeco\flandmark\1.07-1.5.4\flandmark-1.07-1.5.4.jar;C:\Users\fs-dev1\.m2\repository\org\openjfx\javafx-base\17.0.2\javafx-base-17.0.2-win.jar;C:\Users\fs-dev1\.m2\repository\org\openjfx\javafx-controls\17.0.2\javafx-controls-17.0.2-win.jar;C:\Users\fs-dev1\.m2\repository\org\bytedeco\tesseract\4.1.1-1.5.4\tesseract-4.1.1-1.5.4.jar;C:\Users\fs-dev1\.m2\repository\org\openjfx\javafx-fxml\17.0.2\javafx-fxml-17.0.2-win.jar;C:\Users\fs-dev1\.m2\repository\org\bytedeco\libdc1394\2.2.6-1.5.4\libdc1394-2.2.6-1.5.4.jar;C:\Users\fs-dev1\.m2\repository\org\bytedeco\videoinput\0.200-1.5.4\videoinput-0.200-1.5.4.jar;C:\Users\fs-dev1\.m2\repository\org\bytedeco\flycapture\2.13.3.31-1.5.4\flycapture-2.13.3.31-1.5.4.jar;C:\Users\fs-dev1\.m2\repository\org\bytedeco\ffmpeg\4.3.1-1.5.4\ffmpeg-4.3.1-1.5.4.jar;C:\Users\fs-dev1\.m2\repository\org\bytedeco\openblas\0.3.10-1.5.4\openblas-0.3.10-1.5.4.jar;C:\Users\fs-dev1\.m2\repository\org\bytedeco\leptonica\1.80.0-1.5.4\leptonica-1.80.0-1.5.4.jar;C:\Users\fs-dev1\.m2\repository\org\bytedeco\libfreenect2\0.2.0-1.5.4\libfreenect2-0.2.0-1.5.4.jar;D:\work\project\WebCamComponent\target\classes;D:\work\project\WebCamComponent\lib\HV_lib\jna.jar;C:\Users\fs-dev1\.m2\repository\org\bytedeco\libfreenect\0.5.7-1.5.4\libfreenect-0.5.7-1.5.4.jar;C:\Users\fs-dev1\.m2\repository\org\bytedeco\javacpp\1.5.4\javacpp-1.5.4.jar;D:\work\project\WebCamComponent\lib\HV_lib\examples.jar;C:\Users\fs-dev1\.m2\repository\org\bytedeco\artoolkitplus\2.3.1-1.5.4\artoolkitplus-2.3.1-1.5.4.jar;C:\Users\fs-dev1\.m2\repository\org\bytedeco\librealsense\1.12.4-1.5.4\librealsense-1.12.4-1.5.4.jar;C:\Users\fs-dev1\.m2\repository\org\bytedeco\javacv\1.5.4\javacv-1.5.4.jar;C:\Users\fs-dev1\.m2\repository\org\bytedeco\opencv\4.4.0-1.5.4\opencv--Djdk.module.main=com.fs.webcamcomponent 
java_command: com.fs.webcamcomponent/com.fs.webcamcomponent.WebCamApplication
java_class_path (initial): C:\Users\fs-dev1\.m2\repository\org\openjfx\javafx-controls\17.0.2\javafx-controls-17.0.2.jar;C:\Users\fs-dev1\.m2\repository\org\openjfx\javafx-graphics\17.0.2\javafx-graphics-17.0.2.jar;C:\Users\fs-dev1\.m2\repository\org\openjfx\javafx-base\17.0.2\javafx-base-17.0.2.jar;C:\Users\fs-dev1\.m2\repository\org\openjfx\javafx-fxml\17.0.2\javafx-fxml-17.0.2.jar;C:\Users\fs-dev1\.m2\repository\org\bytedeco\librealsense2\2.29.0-1.5.4\librealsense2-2.29.0-1.5.4.jar;C:\Users\fs-dev1\.m2\repository\org\bytedeco\ffmpeg-platform\4.3.1-1.5.4\ffmpeg-platform-4.3.1-1.5.4.jar;C:\Users\fs-dev1\.m2\repository\org\bytedeco\javacpp-platform\1.5.4\javacpp-platform-1.5.4.jar;C:\Users\fs-dev1\.m2\repository\org\bytedeco\javacpp\1.5.4\javacpp-1.5.4-android-arm.jar;C:\Users\fs-dev1\.m2\repository\org\bytedeco\javacpp\1.5.4\javacpp-1.5.4-android-arm64.jar;C:\Users\fs-dev1\.m2\repository\org\bytedeco\javacpp\1.5.4\javacpp-1.5.4-android-x86.jar;C:\Users\fs-dev1\.m2\repository\org\bytedeco\javacpp\1.5.4\javacpp-1.5.4-android-x86_64.jar;C:\Users\fs-dev1\.m2\repository\org\bytedeco\javacpp\1.5.4\javacpp-1.5.4-ios-arm64.jar;C:\Users\fs-dev1\.m2\repository\org\bytedeco\javacpp\1.5.4\javacpp-1.5.4-ios-x86_64.jar;C:\Users\fs-dev1\.m2\repository\org\bytedeco\javacpp\1.5.4\javacpp-1.5.4-linux-armhf.jar;C:\Users\fs-dev1\.m2\repository\org\bytedeco\javacpp\1.5.4\javacpp-1.5.4-linux-arm64.jar;C:\Users\fs-dev1\.m2\repository\org\bytedeco\javacpp\1.5.4\javacpp-1.5.4-linux-ppc64le.jar;C:\Users\fs-dev1\.m2\repository\org\bytedeco\javacpp\1.5.4\javacpp-1.5.4-linux-x86.jar;C:\Users\fs-dev1\.m2\repository\org\bytedeco\javacpp\1.5.4\javacpp-1.5.4-linux-x86_64.jar;C:\Users\fs-dev1\.m2\repository\org\bytedeco\javacpp\1.5.4\javacpp-1.5.4-macosx-x86_64.jar;C:\Users\fs-dev1\.m2\repository\org\bytedeco\javacpp\1.5.4\javacpp-1.5.4-windows-x86.jar;C:\Users\fs-dev1\.m2\repository\org\bytedeco\javacpp\1.5.4\javacpp-1.5.4-windows-x86_64.jar;C:\Users\fs-dev1\.m2\repository\org\bytedeco\ffmpeg\4.
Launcher Type: SUN_STANDARD

[Global flags]
     intx CICompilerCount                          = 3                                         {product} {ergonomic}
     uint ConcGCThreads                            = 1                                         {product} {ergonomic}
     uint G1ConcRefinementThreads                  = 4                                         {product} {ergonomic}
   size_t G1HeapRegionSize                         = 1048576                                   {product} {ergonomic}
    uintx GCDrainStackTargetSize                   = 64                                        {product} {ergonomic}
   size_t InitialHeapSize                          = 266338304                                 {product} {ergonomic}
   size_t MarkStackSize                            = 4194304                                   {product} {ergonomic}
   size_t MaxHeapSize                              = 4257218560                                {product} {ergonomic}
   size_t MaxNewSize                               = 2554331136                                {product} {ergonomic}
   size_t MinHeapDeltaBytes                        = 1048576                                   {product} {ergonomic}
    uintx NonNMethodCodeHeapSize                   = 5830732                                {pd product} {ergonomic}
    uintx NonProfiledCodeHeapSize                  = 122913754                              {pd product} {ergonomic}
    uintx ProfiledCodeHeapSize                     = 122913754                              {pd product} {ergonomic}
    uintx ReservedCodeCacheSize                    = 251658240                              {pd product} {ergonomic}
     bool SegmentedCodeCache                       = true                                      {product} {ergonomic}
     bool UseCompressedClassPointers               = true                                 {lp64_product} {ergonomic}
     bool UseCompressedOops                        = true                                 {lp64_product} {ergonomic}
     bool UseG1GC                                  = true                                      {product} {ergonomic}
     bool UseLargePagesIndividualAllocation        = false                                  {pd product} {ergonomic}

Logging:
Log output configuration:
 #0: stdout all=warning uptime,level,tags
 #1: stderr all=off uptime,level,tags

Environment Variables:
JAVA_HOME=C:\Program Files\Java\jdk-11
PATH=C:\Program Files\Common Files\Oracle\Java\javapath;C:\Windows\system32;C:\Windows;C:\Windows\System32\Wbem;C:\Windows\System32\WindowsPowerShell\v1.0\;C:\Windows\System32\OpenSSH\;C:\Program Files\Microsoft VS Code\bin;C:\Program Files\Tailscale\;C:\Program Files\Java\jdk-11\bin;C:\msys64\usr\bin;D:\Software\bazel;C:\Program Files\Git\cmd;D:\Software\OpenCV\opencv\build\x64\vc15\bin;C:\Users\fs-dev1\AppData\Local\Programs\Python\Python37;C:\Users\fs-dev1\AppData\Local\Programs\Python\Python37\libs;C:\Users\fs-dev1\AppData\Local\Programs\Python\Python37\Scripts;C:\Users\fs-dev1\AppData\Local\Programs\Python\Python37\Scripts\;C:\Users\fs-dev1\AppData\Local\Programs\Python\Python37\;C:\Users\fs-dev1\AppData\Local\Microsoft\WindowsApps
USERNAME=fs-dev1
OS=Windows_NT
PROCESSOR_IDENTIFIER=Intel64 Family 6 Model 142 Stepping 9, GenuineIntel



---------------  S Y S T E M  ---------------

OS: Windows 10 , 64 bit Build 19041 (10.0.19041.3031)

CPU:total 4 (initial active 4) (2 cores per cpu, 2 threads per core) family 6 model 142 stepping 9 microcode 0xde, cmov, cx8, fxsr, mmx, sse, sse2, sse3, ssse3, sse4.1, sse4.2, popcnt, avx, avx2, aes, clmul, erms, 3dnowpref, lzcnt, ht, tsc, tscinvbit, bmi1, bmi2, adx, fma

Memory: 4k page, system-wide physical 16234M (7467M free)
TotalPageFile size 19562M (AvailPageFile size 6082M)
current process WorkingSet (physical memory assigned to process): 589M, peak: 589M
current process commit charge ("private bytes"): 710M, peak: 710M

vm_info: Java HotSpot(TM) 64-Bit Server VM (11.0.18+9-LTS-195) for windows-amd64 JRE (11.0.18+9-LTS-195), built on Dec  6 2022 15:50:58 by "mach5one" with MS VC++ 17.1 (VS2022)

END.
