#
# A fatal error has been detected by the Java Runtime Environment:
#
#  EXCEPTION_ACCESS_VIOLATION (0xc0000005) at pc=0x00007ffcd1a3c125, pid=8928, tid=19152
#
# JRE version: Java(TM) SE Runtime Environment 18.9 (11.0.18+9) (build 11.0.18+9-LTS-195)
# Java VM: Java HotSpot(TM) 64-Bit Server VM 18.9 (11.0.18+9-LTS-195, mixed mode, tiered, compressed oops, g1 gc, windows-amd64)
# Problematic frame:
# C  0x00007ffcd1a3c125
#
# No core dump will be written. Minidumps are not enabled by default on client versions of Windows
#
# If you would like to submit a bug report, please visit:
#   https://bugreport.java.com/bugreport/crash.jsp
# The crash happened outside the Java Virtual Machine in native code.
# See problematic frame for where to report the bug.
#

---------------  S U M M A R Y ------------

Command Line: -javaagent:C:\Program Files\JetBrains\IntelliJ IDEA 2022.3.2\lib\idea_rt.jar=62634:C:\Program Files\JetBrains\IntelliJ IDEA 2022.3.2\bin -Dfile.encoding=UTF-8 --module-path=C:\Users\fs-dev1\.m2\repository\org\openjfx\javafx-graphics\17.0.2\javafx-graphics-17.0.2-win.jar;C:\Users\fs-dev1\.m2\repository\org\openjfx\javafx-swing\16\javafx-swing-16-win.jar;C:\Users\fs-dev1\.m2\repository\org\bytedeco\flandmark\1.07-1.5.4\flandmark-1.07-1.5.4.jar;C:\Users\fs-dev1\.m2\repository\org\openjfx\javafx-base\17.0.2\javafx-base-17.0.2-win.jar;C:\Users\fs-dev1\.m2\repository\org\openjfx\javafx-controls\17.0.2\javafx-controls-17.0.2-win.jar;C:\Users\fs-dev1\.m2\repository\org\bytedeco\tesseract\4.1.1-1.5.4\tesseract-4.1.1-1.5.4.jar;C:\Users\fs-dev1\.m2\repository\org\openjfx\javafx-fxml\17.0.2\javafx-fxml-17.0.2-win.jar;C:\Users\fs-dev1\.m2\repository\org\bytedeco\libdc1394\2.2.6-1.5.4\libdc1394-2.2.6-1.5.4.jar;C:\Users\fs-dev1\.m2\repository\org\bytedeco\videoinput\0.200-1.5.4\videoinput-0.200-1.5.4.jar;C:\Users\fs-dev1\.m2\repository\org\bytedeco\flycapture\2.13.3.31-1.5.4\flycapture-2.13.3.31-1.5.4.jar;C:\Users\fs-dev1\.m2\repository\org\bytedeco\ffmpeg\4.3.1-1.5.4\ffmpeg-4.3.1-1.5.4.jar;C:\Users\fs-dev1\.m2\repository\org\bytedeco\openblas\0.3.10-1.5.4\openblas-0.3.10-1.5.4.jar;C:\Users\fs-dev1\.m2\repository\org\bytedeco\leptonica\1.80.0-1.5.4\leptonica-1.80.0-1.5.4.jar;C:\Users\fs-dev1\.m2\repository\org\bytedeco\libfreenect2\0.2.0-1.5.4\libfreenect2-0.2.0-1.5.4.jar;D:\work\project\WebCamComponent\target\classes;D:\work\project\WebCamComponent\lib\HV_lib\jna.jar;C:\Users\fs-dev1\.m2\repository\org\bytedeco\libfreenect\0.5.7-1.5.4\libfreenect-0.5.7-1.5.4.jar;C:\Users\fs-dev1\.m2\repository\org\bytedeco\javacpp\1.5.4\javacpp-1.5.4.jar;D:\work\project\WebCamComponent\lib\HV_lib\examples.jar;C:\Users\fs-dev1\.m2\repository\org\bytedeco\artoolkitplus\2.3.1-1.5.4\artoolkitplus-2.3.1-1.5.4.jar;C:\Users\fs-dev1\.m2\repository\org\bytedeco\librealsense\1.12.4-1.5.4\librealsense-1.12.4-1.5.4.jar;C:\Users\fs-dev1\.m2\repository\org\bytedeco\javacv\1.5.4\javacv-1.5.4.jar;C:\Users\fs-dev1\.m2\repository\org\bytedeco\opencv\4.4.0-1.5.4\opencv--Djdk.module.main=com.fs.webcamcomponent com.fs.webcamcomponent/com.fs.webcamcomponent.WebCamApplication

Host: Intel(R) Core(TM) i7-7500U CPU @ 2.70GHz, 4 cores, 15G,  Windows 10 , 64 bit Build 19041 (10.0.19041.3031)
Time: Wed Jul 12 11:08:55 2023  Windows 10 , 64 bit Build 19041 (10.0.19041.3031) elapsed time: 207.277942 seconds (0d 0h 3m 27s)

---------------  T H R E A D  ---------------

Current thread (0x0000021666e86000):  JavaThread "Thread-5" [_thread_in_native, id=19152, stack(0x000000b926e00000,0x000000b926f00000)]

Stack: [0x000000b926e00000,0x000000b926f00000],  sp=0x000000b926efeec8,  free space=1019k
Native frames: (J=compiled Java code, j=interpreted, Vv=VM code, C=native code)
C  0x00007ffcd1a3c125

Java frames: (J=compiled Java code, j=interpreted, Vv=VM code)
J 3736  org.bytedeco.ffmpeg.global.swscale.sws_scale(Lorg/bytedeco/ffmpeg/swscale/SwsContext;Lorg/bytedeco/javacpp/PointerPointer;Lorg/bytedeco/javacpp/IntPointer;IILorg/bytedeco/javacpp/PointerPointer;Lorg/bytedeco/javacpp/IntPointer;)I org.bytedeco.ffmpeg (0 bytes) @ 0x000002164458a46b [0x000002164458a3a0+0x00000000000000cb]
J 3872 c1 org.bytedeco.javacv.FFmpegFrameGrabber.processImage()V org.bytedeco.javacv (508 bytes) @ 0x000002163d604ecc [0x000002163d603e80+0x000000000000104c]
J 3727 c1 org.bytedeco.javacv.FFmpegFrameGrabber.grabFrame(ZZZZZ)Lorg/bytedeco/javacv/Frame; org.bytedeco.javacv (1265 bytes) @ 0x000002163d5ab364 [0x000002163d5a9420+0x0000000000001f44]
J 3726 c1 org.bytedeco.javacv.FFmpegFrameGrabber.grab()Lorg/bytedeco/javacv/Frame; org.bytedeco.javacv (10 bytes) @ 0x000002163d5af7e4 [0x000002163d5af740+0x00000000000000a4]
j  com.fs.webcamcomponent.hv.HikvisionOperation$FrameGrabThread.run()V+65 com.fs.webcamcomponent
v  ~StubRoutines::call_stub

siginfo: EXCEPTION_ACCESS_VIOLATION (0xc0000005), reading address 0x000002166f8f0000


Register to memory mapping:

RIP=0x00007ffcd1a3c125 points into unknown readable memory: 66 41 0f
RAX=0x00000000000000fd is an unknown value
RBX=0x000000000000036e is an unknown value
RCX=0x00000000000000fb is an unknown value
RDX=0x000002166fbc4540 points into unknown readable memory: 0x4000400040004000 | 00 40 00 40 00 40 00 40
RSP=0x000000b926efeec8 is pointing into the stack for thread: 0x0000021666e86000
RBP=0x000002166d966d80 points into unknown readable memory: 0x000002166f772080 | 80 20 77 6f 16 02 00 00
RSI=0x000002166d8d8880 points into unknown readable memory: 0x00007ffcd1a5d860 | 60 d8 a5 d1 fc 7f 00 00
RDI=0x0000000000000280 is an unknown value
R8 =0xfffffffffffffdfc is an unknown value
R9 =0x000002166f8eff00 points into unknown readable memory: 0xd86a76f77156edbf | bf ed 56 71 f7 76 6a d8
R10=0x000002166f773480 points into unknown readable memory: 0x2000180008000000 | 00 00 00 08 00 18 00 20
R11=0x000002166f679640 points into unknown readable memory: 0x000004fc000004fc | fc 04 00 00 fc 04 00 00
R12=0x0000000000000500 is an unknown value
R13=0x0000000000020000 is an unknown value
R14=0x000002165e41d7f0 points into unknown readable memory: 0x000002166fbc4040 | 40 40 bc 6f 16 02 00 00
R15=0x000002165e4ad500 points into unknown readable memory: 0x000002166e07fc00 | 00 fc 07 6e 16 02 00 00


Registers:
RAX=0x00000000000000fd, RBX=0x000000000000036e, RCX=0x00000000000000fb, RDX=0x000002166fbc4540
RSP=0x000000b926efeec8, RBP=0x000002166d966d80, RSI=0x000002166d8d8880, RDI=0x0000000000000280
R8 =0xfffffffffffffdfc, R9 =0x000002166f8eff00, R10=0x000002166f773480, R11=0x000002166f679640
R12=0x0000000000000500, R13=0x0000000000020000, R14=0x000002165e41d7f0, R15=0x000002165e4ad500
RIP=0x00007ffcd1a3c125, EFLAGS=0x0000000000010286

Top of Stack: (sp=0x000000b926efeec8)
0x000000b926efeec8:   00007ffcd19e25d2 0000000000000280
0x000000b926efeed8:   00000000000001b5 000002166f67a140
0x000000b926efeee8:   00000280000001b5 000002166f772080
0x000000b926efeef8:   000002166f678c40 0000021600000004
0x000000b926efef08:   000002166d8c52c0 000002166f995cc0
0x000000b926efef18:   0000037300000280 000002166dd69f80
0x000000b926efef28:   000002166d8d8880 000000000000036d
0x000000b926efef38:   000002165e4ad528 0000000000000006
0x000000b926efef48:   000002165e4ad500 000002166e07fc98
0x000000b926efef58:   000000000000036e 00000000000001b6
0x000000b926efef68:   00007ffcd1a19031 0000000000000000
0x000000b926efef78:   000000070c10e680 00000216674700d0
0x000000b926efef88:   0000000700000006 00007ffc00000000
0x000000b926efef98:   00007ffc000001e0 00007ffc00000000
0x000000b926efefa8:   00000000000001e0 0000000000000000
0x000000b926efefb8:   0000000000000200 000001e066e86348 

Instructions: (pc=0x00007ffcd1a3c125)
0x00007ffcd1a3c105:   63 44 83 04 66 41 0f 6e 04 09 66 41 0f 6e 24 01
0x00007ffcd1a3c115:   4b 63 4c 83 08 4b 63 44 83 0c 66 41 0f 6e 0c 09
0x00007ffcd1a3c125:   66 41 0f 6e 2c 01 66 0f 62 c4 66 0f 62 cd 66 0f
0x00007ffcd1a3c135:   60 c3 66 0f 60 cb 66 43 0f f5 04 c2 66 43 0f f5 


Stack slot to memory mapping:
stack at sp + 0 slots: 0x00007ffcd19e25d2 points into unknown readable memory: e9 1c ff ff ff 66
stack at sp + 1 slots: 0x0000000000000280 is an unknown value
stack at sp + 2 slots: 0x00000000000001b5 is an unknown value
stack at sp + 3 slots: 0x000002166f67a140 points into unknown readable memory: 0x0000080018002000 | 00 20 00 18 00 08 00 00
stack at sp + 4 slots: 0x00000280000001b5 is an unknown value
stack at sp + 5 slots: 0x000002166f772080 points into unknown readable memory: 0x0000080018002000 | 00 20 00 18 00 08 00 00
stack at sp + 6 slots: 0x000002166f678c40 points into unknown readable memory: 0x0000000100000000 | 00 00 00 00 01 00 00 00
stack at sp + 7 slots: 0x0000021600000004 is an unknown value


---------------  P R O C E S S  ---------------

Threads class SMR info:
_java_thread_list=0x0000021667473b40, length=21, elements={
0x00000216351b8000, 0x0000021657cdd800, 0x0000021657ce6800, 0x0000021657d50800,
0x0000021657d52800, 0x0000021657d57800, 0x0000021657d5f000, 0x0000021657d6c800,
0x0000021657d6e800, 0x0000021657ed9800, 0x0000021658535000, 0x00000216586e6000,
0x0000021658af4800, 0x0000021658694000, 0x0000021658d0d800, 0x0000021658ccd000,
0x0000021659274800, 0x000002165989e000, 0x0000021666e83000, 0x0000021666e86000,
0x0000021666e89800
}

Java Threads: ( => current thread )
  0x00000216351b8000 JavaThread "main" [_thread_blocked, id=3108, stack(0x000000b920400000,0x000000b920500000)]
  0x0000021657cdd800 JavaThread "Reference Handler" daemon [_thread_blocked, id=1880, stack(0x000000b920b00000,0x000000b920c00000)]
  0x0000021657ce6800 JavaThread "Finalizer" daemon [_thread_blocked, id=7576, stack(0x000000b920c00000,0x000000b920d00000)]
  0x0000021657d50800 JavaThread "Signal Dispatcher" daemon [_thread_blocked, id=12336, stack(0x000000b920d00000,0x000000b920e00000)]
  0x0000021657d52800 JavaThread "Attach Listener" daemon [_thread_blocked, id=12008, stack(0x000000b920e00000,0x000000b920f00000)]
  0x0000021657d57800 JavaThread "Service Thread" daemon [_thread_blocked, id=14908, stack(0x000000b920f00000,0x000000b921000000)]
  0x0000021657d5f000 JavaThread "C2 CompilerThread0" daemon [_thread_blocked, id=18104, stack(0x000000b921000000,0x000000b921100000)]
  0x0000021657d6c800 JavaThread "C1 CompilerThread0" daemon [_thread_blocked, id=10524, stack(0x000000b921100000,0x000000b921200000)]
  0x0000021657d6e800 JavaThread "Sweeper thread" daemon [_thread_blocked, id=540, stack(0x000000b921200000,0x000000b921300000)]
  0x0000021657ed9800 JavaThread "Common-Cleaner" daemon [_thread_blocked, id=13892, stack(0x000000b921300000,0x000000b921400000)]
  0x0000021658535000 JavaThread "Monitor Ctrl-Break" daemon [_thread_in_native, id=7852, stack(0x000000b921800000,0x000000b921900000)]
  0x00000216586e6000 JavaThread "QuantumRenderer-0" daemon [_thread_blocked, id=17816, stack(0x000000b921a00000,0x000000b921b00000)]
  0x0000021658af4800 JavaThread "InvokeLaterDispatcher" daemon [_thread_blocked, id=7056, stack(0x000000b921b00000,0x000000b921c00000)]
  0x0000021658694000 JavaThread "JavaFX Application Thread" [_thread_in_native, id=5012, stack(0x000000b921c00000,0x000000b921d00000)]
  0x0000021658d0d800 JavaThread "Thread-1" daemon [_thread_in_native, id=13388, stack(0x000000b922000000,0x000000b922100000)]
  0x0000021658ccd000 JavaThread "JavaFX-Launcher" [_thread_blocked, id=14852, stack(0x000000b922100000,0x000000b922200000)]
  0x0000021659274800 JavaThread "Prism Font Disposer" daemon [_thread_blocked, id=14752, stack(0x000000b921400000,0x000000b921500000)]
  0x000002165989e000 JavaThread "Cleaner-0" daemon [_thread_blocked, id=952, stack(0x000000b922a00000,0x000000b922b00000)]
  0x0000021666e83000 JavaThread "JavaCPP Deallocator" daemon [_thread_blocked, id=10448, stack(0x000000b926d00000,0x000000b926e00000)]
=>0x0000021666e86000 JavaThread "Thread-5" [_thread_in_native, id=19152, stack(0x000000b926e00000,0x000000b926f00000)]
  0x0000021666e89800 JavaThread "Thread-32033" [_thread_blocked, id=16068, stack(0x000000b926800000,0x000000b926900000)]

Other Threads:
  0x0000021657cb8800 VMThread "VM Thread" [stack: 0x000000b920a00000,0x000000b920b00000] [id=15772]
  0x00000216582cc800 WatcherThread [stack: 0x000000b921900000,0x000000b921a00000] [id=1968]
  0x00000216351cd800 GCTaskThread "GC Thread#0" [stack: 0x000000b920500000,0x000000b920600000] [id=14472]
  0x00000216583b5800 GCTaskThread "GC Thread#1" [stack: 0x000000b921500000,0x000000b921600000] [id=4472]
  0x000002165804e000 GCTaskThread "GC Thread#2" [stack: 0x000000b921600000,0x000000b921700000] [id=17016]
  0x0000021657f64000 GCTaskThread "GC Thread#3" [stack: 0x000000b921700000,0x000000b921800000] [id=18564]
  0x0000021635229800 ConcurrentGCThread "G1 Main Marker" [stack: 0x000000b920600000,0x000000b920700000] [id=16220]
  0x000002163522b000 ConcurrentGCThread "G1 Conc#0" [stack: 0x000000b920700000,0x000000b920800000] [id=1780]
  0x000002165731a000 ConcurrentGCThread "G1 Refine#0" [stack: 0x000000b920800000,0x000000b920900000] [id=17308]
  0x000002165731b000 ConcurrentGCThread "G1 Young RemSet Sampling" [stack: 0x000000b920900000,0x000000b920a00000] [id=16796]

Threads with active compile tasks:

VM state:not at safepoint (normal execution)

VM Mutex/Monitor currently owned by a thread: None

Heap address: 0x0000000702400000, size: 4060 MB, Compressed Oops mode: Zero based, Oop shift amount: 3
Narrow klass base: 0x0000000800000000, Narrow klass shift: 0
Compressed class space size: 1073741824 Address: 0x0000000800000000

Heap:
 garbage-first heap   total 377856K, used 344892K [0x0000000702400000, 0x0000000800000000)
  region size 1024K, 217 young (222208K), 1 survivors (1024K)
 Metaspace       used 28017K, capacity 28772K, committed 28924K, reserved 1075200K
  class space    used 3521K, capacity 3816K, committed 3916K, reserved 1048576K
Heap Regions: E=young(eden), S=young(survivor), O=old, HS=humongous(starts), HC=humongous(continues), CS=collection set, F=free, A=archive, TAMS=top-at-mark-start (previous, next)
|   0|0x0000000702400000, 0x0000000702500000, 0x0000000702500000|100%|HS|  |TAMS 0x0000000702500000, 0x0000000702400000| Complete 
|   1|0x0000000702500000, 0x0000000702600000, 0x0000000702600000|100%|HC|  |TAMS 0x0000000702600000, 0x0000000702500000| Complete 
|   2|0x0000000702600000, 0x0000000702700000, 0x0000000702700000|100%| O|  |TAMS 0x0000000702700000, 0x0000000702600000| Untracked 
|   3|0x0000000702700000, 0x0000000702800000, 0x0000000702800000|100%| O|  |TAMS 0x0000000702800000, 0x0000000702700000| Untracked 
|   4|0x0000000702800000, 0x0000000702900000, 0x0000000702900000|100%| O|  |TAMS 0x0000000702900000, 0x0000000702800000| Untracked 
|   5|0x0000000702900000, 0x0000000702a00000, 0x0000000702a00000|100%| O|  |TAMS 0x0000000702a00000, 0x0000000702900000| Untracked 
|   6|0x0000000702a00000, 0x0000000702b00000, 0x0000000702b00000|100%| O|  |TAMS 0x0000000702b00000, 0x0000000702a00000| Untracked 
|   7|0x0000000702b00000, 0x0000000702c00000, 0x0000000702c00000|100%| O|  |TAMS 0x0000000702c00000, 0x0000000702b00000| Untracked 
|   8|0x0000000702c00000, 0x0000000702d00000, 0x0000000702d00000|100%| O|  |TAMS 0x0000000702d00000, 0x0000000702c00000| Untracked 
|   9|0x0000000702d00000, 0x0000000702e00000, 0x0000000702e00000|100%| O|  |TAMS 0x0000000702d5d400, 0x0000000702d00000| Untracked 
|  10|0x0000000702e00000, 0x0000000702f00000, 0x0000000702f00000|100%|HS|  |TAMS 0x0000000702e00000, 0x0000000702e00000| Complete 
|  11|0x0000000702f00000, 0x0000000703000000, 0x0000000703000000|100%|HC|  |TAMS 0x0000000702f00000, 0x0000000702f00000| Complete 
|  12|0x0000000703000000, 0x0000000703100000, 0x0000000703100000|100%|HS|  |TAMS 0x0000000703000000, 0x0000000703000000| Complete 
|  13|0x0000000703100000, 0x0000000703200000, 0x0000000703200000|100%|HC|  |TAMS 0x0000000703100000, 0x0000000703100000| Complete 
|  14|0x0000000703200000, 0x0000000703300000, 0x0000000703300000|100%|HS|  |TAMS 0x0000000703200000, 0x0000000703200000| Complete 
|  15|0x0000000703300000, 0x0000000703400000, 0x0000000703400000|100%|HC|  |TAMS 0x0000000703300000, 0x0000000703300000| Complete 
|  16|0x0000000703400000, 0x0000000703500000, 0x0000000703500000|100%|HS|  |TAMS 0x0000000703400000, 0x0000000703400000| Complete 
|  17|0x0000000703500000, 0x0000000703600000, 0x0000000703600000|100%|HC|  |TAMS 0x0000000703500000, 0x0000000703500000| Complete 
|  18|0x0000000703600000, 0x0000000703700000, 0x0000000703700000|100%|HS|  |TAMS 0x0000000703600000, 0x0000000703600000| Complete 
|  19|0x0000000703700000, 0x0000000703800000, 0x0000000703800000|100%|HC|  |TAMS 0x0000000703700000, 0x0000000703700000| Complete 
|  20|0x0000000703800000, 0x0000000703900000, 0x0000000703900000|100%|HS|  |TAMS 0x0000000703800000, 0x0000000703800000| Complete 
|  21|0x0000000703900000, 0x0000000703a00000, 0x0000000703a00000|100%|HC|  |TAMS 0x0000000703900000, 0x0000000703900000| Complete 
|  22|0x0000000703a00000, 0x0000000703b00000, 0x0000000703b00000|100%|HS|  |TAMS 0x0000000703a00000, 0x0000000703a00000| Complete 
|  23|0x0000000703b00000, 0x0000000703c00000, 0x0000000703c00000|100%|HC|  |TAMS 0x0000000703b00000, 0x0000000703b00000| Complete 
|  24|0x0000000703c00000, 0x0000000703d00000, 0x0000000703d00000|100%|HS|  |TAMS 0x0000000703c00000, 0x0000000703c00000| Complete 
|  25|0x0000000703d00000, 0x0000000703e00000, 0x0000000703e00000|100%|HC|  |TAMS 0x0000000703d00000, 0x0000000703d00000| Complete 
|  26|0x0000000703e00000, 0x0000000703f00000, 0x0000000703f00000|100%|HS|  |TAMS 0x0000000703e00000, 0x0000000703e00000| Complete 
|  27|0x0000000703f00000, 0x0000000704000000, 0x0000000704000000|100%|HC|  |TAMS 0x0000000703f00000, 0x0000000703f00000| Complete 
|  28|0x0000000704000000, 0x0000000704100000, 0x0000000704100000|100%|HS|  |TAMS 0x0000000704000000, 0x0000000704000000| Complete 
|  29|0x0000000704100000, 0x0000000704200000, 0x0000000704200000|100%|HC|  |TAMS 0x0000000704100000, 0x0000000704100000| Complete 
|  30|0x0000000704200000, 0x0000000704300000, 0x0000000704300000|100%|HS|  |TAMS 0x0000000704200000, 0x0000000704200000| Complete 
|  31|0x0000000704300000, 0x0000000704400000, 0x0000000704400000|100%|HC|  |TAMS 0x0000000704300000, 0x0000000704300000| Complete 
|  32|0x0000000704400000, 0x0000000704500000, 0x0000000704500000|100%|HS|  |TAMS 0x0000000704400000, 0x0000000704400000| Complete 
|  33|0x0000000704500000, 0x0000000704600000, 0x0000000704600000|100%|HC|  |TAMS 0x0000000704500000, 0x0000000704500000| Complete 
|  34|0x0000000704600000, 0x0000000704700000, 0x0000000704700000|100%|HS|  |TAMS 0x0000000704600000, 0x0000000704600000| Complete 
|  35|0x0000000704700000, 0x0000000704800000, 0x0000000704800000|100%|HC|  |TAMS 0x0000000704700000, 0x0000000704700000| Complete 
|  36|0x0000000704800000, 0x0000000704900000, 0x0000000704900000|100%|HS|  |TAMS 0x0000000704800000, 0x0000000704800000| Complete 
|  37|0x0000000704900000, 0x0000000704a00000, 0x0000000704a00000|100%|HC|  |TAMS 0x0000000704900000, 0x0000000704900000| Complete 
|  38|0x0000000704a00000, 0x0000000704b00000, 0x0000000704b00000|100%|HS|  |TAMS 0x0000000704a00000, 0x0000000704a00000| Complete 
|  39|0x0000000704b00000, 0x0000000704c00000, 0x0000000704c00000|100%|HC|  |TAMS 0x0000000704b00000, 0x0000000704b00000| Complete 
|  40|0x0000000704c00000, 0x0000000704d00000, 0x0000000704d00000|100%|HS|  |TAMS 0x0000000704c00000, 0x0000000704c00000| Complete 
|  41|0x0000000704d00000, 0x0000000704e00000, 0x0000000704e00000|100%|HC|  |TAMS 0x0000000704d00000, 0x0000000704d00000| Complete 
|  42|0x0000000704e00000, 0x0000000704f00000, 0x0000000704f00000|100%|HS|  |TAMS 0x0000000704e00000, 0x0000000704e00000| Complete 
|  43|0x0000000704f00000, 0x0000000705000000, 0x0000000705000000|100%|HC|  |TAMS 0x0000000704f00000, 0x0000000704f00000| Complete 
|  44|0x0000000705000000, 0x0000000705100000, 0x0000000705100000|100%|HS|  |TAMS 0x0000000705000000, 0x0000000705000000| Complete 
|  45|0x0000000705100000, 0x0000000705200000, 0x0000000705200000|100%|HC|  |TAMS 0x0000000705100000, 0x0000000705100000| Complete 
|  46|0x0000000705200000, 0x0000000705300000, 0x0000000705300000|100%|HS|  |TAMS 0x0000000705200000, 0x0000000705200000| Complete 
|  47|0x0000000705300000, 0x0000000705400000, 0x0000000705400000|100%|HC|  |TAMS 0x0000000705300000, 0x0000000705300000| Complete 
|  48|0x0000000705400000, 0x0000000705500000, 0x0000000705500000|100%|HS|  |TAMS 0x0000000705400000, 0x0000000705400000| Complete 
|  49|0x0000000705500000, 0x0000000705600000, 0x0000000705600000|100%|HC|  |TAMS 0x0000000705500000, 0x0000000705500000| Complete 
|  50|0x0000000705600000, 0x0000000705700000, 0x0000000705700000|100%|HS|  |TAMS 0x0000000705600000, 0x0000000705600000| Complete 
|  51|0x0000000705700000, 0x0000000705800000, 0x0000000705800000|100%|HC|  |TAMS 0x0000000705700000, 0x0000000705700000| Complete 
|  52|0x0000000705800000, 0x0000000705900000, 0x0000000705900000|100%|HS|  |TAMS 0x0000000705800000, 0x0000000705800000| Complete 
|  53|0x0000000705900000, 0x0000000705a00000, 0x0000000705a00000|100%|HC|  |TAMS 0x0000000705900000, 0x0000000705900000| Complete 
|  54|0x0000000705a00000, 0x0000000705b00000, 0x0000000705b00000|100%|HS|  |TAMS 0x0000000705a00000, 0x0000000705a00000| Complete 
|  55|0x0000000705b00000, 0x0000000705c00000, 0x0000000705c00000|100%|HC|  |TAMS 0x0000000705b00000, 0x0000000705b00000| Complete 
|  56|0x0000000705c00000, 0x0000000705d00000, 0x0000000705d00000|100%|HS|  |TAMS 0x0000000705c00000, 0x0000000705c00000| Complete 
|  57|0x0000000705d00000, 0x0000000705e00000, 0x0000000705e00000|100%|HC|  |TAMS 0x0000000705d00000, 0x0000000705d00000| Complete 
|  58|0x0000000705e00000, 0x0000000705f00000, 0x0000000705f00000|100%|HS|  |TAMS 0x0000000705e00000, 0x0000000705e00000| Complete 
|  59|0x0000000705f00000, 0x0000000706000000, 0x0000000706000000|100%|HC|  |TAMS 0x0000000705f00000, 0x0000000705f00000| Complete 
|  60|0x0000000706000000, 0x0000000706100000, 0x0000000706100000|100%|HS|  |TAMS 0x0000000706000000, 0x0000000706000000| Complete 
|  61|0x0000000706100000, 0x0000000706200000, 0x0000000706200000|100%|HC|  |TAMS 0x0000000706100000, 0x0000000706100000| Complete 
|  62|0x0000000706200000, 0x0000000706300000, 0x0000000706300000|100%|HS|  |TAMS 0x0000000706200000, 0x0000000706200000| Complete 
|  63|0x0000000706300000, 0x0000000706400000, 0x0000000706400000|100%|HC|  |TAMS 0x0000000706300000, 0x0000000706300000| Complete 
|  64|0x0000000706400000, 0x0000000706500000, 0x0000000706500000|100%|HS|  |TAMS 0x0000000706400000, 0x0000000706400000| Complete 
|  65|0x0000000706500000, 0x0000000706600000, 0x0000000706600000|100%|HC|  |TAMS 0x0000000706500000, 0x0000000706500000| Complete 
|  66|0x0000000706600000, 0x0000000706700000, 0x0000000706700000|100%|HS|  |TAMS 0x0000000706600000, 0x0000000706600000| Complete 
|  67|0x0000000706700000, 0x0000000706800000, 0x0000000706800000|100%|HC|  |TAMS 0x0000000706700000, 0x0000000706700000| Complete 
|  68|0x0000000706800000, 0x0000000706900000, 0x0000000706900000|100%|HS|  |TAMS 0x0000000706800000, 0x0000000706800000| Complete 
|  69|0x0000000706900000, 0x0000000706a00000, 0x0000000706a00000|100%|HC|  |TAMS 0x0000000706900000, 0x0000000706900000| Complete 
|  70|0x0000000706a00000, 0x0000000706b00000, 0x0000000706b00000|100%|HS|  |TAMS 0x0000000706a00000, 0x0000000706a00000| Complete 
|  71|0x0000000706b00000, 0x0000000706c00000, 0x0000000706c00000|100%|HC|  |TAMS 0x0000000706b00000, 0x0000000706b00000| Complete 
|  72|0x0000000706c00000, 0x0000000706d00000, 0x0000000706d00000|100%|HS|  |TAMS 0x0000000706c00000, 0x0000000706c00000| Complete 
|  73|0x0000000706d00000, 0x0000000706e00000, 0x0000000706e00000|100%|HC|  |TAMS 0x0000000706d00000, 0x0000000706d00000| Complete 
|  74|0x0000000706e00000, 0x0000000706f00000, 0x0000000706f00000|100%|HS|  |TAMS 0x0000000706e00000, 0x0000000706e00000| Complete 
|  75|0x0000000706f00000, 0x0000000707000000, 0x0000000707000000|100%|HC|  |TAMS 0x0000000706f00000, 0x0000000706f00000| Complete 
|  76|0x0000000707000000, 0x0000000707100000, 0x0000000707100000|100%|HS|  |TAMS 0x0000000707000000, 0x0000000707000000| Complete 
|  77|0x0000000707100000, 0x0000000707200000, 0x0000000707200000|100%|HC|  |TAMS 0x0000000707100000, 0x0000000707100000| Complete 
|  78|0x0000000707200000, 0x0000000707300000, 0x0000000707300000|100%|HS|  |TAMS 0x0000000707200000, 0x0000000707200000| Complete 
|  79|0x0000000707300000, 0x0000000707400000, 0x0000000707400000|100%|HC|  |TAMS 0x0000000707300000, 0x0000000707300000| Complete 
|  80|0x0000000707400000, 0x0000000707500000, 0x0000000707500000|100%|HS|  |TAMS 0x0000000707400000, 0x0000000707400000| Complete 
|  81|0x0000000707500000, 0x0000000707600000, 0x0000000707600000|100%|HC|  |TAMS 0x0000000707500000, 0x0000000707500000| Complete 
|  82|0x0000000707600000, 0x0000000707700000, 0x0000000707700000|100%|HS|  |TAMS 0x0000000707600000, 0x0000000707600000| Complete 
|  83|0x0000000707700000, 0x0000000707800000, 0x0000000707800000|100%|HC|  |TAMS 0x0000000707700000, 0x0000000707700000| Complete 
|  84|0x0000000707800000, 0x0000000707900000, 0x0000000707900000|100%|HS|  |TAMS 0x0000000707800000, 0x0000000707800000| Complete 
|  85|0x0000000707900000, 0x0000000707a00000, 0x0000000707a00000|100%|HC|  |TAMS 0x0000000707900000, 0x0000000707900000| Complete 
|  86|0x0000000707a00000, 0x0000000707b00000, 0x0000000707b00000|100%|HS|  |TAMS 0x0000000707a00000, 0x0000000707a00000| Complete 
|  87|0x0000000707b00000, 0x0000000707c00000, 0x0000000707c00000|100%|HC|  |TAMS 0x0000000707b00000, 0x0000000707b00000| Complete 
|  88|0x0000000707c00000, 0x0000000707d00000, 0x0000000707d00000|100%|HS|  |TAMS 0x0000000707c00000, 0x0000000707c00000| Complete 
|  89|0x0000000707d00000, 0x0000000707e00000, 0x0000000707e00000|100%|HC|  |TAMS 0x0000000707d00000, 0x0000000707d00000| Complete 
|  90|0x0000000707e00000, 0x0000000707f00000, 0x0000000707f00000|100%|HS|  |TAMS 0x0000000707e00000, 0x0000000707e00000| Complete 
|  91|0x0000000707f00000, 0x0000000708000000, 0x0000000708000000|100%|HC|  |TAMS 0x0000000707f00000, 0x0000000707f00000| Complete 
|  92|0x0000000708000000, 0x0000000708100000, 0x0000000708100000|100%|HS|  |TAMS 0x0000000708000000, 0x0000000708000000| Complete 
|  93|0x0000000708100000, 0x0000000708200000, 0x0000000708200000|100%|HC|  |TAMS 0x0000000708100000, 0x0000000708100000| Complete 
|  94|0x0000000708200000, 0x0000000708300000, 0x0000000708300000|100%|HS|  |TAMS 0x0000000708200000, 0x0000000708200000| Complete 
|  95|0x0000000708300000, 0x0000000708400000, 0x0000000708400000|100%|HC|  |TAMS 0x0000000708300000, 0x0000000708300000| Complete 
|  96|0x0000000708400000, 0x0000000708500000, 0x0000000708500000|100%|HS|  |TAMS 0x0000000708400000, 0x0000000708400000| Complete 
|  97|0x0000000708500000, 0x0000000708600000, 0x0000000708600000|100%|HC|  |TAMS 0x0000000708500000, 0x0000000708500000| Complete 
|  98|0x0000000708600000, 0x0000000708700000, 0x0000000708700000|100%|HS|  |TAMS 0x0000000708600000, 0x0000000708600000| Complete 
|  99|0x0000000708700000, 0x0000000708800000, 0x0000000708800000|100%|HC|  |TAMS 0x0000000708700000, 0x0000000708700000| Complete 
| 100|0x0000000708800000, 0x0000000708900000, 0x0000000708900000|100%| O|  |TAMS 0x0000000708800000, 0x0000000708800000| Untracked 
| 101|0x0000000708900000, 0x0000000708a00000, 0x0000000708a00000|100%|HS|  |TAMS 0x0000000708900000, 0x0000000708900000| Complete 
| 102|0x0000000708a00000, 0x0000000708b00000, 0x0000000708b00000|100%|HC|  |TAMS 0x0000000708a00000, 0x0000000708a00000| Complete 
| 103|0x0000000708b00000, 0x0000000708c00000, 0x0000000708c00000|100%|HS|  |TAMS 0x0000000708b00000, 0x0000000708b00000| Complete 
| 104|0x0000000708c00000, 0x0000000708d00000, 0x0000000708d00000|100%|HC|  |TAMS 0x0000000708c00000, 0x0000000708c00000| Complete 
| 105|0x0000000708d00000, 0x0000000708e00000, 0x0000000708e00000|100%|HS|  |TAMS 0x0000000708d00000, 0x0000000708d00000| Complete 
| 106|0x0000000708e00000, 0x0000000708f00000, 0x0000000708f00000|100%|HC|  |TAMS 0x0000000708e00000, 0x0000000708e00000| Complete 
| 107|0x0000000708f00000, 0x0000000709000000, 0x0000000709000000|100%|HS|  |TAMS 0x0000000708f00000, 0x0000000708f00000| Complete 
| 108|0x0000000709000000, 0x0000000709100000, 0x0000000709100000|100%|HC|  |TAMS 0x0000000709000000, 0x0000000709000000| Complete 
| 109|0x0000000709100000, 0x0000000709200000, 0x0000000709200000|100%|HS|  |TAMS 0x0000000709100000, 0x0000000709100000| Complete 
| 110|0x0000000709200000, 0x0000000709300000, 0x0000000709300000|100%|HC|  |TAMS 0x0000000709200000, 0x0000000709200000| Complete 
| 111|0x0000000709300000, 0x0000000709400000, 0x0000000709400000|100%|HS|  |TAMS 0x0000000709300000, 0x0000000709300000| Complete 
| 112|0x0000000709400000, 0x0000000709500000, 0x0000000709500000|100%|HC|  |TAMS 0x0000000709400000, 0x0000000709400000| Complete 
| 113|0x0000000709500000, 0x0000000709600000, 0x0000000709600000|100%|HS|  |TAMS 0x0000000709500000, 0x0000000709500000| Complete 
| 114|0x0000000709600000, 0x0000000709700000, 0x0000000709700000|100%|HC|  |TAMS 0x0000000709600000, 0x0000000709600000| Complete 
| 115|0x0000000709700000, 0x0000000709800000, 0x0000000709800000|100%|HS|  |TAMS 0x0000000709700000, 0x0000000709700000| Complete 
| 116|0x0000000709800000, 0x0000000709900000, 0x0000000709900000|100%|HC|  |TAMS 0x0000000709800000, 0x0000000709800000| Complete 
| 117|0x0000000709900000, 0x0000000709900000, 0x0000000709a00000|  0%| F|  |TAMS 0x0000000709900000, 0x0000000709900000| Untracked 
| 118|0x0000000709a00000, 0x0000000709a00000, 0x0000000709b00000|  0%| F|  |TAMS 0x0000000709a00000, 0x0000000709a00000| Untracked 
| 119|0x0000000709b00000, 0x0000000709b00000, 0x0000000709c00000|  0%| F|  |TAMS 0x0000000709b00000, 0x0000000709b00000| Untracked 
| 120|0x0000000709c00000, 0x0000000709c00000, 0x0000000709d00000|  0%| F|  |TAMS 0x0000000709c00000, 0x0000000709c00000| Untracked 
| 121|0x0000000709d00000, 0x0000000709d00000, 0x0000000709e00000|  0%| F|  |TAMS 0x0000000709d00000, 0x0000000709d00000| Untracked 
| 122|0x0000000709e00000, 0x0000000709e00000, 0x0000000709f00000|  0%| F|  |TAMS 0x0000000709e00000, 0x0000000709e00000| Untracked 
| 123|0x0000000709f00000, 0x0000000709f00000, 0x000000070a000000|  0%| F|  |TAMS 0x0000000709f00000, 0x0000000709f00000| Untracked 
| 124|0x000000070a000000, 0x000000070a000000, 0x000000070a100000|  0%| F|  |TAMS 0x000000070a000000, 0x000000070a000000| Untracked 
| 125|0x000000070a100000, 0x000000070a100000, 0x000000070a200000|  0%| F|  |TAMS 0x000000070a100000, 0x000000070a100000| Untracked 
| 126|0x000000070a200000, 0x000000070a200000, 0x000000070a300000|  0%| F|  |TAMS 0x000000070a200000, 0x000000070a200000| Untracked 
| 127|0x000000070a300000, 0x000000070a300000, 0x000000070a400000|  0%| F|  |TAMS 0x000000070a300000, 0x000000070a300000| Untracked 
| 128|0x000000070a400000, 0x000000070a400000, 0x000000070a500000|  0%| F|  |TAMS 0x000000070a400000, 0x000000070a400000| Untracked 
| 129|0x000000070a500000, 0x000000070a500000, 0x000000070a600000|  0%| F|  |TAMS 0x000000070a500000, 0x000000070a500000| Untracked 
| 130|0x000000070a600000, 0x000000070a600000, 0x000000070a700000|  0%| F|  |TAMS 0x000000070a600000, 0x000000070a600000| Untracked 
| 131|0x000000070a700000, 0x000000070a700000, 0x000000070a800000|  0%| F|  |TAMS 0x000000070a700000, 0x000000070a700000| Untracked 
| 132|0x000000070a800000, 0x000000070a800000, 0x000000070a900000|  0%| F|  |TAMS 0x000000070a800000, 0x000000070a800000| Untracked 
| 133|0x000000070a900000, 0x000000070a900000, 0x000000070aa00000|  0%| F|  |TAMS 0x000000070a900000, 0x000000070a900000| Untracked 
| 134|0x000000070aa00000, 0x000000070aa00000, 0x000000070ab00000|  0%| F|  |TAMS 0x000000070aa00000, 0x000000070aa00000| Untracked 
| 135|0x000000070ab00000, 0x000000070ab00000, 0x000000070ac00000|  0%| F|  |TAMS 0x000000070ab00000, 0x000000070ab00000| Untracked 
| 136|0x000000070ac00000, 0x000000070ac00000, 0x000000070ad00000|  0%| F|  |TAMS 0x000000070ac00000, 0x000000070ac00000| Untracked 
| 137|0x000000070ad00000, 0x000000070ad00000, 0x000000070ae00000|  0%| F|  |TAMS 0x000000070ad00000, 0x000000070ad00000| Untracked 
| 138|0x000000070ae00000, 0x000000070ae00000, 0x000000070af00000|  0%| F|  |TAMS 0x000000070ae00000, 0x000000070ae00000| Untracked 
| 139|0x000000070af00000, 0x000000070af00000, 0x000000070b000000|  0%| F|  |TAMS 0x000000070af00000, 0x000000070af00000| Untracked 
| 140|0x000000070b000000, 0x000000070b000000, 0x000000070b100000|  0%| F|  |TAMS 0x000000070b000000, 0x000000070b000000| Untracked 
| 141|0x000000070b100000, 0x000000070b100000, 0x000000070b200000|  0%| F|  |TAMS 0x000000070b100000, 0x000000070b100000| Untracked 
| 142|0x000000070b200000, 0x000000070b200000, 0x000000070b300000|  0%| F|  |TAMS 0x000000070b200000, 0x000000070b200000| Untracked 
| 143|0x000000070b300000, 0x000000070b400000, 0x000000070b400000|100%|HS|  |TAMS 0x000000070b300000, 0x000000070b300000| Complete 
| 144|0x000000070b400000, 0x000000070b500000, 0x000000070b500000|100%|HC|  |TAMS 0x000000070b400000, 0x000000070b400000| Complete 
| 145|0x000000070b500000, 0x000000070b600000, 0x000000070b600000|100%|HS|  |TAMS 0x000000070b500000, 0x000000070b500000| Complete 
| 146|0x000000070b600000, 0x000000070b700000, 0x000000070b700000|100%|HC|  |TAMS 0x000000070b600000, 0x000000070b600000| Complete 
| 147|0x000000070b700000, 0x000000070b700000, 0x000000070b800000|  0%| F|  |TAMS 0x000000070b700000, 0x000000070b700000| Untracked 
| 148|0x000000070b800000, 0x000000070b800000, 0x000000070b900000|  0%| F|  |TAMS 0x000000070b800000, 0x000000070b800000| Untracked 
| 149|0x000000070b900000, 0x000000070b900000, 0x000000070ba00000|  0%| F|  |TAMS 0x000000070b900000, 0x000000070b900000| Untracked 
| 150|0x000000070ba00000, 0x000000070ba00000, 0x000000070bb00000|  0%| F|  |TAMS 0x000000070ba00000, 0x000000070ba00000| Untracked 
| 151|0x000000070bb00000, 0x000000070bb02720, 0x000000070bc00000|  0%| E|  |TAMS 0x000000070bb00000, 0x000000070bb00000| Complete 
| 152|0x000000070bc00000, 0x000000070bd00000, 0x000000070bd00000|100%| E|CS|TAMS 0x000000070bc00000, 0x000000070bc00000| Complete 
| 153|0x000000070bd00000, 0x000000070be00000, 0x000000070be00000|100%| E|CS|TAMS 0x000000070bd00000, 0x000000070bd00000| Complete 
| 154|0x000000070be00000, 0x000000070bf00000, 0x000000070bf00000|100%| E|CS|TAMS 0x000000070be00000, 0x000000070be00000| Complete 
| 155|0x000000070bf00000, 0x000000070c000000, 0x000000070c000000|100%| E|CS|TAMS 0x000000070bf00000, 0x000000070bf00000| Complete 
| 156|0x000000070c000000, 0x000000070c100000, 0x000000070c100000|100%| E|CS|TAMS 0x000000070c000000, 0x000000070c000000| Complete 
| 157|0x000000070c100000, 0x000000070c200000, 0x000000070c200000|100%| E|CS|TAMS 0x000000070c100000, 0x000000070c100000| Complete 
| 158|0x000000070c200000, 0x000000070c300000, 0x000000070c300000|100%| E|CS|TAMS 0x000000070c200000, 0x000000070c200000| Complete 
| 159|0x000000070c300000, 0x000000070c400000, 0x000000070c400000|100%| E|CS|TAMS 0x000000070c300000, 0x000000070c300000| Complete 
| 160|0x000000070c400000, 0x000000070c500000, 0x000000070c500000|100%| E|CS|TAMS 0x000000070c400000, 0x000000070c400000| Complete 
| 161|0x000000070c500000, 0x000000070c600000, 0x000000070c600000|100%| E|CS|TAMS 0x000000070c500000, 0x000000070c500000| Complete 
| 162|0x000000070c600000, 0x000000070c700000, 0x000000070c700000|100%| E|CS|TAMS 0x000000070c600000, 0x000000070c600000| Complete 
| 163|0x000000070c700000, 0x000000070c800000, 0x000000070c800000|100%| E|CS|TAMS 0x000000070c700000, 0x000000070c700000| Complete 
| 164|0x000000070c800000, 0x000000070c900000, 0x000000070c900000|100%| E|CS|TAMS 0x000000070c800000, 0x000000070c800000| Complete 
| 165|0x000000070c900000, 0x000000070ca00000, 0x000000070ca00000|100%| E|CS|TAMS 0x000000070c900000, 0x000000070c900000| Complete 
| 166|0x000000070ca00000, 0x000000070cb00000, 0x000000070cb00000|100%| E|CS|TAMS 0x000000070ca00000, 0x000000070ca00000| Complete 
| 167|0x000000070cb00000, 0x000000070cc00000, 0x000000070cc00000|100%| E|CS|TAMS 0x000000070cb00000, 0x000000070cb00000| Complete 
| 168|0x000000070cc00000, 0x000000070cd00000, 0x000000070cd00000|100%| E|CS|TAMS 0x000000070cc00000, 0x000000070cc00000| Complete 
| 169|0x000000070cd00000, 0x000000070ce00000, 0x000000070ce00000|100%| E|CS|TAMS 0x000000070cd00000, 0x000000070cd00000| Complete 
| 170|0x000000070ce00000, 0x000000070cf00000, 0x000000070cf00000|100%| E|CS|TAMS 0x000000070ce00000, 0x000000070ce00000| Complete 
| 171|0x000000070cf00000, 0x000000070d000000, 0x000000070d000000|100%| E|CS|TAMS 0x000000070cf00000, 0x000000070cf00000| Complete 
| 172|0x000000070d000000, 0x000000070d100000, 0x000000070d100000|100%| E|CS|TAMS 0x000000070d000000, 0x000000070d000000| Complete 
| 173|0x000000070d100000, 0x000000070d200000, 0x000000070d200000|100%| E|CS|TAMS 0x000000070d100000, 0x000000070d100000| Complete 
| 174|0x000000070d200000, 0x000000070d300000, 0x000000070d300000|100%| E|CS|TAMS 0x000000070d200000, 0x000000070d200000| Complete 
| 175|0x000000070d300000, 0x000000070d400000, 0x000000070d400000|100%| E|CS|TAMS 0x000000070d300000, 0x000000070d300000| Complete 
| 176|0x000000070d400000, 0x000000070d500000, 0x000000070d500000|100%| E|CS|TAMS 0x000000070d400000, 0x000000070d400000| Complete 
| 177|0x000000070d500000, 0x000000070d600000, 0x000000070d600000|100%| E|CS|TAMS 0x000000070d500000, 0x000000070d500000| Complete 
| 178|0x000000070d600000, 0x000000070d700000, 0x000000070d700000|100%| E|CS|TAMS 0x000000070d600000, 0x000000070d600000| Complete 
| 179|0x000000070d700000, 0x000000070d800000, 0x000000070d800000|100%| E|CS|TAMS 0x000000070d700000, 0x000000070d700000| Complete 
| 180|0x000000070d800000, 0x000000070d900000, 0x000000070d900000|100%| E|CS|TAMS 0x000000070d800000, 0x000000070d800000| Complete 
| 181|0x000000070d900000, 0x000000070da00000, 0x000000070da00000|100%| E|CS|TAMS 0x000000070d900000, 0x000000070d900000| Complete 
| 182|0x000000070da00000, 0x000000070db00000, 0x000000070db00000|100%| E|CS|TAMS 0x000000070da00000, 0x000000070da00000| Complete 
| 183|0x000000070db00000, 0x000000070dc00000, 0x000000070dc00000|100%| E|CS|TAMS 0x000000070db00000, 0x000000070db00000| Complete 
| 184|0x000000070dc00000, 0x000000070dd00000, 0x000000070dd00000|100%| E|CS|TAMS 0x000000070dc00000, 0x000000070dc00000| Complete 
| 185|0x000000070dd00000, 0x000000070de00000, 0x000000070de00000|100%| E|CS|TAMS 0x000000070dd00000, 0x000000070dd00000| Complete 
| 186|0x000000070de00000, 0x000000070df00000, 0x000000070df00000|100%| E|CS|TAMS 0x000000070de00000, 0x000000070de00000| Complete 
| 187|0x000000070df00000, 0x000000070e000000, 0x000000070e000000|100%| E|CS|TAMS 0x000000070df00000, 0x000000070df00000| Complete 
| 188|0x000000070e000000, 0x000000070e100000, 0x000000070e100000|100%| E|CS|TAMS 0x000000070e000000, 0x000000070e000000| Complete 
| 189|0x000000070e100000, 0x000000070e200000, 0x000000070e200000|100%| E|CS|TAMS 0x000000070e100000, 0x000000070e100000| Complete 
| 190|0x000000070e200000, 0x000000070e300000, 0x000000070e300000|100%| E|CS|TAMS 0x000000070e200000, 0x000000070e200000| Complete 
| 191|0x000000070e300000, 0x000000070e400000, 0x000000070e400000|100%| E|CS|TAMS 0x000000070e300000, 0x000000070e300000| Complete 
| 192|0x000000070e400000, 0x000000070e500000, 0x000000070e500000|100%| E|CS|TAMS 0x000000070e400000, 0x000000070e400000| Complete 
| 193|0x000000070e500000, 0x000000070e600000, 0x000000070e600000|100%| E|CS|TAMS 0x000000070e500000, 0x000000070e500000| Complete 
| 194|0x000000070e600000, 0x000000070e700000, 0x000000070e700000|100%| E|CS|TAMS 0x000000070e600000, 0x000000070e600000| Complete 
| 195|0x000000070e700000, 0x000000070e800000, 0x000000070e800000|100%| E|CS|TAMS 0x000000070e700000, 0x000000070e700000| Complete 
| 196|0x000000070e800000, 0x000000070e900000, 0x000000070e900000|100%| E|CS|TAMS 0x000000070e800000, 0x000000070e800000| Complete 
| 197|0x000000070e900000, 0x000000070ea00000, 0x000000070ea00000|100%| E|CS|TAMS 0x000000070e900000, 0x000000070e900000| Complete 
| 198|0x000000070ea00000, 0x000000070eb00000, 0x000000070eb00000|100%| E|CS|TAMS 0x000000070ea00000, 0x000000070ea00000| Complete 
| 199|0x000000070eb00000, 0x000000070ec00000, 0x000000070ec00000|100%| E|CS|TAMS 0x000000070eb00000, 0x000000070eb00000| Complete 
| 200|0x000000070ec00000, 0x000000070ed00000, 0x000000070ed00000|100%| E|CS|TAMS 0x000000070ec00000, 0x000000070ec00000| Complete 
| 201|0x000000070ed00000, 0x000000070ee00000, 0x000000070ee00000|100%| E|CS|TAMS 0x000000070ed00000, 0x000000070ed00000| Complete 
| 202|0x000000070ee00000, 0x000000070ef00000, 0x000000070ef00000|100%| E|CS|TAMS 0x000000070ee00000, 0x000000070ee00000| Complete 
| 203|0x000000070ef00000, 0x000000070f000000, 0x000000070f000000|100%| E|CS|TAMS 0x000000070ef00000, 0x000000070ef00000| Complete 
| 204|0x000000070f000000, 0x000000070f100000, 0x000000070f100000|100%| E|CS|TAMS 0x000000070f000000, 0x000000070f000000| Complete 
| 205|0x000000070f100000, 0x000000070f200000, 0x000000070f200000|100%| E|CS|TAMS 0x000000070f100000, 0x000000070f100000| Complete 
| 206|0x000000070f200000, 0x000000070f300000, 0x000000070f300000|100%| E|CS|TAMS 0x000000070f200000, 0x000000070f200000| Complete 
| 207|0x000000070f300000, 0x000000070f400000, 0x000000070f400000|100%| E|CS|TAMS 0x000000070f300000, 0x000000070f300000| Complete 
| 208|0x000000070f400000, 0x000000070f500000, 0x000000070f500000|100%| E|CS|TAMS 0x000000070f400000, 0x000000070f400000| Complete 
| 209|0x000000070f500000, 0x000000070f600000, 0x000000070f600000|100%| E|CS|TAMS 0x000000070f500000, 0x000000070f500000| Complete 
| 210|0x000000070f600000, 0x000000070f700000, 0x000000070f700000|100%| E|CS|TAMS 0x000000070f600000, 0x000000070f600000| Complete 
| 211|0x000000070f700000, 0x000000070f800000, 0x000000070f800000|100%| E|CS|TAMS 0x000000070f700000, 0x000000070f700000| Complete 
| 212|0x000000070f800000, 0x000000070f900000, 0x000000070f900000|100%| E|CS|TAMS 0x000000070f800000, 0x000000070f800000| Complete 
| 213|0x000000070f900000, 0x000000070fa00000, 0x000000070fa00000|100%| E|CS|TAMS 0x000000070f900000, 0x000000070f900000| Complete 
| 214|0x000000070fa00000, 0x000000070fb00000, 0x000000070fb00000|100%| E|CS|TAMS 0x000000070fa00000, 0x000000070fa00000| Complete 
| 215|0x000000070fb00000, 0x000000070fc00000, 0x000000070fc00000|100%| E|CS|TAMS 0x000000070fb00000, 0x000000070fb00000| Complete 
| 216|0x000000070fc00000, 0x000000070fd00000, 0x000000070fd00000|100%| E|CS|TAMS 0x000000070fc00000, 0x000000070fc00000| Complete 
| 217|0x000000070fd00000, 0x000000070fe00000, 0x000000070fe00000|100%| E|CS|TAMS 0x000000070fd00000, 0x000000070fd00000| Complete 
| 218|0x000000070fe00000, 0x000000070ff00000, 0x000000070ff00000|100%| E|CS|TAMS 0x000000070fe00000, 0x000000070fe00000| Complete 
| 219|0x000000070ff00000, 0x0000000710000000, 0x0000000710000000|100%| E|CS|TAMS 0x000000070ff00000, 0x000000070ff00000| Complete 
| 220|0x0000000710000000, 0x0000000710100000, 0x0000000710100000|100%| E|CS|TAMS 0x0000000710000000, 0x0000000710000000| Complete 
| 221|0x0000000710100000, 0x0000000710200000, 0x0000000710200000|100%| E|CS|TAMS 0x0000000710100000, 0x0000000710100000| Complete 
| 222|0x0000000710200000, 0x0000000710300000, 0x0000000710300000|100%| E|CS|TAMS 0x0000000710200000, 0x0000000710200000| Complete 
| 223|0x0000000710300000, 0x0000000710400000, 0x0000000710400000|100%| E|CS|TAMS 0x0000000710300000, 0x0000000710300000| Complete 
| 224|0x0000000710400000, 0x0000000710500000, 0x0000000710500000|100%| E|CS|TAMS 0x0000000710400000, 0x0000000710400000| Complete 
| 225|0x0000000710500000, 0x0000000710600000, 0x0000000710600000|100%| E|CS|TAMS 0x0000000710500000, 0x0000000710500000| Complete 
| 226|0x0000000710600000, 0x0000000710700000, 0x0000000710700000|100%| E|CS|TAMS 0x0000000710600000, 0x0000000710600000| Complete 
| 227|0x0000000710700000, 0x0000000710800000, 0x0000000710800000|100%| E|CS|TAMS 0x0000000710700000, 0x0000000710700000| Complete 
| 228|0x0000000710800000, 0x0000000710900000, 0x0000000710900000|100%| E|CS|TAMS 0x0000000710800000, 0x0000000710800000| Complete 
| 229|0x0000000710900000, 0x0000000710a00000, 0x0000000710a00000|100%| E|CS|TAMS 0x0000000710900000, 0x0000000710900000| Complete 
| 230|0x0000000710a00000, 0x0000000710b00000, 0x0000000710b00000|100%| E|CS|TAMS 0x0000000710a00000, 0x0000000710a00000| Complete 
| 231|0x0000000710b00000, 0x0000000710c00000, 0x0000000710c00000|100%| E|CS|TAMS 0x0000000710b00000, 0x0000000710b00000| Complete 
| 232|0x0000000710c00000, 0x0000000710d00000, 0x0000000710d00000|100%| E|CS|TAMS 0x0000000710c00000, 0x0000000710c00000| Complete 
| 233|0x0000000710d00000, 0x0000000710e00000, 0x0000000710e00000|100%| E|CS|TAMS 0x0000000710d00000, 0x0000000710d00000| Complete 
| 234|0x0000000710e00000, 0x0000000710f00000, 0x0000000710f00000|100%| E|CS|TAMS 0x0000000710e00000, 0x0000000710e00000| Complete 
| 235|0x0000000710f00000, 0x0000000711000000, 0x0000000711000000|100%| E|CS|TAMS 0x0000000710f00000, 0x0000000710f00000| Complete 
| 236|0x0000000711000000, 0x0000000711100000, 0x0000000711100000|100%| E|CS|TAMS 0x0000000711000000, 0x0000000711000000| Complete 
| 237|0x0000000711100000, 0x0000000711200000, 0x0000000711200000|100%| E|CS|TAMS 0x0000000711100000, 0x0000000711100000| Complete 
| 238|0x0000000711200000, 0x0000000711300000, 0x0000000711300000|100%| E|CS|TAMS 0x0000000711200000, 0x0000000711200000| Complete 
| 239|0x0000000711300000, 0x0000000711400000, 0x0000000711400000|100%| E|CS|TAMS 0x0000000711300000, 0x0000000711300000| Complete 
| 240|0x0000000711400000, 0x0000000711500000, 0x0000000711500000|100%| E|CS|TAMS 0x0000000711400000, 0x0000000711400000| Complete 
| 241|0x0000000711500000, 0x0000000711600000, 0x0000000711600000|100%| E|CS|TAMS 0x0000000711500000, 0x0000000711500000| Complete 
| 242|0x0000000711600000, 0x0000000711700000, 0x0000000711700000|100%| E|CS|TAMS 0x0000000711600000, 0x0000000711600000| Complete 
| 243|0x0000000711700000, 0x0000000711800000, 0x0000000711800000|100%| E|CS|TAMS 0x0000000711700000, 0x0000000711700000| Complete 
| 244|0x0000000711800000, 0x0000000711900000, 0x0000000711900000|100%| E|CS|TAMS 0x0000000711800000, 0x0000000711800000| Complete 
| 245|0x0000000711900000, 0x0000000711a00000, 0x0000000711a00000|100%| E|CS|TAMS 0x0000000711900000, 0x0000000711900000| Complete 
| 246|0x0000000711a00000, 0x0000000711b00000, 0x0000000711b00000|100%| E|CS|TAMS 0x0000000711a00000, 0x0000000711a00000| Complete 
| 247|0x0000000711b00000, 0x0000000711c00000, 0x0000000711c00000|100%| E|CS|TAMS 0x0000000711b00000, 0x0000000711b00000| Complete 
| 248|0x0000000711c00000, 0x0000000711d00000, 0x0000000711d00000|100%| E|CS|TAMS 0x0000000711c00000, 0x0000000711c00000| Complete 
| 249|0x0000000711d00000, 0x0000000711e00000, 0x0000000711e00000|100%| E|CS|TAMS 0x0000000711d00000, 0x0000000711d00000| Complete 
| 250|0x0000000711e00000, 0x0000000711f00000, 0x0000000711f00000|100%| E|CS|TAMS 0x0000000711e00000, 0x0000000711e00000| Complete 
| 251|0x0000000711f00000, 0x0000000712000000, 0x0000000712000000|100%| E|CS|TAMS 0x0000000711f00000, 0x0000000711f00000| Complete 
| 252|0x0000000712000000, 0x0000000712100000, 0x0000000712100000|100%| E|CS|TAMS 0x0000000712000000, 0x0000000712000000| Complete 
| 253|0x0000000712100000, 0x0000000712200000, 0x0000000712200000|100%| E|CS|TAMS 0x0000000712100000, 0x0000000712100000| Complete 
| 254|0x0000000712200000, 0x0000000712300000, 0x0000000712300000|100%| E|CS|TAMS 0x0000000712200000, 0x0000000712200000| Complete 
| 255|0x0000000712300000, 0x0000000712400000, 0x0000000712400000|100%| E|CS|TAMS 0x0000000712300000, 0x0000000712300000| Complete 
| 256|0x0000000712400000, 0x0000000712500000, 0x0000000712500000|100%| E|CS|TAMS 0x0000000712400000, 0x0000000712400000| Complete 
| 257|0x0000000712500000, 0x0000000712600000, 0x0000000712600000|100%| E|CS|TAMS 0x0000000712500000, 0x0000000712500000| Complete 
| 258|0x0000000712600000, 0x0000000712700000, 0x0000000712700000|100%| E|CS|TAMS 0x0000000712600000, 0x0000000712600000| Complete 
| 259|0x0000000712700000, 0x0000000712800000, 0x0000000712800000|100%| E|CS|TAMS 0x0000000712700000, 0x0000000712700000| Complete 
| 260|0x0000000712800000, 0x0000000712900000, 0x0000000712900000|100%| E|CS|TAMS 0x0000000712800000, 0x0000000712800000| Complete 
| 261|0x0000000712900000, 0x0000000712a00000, 0x0000000712a00000|100%| E|CS|TAMS 0x0000000712900000, 0x0000000712900000| Complete 
| 262|0x0000000712a00000, 0x0000000712b00000, 0x0000000712b00000|100%| E|CS|TAMS 0x0000000712a00000, 0x0000000712a00000| Complete 
| 263|0x0000000712b00000, 0x0000000712c00000, 0x0000000712c00000|100%| E|CS|TAMS 0x0000000712b00000, 0x0000000712b00000| Complete 
| 264|0x0000000712c00000, 0x0000000712d00000, 0x0000000712d00000|100%| E|CS|TAMS 0x0000000712c00000, 0x0000000712c00000| Complete 
| 265|0x0000000712d00000, 0x0000000712e00000, 0x0000000712e00000|100%| E|CS|TAMS 0x0000000712d00000, 0x0000000712d00000| Complete 
| 266|0x0000000712e00000, 0x0000000712f00000, 0x0000000712f00000|100%| E|CS|TAMS 0x0000000712e00000, 0x0000000712e00000| Complete 
| 267|0x0000000712f00000, 0x0000000713000000, 0x0000000713000000|100%| E|CS|TAMS 0x0000000712f00000, 0x0000000712f00000| Complete 
| 268|0x0000000713000000, 0x0000000713100000, 0x0000000713100000|100%| E|CS|TAMS 0x0000000713000000, 0x0000000713000000| Complete 
| 269|0x0000000713100000, 0x0000000713200000, 0x0000000713200000|100%| E|CS|TAMS 0x0000000713100000, 0x0000000713100000| Complete 
| 270|0x0000000713200000, 0x0000000713300000, 0x0000000713300000|100%| E|CS|TAMS 0x0000000713200000, 0x0000000713200000| Complete 
| 271|0x0000000713300000, 0x0000000713400000, 0x0000000713400000|100%| E|CS|TAMS 0x0000000713300000, 0x0000000713300000| Complete 
| 272|0x0000000713400000, 0x0000000713500000, 0x0000000713500000|100%| E|CS|TAMS 0x0000000713400000, 0x0000000713400000| Complete 
| 273|0x0000000713500000, 0x0000000713600000, 0x0000000713600000|100%| E|CS|TAMS 0x0000000713500000, 0x0000000713500000| Complete 
| 274|0x0000000713600000, 0x0000000713700000, 0x0000000713700000|100%| E|CS|TAMS 0x0000000713600000, 0x0000000713600000| Complete 
| 275|0x0000000713700000, 0x00000007137ba800, 0x0000000713800000| 72%| O|  |TAMS 0x0000000713700000, 0x0000000713700000| Untracked 
| 276|0x0000000713800000, 0x0000000713900000, 0x0000000713900000|100%| E|CS|TAMS 0x0000000713800000, 0x0000000713800000| Complete 
| 277|0x0000000713900000, 0x0000000713a00000, 0x0000000713a00000|100%| E|CS|TAMS 0x0000000713900000, 0x0000000713900000| Complete 
| 278|0x0000000713a00000, 0x0000000713b00000, 0x0000000713b00000|100%| E|CS|TAMS 0x0000000713a00000, 0x0000000713a00000| Complete 
| 279|0x0000000713b00000, 0x0000000713c00000, 0x0000000713c00000|100%| E|CS|TAMS 0x0000000713b00000, 0x0000000713b00000| Complete 
| 280|0x0000000713c00000, 0x0000000713d00000, 0x0000000713d00000|100%| E|CS|TAMS 0x0000000713c00000, 0x0000000713c00000| Complete 
| 281|0x0000000713d00000, 0x0000000713e00000, 0x0000000713e00000|100%| E|CS|TAMS 0x0000000713d00000, 0x0000000713d00000| Complete 
| 282|0x0000000713e00000, 0x0000000713f00000, 0x0000000713f00000|100%| E|CS|TAMS 0x0000000713e00000, 0x0000000713e00000| Complete 
| 283|0x0000000713f00000, 0x0000000714000000, 0x0000000714000000|100%| E|CS|TAMS 0x0000000713f00000, 0x0000000713f00000| Complete 
| 284|0x0000000714000000, 0x0000000714100000, 0x0000000714100000|100%| E|CS|TAMS 0x0000000714000000, 0x0000000714000000| Complete 
| 285|0x0000000714100000, 0x0000000714200000, 0x0000000714200000|100%| E|CS|TAMS 0x0000000714100000, 0x0000000714100000| Complete 
| 286|0x0000000714200000, 0x0000000714300000, 0x0000000714300000|100%| E|CS|TAMS 0x0000000714200000, 0x0000000714200000| Complete 
| 287|0x0000000714300000, 0x0000000714400000, 0x0000000714400000|100%| E|CS|TAMS 0x0000000714300000, 0x0000000714300000| Complete 
| 288|0x0000000714400000, 0x0000000714500000, 0x0000000714500000|100%| E|CS|TAMS 0x0000000714400000, 0x0000000714400000| Complete 
| 289|0x0000000714500000, 0x0000000714600000, 0x0000000714600000|100%| E|CS|TAMS 0x0000000714500000, 0x0000000714500000| Complete 
| 290|0x0000000714600000, 0x0000000714700000, 0x0000000714700000|100%| E|CS|TAMS 0x0000000714600000, 0x0000000714600000| Complete 
| 291|0x0000000714700000, 0x0000000714800000, 0x0000000714800000|100%| E|CS|TAMS 0x0000000714700000, 0x0000000714700000| Complete 
| 292|0x0000000714800000, 0x0000000714900000, 0x0000000714900000|100%| E|CS|TAMS 0x0000000714800000, 0x0000000714800000| Complete 
| 293|0x0000000714900000, 0x0000000714a00000, 0x0000000714a00000|100%| E|CS|TAMS 0x0000000714900000, 0x0000000714900000| Complete 
| 294|0x0000000714a00000, 0x0000000714b00000, 0x0000000714b00000|100%| E|CS|TAMS 0x0000000714a00000, 0x0000000714a00000| Complete 
| 295|0x0000000714b00000, 0x0000000714c00000, 0x0000000714c00000|100%| E|CS|TAMS 0x0000000714b00000, 0x0000000714b00000| Complete 
| 296|0x0000000714c00000, 0x0000000714d00000, 0x0000000714d00000|100%| E|CS|TAMS 0x0000000714c00000, 0x0000000714c00000| Complete 
| 297|0x0000000714d00000, 0x0000000714e00000, 0x0000000714e00000|100%| E|CS|TAMS 0x0000000714d00000, 0x0000000714d00000| Complete 
| 298|0x0000000714e00000, 0x0000000714f00000, 0x0000000714f00000|100%| E|CS|TAMS 0x0000000714e00000, 0x0000000714e00000| Complete 
| 299|0x0000000714f00000, 0x0000000715000000, 0x0000000715000000|100%| E|CS|TAMS 0x0000000714f00000, 0x0000000714f00000| Complete 
| 300|0x0000000715000000, 0x0000000715100000, 0x0000000715100000|100%| E|CS|TAMS 0x0000000715000000, 0x0000000715000000| Complete 
| 301|0x0000000715100000, 0x0000000715200000, 0x0000000715200000|100%| E|CS|TAMS 0x0000000715100000, 0x0000000715100000| Complete 
| 302|0x0000000715200000, 0x0000000715300000, 0x0000000715300000|100%| E|CS|TAMS 0x0000000715200000, 0x0000000715200000| Complete 
| 303|0x0000000715300000, 0x0000000715400000, 0x0000000715400000|100%| E|CS|TAMS 0x0000000715300000, 0x0000000715300000| Complete 
| 304|0x0000000715400000, 0x0000000715500000, 0x0000000715500000|100%| E|CS|TAMS 0x0000000715400000, 0x0000000715400000| Complete 
| 305|0x0000000715500000, 0x0000000715600000, 0x0000000715600000|100%| E|CS|TAMS 0x0000000715500000, 0x0000000715500000| Complete 
| 306|0x0000000715600000, 0x0000000715700000, 0x0000000715700000|100%| E|CS|TAMS 0x0000000715600000, 0x0000000715600000| Complete 
| 307|0x0000000715700000, 0x0000000715800000, 0x0000000715800000|100%| E|CS|TAMS 0x0000000715700000, 0x0000000715700000| Complete 
| 308|0x0000000715800000, 0x0000000715900000, 0x0000000715900000|100%| E|CS|TAMS 0x0000000715800000, 0x0000000715800000| Complete 
| 309|0x0000000715900000, 0x0000000715a00000, 0x0000000715a00000|100%| E|CS|TAMS 0x0000000715900000, 0x0000000715900000| Complete 
| 310|0x0000000715a00000, 0x0000000715b00000, 0x0000000715b00000|100%| E|CS|TAMS 0x0000000715a00000, 0x0000000715a00000| Complete 
| 311|0x0000000715b00000, 0x0000000715c00000, 0x0000000715c00000|100%| E|CS|TAMS 0x0000000715b00000, 0x0000000715b00000| Complete 
| 312|0x0000000715c00000, 0x0000000715d00000, 0x0000000715d00000|100%| E|CS|TAMS 0x0000000715c00000, 0x0000000715c00000| Complete 
| 313|0x0000000715d00000, 0x0000000715e00000, 0x0000000715e00000|100%| E|CS|TAMS 0x0000000715d00000, 0x0000000715d00000| Complete 
| 314|0x0000000715e00000, 0x0000000715f00000, 0x0000000715f00000|100%| E|CS|TAMS 0x0000000715e00000, 0x0000000715e00000| Complete 
| 315|0x0000000715f00000, 0x0000000716000000, 0x0000000716000000|100%| E|CS|TAMS 0x0000000715f00000, 0x0000000715f00000| Complete 
| 316|0x0000000716000000, 0x0000000716100000, 0x0000000716100000|100%| E|CS|TAMS 0x0000000716000000, 0x0000000716000000| Complete 
| 317|0x0000000716100000, 0x0000000716200000, 0x0000000716200000|100%| E|CS|TAMS 0x0000000716100000, 0x0000000716100000| Complete 
| 318|0x0000000716200000, 0x0000000716300000, 0x0000000716300000|100%| E|CS|TAMS 0x0000000716200000, 0x0000000716200000| Complete 
| 319|0x0000000716300000, 0x0000000716400000, 0x0000000716400000|100%| E|CS|TAMS 0x0000000716300000, 0x0000000716300000| Complete 
| 320|0x0000000716400000, 0x0000000716500000, 0x0000000716500000|100%| E|CS|TAMS 0x0000000716400000, 0x0000000716400000| Complete 
| 321|0x0000000716500000, 0x0000000716600000, 0x0000000716600000|100%| E|CS|TAMS 0x0000000716500000, 0x0000000716500000| Complete 
| 322|0x0000000716600000, 0x0000000716700000, 0x0000000716700000|100%| E|CS|TAMS 0x0000000716600000, 0x0000000716600000| Complete 
| 323|0x0000000716700000, 0x0000000716800000, 0x0000000716800000|100%| E|CS|TAMS 0x0000000716700000, 0x0000000716700000| Complete 
| 324|0x0000000716800000, 0x0000000716900000, 0x0000000716900000|100%| E|CS|TAMS 0x0000000716800000, 0x0000000716800000| Complete 
| 325|0x0000000716900000, 0x0000000716a00000, 0x0000000716a00000|100%| E|CS|TAMS 0x0000000716900000, 0x0000000716900000| Complete 
| 326|0x0000000716a00000, 0x0000000716b00000, 0x0000000716b00000|100%| E|CS|TAMS 0x0000000716a00000, 0x0000000716a00000| Complete 
| 327|0x0000000716b00000, 0x0000000716c00000, 0x0000000716c00000|100%| E|CS|TAMS 0x0000000716b00000, 0x0000000716b00000| Complete 
| 328|0x0000000716c00000, 0x0000000716d00000, 0x0000000716d00000|100%| E|CS|TAMS 0x0000000716c00000, 0x0000000716c00000| Complete 
| 329|0x0000000716d00000, 0x0000000716e00000, 0x0000000716e00000|100%| E|CS|TAMS 0x0000000716d00000, 0x0000000716d00000| Complete 
| 330|0x0000000716e00000, 0x0000000716f00000, 0x0000000716f00000|100%| E|CS|TAMS 0x0000000716e00000, 0x0000000716e00000| Complete 
| 331|0x0000000716f00000, 0x0000000717000000, 0x0000000717000000|100%| E|CS|TAMS 0x0000000716f00000, 0x0000000716f00000| Complete 
| 332|0x0000000717000000, 0x0000000717100000, 0x0000000717100000|100%| E|CS|TAMS 0x0000000717000000, 0x0000000717000000| Complete 
| 333|0x0000000717100000, 0x0000000717200000, 0x0000000717200000|100%| E|CS|TAMS 0x0000000717100000, 0x0000000717100000| Complete 
| 334|0x0000000717200000, 0x0000000717300000, 0x0000000717300000|100%| E|CS|TAMS 0x0000000717200000, 0x0000000717200000| Complete 
| 335|0x0000000717300000, 0x0000000717400000, 0x0000000717400000|100%| E|CS|TAMS 0x0000000717300000, 0x0000000717300000| Complete 
| 336|0x0000000717400000, 0x0000000717500000, 0x0000000717500000|100%| E|CS|TAMS 0x0000000717400000, 0x0000000717400000| Complete 
| 337|0x0000000717500000, 0x0000000717600000, 0x0000000717600000|100%| E|CS|TAMS 0x0000000717500000, 0x0000000717500000| Complete 
| 338|0x0000000717600000, 0x0000000717700000, 0x0000000717700000|100%| E|CS|TAMS 0x0000000717600000, 0x0000000717600000| Complete 
| 339|0x0000000717700000, 0x0000000717800000, 0x0000000717800000|100%| E|CS|TAMS 0x0000000717700000, 0x0000000717700000| Complete 
| 340|0x0000000717800000, 0x0000000717900000, 0x0000000717900000|100%| E|CS|TAMS 0x0000000717800000, 0x0000000717800000| Complete 
| 341|0x0000000717900000, 0x0000000717a00000, 0x0000000717a00000|100%| E|CS|TAMS 0x0000000717900000, 0x0000000717900000| Complete 
| 342|0x0000000717a00000, 0x0000000717b00000, 0x0000000717b00000|100%| E|CS|TAMS 0x0000000717a00000, 0x0000000717a00000| Complete 
| 343|0x0000000717b00000, 0x0000000717c00000, 0x0000000717c00000|100%| E|CS|TAMS 0x0000000717b00000, 0x0000000717b00000| Complete 
| 344|0x0000000717c00000, 0x0000000717d00000, 0x0000000717d00000|100%| E|CS|TAMS 0x0000000717c00000, 0x0000000717c00000| Complete 
| 345|0x0000000717d00000, 0x0000000717e00000, 0x0000000717e00000|100%| E|CS|TAMS 0x0000000717d00000, 0x0000000717d00000| Complete 
| 346|0x0000000717e00000, 0x0000000717f00000, 0x0000000717f00000|100%| E|CS|TAMS 0x0000000717e00000, 0x0000000717e00000| Complete 
| 347|0x0000000717f00000, 0x0000000718000000, 0x0000000718000000|100%| E|CS|TAMS 0x0000000717f00000, 0x0000000717f00000| Complete 
| 348|0x0000000718000000, 0x0000000718100000, 0x0000000718100000|100%| E|CS|TAMS 0x0000000718000000, 0x0000000718000000| Complete 
| 349|0x0000000718100000, 0x0000000718200000, 0x0000000718200000|100%| E|CS|TAMS 0x0000000718100000, 0x0000000718100000| Complete 
| 350|0x0000000718200000, 0x0000000718300000, 0x0000000718300000|100%| E|CS|TAMS 0x0000000718200000, 0x0000000718200000| Complete 
| 351|0x0000000718300000, 0x0000000718400000, 0x0000000718400000|100%| E|CS|TAMS 0x0000000718300000, 0x0000000718300000| Complete 
| 352|0x0000000718400000, 0x0000000718500000, 0x0000000718500000|100%| E|CS|TAMS 0x0000000718400000, 0x0000000718400000| Complete 
| 353|0x0000000718500000, 0x0000000718600000, 0x0000000718600000|100%| E|CS|TAMS 0x0000000718500000, 0x0000000718500000| Complete 
| 354|0x0000000718600000, 0x0000000718700000, 0x0000000718700000|100%| E|CS|TAMS 0x0000000718600000, 0x0000000718600000| Complete 
| 355|0x0000000718700000, 0x0000000718800000, 0x0000000718800000|100%| E|CS|TAMS 0x0000000718700000, 0x0000000718700000| Complete 
| 356|0x0000000718800000, 0x0000000718900000, 0x0000000718900000|100%| E|CS|TAMS 0x0000000718800000, 0x0000000718800000| Complete 
| 357|0x0000000718900000, 0x0000000718a00000, 0x0000000718a00000|100%| E|CS|TAMS 0x0000000718900000, 0x0000000718900000| Complete 
| 358|0x0000000718a00000, 0x0000000718b00000, 0x0000000718b00000|100%| E|CS|TAMS 0x0000000718a00000, 0x0000000718a00000| Complete 
| 359|0x0000000718b00000, 0x0000000718c00000, 0x0000000718c00000|100%| E|CS|TAMS 0x0000000718b00000, 0x0000000718b00000| Complete 
| 360|0x0000000718c00000, 0x0000000718d00000, 0x0000000718d00000|100%| E|CS|TAMS 0x0000000718c00000, 0x0000000718c00000| Complete 
| 361|0x0000000718d00000, 0x0000000718e00000, 0x0000000718e00000|100%| E|CS|TAMS 0x0000000718d00000, 0x0000000718d00000| Complete 
| 362|0x0000000718e00000, 0x0000000718f00000, 0x0000000718f00000|100%| E|CS|TAMS 0x0000000718e00000, 0x0000000718e00000| Complete 
| 363|0x0000000718f00000, 0x0000000719000000, 0x0000000719000000|100%| E|CS|TAMS 0x0000000718f00000, 0x0000000718f00000| Complete 
| 364|0x0000000719000000, 0x0000000719100000, 0x0000000719100000|100%| E|CS|TAMS 0x0000000719000000, 0x0000000719000000| Complete 
| 365|0x0000000719100000, 0x0000000719200000, 0x0000000719200000|100%| E|CS|TAMS 0x0000000719100000, 0x0000000719100000| Complete 
| 366|0x0000000719200000, 0x0000000719300000, 0x0000000719300000|100%| E|CS|TAMS 0x0000000719200000, 0x0000000719200000| Complete 
| 367|0x0000000719300000, 0x0000000719400000, 0x0000000719400000|100%| E|CS|TAMS 0x0000000719300000, 0x0000000719300000| Complete 
| 368|0x0000000719400000, 0x0000000719414bb8, 0x0000000719500000|  8%| S|CS|TAMS 0x0000000719400000, 0x0000000719400000| Complete 

Card table byte_map: [0x000002164c080000,0x000002164c870000] _byte_map_base: 0x000002164886e000

Marking Bits (Prev, Next): (CMBitMap*) 0x0000021635218e28, (CMBitMap*) 0x0000021635218e60
 Prev Bits: [0x000002164d060000, 0x0000021650fd0000)
 Next Bits: [0x0000021650fd0000, 0x0000021654f40000)

Polling page: 0x00000216330c0000

Metaspace:

Usage:
  Non-class:     24.37 MB capacity,    23.92 MB ( 98%) used,   376.24 KB (  2%) free+waste,    83.56 KB ( <1%) overhead. 
      Class:      3.73 MB capacity,     3.44 MB ( 92%) used,   251.13 KB (  7%) free+waste,    43.38 KB (  1%) overhead. 
       Both:     28.10 MB capacity,    27.36 MB ( 97%) used,   627.38 KB (  2%) free+waste,   126.94 KB ( <1%) overhead. 

Virtual space:
  Non-class space:       26.00 MB reserved,      24.42 MB ( 94%) committed 
      Class space:        1.00 GB reserved,       3.82 MB ( <1%) committed 
             Both:        1.03 GB reserved,      28.25 MB (  3%) committed 

Chunk freelists:
   Non-Class:  6.50 KB
       Class:  0 bytes
        Both:  6.50 KB

CodeHeap 'non-profiled nmethods': size=120064Kb used=3008Kb max_used=3008Kb free=117055Kb
 bounds [0x0000021644350000, 0x0000021644650000, 0x000002164b890000]
CodeHeap 'profiled nmethods': size=120000Kb used=9012Kb max_used=9012Kb free=110987Kb
 bounds [0x000002163ce20000, 0x000002163d6f0000, 0x0000021644350000]
CodeHeap 'non-nmethods': size=5696Kb used=1386Kb max_used=1485Kb free=4309Kb
 bounds [0x000002163c890000, 0x000002163cb00000, 0x000002163ce20000]
 total_blobs=5149 nmethods=4325 adapters=735
 compilation: enabled
              stopped_count=0, restarted_count=0
 full_count=0

Compilation events (10 events):
Event: 196.507 Thread 0x0000021657d6c800 4337       3       com.sun.javafx.scene.EnteredExitedHandler::dispatchBubblingEvent (204 bytes)
Event: 196.512 Thread 0x0000021657d6c800 nmethod 4337 0x000002163d6e8490 code [0x000002163d6e8880, 0x000002163d6eaeb8]
Event: 196.514 Thread 0x0000021657d6c800 4338       3       com.sun.javafx.scene.KeyboardShortcutsHandler::dispatchBubblingEvent (60 bytes)
Event: 196.515 Thread 0x0000021657d6c800 nmethod 4338 0x000002163d6eb690 code [0x000002163d6eb880, 0x000002163d6ebf88]
Event: 196.753 Thread 0x0000021657d6c800 4339       3       com.sun.javafx.event.EventDispatchChainImpl::insertFirst (42 bytes)
Event: 196.753 Thread 0x0000021657d6c800 nmethod 4339 0x000002163d6ec110 code [0x000002163d6ec2c0, 0x000002163d6ec598]
Event: 198.081 Thread 0x0000021657d5f000 4340       4       com.sun.prism.impl.BaseResourcePool::cleanup (145 bytes)
Event: 198.100 Thread 0x0000021657d5f000 nmethod 4340 0x000002164463ee90 code [0x000002164463f060, 0x000002164463fca8]
Event: 198.703 Thread 0x0000021657d6c800 4341       3       javafx.scene.Node::doMarkDirty (23 bytes)
Event: 198.704 Thread 0x0000021657d6c800 nmethod 4341 0x000002163d6ec690 code [0x000002163d6ec8a0, 0x000002163d6ed0a8]

GC Heap History (10 events):
Event: 193.575 GC heap before
{Heap before GC invocations=92 (full 0):
 garbage-first heap   total 371712K, used 370485K [0x0000000702400000, 0x0000000800000000)
  region size 1024K, 215 young (220160K), 1 survivors (1024K)
 Metaspace       used 28010K, capacity 28772K, committed 28924K, reserved 1075200K
  class space    used 3521K, capacity 3816K, committed 3916K, reserved 1048576K
}
Event: 193.577 GC heap after
{Heap after GC invocations=93 (full 0):
 garbage-first heap   total 372736K, used 16182K [0x0000000702400000, 0x0000000800000000)
  region size 1024K, 1 young (1024K), 1 survivors (1024K)
 Metaspace       used 28010K, capacity 28772K, committed 28924K, reserved 1075200K
  class space    used 3521K, capacity 3816K, committed 3916K, reserved 1048576K
}
Event: 196.204 GC heap before
{Heap before GC invocations=93 (full 0):
 garbage-first heap   total 374784K, used 373558K [0x0000000702400000, 0x0000000800000000)
  region size 1024K, 218 young (223232K), 1 survivors (1024K)
 Metaspace       used 28010K, capacity 28772K, committed 28924K, reserved 1075200K
  class space    used 3521K, capacity 3816K, committed 3916K, reserved 1048576K
}
Event: 196.205 GC heap after
{Heap after GC invocations=94 (full 0):
 garbage-first heap   total 375808K, used 16179K [0x0000000702400000, 0x0000000800000000)
  region size 1024K, 1 young (1024K), 1 survivors (1024K)
 Metaspace       used 28010K, capacity 28772K, committed 28924K, reserved 1075200K
  class space    used 3521K, capacity 3816K, committed 3916K, reserved 1048576K
}
Event: 198.741 GC heap before
{Heap before GC invocations=94 (full 0):
 garbage-first heap   total 375808K, used 371507K [0x0000000702400000, 0x0000000800000000)
  region size 1024K, 220 young (225280K), 1 survivors (1024K)
 Metaspace       used 28017K, capacity 28772K, committed 28924K, reserved 1075200K
  class space    used 3521K, capacity 3816K, committed 3916K, reserved 1048576K
}
Event: 198.742 GC heap after
{Heap after GC invocations=95 (full 0):
 garbage-first heap   total 375808K, used 16184K [0x0000000702400000, 0x0000000800000000)
  region size 1024K, 1 young (1024K), 1 survivors (1024K)
 Metaspace       used 28017K, capacity 28772K, committed 28924K, reserved 1075200K
  class space    used 3521K, capacity 3816K, committed 3916K, reserved 1048576K
}
Event: 201.455 GC heap before
{Heap before GC invocations=95 (full 0):
 garbage-first heap   total 375808K, used 374584K [0x0000000702400000, 0x0000000800000000)
  region size 1024K, 217 young (222208K), 1 survivors (1024K)
 Metaspace       used 28017K, capacity 28772K, committed 28924K, reserved 1075200K
  class space    used 3521K, capacity 3816K, committed 3916K, reserved 1048576K
}
Event: 201.457 GC heap after
{Heap after GC invocations=96 (full 0):
 garbage-first heap   total 376832K, used 14140K [0x0000000702400000, 0x0000000800000000)
  region size 1024K, 1 young (1024K), 1 survivors (1024K)
 Metaspace       used 28017K, capacity 28772K, committed 28924K, reserved 1075200K
  class space    used 3521K, capacity 3816K, committed 3916K, reserved 1048576K
}
Event: 204.151 GC heap before
{Heap before GC invocations=96 (full 0):
 garbage-first heap   total 376832K, used 375612K [0x0000000702400000, 0x0000000800000000)
  region size 1024K, 218 young (223232K), 1 survivors (1024K)
 Metaspace       used 28017K, capacity 28772K, committed 28924K, reserved 1075200K
  class space    used 3521K, capacity 3816K, committed 3916K, reserved 1048576K
}
Event: 204.153 GC heap after
{Heap after GC invocations=97 (full 0):
 garbage-first heap   total 377856K, used 16188K [0x0000000702400000, 0x0000000800000000)
  region size 1024K, 1 young (1024K), 1 survivors (1024K)
 Metaspace       used 28017K, capacity 28772K, committed 28924K, reserved 1075200K
  class space    used 3521K, capacity 3816K, committed 3916K, reserved 1048576K
}

Deoptimization events (10 events):
Event: 6.073 Thread 0x0000021666e83800 Uncommon trap: reason=unstable_if action=reinterpret pc=0x000002164436531c method=java.lang.StringLatin1.lastIndexOf([BI[BII)I @ 86 c2
Event: 6.484 Thread 0x0000021666e83800 Uncommon trap: reason=unstable_if action=reinterpret pc=0x00000216444536b0 method=sun.net.www.ParseUtil.firstEncodeIndex(Ljava/lang/String;)I @ 51 c2
Event: 6.811 Thread 0x0000021666e83800 Uncommon trap: reason=intrinsic_or_type_checked_inlining action=make_not_entrant pc=0x0000021644483ed0 method=java.util.ArrayList.toArray([Ljava/lang/Object;)[Ljava/lang/Object; @ 36 c2
Event: 7.074 Thread 0x0000021666e83800 Uncommon trap: reason=class_check action=make_not_entrant pc=0x00000216444a4440 method=java.util.ArrayList.toArray([Ljava/lang/Object;)[Ljava/lang/Object; @ 21 c2
Event: 7.757 Thread 0x0000021666e86000 Uncommon trap: reason=range_check action=make_not_entrant pc=0x00000216444d577c method=java.util.zip.ZipUtils.get16([BI)I @ 11 c2
Event: 13.644 Thread 0x0000021666e86000 Uncommon trap: reason=range_check action=make_not_entrant pc=0x00000216444e4018 method=org.bytedeco.javacpp.Loader.loadLibrary(Ljava/lang/Class;[Ljava/net/URL;Ljava/lang/String;[Ljava/lang/String;)Ljava/lang/String; @ 86 c2
Event: 14.119 Thread 0x00000216586e6000 Uncommon trap: reason=unstable_if action=reinterpret pc=0x000002164449c548 method=java.util.concurrent.locks.AbstractQueuedSynchronizer.doReleaseShared()V @ 69 c2
Event: 14.534 Thread 0x00000216586e6000 Uncommon trap: reason=unstable_if action=reinterpret pc=0x0000021644416d34 method=java.util.WeakHashMap.expungeStaleEntries()V @ 66 c2
Event: 17.660 Thread 0x0000021658694000 Uncommon trap: reason=unstable_if action=reinterpret pc=0x000002164456d43c method=java.lang.StrictMath.floorOrCeil(DDDD)D @ 14 c2
Event: 80.711 Thread 0x0000021658694000 Uncommon trap: reason=predicate action=maybe_recompile pc=0x00000216445df270 method=java.util.LinkedList.remove(Ljava/lang/Object;)Z @ 45 c2

Classes redefined (0 events):
No events

Internal exceptions (10 events):
Event: 13.881 Thread 0x0000021666e86000 Exception <a 'sun/nio/fs/WindowsException'{0x000000070da27bf0}> (0x000000070da27bf0) thrown at [./open/src/hotspot/share/prims/jni.cpp, line 611]
Event: 13.882 Thread 0x0000021666e86000 Exception <a 'sun/nio/fs/WindowsException'{0x000000070da28f10}> (0x000000070da28f10) thrown at [./open/src/hotspot/share/prims/jni.cpp, line 611]
Event: 13.882 Thread 0x0000021666e86000 Exception <a 'sun/nio/fs/WindowsException'{0x000000070da2a2b0}> (0x000000070da2a2b0) thrown at [./open/src/hotspot/share/prims/jni.cpp, line 611]
Event: 13.882 Thread 0x0000021666e86000 Exception <a 'sun/nio/fs/WindowsException'{0x000000070da2b4d0}> (0x000000070da2b4d0) thrown at [./open/src/hotspot/share/prims/jni.cpp, line 611]
Event: 13.882 Thread 0x0000021666e86000 Exception <a 'sun/nio/fs/WindowsException'{0x000000070da2c728}> (0x000000070da2c728) thrown at [./open/src/hotspot/share/prims/jni.cpp, line 611]
Event: 13.883 Thread 0x0000021666e86000 Exception <a 'sun/nio/fs/WindowsException'{0x000000070da2d998}> (0x000000070da2d998) thrown at [./open/src/hotspot/share/prims/jni.cpp, line 611]
Event: 13.883 Thread 0x0000021666e86000 Exception <a 'sun/nio/fs/WindowsException'{0x000000070da2ebb8}> (0x000000070da2ebb8) thrown at [./open/src/hotspot/share/prims/jni.cpp, line 611]
Event: 13.883 Thread 0x0000021666e86000 Exception <a 'sun/nio/fs/WindowsException'{0x000000070da2fdd8}> (0x000000070da2fdd8) thrown at [./open/src/hotspot/share/prims/jni.cpp, line 611]
Event: 13.883 Thread 0x0000021666e86000 Exception <a 'sun/nio/fs/WindowsException'{0x000000070da30ff8}> (0x000000070da30ff8) thrown at [./open/src/hotspot/share/prims/jni.cpp, line 611]
Event: 13.883 Thread 0x0000021666e86000 Exception <a 'sun/nio/fs/WindowsException'{0x000000070da32218}> (0x000000070da32218) thrown at [./open/src/hotspot/share/prims/jni.cpp, line 611]

Events (10 events):
Event: 207.238 Thread 0x0000021666e83800 Thread exited: 0x0000021666e83800
Event: 207.238 Thread 0x0000021666e87000 Thread added: 0x0000021666e87000
Event: 207.238 Thread 0x0000021666e87000 Thread exited: 0x0000021666e87000
Event: 207.238 Thread 0x0000021666e89800 Thread added: 0x0000021666e89800
Event: 207.238 Thread 0x0000021666e89800 Thread exited: 0x0000021666e89800
Event: 207.238 Thread 0x0000021666e85000 Thread added: 0x0000021666e85000
Event: 207.238 Thread 0x0000021666e85000 Thread exited: 0x0000021666e85000
Event: 207.238 Thread 0x0000021666e87800 Thread added: 0x0000021666e87800
Event: 207.238 Thread 0x0000021666e87800 Thread exited: 0x0000021666e87800
Event: 207.239 Thread 0x0000021666e89800 Thread added: 0x0000021666e89800


Dynamic libraries:
0x00007ff7b6390000 - 0x00007ff7b63a0000 	C:\Program Files\Java\jdk-11\bin\java.exe
0x00007ffd0cbb0000 - 0x00007ffd0cda8000 	C:\Windows\SYSTEM32\ntdll.dll
0x00007ffd0c620000 - 0x00007ffd0c6df000 	C:\Windows\System32\KERNEL32.DLL
0x00007ffd0a390000 - 0x00007ffd0a686000 	C:\Windows\System32\KERNELBASE.dll
0x00007ffd0a290000 - 0x00007ffd0a390000 	C:\Windows\System32\ucrtbase.dll
0x00007ffcfee30000 - 0x00007ffcfee4b000 	C:\Program Files\Java\jdk-11\bin\VCRUNTIME140.dll
0x00007ffd020c0000 - 0x00007ffd020d8000 	C:\Program Files\Java\jdk-11\bin\jli.dll
0x00007ffd0aeb0000 - 0x00007ffd0af5f000 	C:\Windows\System32\ADVAPI32.dll
0x00007ffd0bc50000 - 0x00007ffd0bcee000 	C:\Windows\System32\msvcrt.dll
0x00007ffd0bb30000 - 0x00007ffd0bbcc000 	C:\Windows\System32\sechost.dll
0x00007ffd0b250000 - 0x00007ffd0b376000 	C:\Windows\System32\RPCRT4.dll
0x00007ffd0b7f0000 - 0x00007ffd0b98d000 	C:\Windows\System32\USER32.dll
0x00007ffd0abe0000 - 0x00007ffd0ac02000 	C:\Windows\System32\win32u.dll
0x00007ffcf0730000 - 0x00007ffcf09ca000 	C:\Windows\WinSxS\amd64_microsoft.windows.common-controls_6595b64144ccf1df_6.0.19041.1110_none_60b5254171f9507e\COMCTL32.dll
0x00007ffd0c440000 - 0x00007ffd0c46c000 	C:\Windows\System32\GDI32.dll
0x00007ffd0a880000 - 0x00007ffd0a995000 	C:\Windows\System32\gdi32full.dll
0x00007ffd0a690000 - 0x00007ffd0a72d000 	C:\Windows\System32\msvcp_win.dll
0x00007ffcffed0000 - 0x00007ffcffeda000 	C:\Windows\SYSTEM32\VERSION.dll
0x00007ffd0c5f0000 - 0x00007ffd0c620000 	C:\Windows\System32\IMM32.DLL
0x00007ffd02220000 - 0x00007ffd0222c000 	C:\Program Files\Java\jdk-11\bin\vcruntime140_1.dll
0x00007ffcf6e90000 - 0x00007ffcf6f1e000 	C:\Program Files\Java\jdk-11\bin\msvcp140.dll
0x00007ffcbb880000 - 0x00007ffcbc3e8000 	C:\Program Files\Java\jdk-11\bin\server\jvm.dll
0x00007ffd0ba60000 - 0x00007ffd0ba68000 	C:\Windows\System32\PSAPI.DLL
0x00007ffcefde0000 - 0x00007ffcefe07000 	C:\Windows\SYSTEM32\WINMM.dll
0x00007ffd051c0000 - 0x00007ffd051c9000 	C:\Windows\SYSTEM32\WSOCK32.dll
0x00007ffd0b990000 - 0x00007ffd0b9fb000 	C:\Windows\System32\WS2_32.dll
0x00007ffd08ad0000 - 0x00007ffd08ae2000 	C:\Windows\SYSTEM32\kernel.appcore.dll
0x00007ffd020b0000 - 0x00007ffd020c0000 	C:\Program Files\Java\jdk-11\bin\verify.dll
0x00007ffd07e80000 - 0x00007ffd08064000 	C:\Windows\SYSTEM32\DBGHELP.DLL
0x00007ffcefcb0000 - 0x00007ffcefce4000 	C:\Windows\SYSTEM32\dbgcore.DLL
0x00007ffd0a730000 - 0x00007ffd0a7b2000 	C:\Windows\System32\bcryptPrimitives.dll
0x00007ffcf70c0000 - 0x00007ffcf70e8000 	C:\Program Files\Java\jdk-11\bin\java.dll
0x00007ffd02060000 - 0x00007ffd0206a000 	C:\Program Files\Java\jdk-11\bin\jimage.dll
0x00007ffcf70b0000 - 0x00007ffcf70be000 	C:\Program Files\Java\jdk-11\bin\instrument.dll
0x00007ffcfeaf0000 - 0x00007ffcfeb07000 	C:\Program Files\Java\jdk-11\bin\zip.dll
0x00007ffd0bcf0000 - 0x00007ffd0c434000 	C:\Windows\System32\SHELL32.dll
0x00007ffd082e0000 - 0x00007ffd08a73000 	C:\Windows\SYSTEM32\windows.storage.dll
0x00007ffd0c810000 - 0x00007ffd0cb64000 	C:\Windows\System32\combase.dll
0x00007ffd09ce0000 - 0x00007ffd09d0e000 	C:\Windows\SYSTEM32\Wldp.dll
0x00007ffd0b070000 - 0x00007ffd0b11d000 	C:\Windows\System32\SHCORE.dll
0x00007ffd0bbf0000 - 0x00007ffd0bc45000 	C:\Windows\System32\shlwapi.dll
0x00007ffd0a1d0000 - 0x00007ffd0a1ef000 	C:\Windows\SYSTEM32\profapi.dll
0x00007ffcfa4e0000 - 0x00007ffcfa4f9000 	C:\Program Files\Java\jdk-11\bin\net.dll
0x00007ffd06610000 - 0x00007ffd0671a000 	C:\Windows\SYSTEM32\WINHTTP.dll
0x00007ffd09a40000 - 0x00007ffd09aaa000 	C:\Windows\system32\mswsock.dll
0x00007ffcf7b70000 - 0x00007ffcf7b82000 	C:\Program Files\Java\jdk-11\bin\nio.dll
0x00007ffcf7040000 - 0x00007ffcf705a000 	C:\Program Files\JetBrains\IntelliJ IDEA 2022.3.2\bin\breakgen64.dll
0x0000021635180000 - 0x0000021635183000 	C:\Users\fs-dev1\.openjfx\cache\17.0.2-ea\api-ms-win-core-console-l1-1-0.dll
0x0000021659aa0000 - 0x0000021659aa3000 	C:\Users\fs-dev1\.openjfx\cache\17.0.2-ea\api-ms-win-core-console-l1-2-0.dll
0x0000021659ab0000 - 0x0000021659ab3000 	C:\Users\fs-dev1\.openjfx\cache\17.0.2-ea\api-ms-win-core-datetime-l1-1-0.dll
0x0000021659ac0000 - 0x0000021659ac3000 	C:\Users\fs-dev1\.openjfx\cache\17.0.2-ea\api-ms-win-core-debug-l1-1-0.dll
0x0000021659ad0000 - 0x0000021659ad3000 	C:\Users\fs-dev1\.openjfx\cache\17.0.2-ea\api-ms-win-core-errorhandling-l1-1-0.dll
0x0000021659ae0000 - 0x0000021659ae4000 	C:\Users\fs-dev1\.openjfx\cache\17.0.2-ea\api-ms-win-core-file-l1-1-0.dll
0x0000021659af0000 - 0x0000021659af3000 	C:\Users\fs-dev1\.openjfx\cache\17.0.2-ea\api-ms-win-core-file-l1-2-0.dll
0x0000021659b00000 - 0x0000021659b03000 	C:\Users\fs-dev1\.openjfx\cache\17.0.2-ea\api-ms-win-core-file-l2-1-0.dll
0x0000021659b10000 - 0x0000021659b13000 	C:\Users\fs-dev1\.openjfx\cache\17.0.2-ea\api-ms-win-core-handle-l1-1-0.dll
0x0000021659b20000 - 0x0000021659b23000 	C:\Users\fs-dev1\.openjfx\cache\17.0.2-ea\api-ms-win-core-heap-l1-1-0.dll
0x0000021659b30000 - 0x0000021659b33000 	C:\Users\fs-dev1\.openjfx\cache\17.0.2-ea\api-ms-win-core-interlocked-l1-1-0.dll
0x0000021659b40000 - 0x0000021659b43000 	C:\Users\fs-dev1\.openjfx\cache\17.0.2-ea\api-ms-win-core-libraryloader-l1-1-0.dll
0x0000021659b50000 - 0x0000021659b53000 	C:\Users\fs-dev1\.openjfx\cache\17.0.2-ea\api-ms-win-core-localization-l1-2-0.dll
0x0000021659b60000 - 0x0000021659b63000 	C:\Users\fs-dev1\.openjfx\cache\17.0.2-ea\api-ms-win-core-memory-l1-1-0.dll
0x0000021659b70000 - 0x0000021659b73000 	C:\Users\fs-dev1\.openjfx\cache\17.0.2-ea\api-ms-win-core-namedpipe-l1-1-0.dll
0x0000021659b80000 - 0x0000021659b83000 	C:\Users\fs-dev1\.openjfx\cache\17.0.2-ea\api-ms-win-core-processenvironment-l1-1-0.dll
0x0000021659b90000 - 0x0000021659b93000 	C:\Users\fs-dev1\.openjfx\cache\17.0.2-ea\api-ms-win-core-processthreads-l1-1-0.dll
0x0000021659ba0000 - 0x0000021659ba3000 	C:\Users\fs-dev1\.openjfx\cache\17.0.2-ea\api-ms-win-core-processthreads-l1-1-1.dll
0x0000021659bb0000 - 0x0000021659bb3000 	C:\Users\fs-dev1\.openjfx\cache\17.0.2-ea\api-ms-win-core-profile-l1-1-0.dll
0x0000021659bc0000 - 0x0000021659bc3000 	C:\Users\fs-dev1\.openjfx\cache\17.0.2-ea\api-ms-win-core-rtlsupport-l1-1-0.dll
0x0000021659bd0000 - 0x0000021659bd3000 	C:\Users\fs-dev1\.openjfx\cache\17.0.2-ea\api-ms-win-core-string-l1-1-0.dll
0x0000021659be0000 - 0x0000021659be3000 	C:\Users\fs-dev1\.openjfx\cache\17.0.2-ea\api-ms-win-core-synch-l1-1-0.dll
0x0000021659bf0000 - 0x0000021659bf3000 	C:\Users\fs-dev1\.openjfx\cache\17.0.2-ea\api-ms-win-core-synch-l1-2-0.dll
0x0000021659c00000 - 0x0000021659c03000 	C:\Users\fs-dev1\.openjfx\cache\17.0.2-ea\api-ms-win-core-sysinfo-l1-1-0.dll
0x0000021659c10000 - 0x0000021659c13000 	C:\Users\fs-dev1\.openjfx\cache\17.0.2-ea\api-ms-win-core-timezone-l1-1-0.dll
0x0000021659c20000 - 0x0000021659c23000 	C:\Users\fs-dev1\.openjfx\cache\17.0.2-ea\api-ms-win-core-util-l1-1-0.dll
0x0000021659c30000 - 0x0000021659c33000 	C:\Users\fs-dev1\.openjfx\cache\17.0.2-ea\api-ms-win-crt-conio-l1-1-0.dll
0x0000021659c40000 - 0x0000021659c44000 	C:\Users\fs-dev1\.openjfx\cache\17.0.2-ea\api-ms-win-crt-convert-l1-1-0.dll
0x0000021659c50000 - 0x0000021659c53000 	C:\Users\fs-dev1\.openjfx\cache\17.0.2-ea\api-ms-win-crt-environment-l1-1-0.dll
0x0000021659c60000 - 0x0000021659c63000 	C:\Users\fs-dev1\.openjfx\cache\17.0.2-ea\api-ms-win-crt-filesystem-l1-1-0.dll
0x0000021659c70000 - 0x0000021659c73000 	C:\Users\fs-dev1\.openjfx\cache\17.0.2-ea\api-ms-win-crt-heap-l1-1-0.dll
0x0000021659c80000 - 0x0000021659c83000 	C:\Users\fs-dev1\.openjfx\cache\17.0.2-ea\api-ms-win-crt-locale-l1-1-0.dll
0x0000021659c90000 - 0x0000021659c95000 	C:\Users\fs-dev1\.openjfx\cache\17.0.2-ea\api-ms-win-crt-math-l1-1-0.dll
0x0000021659ca0000 - 0x0000021659ca5000 	C:\Users\fs-dev1\.openjfx\cache\17.0.2-ea\api-ms-win-crt-multibyte-l1-1-0.dll
0x0000021659cb0000 - 0x0000021659cc0000 	C:\Users\fs-dev1\.openjfx\cache\17.0.2-ea\api-ms-win-crt-private-l1-1-0.dll
0x0000021659cc0000 - 0x0000021659cc3000 	C:\Users\fs-dev1\.openjfx\cache\17.0.2-ea\api-ms-win-crt-process-l1-1-0.dll
0x0000021659cd0000 - 0x0000021659cd4000 	C:\Users\fs-dev1\.openjfx\cache\17.0.2-ea\api-ms-win-crt-runtime-l1-1-0.dll
0x0000021659ce0000 - 0x0000021659ce4000 	C:\Users\fs-dev1\.openjfx\cache\17.0.2-ea\api-ms-win-crt-stdio-l1-1-0.dll
0x0000021659cf0000 - 0x0000021659cf4000 	C:\Users\fs-dev1\.openjfx\cache\17.0.2-ea\api-ms-win-crt-string-l1-1-0.dll
0x0000021659d00000 - 0x0000021659d03000 	C:\Users\fs-dev1\.openjfx\cache\17.0.2-ea\api-ms-win-crt-time-l1-1-0.dll
0x0000021659d10000 - 0x0000021659d13000 	C:\Users\fs-dev1\.openjfx\cache\17.0.2-ea\api-ms-win-crt-utility-l1-1-0.dll
0x00007ffcdd310000 - 0x00007ffcdd40c000 	C:\Users\fs-dev1\.openjfx\cache\17.0.2-ea\ucrtbase.dll
0x00007ffcec010000 - 0x00007ffcec02a000 	C:\Users\fs-dev1\.openjfx\cache\17.0.2-ea\vcruntime140.dll
0x00007ffcf7030000 - 0x00007ffcf703c000 	C:\Users\fs-dev1\.openjfx\cache\17.0.2-ea\vcruntime140_1.dll
0x00007ffce32c0000 - 0x00007ffce334d000 	C:\Users\fs-dev1\.openjfx\cache\17.0.2-ea\msvcp140.dll
0x00007ffce7a40000 - 0x00007ffce7a6a000 	C:\Users\fs-dev1\.openjfx\cache\17.0.2-ea\prism_d3d.dll
0x00007ffcd0310000 - 0x00007ffcd04dd000 	C:\Windows\system32\d3d9.dll
0x00007ffd07050000 - 0x00007ffd0707f000 	C:\Windows\SYSTEM32\dwmapi.dll
0x00007ffd06470000 - 0x00007ffd0650e000 	C:\Windows\system32\uxtheme.dll
0x00007ffcce2e0000 - 0x00007ffcce48f000 	C:\Windows\System32\DriverStore\FileRepository\iigd_dch.inf_amd64_51f685305808e3a5\igdumdim64.dll
0x00007ffd0c6e0000 - 0x00007ffd0c80a000 	C:\Windows\System32\ole32.dll
0x00007ffcad5d0000 - 0x00007ffcb0673000 	C:\Windows\System32\DriverStore\FileRepository\iigd_dch.inf_amd64_51f685305808e3a5\igd9dxva64.dll
0x00007ffd0b120000 - 0x00007ffd0b1ed000 	C:\Windows\System32\OLEAUT32.dll
0x00007ffd0b380000 - 0x00007ffd0b7e8000 	C:\Windows\System32\SETUPAPI.dll
0x00007ffd0a7c0000 - 0x00007ffd0a80e000 	C:\Windows\System32\cfgmgr32.dll
0x00007ffd0ab00000 - 0x00007ffd0ab27000 	C:\Windows\System32\bcrypt.dll
0x00007ffcfe6e0000 - 0x00007ffcfeae9000 	C:\Windows\System32\DriverStore\FileRepository\iigd_dch.inf_amd64_51f685305808e3a5\igdgmm64.dll
0x00007ffce21f0000 - 0x00007ffce2232000 	C:\Users\fs-dev1\.openjfx\cache\17.0.2-ea\glass.dll
0x00007ffd0adc0000 - 0x00007ffd0ae9a000 	C:\Windows\System32\COMDLG32.dll
0x00007ffd0c470000 - 0x00007ffd0c584000 	C:\Windows\System32\MSCTF.dll
0x00007ffce5c30000 - 0x00007ffce5c57000 	C:\Windows\System32\DriverStore\FileRepository\iigd_dch.inf_amd64_51f685305808e3a5\igdinfo64.dll
0x00007ffd09c30000 - 0x00007ffd09c48000 	C:\Windows\SYSTEM32\CRYPTSP.dll
0x00007ffd092f0000 - 0x00007ffd09324000 	C:\Windows\system32\rsaenh.dll
0x00007ffd09c50000 - 0x00007ffd09c5c000 	C:\Windows\SYSTEM32\CRYPTBASE.dll
0x00007ffcfaf40000 - 0x00007ffcfe6d4000 	C:\Windows\System32\DriverStore\FileRepository\iigd_dch.inf_amd64_51f685305808e3a5\igc64.dll
0x00007ffd03e40000 - 0x00007ffd03e7b000 	C:\Windows\SYSTEM32\dxcore.dll
0x00007ffce5e70000 - 0x00007ffce5e84000 	C:\Users\fs-dev1\.openjfx\cache\17.0.2-ea\javafx_font.dll
0x00007ffd07ae0000 - 0x00007ffd07d5f000 	C:\Windows\SYSTEM32\dwrite.dll
0x00007ffcf6ff0000 - 0x00007ffcf6ff7000 	C:\Users\fs-dev1\.openjfx\cache\17.0.2-ea\prism_common.dll
0x00007ffd0ba70000 - 0x00007ffd0bb19000 	C:\Windows\System32\clbcatq.dll
0x00007ffd02dc0000 - 0x00007ffd02f74000 	C:\Windows\SYSTEM32\WindowsCodecs.dll
0x00007ffcdf710000 - 0x00007ffcdf74e000 	C:\Windows\system32\dataexchange.dll
0x00007ffd08070000 - 0x00007ffd082d3000 	C:\Windows\system32\d3d11.dll
0x00007ffd05820000 - 0x00007ffd05a03000 	C:\Windows\system32\dcomp.dll
0x00007ffd08c60000 - 0x00007ffd08d53000 	C:\Windows\system32\dxgi.dll
0x00007ffd02f80000 - 0x00007ffd03187000 	C:\Windows\system32\twinapi.appcore.dll
0x00007ffce0850000 - 0x00007ffce0884000 	C:\Program Files\Common Files\Microsoft Shared\Ink\rtscom.dll
0x00007ffcfa190000 - 0x00007ffcfa289000 	C:\Windows\SYSTEM32\textinputframework.dll
0x00007ffd060f0000 - 0x00007ffd061e2000 	C:\Windows\System32\CoreMessaging.dll
0x00007ffd05d90000 - 0x00007ffd060ee000 	C:\Windows\System32\CoreUIComponents.dll
0x00007ffd09410000 - 0x00007ffd09443000 	C:\Windows\SYSTEM32\ntmarta.dll

dbghelp: loaded successfully - version: 4.0.5 - missing functions: none
symbol engine: initialized successfully - sym options: 0x614 - pdb path: .;C:\Program Files\Java\jdk-11\bin;C:\Windows\SYSTEM32;C:\Windows\WinSxS\amd64_microsoft.windows.common-controls_6595b64144ccf1df_6.0.19041.1110_none_60b5254171f9507e;C:\Program Files\Java\jdk-11\bin\server;C:\Program Files\JetBrains\IntelliJ IDEA 2022.3.2\bin;C:\Users\fs-dev1\.openjfx\cache\17.0.2-ea;C:\Windows\System32\DriverStore\FileRepository\iigd_dch.inf_amd64_51f685305808e3a5;C:\Program Files\Common Files\Microsoft Shared\Ink;C:\Program Files (x86)\SogouInput\9.2.0.2770;C:\Program Files (x86)\SogouInput\Components\PicFace\1.1.0.1844;C:\Users\fs-dev1\AppData\Local\Temp;D:\work\project\WebCamComponent\lib\HV_lib;C:\Users\fs-dev1\.javacpp\cache\javacpp-1.5.4-windows-x86_64.jar\org\bytedeco\javacpp\windows-x86_64;C:\Users\fs-dev1\.javacpp\cache\ffmpeg-4.3.1-1.5.4-windows-x86_64.jar\org\bytedeco\ffmpeg\windows-x86_64;D:\work\project\WebCamComponent\lib\HV_lib\HCNetSDKCom

VM Arguments:
jvm_args: -javaagent:C:\Program Files\JetBrains\IntelliJ IDEA 2022.3.2\lib\idea_rt.jar=62634:C:\Program Files\JetBrains\IntelliJ IDEA 2022.3.2\bin -Dfile.encoding=UTF-8 --module-path=C:\Users\fs-dev1\.m2\repository\org\openjfx\javafx-graphics\17.0.2\javafx-graphics-17.0.2-win.jar;C:\Users\fs-dev1\.m2\repository\org\openjfx\javafx-swing\16\javafx-swing-16-win.jar;C:\Users\fs-dev1\.m2\repository\org\bytedeco\flandmark\1.07-1.5.4\flandmark-1.07-1.5.4.jar;C:\Users\fs-dev1\.m2\repository\org\openjfx\javafx-base\17.0.2\javafx-base-17.0.2-win.jar;C:\Users\fs-dev1\.m2\repository\org\openjfx\javafx-controls\17.0.2\javafx-controls-17.0.2-win.jar;C:\Users\fs-dev1\.m2\repository\org\bytedeco\tesseract\4.1.1-1.5.4\tesseract-4.1.1-1.5.4.jar;C:\Users\fs-dev1\.m2\repository\org\openjfx\javafx-fxml\17.0.2\javafx-fxml-17.0.2-win.jar;C:\Users\fs-dev1\.m2\repository\org\bytedeco\libdc1394\2.2.6-1.5.4\libdc1394-2.2.6-1.5.4.jar;C:\Users\fs-dev1\.m2\repository\org\bytedeco\videoinput\0.200-1.5.4\videoinput-0.200-1.5.4.jar;C:\Users\fs-dev1\.m2\repository\org\bytedeco\flycapture\2.13.3.31-1.5.4\flycapture-2.13.3.31-1.5.4.jar;C:\Users\fs-dev1\.m2\repository\org\bytedeco\ffmpeg\4.3.1-1.5.4\ffmpeg-4.3.1-1.5.4.jar;C:\Users\fs-dev1\.m2\repository\org\bytedeco\openblas\0.3.10-1.5.4\openblas-0.3.10-1.5.4.jar;C:\Users\fs-dev1\.m2\repository\org\bytedeco\leptonica\1.80.0-1.5.4\leptonica-1.80.0-1.5.4.jar;C:\Users\fs-dev1\.m2\repository\org\bytedeco\libfreenect2\0.2.0-1.5.4\libfreenect2-0.2.0-1.5.4.jar;D:\work\project\WebCamComponent\target\classes;D:\work\project\WebCamComponent\lib\HV_lib\jna.jar;C:\Users\fs-dev1\.m2\repository\org\bytedeco\libfreenect\0.5.7-1.5.4\libfreenect-0.5.7-1.5.4.jar;C:\Users\fs-dev1\.m2\repository\org\bytedeco\javacpp\1.5.4\javacpp-1.5.4.jar;D:\work\project\WebCamComponent\lib\HV_lib\examples.jar;C:\Users\fs-dev1\.m2\repository\org\bytedeco\artoolkitplus\2.3.1-1.5.4\artoolkitplus-2.3.1-1.5.4.jar;C:\Users\fs-dev1\.m2\repository\org\bytedeco\librealsense\1.12.4-1.5.4\librealsense-1.12.4-1.5.4.jar;C:\Users\fs-dev1\.m2\repository\org\bytedeco\javacv\1.5.4\javacv-1.5.4.jar;C:\Users\fs-dev1\.m2\repository\org\bytedeco\opencv\4.4.0-1.5.4\opencv--Djdk.module.main=com.fs.webcamcomponent 
java_command: com.fs.webcamcomponent/com.fs.webcamcomponent.WebCamApplication
java_class_path (initial): C:\Users\fs-dev1\.m2\repository\org\openjfx\javafx-controls\17.0.2\javafx-controls-17.0.2.jar;C:\Users\fs-dev1\.m2\repository\org\openjfx\javafx-graphics\17.0.2\javafx-graphics-17.0.2.jar;C:\Users\fs-dev1\.m2\repository\org\openjfx\javafx-base\17.0.2\javafx-base-17.0.2.jar;C:\Users\fs-dev1\.m2\repository\org\openjfx\javafx-fxml\17.0.2\javafx-fxml-17.0.2.jar;C:\Users\fs-dev1\.m2\repository\org\bytedeco\librealsense2\2.29.0-1.5.4\librealsense2-2.29.0-1.5.4.jar;C:\Users\fs-dev1\.m2\repository\org\bytedeco\ffmpeg-platform\4.3.1-1.5.4\ffmpeg-platform-4.3.1-1.5.4.jar;C:\Users\fs-dev1\.m2\repository\org\bytedeco\javacpp-platform\1.5.4\javacpp-platform-1.5.4.jar;C:\Users\fs-dev1\.m2\repository\org\bytedeco\javacpp\1.5.4\javacpp-1.5.4-android-arm.jar;C:\Users\fs-dev1\.m2\repository\org\bytedeco\javacpp\1.5.4\javacpp-1.5.4-android-arm64.jar;C:\Users\fs-dev1\.m2\repository\org\bytedeco\javacpp\1.5.4\javacpp-1.5.4-android-x86.jar;C:\Users\fs-dev1\.m2\repository\org\bytedeco\javacpp\1.5.4\javacpp-1.5.4-android-x86_64.jar;C:\Users\fs-dev1\.m2\repository\org\bytedeco\javacpp\1.5.4\javacpp-1.5.4-ios-arm64.jar;C:\Users\fs-dev1\.m2\repository\org\bytedeco\javacpp\1.5.4\javacpp-1.5.4-ios-x86_64.jar;C:\Users\fs-dev1\.m2\repository\org\bytedeco\javacpp\1.5.4\javacpp-1.5.4-linux-armhf.jar;C:\Users\fs-dev1\.m2\repository\org\bytedeco\javacpp\1.5.4\javacpp-1.5.4-linux-arm64.jar;C:\Users\fs-dev1\.m2\repository\org\bytedeco\javacpp\1.5.4\javacpp-1.5.4-linux-ppc64le.jar;C:\Users\fs-dev1\.m2\repository\org\bytedeco\javacpp\1.5.4\javacpp-1.5.4-linux-x86.jar;C:\Users\fs-dev1\.m2\repository\org\bytedeco\javacpp\1.5.4\javacpp-1.5.4-linux-x86_64.jar;C:\Users\fs-dev1\.m2\repository\org\bytedeco\javacpp\1.5.4\javacpp-1.5.4-macosx-x86_64.jar;C:\Users\fs-dev1\.m2\repository\org\bytedeco\javacpp\1.5.4\javacpp-1.5.4-windows-x86.jar;C:\Users\fs-dev1\.m2\repository\org\bytedeco\javacpp\1.5.4\javacpp-1.5.4-windows-x86_64.jar;C:\Users\fs-dev1\.m2\repository\org\bytedeco\ffmpeg\4.
Launcher Type: SUN_STANDARD

[Global flags]
     intx CICompilerCount                          = 3                                         {product} {ergonomic}
     uint ConcGCThreads                            = 1                                         {product} {ergonomic}
     uint G1ConcRefinementThreads                  = 4                                         {product} {ergonomic}
   size_t G1HeapRegionSize                         = 1048576                                   {product} {ergonomic}
    uintx GCDrainStackTargetSize                   = 64                                        {product} {ergonomic}
   size_t InitialHeapSize                          = 266338304                                 {product} {ergonomic}
   size_t MarkStackSize                            = 4194304                                   {product} {ergonomic}
   size_t MaxHeapSize                              = 4257218560                                {product} {ergonomic}
   size_t MaxNewSize                               = 2554331136                                {product} {ergonomic}
   size_t MinHeapDeltaBytes                        = 1048576                                   {product} {ergonomic}
    uintx NonNMethodCodeHeapSize                   = 5830732                                {pd product} {ergonomic}
    uintx NonProfiledCodeHeapSize                  = 122913754                              {pd product} {ergonomic}
    uintx ProfiledCodeHeapSize                     = 122913754                              {pd product} {ergonomic}
    uintx ReservedCodeCacheSize                    = 251658240                              {pd product} {ergonomic}
     bool SegmentedCodeCache                       = true                                      {product} {ergonomic}
     bool UseCompressedClassPointers               = true                                 {lp64_product} {ergonomic}
     bool UseCompressedOops                        = true                                 {lp64_product} {ergonomic}
     bool UseG1GC                                  = true                                      {product} {ergonomic}
     bool UseLargePagesIndividualAllocation        = false                                  {pd product} {ergonomic}

Logging:
Log output configuration:
 #0: stdout all=warning uptime,level,tags
 #1: stderr all=off uptime,level,tags

Environment Variables:
JAVA_HOME=C:\Program Files\Java\jdk-11
PATH=C:\Program Files\Common Files\Oracle\Java\javapath;C:\Windows\system32;C:\Windows;C:\Windows\System32\Wbem;C:\Windows\System32\WindowsPowerShell\v1.0\;C:\Windows\System32\OpenSSH\;C:\Program Files\Microsoft VS Code\bin;C:\Program Files\Tailscale\;C:\Program Files\Java\jdk-11\bin;C:\msys64\usr\bin;D:\Software\bazel;C:\Program Files\Git\cmd;D:\Software\OpenCV\opencv\build\x64\vc15\bin;C:\Users\fs-dev1\AppData\Local\Programs\Python\Python37;C:\Users\fs-dev1\AppData\Local\Programs\Python\Python37\libs;C:\Users\fs-dev1\AppData\Local\Programs\Python\Python37\Scripts;C:\Users\fs-dev1\AppData\Local\Programs\Python\Python37\Scripts\;C:\Users\fs-dev1\AppData\Local\Programs\Python\Python37\;C:\Users\fs-dev1\AppData\Local\Microsoft\WindowsApps
USERNAME=fs-dev1
OS=Windows_NT
PROCESSOR_IDENTIFIER=Intel64 Family 6 Model 142 Stepping 9, GenuineIntel



---------------  S Y S T E M  ---------------

OS: Windows 10 , 64 bit Build 19041 (10.0.19041.3031)

CPU:total 4 (initial active 4) (2 cores per cpu, 2 threads per core) family 6 model 142 stepping 9 microcode 0xde, cmov, cx8, fxsr, mmx, sse, sse2, sse3, ssse3, sse4.1, sse4.2, popcnt, avx, avx2, aes, clmul, erms, 3dnowpref, lzcnt, ht, tsc, tscinvbit, bmi1, bmi2, adx, fma

Memory: 4k page, system-wide physical 16234M (7350M free)
TotalPageFile size 19562M (AvailPageFile size 5979M)
current process WorkingSet (physical memory assigned to process): 670M, peak: 670M
current process commit charge ("private bytes"): 792M, peak: 792M

vm_info: Java HotSpot(TM) 64-Bit Server VM (11.0.18+9-LTS-195) for windows-amd64 JRE (11.0.18+9-LTS-195), built on Dec  6 2022 15:50:58 by "mach5one" with MS VC++ 17.1 (VS2022)

END.
