#
# A fatal error has been detected by the Java Runtime Environment:
#
#  EXCEPTION_ACCESS_VIOLATION (0xc0000005) at pc=0x00007ffcdbbbc109, pid=10188, tid=11564
#
# JRE version: Java(TM) SE Runtime Environment 18.9 (11.0.18+9) (build 11.0.18+9-LTS-195)
# Java VM: Java HotSpot(TM) 64-Bit Server VM 18.9 (11.0.18+9-LTS-195, mixed mode, tiered, compressed oops, g1 gc, windows-amd64)
# Problematic frame:
# C  0x00007ffcdbbbc109
#
# No core dump will be written. Minidumps are not enabled by default on client versions of Windows
#
# If you would like to submit a bug report, please visit:
#   https://bugreport.java.com/bugreport/crash.jsp
# The crash happened outside the Java Virtual Machine in native code.
# See problematic frame for where to report the bug.
#

---------------  S U M M A R Y ------------

Command Line: -javaagent:C:\Program Files\JetBrains\IntelliJ IDEA 2022.3.2\lib\idea_rt.jar=62104:C:\Program Files\JetBrains\IntelliJ IDEA 2022.3.2\bin -Dfile.encoding=UTF-8 --module-path=C:\Users\fs-dev1\.m2\repository\org\bytedeco\openblas\0.3.10-1.5.4\openblas-0.3.10-1.5.4.jar;C:\Users\fs-dev1\.m2\repository\org\bytedeco\artoolkitplus\2.3.1-1.5.4\artoolkitplus-2.3.1-1.5.4.jar;C:\Users\fs-dev1\.m2\repository\org\openjfx\javafx-base\17.0.2\javafx-base-17.0.2-win.jar;C:\Users\fs-dev1\.m2\repository\org\bytedeco\libfreenect2\0.2.0-1.5.4\libfreenect2-0.2.0-1.5.4.jar;C:\Users\fs-dev1\.m2\repository\org\bytedeco\libfreenect\0.5.7-1.5.4\libfreenect-0.5.7-1.5.4.jar;C:\Users\fs-dev1\.m2\repository\org\bytedeco\libdc1394\2.2.6-1.5.4\libdc1394-2.2.6-1.5.4.jar;C:\Users\fs-dev1\.m2\repository\org\bytedeco\ffmpeg\4.3.1-1.5.4\ffmpeg-4.3.1-1.5.4.jar;C:\Users\fs-dev1\.m2\repository\org\bytedeco\tesseract\4.1.1-1.5.4\tesseract-4.1.1-1.5.4.jar;C:\Users\fs-dev1\.m2\repository\org\bytedeco\javacpp\1.5.4\javacpp-1.5.4.jar;C:\Users\fs-dev1\.m2\repository\org\openjfx\javafx-graphics\17.0.2\javafx-graphics-17.0.2-win.jar;C:\Users\fs-dev1\.m2\repository\org\bytedeco\flycapture\2.13.3.31-1.5.4\flycapture-2.13.3.31-1.5.4.jar;C:\Users\fs-dev1\.m2\repository\org\openjfx\javafx-swing\16\javafx-swing-16-win.jar;C:\Users\fs-dev1\.m2\repository\org\openjfx\javafx-fxml\17.0.2\javafx-fxml-17.0.2-win.jar;D:\work\project\WebCamComponent\target\classes;C:\Users\fs-dev1\.m2\repository\org\bytedeco\opencv\4.4.0-1.5.4\opencv-4.4.0-1.5.4.jar;C:\Users\fs-dev1\.m2\repository\org\bytedeco\javacv\1.5.4\javacv-1.5.4.jar;C:\Users\fs-dev1\.m2\repository\org\openjfx\javafx-controls\17.0.2\javafx-controls-17.0.2-win.jar;D:\work\project\WebCamComponent\lib\HV_lib\jna.jar;C:\Users\fs-dev1\.m2\repository\org\bytedeco\flandmark\1.07-1.5.4\flandmark-1.07-1.5.4.jar;D:\work\project\WebCamComponent\lib\HV_lib\examples.jar;C:\Users\fs-dev1\.m2\repository\org\bytedeco\videoinput\0.200-1.5.4\videoinput-0.200-1.5.4.jar;C:\Users\fs-dev1\.m2\repository\org\bytedeco\librealsense\1.12.4-1.5.4\librealsense-1.12.4-1.5.4.jar;C:\Users\fs-dev1\.m2\repository\org\bytedeco\leptonica\1.80.0-1.5.4\leptonica-1-Djdk.module.main=com.fs.webcamcomponent com.fs.webcamcomponent/com.fs.webcamcomponent.WebCamApplication

Host: Intel(R) Core(TM) i7-7500U CPU @ 2.70GHz, 4 cores, 15G,  Windows 10 , 64 bit Build 19041 (10.0.19041.3031)
Time: Wed Jul 12 10:55:09 2023  Windows 10 , 64 bit Build 19041 (10.0.19041.3031) elapsed time: 44.033677 seconds (0d 0h 0m 44s)

---------------  T H R E A D  ---------------

Current thread (0x0000024529c58800):  JavaThread "Thread-5" [_thread_in_native, id=11564, stack(0x0000008bd5100000,0x0000008bd5200000)]

Stack: [0x0000008bd5100000,0x0000008bd5200000],  sp=0x0000008bd51fef48,  free space=1019k
Native frames: (J=compiled Java code, j=interpreted, Vv=VM code, C=native code)
C  0x00007ffcdbbbc109

Java frames: (J=compiled Java code, j=interpreted, Vv=VM code)
J 3754  org.bytedeco.ffmpeg.global.swscale.sws_scale(Lorg/bytedeco/ffmpeg/swscale/SwsContext;Lorg/bytedeco/javacpp/PointerPointer;Lorg/bytedeco/javacpp/IntPointer;IILorg/bytedeco/javacpp/PointerPointer;Lorg/bytedeco/javacpp/IntPointer;)I org.bytedeco.ffmpeg (0 bytes) @ 0x0000024514cb246b [0x0000024514cb23a0+0x00000000000000cb]
J 3898 c1 org.bytedeco.javacv.FFmpegFrameGrabber.processImage()V org.bytedeco.javacv (508 bytes) @ 0x000002450dd5ce4c [0x000002450dd5be00+0x000000000000104c]
J 3745 c1 org.bytedeco.javacv.FFmpegFrameGrabber.grabFrame(ZZZZZ)Lorg/bytedeco/javacv/Frame; org.bytedeco.javacv (1265 bytes) @ 0x000002450dcf25e4 [0x000002450dcf06a0+0x0000000000001f44]
J 3744 c1 org.bytedeco.javacv.FFmpegFrameGrabber.grab()Lorg/bytedeco/javacv/Frame; org.bytedeco.javacv (10 bytes) @ 0x000002450dcf6a64 [0x000002450dcf69c0+0x00000000000000a4]
j  com.fs.webcamcomponent.hv.HikvisionOperation$FrameGrabThread.run()V+65 com.fs.webcamcomponent
v  ~StubRoutines::call_stub

siginfo: EXCEPTION_ACCESS_VIOLATION (0xc0000005), reading address 0x0000024540ada000


Register to memory mapping:

RIP=0x00007ffcdbbbc109 points into unknown readable memory: 66 41 0f 6e 04 09 66
RAX=0x0000000000000001 is an unknown value
RBX=0x00000000000002e4 is an unknown value
RCX=0x0 is NULL
RDX=0x000002453fb23300 points into unknown readable memory: 0x4000400040004000 | 00 40 00 40 00 40 00 40
RSP=0x0000008bd51fef48 is pointing into the stack for thread: 0x0000024529c58800
RBP=0x0000024540ad9c40 points into unknown readable memory: 0x000002453fb92040 | 40 20 b9 3f 45 02 00 00
RSI=0x000002454014e480 points into unknown readable memory: 0x00007ffcdbbdd860 | 60 d8 bd db fc 7f 00 00
RDI=0x0000000000000280 is an unknown value
R8 =0xfffffffffffffd80 is an unknown value
R9 =0x0000024540ada000 is an unknown value
R10=0x000002453fb93440 points into unknown readable memory: 0x2000180008000000 | 00 00 00 08 00 18 00 20
R11=0x000002453e4ef5c0 points into unknown readable memory: 0x000004fc000004fc | fc 04 00 00 fc 04 00 00
R12=0x0000000000000500 is an unknown value
R13=0x0000000000020000 is an unknown value
R14=0x000002452ebbdf60 points into unknown readable memory: 0x000002453fb22e00 | 00 2e b2 3f 45 02 00 00
R15=0x000002453cc30280 points into unknown readable memory: 0x000002453cc56580 | 80 65 c5 3c 45 02 00 00


Registers:
RAX=0x0000000000000001, RBX=0x00000000000002e4, RCX=0x0000000000000000, RDX=0x000002453fb23300
RSP=0x0000008bd51fef48, RBP=0x0000024540ad9c40, RSI=0x000002454014e480, RDI=0x0000000000000280
R8 =0xfffffffffffffd80, R9 =0x0000024540ada000, R10=0x000002453fb93440, R11=0x000002453e4ef5c0
R12=0x0000000000000500, R13=0x0000000000020000, R14=0x000002452ebbdf60, R15=0x000002453cc30280
RIP=0x00007ffcdbbbc109, EFLAGS=0x0000000000010283

Top of Stack: (sp=0x0000008bd51fef48)
0x0000008bd51fef48:   00007ffcdbb625d2 0000000000000280
0x0000008bd51fef58:   0000000000000170 000002453e4f0b40
0x0000008bd51fef68:   0000028000000170 000002453fb92040
0x0000008bd51fef78:   000002453e4eebc0 0000024500000004
0x0000008bd51fef88:   000002453cc7c640 000002453e529700
0x0000008bd51fef98:   000002e900000280 000002453e1300c0
0x0000008bd51fefa8:   000002454014e480 00000000000002e3
0x0000008bd51fefb8:   000002453cc302a8 0000000000000006
0x0000008bd51fefc8:   000002453cc30280 000002453cc56618
0x0000008bd51fefd8:   00000000000002e4 0000000000000171
0x0000008bd51fefe8:   00007ffcdbb99031 0000000000000000
0x0000008bd51feff8:   0000000714a958e0 000002452ff7d460
0x0000008bd51ff008:   0000000700000006 00007ffc00000000
0x0000008bd51ff018:   00007ffc000001e0 00007ffc00000000
0x0000008bd51ff028:   00000000000001e0 0000000000000000
0x0000008bd51ff038:   0000000000000200 000001e029c58b48 

Instructions: (pc=0x00007ffcdbbbc109)
0x00007ffcdbbbc0e9:   30 4d 63 c0 66 0f ef db 4f 8d 14 c2 4a 8d 14 42
0x00007ffcdbbbc0f9:   4f 8d 1c 83 49 f7 d8 4b 63 0c 83 4b 63 44 83 04
0x00007ffcdbbbc109:   66 41 0f 6e 04 09 66 41 0f 6e 24 01 4b 63 4c 83
0x00007ffcdbbbc119:   08 4b 63 44 83 0c 66 41 0f 6e 0c 09 66 41 0f 6e 


Stack slot to memory mapping:
stack at sp + 0 slots: 0x00007ffcdbb625d2 points into unknown readable memory: e9 1c ff ff ff 66
stack at sp + 1 slots: 0x0000000000000280 is an unknown value
stack at sp + 2 slots: 0x0000000000000170 is an unknown value
stack at sp + 3 slots: 0x000002453e4f0b40 points into unknown readable memory: 0x0000080018002000 | 00 20 00 18 00 08 00 00
stack at sp + 4 slots: 0x0000028000000170 is an unknown value
stack at sp + 5 slots: 0x000002453fb92040 points into unknown readable memory: 0x0000080018002000 | 00 20 00 18 00 08 00 00
stack at sp + 6 slots: 0x000002453e4eebc0 points into unknown readable memory: 0x0000000100000000 | 00 00 00 00 01 00 00 00
stack at sp + 7 slots: 0x0000024500000004 is an unknown value


---------------  P R O C E S S  ---------------

Threads class SMR info:
_java_thread_list=0x000002453b8f4cf0, length=21, elements={
0x00000245058dd800, 0x000002452840c800, 0x000002452840d800, 0x0000024528478000,
0x000002452847a000, 0x000002452847e800, 0x0000024528486000, 0x000002452848e000,
0x00000245284a0000, 0x0000024527b9e000, 0x0000024528a03800, 0x0000024528e64800,
0x0000024529484800, 0x00000245294a5000, 0x0000024529a34800, 0x0000024529a57800,
0x000002452a150000, 0x000002452fa5b800, 0x0000024529c5b000, 0x0000024529c58800,
0x0000024529c59800
}

Java Threads: ( => current thread )
  0x00000245058dd800 JavaThread "main" [_thread_blocked, id=8548, stack(0x0000008bce700000,0x0000008bce800000)]
  0x000002452840c800 JavaThread "Reference Handler" daemon [_thread_blocked, id=10580, stack(0x0000008bcee00000,0x0000008bcef00000)]
  0x000002452840d800 JavaThread "Finalizer" daemon [_thread_blocked, id=18712, stack(0x0000008bcef00000,0x0000008bcf000000)]
  0x0000024528478000 JavaThread "Signal Dispatcher" daemon [_thread_blocked, id=17336, stack(0x0000008bcf000000,0x0000008bcf100000)]
  0x000002452847a000 JavaThread "Attach Listener" daemon [_thread_blocked, id=1280, stack(0x0000008bcf100000,0x0000008bcf200000)]
  0x000002452847e800 JavaThread "Service Thread" daemon [_thread_blocked, id=1256, stack(0x0000008bcf200000,0x0000008bcf300000)]
  0x0000024528486000 JavaThread "C2 CompilerThread0" daemon [_thread_blocked, id=13072, stack(0x0000008bcf300000,0x0000008bcf400000)]
  0x000002452848e000 JavaThread "C1 CompilerThread0" daemon [_thread_blocked, id=18920, stack(0x0000008bcf400000,0x0000008bcf500000)]
  0x00000245284a0000 JavaThread "Sweeper thread" daemon [_thread_blocked, id=15520, stack(0x0000008bcf500000,0x0000008bcf600000)]
  0x0000024527b9e000 JavaThread "Common-Cleaner" daemon [_thread_blocked, id=16884, stack(0x0000008bcf600000,0x0000008bcf700000)]
  0x0000024528a03800 JavaThread "Monitor Ctrl-Break" daemon [_thread_in_native, id=17332, stack(0x0000008bcfb00000,0x0000008bcfc00000)]
  0x0000024528e64800 JavaThread "QuantumRenderer-0" daemon [_thread_blocked, id=13676, stack(0x0000008bcfd00000,0x0000008bcfe00000)]
  0x0000024529484800 JavaThread "InvokeLaterDispatcher" daemon [_thread_blocked, id=1404, stack(0x0000008bcfe00000,0x0000008bcff00000)]
  0x00000245294a5000 JavaThread "JavaFX Application Thread" [_thread_in_native, id=7520, stack(0x0000008bcff00000,0x0000008bd0000000)]
  0x0000024529a34800 JavaThread "Thread-1" daemon [_thread_in_native, id=13184, stack(0x0000008bd0300000,0x0000008bd0400000)]
  0x0000024529a57800 JavaThread "JavaFX-Launcher" [_thread_blocked, id=1636, stack(0x0000008bd0400000,0x0000008bd0500000)]
  0x000002452a150000 JavaThread "Prism Font Disposer" daemon [_thread_blocked, id=9764, stack(0x0000008bd0900000,0x0000008bd0a00000)]
  0x000002452fa5b800 JavaThread "Cleaner-0" daemon [_thread_blocked, id=18020, stack(0x0000008bd0d00000,0x0000008bd0e00000)]
  0x0000024529c5b000 JavaThread "JavaCPP Deallocator" daemon [_thread_blocked, id=9500, stack(0x0000008bd5000000,0x0000008bd5100000)]
=>0x0000024529c58800 JavaThread "Thread-5" [_thread_in_native, id=11564, stack(0x0000008bd5100000,0x0000008bd5200000)]
  0x0000024529c59800 JavaThread "Thread-5960" [_thread_blocked, id=18780, stack(0x0000008bd4c00000,0x0000008bd4d00000)]

Other Threads:
  0x00000245283e7800 VMThread "VM Thread" [stack: 0x0000008bced00000,0x0000008bcee00000] [id=14880]
  0x0000024528c7f800 WatcherThread [stack: 0x0000008bcfc00000,0x0000008bcfd00000] [id=17608]
  0x00000245058f2800 GCTaskThread "GC Thread#0" [stack: 0x0000008bce800000,0x0000008bce900000] [id=14472]
  0x0000024528af4800 GCTaskThread "GC Thread#1" [stack: 0x0000008bcf800000,0x0000008bcf900000] [id=9448]
  0x0000024528874000 GCTaskThread "GC Thread#2" [stack: 0x0000008bcf900000,0x0000008bcfa00000] [id=18652]
  0x0000024528702800 GCTaskThread "GC Thread#3" [stack: 0x0000008bcfa00000,0x0000008bcfb00000] [id=19256]
  0x000002450594a000 ConcurrentGCThread "G1 Main Marker" [stack: 0x0000008bce900000,0x0000008bcea00000] [id=17328]
  0x000002450594c800 ConcurrentGCThread "G1 Conc#0" [stack: 0x0000008bcea00000,0x0000008bceb00000] [id=11904]
  0x0000024527a4b000 ConcurrentGCThread "G1 Refine#0" [stack: 0x0000008bceb00000,0x0000008bcec00000] [id=12668]
  0x0000024527a4c000 ConcurrentGCThread "G1 Young RemSet Sampling" [stack: 0x0000008bcec00000,0x0000008bced00000] [id=14216]

Threads with active compile tasks:

VM state:not at safepoint (normal execution)

VM Mutex/Monitor currently owned by a thread: None

Heap address: 0x0000000702400000, size: 4060 MB, Compressed Oops mode: Zero based, Oop shift amount: 3
Narrow klass base: 0x0000000800000000, Narrow klass shift: 0
Compressed class space size: 1073741824 Address: 0x0000000800000000

Heap:
 garbage-first heap   total 302080K, used 24147K [0x0000000702400000, 0x0000000800000000)
  region size 1024K, 10 young (10240K), 1 survivors (1024K)
 Metaspace       used 27925K, capacity 28620K, committed 28924K, reserved 1075200K
  class space    used 3513K, capacity 3806K, committed 3916K, reserved 1048576K
Heap Regions: E=young(eden), S=young(survivor), O=old, HS=humongous(starts), HC=humongous(continues), CS=collection set, F=free, A=archive, TAMS=top-at-mark-start (previous, next)
|   0|0x0000000702400000, 0x0000000702500000, 0x0000000702500000|100%|HS|  |TAMS 0x0000000702500000, 0x0000000702400000| Complete 
|   1|0x0000000702500000, 0x0000000702600000, 0x0000000702600000|100%|HC|  |TAMS 0x0000000702600000, 0x0000000702500000| Complete 
|   2|0x0000000702600000, 0x0000000702700000, 0x0000000702700000|100%| O|  |TAMS 0x0000000702700000, 0x0000000702600000| Untracked 
|   3|0x0000000702700000, 0x0000000702800000, 0x0000000702800000|100%| O|  |TAMS 0x0000000702800000, 0x0000000702700000| Untracked 
|   4|0x0000000702800000, 0x0000000702900000, 0x0000000702900000|100%| O|  |TAMS 0x0000000702900000, 0x0000000702800000| Untracked 
|   5|0x0000000702900000, 0x0000000702a00000, 0x0000000702a00000|100%| O|  |TAMS 0x0000000702a00000, 0x0000000702900000| Untracked 
|   6|0x0000000702a00000, 0x0000000702b00000, 0x0000000702b00000|100%| O|  |TAMS 0x0000000702b00000, 0x0000000702a00000| Untracked 
|   7|0x0000000702b00000, 0x0000000702c00000, 0x0000000702c00000|100%| O|  |TAMS 0x0000000702c00000, 0x0000000702b00000| Untracked 
|   8|0x0000000702c00000, 0x0000000702d00000, 0x0000000702d00000|100%| O|  |TAMS 0x0000000702d00000, 0x0000000702c00000| Untracked 
|   9|0x0000000702d00000, 0x0000000702e00000, 0x0000000702e00000|100%| O|  |TAMS 0x0000000702d50600, 0x0000000702d00000| Untracked 
|  10|0x0000000702e00000, 0x0000000702e00000, 0x0000000702f00000|  0%| F|  |TAMS 0x0000000702e00000, 0x0000000702e00000| Untracked 
|  11|0x0000000702f00000, 0x0000000702f00000, 0x0000000703000000|  0%| F|  |TAMS 0x0000000702f00000, 0x0000000702f00000| Untracked 
|  12|0x0000000703000000, 0x0000000703000000, 0x0000000703100000|  0%| F|  |TAMS 0x0000000703000000, 0x0000000703000000| Untracked 
|  13|0x0000000703100000, 0x0000000703100000, 0x0000000703200000|  0%| F|  |TAMS 0x0000000703100000, 0x0000000703100000| Untracked 
|  14|0x0000000703200000, 0x0000000703200000, 0x0000000703300000|  0%| F|  |TAMS 0x0000000703200000, 0x0000000703200000| Untracked 
|  15|0x0000000703300000, 0x0000000703300000, 0x0000000703400000|  0%| F|  |TAMS 0x0000000703300000, 0x0000000703300000| Untracked 
|  16|0x0000000703400000, 0x0000000703400000, 0x0000000703500000|  0%| F|  |TAMS 0x0000000703400000, 0x0000000703400000| Untracked 
|  17|0x0000000703500000, 0x0000000703500000, 0x0000000703600000|  0%| F|  |TAMS 0x0000000703500000, 0x0000000703500000| Untracked 
|  18|0x0000000703600000, 0x0000000703600000, 0x0000000703700000|  0%| F|  |TAMS 0x0000000703600000, 0x0000000703600000| Untracked 
|  19|0x0000000703700000, 0x0000000703700000, 0x0000000703800000|  0%| F|  |TAMS 0x0000000703700000, 0x0000000703700000| Untracked 
|  20|0x0000000703800000, 0x0000000703800000, 0x0000000703900000|  0%| F|  |TAMS 0x0000000703800000, 0x0000000703800000| Untracked 
|  21|0x0000000703900000, 0x0000000703900000, 0x0000000703a00000|  0%| F|  |TAMS 0x0000000703900000, 0x0000000703900000| Untracked 
|  22|0x0000000703a00000, 0x0000000703a00000, 0x0000000703b00000|  0%| F|  |TAMS 0x0000000703a00000, 0x0000000703a00000| Untracked 
|  23|0x0000000703b00000, 0x0000000703b00000, 0x0000000703c00000|  0%| F|  |TAMS 0x0000000703b00000, 0x0000000703b00000| Untracked 
|  24|0x0000000703c00000, 0x0000000703c00000, 0x0000000703d00000|  0%| F|  |TAMS 0x0000000703c00000, 0x0000000703c00000| Untracked 
|  25|0x0000000703d00000, 0x0000000703d00000, 0x0000000703e00000|  0%| F|  |TAMS 0x0000000703d00000, 0x0000000703d00000| Untracked 
|  26|0x0000000703e00000, 0x0000000703e00000, 0x0000000703f00000|  0%| F|  |TAMS 0x0000000703e00000, 0x0000000703e00000| Untracked 
|  27|0x0000000703f00000, 0x0000000703f00000, 0x0000000704000000|  0%| F|  |TAMS 0x0000000703f00000, 0x0000000703f00000| Untracked 
|  28|0x0000000704000000, 0x0000000704000000, 0x0000000704100000|  0%| F|  |TAMS 0x0000000704000000, 0x0000000704000000| Untracked 
|  29|0x0000000704100000, 0x0000000704100000, 0x0000000704200000|  0%| F|  |TAMS 0x0000000704100000, 0x0000000704100000| Untracked 
|  30|0x0000000704200000, 0x0000000704200000, 0x0000000704300000|  0%| F|  |TAMS 0x0000000704200000, 0x0000000704200000| Untracked 
|  31|0x0000000704300000, 0x0000000704300000, 0x0000000704400000|  0%| F|  |TAMS 0x0000000704300000, 0x0000000704300000| Untracked 
|  32|0x0000000704400000, 0x0000000704400000, 0x0000000704500000|  0%| F|  |TAMS 0x0000000704400000, 0x0000000704400000| Untracked 
|  33|0x0000000704500000, 0x0000000704500000, 0x0000000704600000|  0%| F|  |TAMS 0x0000000704500000, 0x0000000704500000| Untracked 
|  34|0x0000000704600000, 0x0000000704600000, 0x0000000704700000|  0%| F|  |TAMS 0x0000000704600000, 0x0000000704600000| Untracked 
|  35|0x0000000704700000, 0x0000000704700000, 0x0000000704800000|  0%| F|  |TAMS 0x0000000704700000, 0x0000000704700000| Untracked 
|  36|0x0000000704800000, 0x0000000704800000, 0x0000000704900000|  0%| F|  |TAMS 0x0000000704800000, 0x0000000704800000| Untracked 
|  37|0x0000000704900000, 0x0000000704900000, 0x0000000704a00000|  0%| F|  |TAMS 0x0000000704900000, 0x0000000704900000| Untracked 
|  38|0x0000000704a00000, 0x0000000704a00000, 0x0000000704b00000|  0%| F|  |TAMS 0x0000000704a00000, 0x0000000704a00000| Untracked 
|  39|0x0000000704b00000, 0x0000000704b00000, 0x0000000704c00000|  0%| F|  |TAMS 0x0000000704b00000, 0x0000000704b00000| Untracked 
|  40|0x0000000704c00000, 0x0000000704c00000, 0x0000000704d00000|  0%| F|  |TAMS 0x0000000704c00000, 0x0000000704c00000| Untracked 
|  41|0x0000000704d00000, 0x0000000704d00000, 0x0000000704e00000|  0%| F|  |TAMS 0x0000000704d00000, 0x0000000704d00000| Untracked 
|  42|0x0000000704e00000, 0x0000000704e00000, 0x0000000704f00000|  0%| F|  |TAMS 0x0000000704e00000, 0x0000000704e00000| Untracked 
|  43|0x0000000704f00000, 0x0000000704f00000, 0x0000000705000000|  0%| F|  |TAMS 0x0000000704f00000, 0x0000000704f00000| Untracked 
|  44|0x0000000705000000, 0x0000000705000000, 0x0000000705100000|  0%| F|  |TAMS 0x0000000705000000, 0x0000000705000000| Untracked 
|  45|0x0000000705100000, 0x0000000705100000, 0x0000000705200000|  0%| F|  |TAMS 0x0000000705100000, 0x0000000705100000| Untracked 
|  46|0x0000000705200000, 0x0000000705200000, 0x0000000705300000|  0%| F|  |TAMS 0x0000000705200000, 0x0000000705200000| Untracked 
|  47|0x0000000705300000, 0x0000000705300000, 0x0000000705400000|  0%| F|  |TAMS 0x0000000705300000, 0x0000000705300000| Untracked 
|  48|0x0000000705400000, 0x0000000705400000, 0x0000000705500000|  0%| F|  |TAMS 0x0000000705400000, 0x0000000705400000| Untracked 
|  49|0x0000000705500000, 0x0000000705500000, 0x0000000705600000|  0%| F|  |TAMS 0x0000000705500000, 0x0000000705500000| Untracked 
|  50|0x0000000705600000, 0x0000000705600000, 0x0000000705700000|  0%| F|  |TAMS 0x0000000705600000, 0x0000000705600000| Untracked 
|  51|0x0000000705700000, 0x0000000705700000, 0x0000000705800000|  0%| F|  |TAMS 0x0000000705700000, 0x0000000705700000| Untracked 
|  52|0x0000000705800000, 0x0000000705800000, 0x0000000705900000|  0%| F|  |TAMS 0x0000000705800000, 0x0000000705800000| Untracked 
|  53|0x0000000705900000, 0x0000000705900000, 0x0000000705a00000|  0%| F|  |TAMS 0x0000000705900000, 0x0000000705900000| Untracked 
|  54|0x0000000705a00000, 0x0000000705a00000, 0x0000000705b00000|  0%| F|  |TAMS 0x0000000705a00000, 0x0000000705a00000| Untracked 
|  55|0x0000000705b00000, 0x0000000705b00000, 0x0000000705c00000|  0%| F|  |TAMS 0x0000000705b00000, 0x0000000705b00000| Untracked 
|  56|0x0000000705c00000, 0x0000000705c00000, 0x0000000705d00000|  0%| F|  |TAMS 0x0000000705c00000, 0x0000000705c00000| Untracked 
|  57|0x0000000705d00000, 0x0000000705d00000, 0x0000000705e00000|  0%| F|  |TAMS 0x0000000705d00000, 0x0000000705d00000| Untracked 
|  58|0x0000000705e00000, 0x0000000705e00000, 0x0000000705f00000|  0%| F|  |TAMS 0x0000000705e00000, 0x0000000705e00000| Untracked 
|  59|0x0000000705f00000, 0x0000000705f00000, 0x0000000706000000|  0%| F|  |TAMS 0x0000000705f00000, 0x0000000705f00000| Untracked 
|  60|0x0000000706000000, 0x0000000706000000, 0x0000000706100000|  0%| F|  |TAMS 0x0000000706000000, 0x0000000706000000| Untracked 
|  61|0x0000000706100000, 0x0000000706100000, 0x0000000706200000|  0%| F|  |TAMS 0x0000000706100000, 0x0000000706100000| Untracked 
|  62|0x0000000706200000, 0x0000000706200000, 0x0000000706300000|  0%| F|  |TAMS 0x0000000706200000, 0x0000000706200000| Untracked 
|  63|0x0000000706300000, 0x0000000706300000, 0x0000000706400000|  0%| F|  |TAMS 0x0000000706300000, 0x0000000706300000| Untracked 
|  64|0x0000000706400000, 0x0000000706400000, 0x0000000706500000|  0%| F|  |TAMS 0x0000000706400000, 0x0000000706400000| Untracked 
|  65|0x0000000706500000, 0x0000000706500000, 0x0000000706600000|  0%| F|  |TAMS 0x0000000706500000, 0x0000000706500000| Untracked 
|  66|0x0000000706600000, 0x0000000706600000, 0x0000000706700000|  0%| F|  |TAMS 0x0000000706600000, 0x0000000706600000| Untracked 
|  67|0x0000000706700000, 0x0000000706700000, 0x0000000706800000|  0%| F|  |TAMS 0x0000000706700000, 0x0000000706700000| Untracked 
|  68|0x0000000706800000, 0x0000000706800000, 0x0000000706900000|  0%| F|  |TAMS 0x0000000706800000, 0x0000000706800000| Untracked 
|  69|0x0000000706900000, 0x0000000706900000, 0x0000000706a00000|  0%| F|  |TAMS 0x0000000706900000, 0x0000000706900000| Untracked 
|  70|0x0000000706a00000, 0x0000000706a00000, 0x0000000706b00000|  0%| F|  |TAMS 0x0000000706a00000, 0x0000000706a00000| Untracked 
|  71|0x0000000706b00000, 0x0000000706b00000, 0x0000000706c00000|  0%| F|  |TAMS 0x0000000706b00000, 0x0000000706b00000| Untracked 
|  72|0x0000000706c00000, 0x0000000706c00000, 0x0000000706d00000|  0%| F|  |TAMS 0x0000000706c00000, 0x0000000706c00000| Untracked 
|  73|0x0000000706d00000, 0x0000000706d00000, 0x0000000706e00000|  0%| F|  |TAMS 0x0000000706d00000, 0x0000000706d00000| Untracked 
|  74|0x0000000706e00000, 0x0000000706e00000, 0x0000000706f00000|  0%| F|  |TAMS 0x0000000706e00000, 0x0000000706e00000| Untracked 
|  75|0x0000000706f00000, 0x0000000706f00000, 0x0000000707000000|  0%| F|  |TAMS 0x0000000706f00000, 0x0000000706f00000| Untracked 
|  76|0x0000000707000000, 0x0000000707000000, 0x0000000707100000|  0%| F|  |TAMS 0x0000000707000000, 0x0000000707000000| Untracked 
|  77|0x0000000707100000, 0x0000000707100000, 0x0000000707200000|  0%| F|  |TAMS 0x0000000707100000, 0x0000000707100000| Untracked 
|  78|0x0000000707200000, 0x0000000707200000, 0x0000000707300000|  0%| F|  |TAMS 0x0000000707200000, 0x0000000707200000| Untracked 
|  79|0x0000000707300000, 0x0000000707300000, 0x0000000707400000|  0%| F|  |TAMS 0x0000000707300000, 0x0000000707300000| Untracked 
|  80|0x0000000707400000, 0x0000000707400000, 0x0000000707500000|  0%| F|  |TAMS 0x0000000707400000, 0x0000000707400000| Untracked 
|  81|0x0000000707500000, 0x0000000707500000, 0x0000000707600000|  0%| F|  |TAMS 0x0000000707500000, 0x0000000707500000| Untracked 
|  82|0x0000000707600000, 0x0000000707700000, 0x0000000707700000|100%|HS|  |TAMS 0x0000000707600000, 0x0000000707600000| Complete 
|  83|0x0000000707700000, 0x0000000707800000, 0x0000000707800000|100%|HC|  |TAMS 0x0000000707700000, 0x0000000707700000| Complete 
|  84|0x0000000707800000, 0x0000000707900000, 0x0000000707900000|100%|HS|  |TAMS 0x0000000707800000, 0x0000000707800000| Complete 
|  85|0x0000000707900000, 0x0000000707a00000, 0x0000000707a00000|100%|HC|  |TAMS 0x0000000707900000, 0x0000000707900000| Complete 
|  86|0x0000000707a00000, 0x0000000707a00000, 0x0000000707b00000|  0%| F|  |TAMS 0x0000000707a00000, 0x0000000707a00000| Untracked 
|  87|0x0000000707b00000, 0x0000000707b00000, 0x0000000707c00000|  0%| F|  |TAMS 0x0000000707b00000, 0x0000000707b00000| Untracked 
|  88|0x0000000707c00000, 0x0000000707c00000, 0x0000000707d00000|  0%| F|  |TAMS 0x0000000707c00000, 0x0000000707c00000| Untracked 
|  89|0x0000000707d00000, 0x0000000707d00000, 0x0000000707e00000|  0%| F|  |TAMS 0x0000000707d00000, 0x0000000707d00000| Untracked 
|  90|0x0000000707e00000, 0x0000000707e00000, 0x0000000707f00000|  0%| F|  |TAMS 0x0000000707e00000, 0x0000000707e00000| Untracked 
|  91|0x0000000707f00000, 0x0000000707f00000, 0x0000000708000000|  0%| F|  |TAMS 0x0000000707f00000, 0x0000000707f00000| Untracked 
|  92|0x0000000708000000, 0x0000000708000000, 0x0000000708100000|  0%| F|  |TAMS 0x0000000708000000, 0x0000000708000000| Untracked 
|  93|0x0000000708100000, 0x0000000708100000, 0x0000000708200000|  0%| F|  |TAMS 0x0000000708100000, 0x0000000708100000| Untracked 
|  94|0x0000000708200000, 0x0000000708200000, 0x0000000708300000|  0%| F|  |TAMS 0x0000000708200000, 0x0000000708200000| Untracked 
|  95|0x0000000708300000, 0x0000000708300000, 0x0000000708400000|  0%| F|  |TAMS 0x0000000708300000, 0x0000000708300000| Untracked 
|  96|0x0000000708400000, 0x0000000708400000, 0x0000000708500000|  0%| F|  |TAMS 0x0000000708400000, 0x0000000708400000| Untracked 
|  97|0x0000000708500000, 0x0000000708500000, 0x0000000708600000|  0%| F|  |TAMS 0x0000000708500000, 0x0000000708500000| Untracked 
|  98|0x0000000708600000, 0x0000000708600000, 0x0000000708700000|  0%| F|  |TAMS 0x0000000708600000, 0x0000000708600000| Untracked 
|  99|0x0000000708700000, 0x0000000708700000, 0x0000000708800000|  0%| F|  |TAMS 0x0000000708700000, 0x0000000708700000| Untracked 
| 100|0x0000000708800000, 0x0000000708800000, 0x0000000708900000|  0%| F|  |TAMS 0x0000000708800000, 0x0000000708800000| Untracked 
| 101|0x0000000708900000, 0x0000000708900000, 0x0000000708a00000|  0%| F|  |TAMS 0x0000000708900000, 0x0000000708900000| Untracked 
| 102|0x0000000708a00000, 0x0000000708a00000, 0x0000000708b00000|  0%| F|  |TAMS 0x0000000708a00000, 0x0000000708a00000| Untracked 
| 103|0x0000000708b00000, 0x0000000708b00000, 0x0000000708c00000|  0%| F|  |TAMS 0x0000000708b00000, 0x0000000708b00000| Untracked 
| 104|0x0000000708c00000, 0x0000000708c00000, 0x0000000708d00000|  0%| F|  |TAMS 0x0000000708c00000, 0x0000000708c00000| Untracked 
| 105|0x0000000708d00000, 0x0000000708d00000, 0x0000000708e00000|  0%| F|  |TAMS 0x0000000708d00000, 0x0000000708d00000| Untracked 
| 106|0x0000000708e00000, 0x0000000708e00000, 0x0000000708f00000|  0%| F|  |TAMS 0x0000000708e00000, 0x0000000708e00000| Untracked 
| 107|0x0000000708f00000, 0x0000000708f00000, 0x0000000709000000|  0%| F|  |TAMS 0x0000000708f00000, 0x0000000708f00000| Untracked 
| 108|0x0000000709000000, 0x0000000709100000, 0x0000000709100000|100%| O|  |TAMS 0x0000000709000000, 0x0000000709000000| Untracked 
| 109|0x0000000709100000, 0x0000000709100000, 0x0000000709200000|  0%| F|  |TAMS 0x0000000709100000, 0x0000000709100000| Untracked 
| 110|0x0000000709200000, 0x0000000709200000, 0x0000000709300000|  0%| F|  |TAMS 0x0000000709200000, 0x0000000709200000| Untracked 
| 111|0x0000000709300000, 0x0000000709300000, 0x0000000709400000|  0%| F|  |TAMS 0x0000000709300000, 0x0000000709300000| Untracked 
| 112|0x0000000709400000, 0x0000000709400000, 0x0000000709500000|  0%| F|  |TAMS 0x0000000709400000, 0x0000000709400000| Untracked 
| 113|0x0000000709500000, 0x0000000709500000, 0x0000000709600000|  0%| F|  |TAMS 0x0000000709500000, 0x0000000709500000| Untracked 
| 114|0x0000000709600000, 0x0000000709614780, 0x0000000709700000|  7%| S|CS|TAMS 0x0000000709600000, 0x0000000709600000| Complete 
| 115|0x0000000709700000, 0x0000000709700000, 0x0000000709800000|  0%| F|  |TAMS 0x0000000709700000, 0x0000000709700000| Untracked 
| 116|0x0000000709800000, 0x0000000709800000, 0x0000000709900000|  0%| F|  |TAMS 0x0000000709800000, 0x0000000709800000| Untracked 
| 117|0x0000000709900000, 0x0000000709900000, 0x0000000709a00000|  0%| F|  |TAMS 0x0000000709900000, 0x0000000709900000| Untracked 
| 118|0x0000000709a00000, 0x0000000709a00000, 0x0000000709b00000|  0%| F|  |TAMS 0x0000000709a00000, 0x0000000709a00000| Untracked 
| 119|0x0000000709b00000, 0x0000000709b00000, 0x0000000709c00000|  0%| F|  |TAMS 0x0000000709b00000, 0x0000000709b00000| Untracked 
| 120|0x0000000709c00000, 0x0000000709c00000, 0x0000000709d00000|  0%| F|  |TAMS 0x0000000709c00000, 0x0000000709c00000| Untracked 
| 121|0x0000000709d00000, 0x0000000709d00000, 0x0000000709e00000|  0%| F|  |TAMS 0x0000000709d00000, 0x0000000709d00000| Untracked 
| 122|0x0000000709e00000, 0x0000000709e00000, 0x0000000709f00000|  0%| F|  |TAMS 0x0000000709e00000, 0x0000000709e00000| Untracked 
| 123|0x0000000709f00000, 0x0000000709f00000, 0x000000070a000000|  0%| F|  |TAMS 0x0000000709f00000, 0x0000000709f00000| Untracked 
| 124|0x000000070a000000, 0x000000070a000000, 0x000000070a100000|  0%| F|  |TAMS 0x000000070a000000, 0x000000070a000000| Untracked 
| 125|0x000000070a100000, 0x000000070a100000, 0x000000070a200000|  0%| F|  |TAMS 0x000000070a100000, 0x000000070a100000| Untracked 
| 126|0x000000070a200000, 0x000000070a200000, 0x000000070a300000|  0%| F|  |TAMS 0x000000070a200000, 0x000000070a200000| Untracked 
| 127|0x000000070a300000, 0x000000070a300000, 0x000000070a400000|  0%| F|  |TAMS 0x000000070a300000, 0x000000070a300000| Untracked 
| 128|0x000000070a400000, 0x000000070a400000, 0x000000070a500000|  0%| F|  |TAMS 0x000000070a400000, 0x000000070a400000| Untracked 
| 129|0x000000070a500000, 0x000000070a500000, 0x000000070a600000|  0%| F|  |TAMS 0x000000070a500000, 0x000000070a500000| Untracked 
| 130|0x000000070a600000, 0x000000070a600000, 0x000000070a700000|  0%| F|  |TAMS 0x000000070a600000, 0x000000070a600000| Untracked 
| 131|0x000000070a700000, 0x000000070a700000, 0x000000070a800000|  0%| F|  |TAMS 0x000000070a700000, 0x000000070a700000| Untracked 
| 132|0x000000070a800000, 0x000000070a800000, 0x000000070a900000|  0%| F|  |TAMS 0x000000070a800000, 0x000000070a800000| Untracked 
| 133|0x000000070a900000, 0x000000070a900000, 0x000000070aa00000|  0%| F|  |TAMS 0x000000070a900000, 0x000000070a900000| Untracked 
| 134|0x000000070aa00000, 0x000000070aa00000, 0x000000070ab00000|  0%| F|  |TAMS 0x000000070aa00000, 0x000000070aa00000| Untracked 
| 135|0x000000070ab00000, 0x000000070ab00000, 0x000000070ac00000|  0%| F|  |TAMS 0x000000070ab00000, 0x000000070ab00000| Untracked 
| 136|0x000000070ac00000, 0x000000070ac00000, 0x000000070ad00000|  0%| F|  |TAMS 0x000000070ac00000, 0x000000070ac00000| Untracked 
| 137|0x000000070ad00000, 0x000000070ad00000, 0x000000070ae00000|  0%| F|  |TAMS 0x000000070ad00000, 0x000000070ad00000| Untracked 
| 138|0x000000070ae00000, 0x000000070ae00000, 0x000000070af00000|  0%| F|  |TAMS 0x000000070ae00000, 0x000000070ae00000| Untracked 
| 139|0x000000070af00000, 0x000000070af00000, 0x000000070b000000|  0%| F|  |TAMS 0x000000070af00000, 0x000000070af00000| Untracked 
| 140|0x000000070b000000, 0x000000070b000000, 0x000000070b100000|  0%| F|  |TAMS 0x000000070b000000, 0x000000070b000000| Untracked 
| 141|0x000000070b100000, 0x000000070b100000, 0x000000070b200000|  0%| F|  |TAMS 0x000000070b100000, 0x000000070b100000| Untracked 
| 142|0x000000070b200000, 0x000000070b200000, 0x000000070b300000|  0%| F|  |TAMS 0x000000070b200000, 0x000000070b200000| Untracked 
| 143|0x000000070b300000, 0x000000070b300000, 0x000000070b400000|  0%| F|  |TAMS 0x000000070b300000, 0x000000070b300000| Untracked 
| 144|0x000000070b400000, 0x000000070b400000, 0x000000070b500000|  0%| F|  |TAMS 0x000000070b400000, 0x000000070b400000| Untracked 
| 145|0x000000070b500000, 0x000000070b500000, 0x000000070b600000|  0%| F|  |TAMS 0x000000070b500000, 0x000000070b500000| Untracked 
| 146|0x000000070b600000, 0x000000070b600000, 0x000000070b700000|  0%| F|  |TAMS 0x000000070b600000, 0x000000070b600000| Untracked 
| 147|0x000000070b700000, 0x000000070b700000, 0x000000070b800000|  0%| F|  |TAMS 0x000000070b700000, 0x000000070b700000| Untracked 
| 148|0x000000070b800000, 0x000000070b800000, 0x000000070b900000|  0%| F|  |TAMS 0x000000070b800000, 0x000000070b800000| Untracked 
| 149|0x000000070b900000, 0x000000070b900000, 0x000000070ba00000|  0%| F|  |TAMS 0x000000070b900000, 0x000000070b900000| Untracked 
| 150|0x000000070ba00000, 0x000000070ba00000, 0x000000070bb00000|  0%| F|  |TAMS 0x000000070ba00000, 0x000000070ba00000| Untracked 
| 151|0x000000070bb00000, 0x000000070bb00000, 0x000000070bc00000|  0%| F|  |TAMS 0x000000070bb00000, 0x000000070bb00000| Untracked 
| 152|0x000000070bc00000, 0x000000070bc00000, 0x000000070bd00000|  0%| F|  |TAMS 0x000000070bc00000, 0x000000070bc00000| Untracked 
| 153|0x000000070bd00000, 0x000000070bd00000, 0x000000070be00000|  0%| F|  |TAMS 0x000000070bd00000, 0x000000070bd00000| Untracked 
| 154|0x000000070be00000, 0x000000070be00000, 0x000000070bf00000|  0%| F|  |TAMS 0x000000070be00000, 0x000000070be00000| Untracked 
| 155|0x000000070bf00000, 0x000000070bf00000, 0x000000070c000000|  0%| F|  |TAMS 0x000000070bf00000, 0x000000070bf00000| Untracked 
| 156|0x000000070c000000, 0x000000070c000000, 0x000000070c100000|  0%| F|  |TAMS 0x000000070c000000, 0x000000070c000000| Untracked 
| 157|0x000000070c100000, 0x000000070c100000, 0x000000070c200000|  0%| F|  |TAMS 0x000000070c100000, 0x000000070c100000| Untracked 
| 158|0x000000070c200000, 0x000000070c200000, 0x000000070c300000|  0%| F|  |TAMS 0x000000070c200000, 0x000000070c200000| Untracked 
| 159|0x000000070c300000, 0x000000070c300000, 0x000000070c400000|  0%| F|  |TAMS 0x000000070c300000, 0x000000070c300000| Untracked 
| 160|0x000000070c400000, 0x000000070c400000, 0x000000070c500000|  0%| F|  |TAMS 0x000000070c400000, 0x000000070c400000| Untracked 
| 161|0x000000070c500000, 0x000000070c500000, 0x000000070c600000|  0%| F|  |TAMS 0x000000070c500000, 0x000000070c500000| Untracked 
| 162|0x000000070c600000, 0x000000070c600000, 0x000000070c700000|  0%| F|  |TAMS 0x000000070c600000, 0x000000070c600000| Untracked 
| 163|0x000000070c700000, 0x000000070c700000, 0x000000070c800000|  0%| F|  |TAMS 0x000000070c700000, 0x000000070c700000| Untracked 
| 164|0x000000070c800000, 0x000000070c800000, 0x000000070c900000|  0%| F|  |TAMS 0x000000070c800000, 0x000000070c800000| Untracked 
| 165|0x000000070c900000, 0x000000070c900000, 0x000000070ca00000|  0%| F|  |TAMS 0x000000070c900000, 0x000000070c900000| Untracked 
| 166|0x000000070ca00000, 0x000000070ca00000, 0x000000070cb00000|  0%| F|  |TAMS 0x000000070ca00000, 0x000000070ca00000| Untracked 
| 167|0x000000070cb00000, 0x000000070cb00000, 0x000000070cc00000|  0%| F|  |TAMS 0x000000070cb00000, 0x000000070cb00000| Untracked 
| 168|0x000000070cc00000, 0x000000070cc00000, 0x000000070cd00000|  0%| F|  |TAMS 0x000000070cc00000, 0x000000070cc00000| Untracked 
| 169|0x000000070cd00000, 0x000000070cd00000, 0x000000070ce00000|  0%| F|  |TAMS 0x000000070cd00000, 0x000000070cd00000| Untracked 
| 170|0x000000070ce00000, 0x000000070ce00000, 0x000000070cf00000|  0%| F|  |TAMS 0x000000070ce00000, 0x000000070ce00000| Untracked 
| 171|0x000000070cf00000, 0x000000070cf00000, 0x000000070d000000|  0%| F|  |TAMS 0x000000070cf00000, 0x000000070cf00000| Untracked 
| 172|0x000000070d000000, 0x000000070d000000, 0x000000070d100000|  0%| F|  |TAMS 0x000000070d000000, 0x000000070d000000| Untracked 
| 173|0x000000070d100000, 0x000000070d100000, 0x000000070d200000|  0%| F|  |TAMS 0x000000070d100000, 0x000000070d100000| Untracked 
| 174|0x000000070d200000, 0x000000070d200000, 0x000000070d300000|  0%| F|  |TAMS 0x000000070d200000, 0x000000070d200000| Untracked 
| 175|0x000000070d300000, 0x000000070d300000, 0x000000070d400000|  0%| F|  |TAMS 0x000000070d300000, 0x000000070d300000| Untracked 
| 176|0x000000070d400000, 0x000000070d400000, 0x000000070d500000|  0%| F|  |TAMS 0x000000070d400000, 0x000000070d400000| Untracked 
| 177|0x000000070d500000, 0x000000070d500000, 0x000000070d600000|  0%| F|  |TAMS 0x000000070d500000, 0x000000070d500000| Untracked 
| 178|0x000000070d600000, 0x000000070d600000, 0x000000070d700000|  0%| F|  |TAMS 0x000000070d600000, 0x000000070d600000| Untracked 
| 179|0x000000070d700000, 0x000000070d700000, 0x000000070d800000|  0%| F|  |TAMS 0x000000070d700000, 0x000000070d700000| Untracked 
| 180|0x000000070d800000, 0x000000070d800000, 0x000000070d900000|  0%| F|  |TAMS 0x000000070d800000, 0x000000070d800000| Untracked 
| 181|0x000000070d900000, 0x000000070d900000, 0x000000070da00000|  0%| F|  |TAMS 0x000000070d900000, 0x000000070d900000| Untracked 
| 182|0x000000070da00000, 0x000000070da00000, 0x000000070db00000|  0%| F|  |TAMS 0x000000070da00000, 0x000000070da00000| Untracked 
| 183|0x000000070db00000, 0x000000070db00000, 0x000000070dc00000|  0%| F|  |TAMS 0x000000070db00000, 0x000000070db00000| Untracked 
| 184|0x000000070dc00000, 0x000000070dc00000, 0x000000070dd00000|  0%| F|  |TAMS 0x000000070dc00000, 0x000000070dc00000| Untracked 
| 185|0x000000070dd00000, 0x000000070dd00000, 0x000000070de00000|  0%| F|  |TAMS 0x000000070dd00000, 0x000000070dd00000| Untracked 
| 186|0x000000070de00000, 0x000000070de00000, 0x000000070df00000|  0%| F|  |TAMS 0x000000070de00000, 0x000000070de00000| Untracked 
| 187|0x000000070df00000, 0x000000070df00000, 0x000000070e000000|  0%| F|  |TAMS 0x000000070df00000, 0x000000070df00000| Untracked 
| 188|0x000000070e000000, 0x000000070e000000, 0x000000070e100000|  0%| F|  |TAMS 0x000000070e000000, 0x000000070e000000| Untracked 
| 189|0x000000070e100000, 0x000000070e100000, 0x000000070e200000|  0%| F|  |TAMS 0x000000070e100000, 0x000000070e100000| Untracked 
| 190|0x000000070e200000, 0x000000070e200000, 0x000000070e300000|  0%| F|  |TAMS 0x000000070e200000, 0x000000070e200000| Untracked 
| 191|0x000000070e300000, 0x000000070e300000, 0x000000070e400000|  0%| F|  |TAMS 0x000000070e300000, 0x000000070e300000| Untracked 
| 192|0x000000070e400000, 0x000000070e400000, 0x000000070e500000|  0%| F|  |TAMS 0x000000070e400000, 0x000000070e400000| Untracked 
| 193|0x000000070e500000, 0x000000070e500000, 0x000000070e600000|  0%| F|  |TAMS 0x000000070e500000, 0x000000070e500000| Untracked 
| 194|0x000000070e600000, 0x000000070e600000, 0x000000070e700000|  0%| F|  |TAMS 0x000000070e600000, 0x000000070e600000| Untracked 
| 195|0x000000070e700000, 0x000000070e700000, 0x000000070e800000|  0%| F|  |TAMS 0x000000070e700000, 0x000000070e700000| Untracked 
| 196|0x000000070e800000, 0x000000070e800000, 0x000000070e900000|  0%| F|  |TAMS 0x000000070e800000, 0x000000070e800000| Untracked 
| 197|0x000000070e900000, 0x000000070e900000, 0x000000070ea00000|  0%| F|  |TAMS 0x000000070e900000, 0x000000070e900000| Untracked 
| 198|0x000000070ea00000, 0x000000070ea00000, 0x000000070eb00000|  0%| F|  |TAMS 0x000000070ea00000, 0x000000070ea00000| Untracked 
| 199|0x000000070eb00000, 0x000000070eb00000, 0x000000070ec00000|  0%| F|  |TAMS 0x000000070eb00000, 0x000000070eb00000| Untracked 
| 200|0x000000070ec00000, 0x000000070ec00000, 0x000000070ed00000|  0%| F|  |TAMS 0x000000070ec00000, 0x000000070ec00000| Untracked 
| 201|0x000000070ed00000, 0x000000070ed00000, 0x000000070ee00000|  0%| F|  |TAMS 0x000000070ed00000, 0x000000070ed00000| Untracked 
| 202|0x000000070ee00000, 0x000000070ee00000, 0x000000070ef00000|  0%| F|  |TAMS 0x000000070ee00000, 0x000000070ee00000| Untracked 
| 203|0x000000070ef00000, 0x000000070ef00000, 0x000000070f000000|  0%| F|  |TAMS 0x000000070ef00000, 0x000000070ef00000| Untracked 
| 204|0x000000070f000000, 0x000000070f000000, 0x000000070f100000|  0%| F|  |TAMS 0x000000070f000000, 0x000000070f000000| Untracked 
| 205|0x000000070f100000, 0x000000070f100000, 0x000000070f200000|  0%| F|  |TAMS 0x000000070f100000, 0x000000070f100000| Untracked 
| 206|0x000000070f200000, 0x000000070f200000, 0x000000070f300000|  0%| F|  |TAMS 0x000000070f200000, 0x000000070f200000| Untracked 
| 207|0x000000070f300000, 0x000000070f300000, 0x000000070f400000|  0%| F|  |TAMS 0x000000070f300000, 0x000000070f300000| Untracked 
| 208|0x000000070f400000, 0x000000070f400000, 0x000000070f500000|  0%| F|  |TAMS 0x000000070f400000, 0x000000070f400000| Untracked 
| 209|0x000000070f500000, 0x000000070f500000, 0x000000070f600000|  0%| F|  |TAMS 0x000000070f500000, 0x000000070f500000| Untracked 
| 210|0x000000070f600000, 0x000000070f600000, 0x000000070f700000|  0%| F|  |TAMS 0x000000070f600000, 0x000000070f600000| Untracked 
| 211|0x000000070f700000, 0x000000070f700000, 0x000000070f800000|  0%| F|  |TAMS 0x000000070f700000, 0x000000070f700000| Untracked 
| 212|0x000000070f800000, 0x000000070f800000, 0x000000070f900000|  0%| F|  |TAMS 0x000000070f800000, 0x000000070f800000| Untracked 
| 213|0x000000070f900000, 0x000000070f900000, 0x000000070fa00000|  0%| F|  |TAMS 0x000000070f900000, 0x000000070f900000| Untracked 
| 214|0x000000070fa00000, 0x000000070fa00000, 0x000000070fb00000|  0%| F|  |TAMS 0x000000070fa00000, 0x000000070fa00000| Untracked 
| 215|0x000000070fb00000, 0x000000070fb00000, 0x000000070fc00000|  0%| F|  |TAMS 0x000000070fb00000, 0x000000070fb00000| Untracked 
| 216|0x000000070fc00000, 0x000000070fc00000, 0x000000070fd00000|  0%| F|  |TAMS 0x000000070fc00000, 0x000000070fc00000| Untracked 
| 217|0x000000070fd00000, 0x000000070fd00000, 0x000000070fe00000|  0%| F|  |TAMS 0x000000070fd00000, 0x000000070fd00000| Untracked 
| 218|0x000000070fe00000, 0x000000070fe00000, 0x000000070ff00000|  0%| F|  |TAMS 0x000000070fe00000, 0x000000070fe00000| Untracked 
| 219|0x000000070ff00000, 0x000000070ff00000, 0x0000000710000000|  0%| F|  |TAMS 0x000000070ff00000, 0x000000070ff00000| Untracked 
| 220|0x0000000710000000, 0x0000000710000000, 0x0000000710100000|  0%| F|  |TAMS 0x0000000710000000, 0x0000000710000000| Untracked 
| 221|0x0000000710100000, 0x0000000710100000, 0x0000000710200000|  0%| F|  |TAMS 0x0000000710100000, 0x0000000710100000| Untracked 
| 222|0x0000000710200000, 0x0000000710200000, 0x0000000710300000|  0%| F|  |TAMS 0x0000000710200000, 0x0000000710200000| Untracked 
| 223|0x0000000710300000, 0x0000000710300000, 0x0000000710400000|  0%| F|  |TAMS 0x0000000710300000, 0x0000000710300000| Untracked 
| 224|0x0000000710400000, 0x0000000710400000, 0x0000000710500000|  0%| F|  |TAMS 0x0000000710400000, 0x0000000710400000| Untracked 
| 225|0x0000000710500000, 0x0000000710500000, 0x0000000710600000|  0%| F|  |TAMS 0x0000000710500000, 0x0000000710500000| Untracked 
| 226|0x0000000710600000, 0x0000000710600000, 0x0000000710700000|  0%| F|  |TAMS 0x0000000710600000, 0x0000000710600000| Untracked 
| 227|0x0000000710700000, 0x0000000710700000, 0x0000000710800000|  0%| F|  |TAMS 0x0000000710700000, 0x0000000710700000| Untracked 
| 228|0x0000000710800000, 0x0000000710800000, 0x0000000710900000|  0%| F|  |TAMS 0x0000000710800000, 0x0000000710800000| Untracked 
| 229|0x0000000710900000, 0x0000000710900000, 0x0000000710a00000|  0%| F|  |TAMS 0x0000000710900000, 0x0000000710900000| Untracked 
| 230|0x0000000710a00000, 0x0000000710a00000, 0x0000000710b00000|  0%| F|  |TAMS 0x0000000710a00000, 0x0000000710a00000| Untracked 
| 231|0x0000000710b00000, 0x0000000710b00000, 0x0000000710c00000|  0%| F|  |TAMS 0x0000000710b00000, 0x0000000710b00000| Untracked 
| 232|0x0000000710c00000, 0x0000000710c00000, 0x0000000710d00000|  0%| F|  |TAMS 0x0000000710c00000, 0x0000000710c00000| Untracked 
| 233|0x0000000710d00000, 0x0000000710d00000, 0x0000000710e00000|  0%| F|  |TAMS 0x0000000710d00000, 0x0000000710d00000| Untracked 
| 234|0x0000000710e00000, 0x0000000710e00000, 0x0000000710f00000|  0%| F|  |TAMS 0x0000000710e00000, 0x0000000710e00000| Untracked 
| 235|0x0000000710f00000, 0x0000000710f00000, 0x0000000711000000|  0%| F|  |TAMS 0x0000000710f00000, 0x0000000710f00000| Untracked 
| 236|0x0000000711000000, 0x0000000711000000, 0x0000000711100000|  0%| F|  |TAMS 0x0000000711000000, 0x0000000711000000| Untracked 
| 237|0x0000000711100000, 0x0000000711100000, 0x0000000711200000|  0%| F|  |TAMS 0x0000000711100000, 0x0000000711100000| Untracked 
| 238|0x0000000711200000, 0x0000000711200000, 0x0000000711300000|  0%| F|  |TAMS 0x0000000711200000, 0x0000000711200000| Untracked 
| 239|0x0000000711300000, 0x0000000711300000, 0x0000000711400000|  0%| F|  |TAMS 0x0000000711300000, 0x0000000711300000| Untracked 
| 240|0x0000000711400000, 0x0000000711400000, 0x0000000711500000|  0%| F|  |TAMS 0x0000000711400000, 0x0000000711400000| Untracked 
| 241|0x0000000711500000, 0x0000000711500000, 0x0000000711600000|  0%| F|  |TAMS 0x0000000711500000, 0x0000000711500000| Untracked 
| 242|0x0000000711600000, 0x0000000711600000, 0x0000000711700000|  0%| F|  |TAMS 0x0000000711600000, 0x0000000711600000| Untracked 
| 243|0x0000000711700000, 0x0000000711700000, 0x0000000711800000|  0%| F|  |TAMS 0x0000000711700000, 0x0000000711700000| Untracked 
| 244|0x0000000711800000, 0x0000000711800000, 0x0000000711900000|  0%| F|  |TAMS 0x0000000711800000, 0x0000000711800000| Untracked 
| 245|0x0000000711900000, 0x0000000711900000, 0x0000000711a00000|  0%| F|  |TAMS 0x0000000711900000, 0x0000000711900000| Untracked 
| 246|0x0000000711a00000, 0x0000000711a00000, 0x0000000711b00000|  0%| F|  |TAMS 0x0000000711a00000, 0x0000000711a00000| Untracked 
| 247|0x0000000711b00000, 0x0000000711b00000, 0x0000000711c00000|  0%| F|  |TAMS 0x0000000711b00000, 0x0000000711b00000| Untracked 
| 248|0x0000000711c00000, 0x0000000711c00000, 0x0000000711d00000|  0%| F|  |TAMS 0x0000000711c00000, 0x0000000711c00000| Untracked 
| 249|0x0000000711d00000, 0x0000000711d00000, 0x0000000711e00000|  0%| F|  |TAMS 0x0000000711d00000, 0x0000000711d00000| Untracked 
| 250|0x0000000711e00000, 0x0000000711e00000, 0x0000000711f00000|  0%| F|  |TAMS 0x0000000711e00000, 0x0000000711e00000| Untracked 
| 251|0x0000000711f00000, 0x0000000711f00000, 0x0000000712000000|  0%| F|  |TAMS 0x0000000711f00000, 0x0000000711f00000| Untracked 
| 252|0x0000000712000000, 0x0000000712000000, 0x0000000712100000|  0%| F|  |TAMS 0x0000000712000000, 0x0000000712000000| Untracked 
| 253|0x0000000712100000, 0x0000000712100000, 0x0000000712200000|  0%| F|  |TAMS 0x0000000712100000, 0x0000000712100000| Untracked 
| 254|0x0000000712200000, 0x0000000712200000, 0x0000000712300000|  0%| F|  |TAMS 0x0000000712200000, 0x0000000712200000| Untracked 
| 255|0x0000000712300000, 0x0000000712300000, 0x0000000712400000|  0%| F|  |TAMS 0x0000000712300000, 0x0000000712300000| Untracked 
| 256|0x0000000712400000, 0x0000000712400000, 0x0000000712500000|  0%| F|  |TAMS 0x0000000712400000, 0x0000000712400000| Untracked 
| 257|0x0000000712500000, 0x0000000712500000, 0x0000000712600000|  0%| F|  |TAMS 0x0000000712500000, 0x0000000712500000| Untracked 
| 258|0x0000000712600000, 0x0000000712600000, 0x0000000712700000|  0%| F|  |TAMS 0x0000000712600000, 0x0000000712600000| Untracked 
| 259|0x0000000712700000, 0x0000000712700000, 0x0000000712800000|  0%| F|  |TAMS 0x0000000712700000, 0x0000000712700000| Untracked 
| 260|0x0000000712800000, 0x0000000712800000, 0x0000000712900000|  0%| F|  |TAMS 0x0000000712800000, 0x0000000712800000| Untracked 
| 261|0x0000000712900000, 0x0000000712900000, 0x0000000712a00000|  0%| F|  |TAMS 0x0000000712900000, 0x0000000712900000| Untracked 
| 262|0x0000000712a00000, 0x0000000712a00000, 0x0000000712b00000|  0%| F|  |TAMS 0x0000000712a00000, 0x0000000712a00000| Untracked 
| 263|0x0000000712b00000, 0x0000000712b00000, 0x0000000712c00000|  0%| F|  |TAMS 0x0000000712b00000, 0x0000000712b00000| Untracked 
| 264|0x0000000712c00000, 0x0000000712c00000, 0x0000000712d00000|  0%| F|  |TAMS 0x0000000712c00000, 0x0000000712c00000| Untracked 
| 265|0x0000000712d00000, 0x0000000712d00000, 0x0000000712e00000|  0%| F|  |TAMS 0x0000000712d00000, 0x0000000712d00000| Untracked 
| 266|0x0000000712e00000, 0x0000000712e00000, 0x0000000712f00000|  0%| F|  |TAMS 0x0000000712e00000, 0x0000000712e00000| Untracked 
| 267|0x0000000712f00000, 0x0000000712f00000, 0x0000000713000000|  0%| F|  |TAMS 0x0000000712f00000, 0x0000000712f00000| Untracked 
| 268|0x0000000713000000, 0x0000000713000000, 0x0000000713100000|  0%| F|  |TAMS 0x0000000713000000, 0x0000000713000000| Untracked 
| 269|0x0000000713100000, 0x0000000713100000, 0x0000000713200000|  0%| F|  |TAMS 0x0000000713100000, 0x0000000713100000| Untracked 
| 270|0x0000000713200000, 0x0000000713200000, 0x0000000713300000|  0%| F|  |TAMS 0x0000000713200000, 0x0000000713200000| Untracked 
| 271|0x0000000713300000, 0x0000000713300000, 0x0000000713400000|  0%| F|  |TAMS 0x0000000713300000, 0x0000000713300000| Untracked 
| 272|0x0000000713400000, 0x0000000713400000, 0x0000000713500000|  0%| F|  |TAMS 0x0000000713400000, 0x0000000713400000| Untracked 
| 273|0x0000000713500000, 0x0000000713500000, 0x0000000713600000|  0%| F|  |TAMS 0x0000000713500000, 0x0000000713500000| Untracked 
| 274|0x0000000713600000, 0x0000000713600000, 0x0000000713700000|  0%| F|  |TAMS 0x0000000713600000, 0x0000000713600000| Untracked 
| 275|0x0000000713700000, 0x0000000713700000, 0x0000000713800000|  0%| F|  |TAMS 0x0000000713700000, 0x0000000713700000| Untracked 
| 276|0x0000000713800000, 0x0000000713800000, 0x0000000713900000|  0%| F|  |TAMS 0x0000000713800000, 0x0000000713800000| Untracked 
| 277|0x0000000713900000, 0x0000000713900000, 0x0000000713a00000|  0%| F|  |TAMS 0x0000000713900000, 0x0000000713900000| Untracked 
| 278|0x0000000713a00000, 0x0000000713a00000, 0x0000000713b00000|  0%| F|  |TAMS 0x0000000713a00000, 0x0000000713a00000| Untracked 
| 279|0x0000000713b00000, 0x0000000713b00000, 0x0000000713c00000|  0%| F|  |TAMS 0x0000000713b00000, 0x0000000713b00000| Untracked 
| 280|0x0000000713c00000, 0x0000000713c00000, 0x0000000713d00000|  0%| F|  |TAMS 0x0000000713c00000, 0x0000000713c00000| Untracked 
| 281|0x0000000713d00000, 0x0000000713d00000, 0x0000000713e00000|  0%| F|  |TAMS 0x0000000713d00000, 0x0000000713d00000| Untracked 
| 282|0x0000000713e00000, 0x0000000713e80600, 0x0000000713f00000| 50%| O|  |TAMS 0x0000000713e00000, 0x0000000713e00000| Untracked 
| 283|0x0000000713f00000, 0x0000000713f00000, 0x0000000714000000|  0%| F|  |TAMS 0x0000000713f00000, 0x0000000713f00000| Untracked 
| 284|0x0000000714000000, 0x0000000714000000, 0x0000000714100000|  0%| F|  |TAMS 0x0000000714000000, 0x0000000714000000| Untracked 
| 285|0x0000000714100000, 0x0000000714100000, 0x0000000714200000|  0%| F|  |TAMS 0x0000000714100000, 0x0000000714100000| Untracked 
| 286|0x0000000714200000, 0x0000000714300000, 0x0000000714300000|100%| E|  |TAMS 0x0000000714200000, 0x0000000714200000| Complete 
| 287|0x0000000714300000, 0x0000000714400000, 0x0000000714400000|100%| E|CS|TAMS 0x0000000714300000, 0x0000000714300000| Complete 
| 288|0x0000000714400000, 0x0000000714500000, 0x0000000714500000|100%| E|CS|TAMS 0x0000000714400000, 0x0000000714400000| Complete 
| 289|0x0000000714500000, 0x0000000714600000, 0x0000000714600000|100%| E|CS|TAMS 0x0000000714500000, 0x0000000714500000| Complete 
| 290|0x0000000714600000, 0x0000000714700000, 0x0000000714700000|100%| E|CS|TAMS 0x0000000714600000, 0x0000000714600000| Complete 
| 291|0x0000000714700000, 0x0000000714800000, 0x0000000714800000|100%| E|CS|TAMS 0x0000000714700000, 0x0000000714700000| Complete 
| 292|0x0000000714800000, 0x0000000714900000, 0x0000000714900000|100%| E|CS|TAMS 0x0000000714800000, 0x0000000714800000| Complete 
| 293|0x0000000714900000, 0x0000000714a00000, 0x0000000714a00000|100%| E|CS|TAMS 0x0000000714900000, 0x0000000714900000| Complete 
| 294|0x0000000714a00000, 0x0000000714b00000, 0x0000000714b00000|100%| E|CS|TAMS 0x0000000714a00000, 0x0000000714a00000| Complete 

Card table byte_map: [0x000002451c7a0000,0x000002451cf90000] _byte_map_base: 0x0000024518f8e000

Marking Bits (Prev, Next): (CMBitMap*) 0x00000245059393c8, (CMBitMap*) 0x0000024505939400
 Prev Bits: [0x000002451d780000, 0x00000245216f0000)
 Next Bits: [0x00000245216f0000, 0x0000024525660000)

Polling page: 0x0000024503a50000

Metaspace:

Usage:
  Non-class:     24.23 MB capacity,    23.84 MB ( 98%) used,   319.70 KB (  1%) free+waste,    82.56 KB ( <1%) overhead. 
      Class:      3.72 MB capacity,     3.43 MB ( 92%) used,   249.33 KB (  7%) free+waste,    42.75 KB (  1%) overhead. 
       Both:     27.95 MB capacity,    27.27 MB ( 98%) used,   569.03 KB (  2%) free+waste,   125.31 KB ( <1%) overhead. 

Virtual space:
  Non-class space:       26.00 MB reserved,      24.42 MB ( 94%) committed 
      Class space:        1.00 GB reserved,       3.82 MB ( <1%) committed 
             Both:        1.03 GB reserved,      28.25 MB (  3%) committed 

Chunk freelists:
   Non-Class:  256 bytes
       Class:  256 bytes
        Both:  512 bytes

CodeHeap 'non-profiled nmethods': size=120064Kb used=2635Kb max_used=2635Kb free=117428Kb
 bounds [0x0000024514a70000, 0x0000024514d10000, 0x000002451bfb0000]
CodeHeap 'profiled nmethods': size=120000Kb used=8880Kb max_used=8880Kb free=111120Kb
 bounds [0x000002450d540000, 0x000002450ddf0000, 0x0000024514a70000]
CodeHeap 'non-nmethods': size=5696Kb used=1383Kb max_used=1473Kb free=4312Kb
 bounds [0x000002450cfb0000, 0x000002450d220000, 0x000002450d540000]
 total_blobs=4945 nmethods=4124 adapters=732
 compilation: enabled
              stopped_count=0, restarted_count=0
 full_count=0

Compilation events (10 events):
Event: 41.325 Thread 0x0000024528486000 4133       4       java.lang.ref.ReferenceQueue::remove (6 bytes)
Event: 41.325 Thread 0x0000024528486000 nmethod 4133 0x0000024514d01b90 code [0x0000024514d01d20, 0x0000024514d01da8]
Event: 41.867 Thread 0x000002452848e000 4134       1       com.sun.javafx.css.CalculatedValue::getOrigin (5 bytes)
Event: 41.867 Thread 0x000002452848e000 nmethod 4134 0x0000024514d01e90 code [0x0000024514d02020, 0x0000024514d020d8]
Event: 41.867 Thread 0x000002452848e000 4135       1       javafx.scene.text.Font::getSize (5 bytes)
Event: 41.867 Thread 0x000002452848e000 nmethod 4135 0x0000024514d02190 code [0x0000024514d02320, 0x0000024514d023d8]
Event: 42.811 Thread 0x0000024528486000 4136       4       com.sun.javafx.collections.ObservableListWrapper::size (10 bytes)
Event: 42.811 Thread 0x0000024528486000 nmethod 4136 0x0000024514d02490 code [0x0000024514d02620, 0x0000024514d026b8]
Event: 43.708 Thread 0x0000024528486000 4137       4       org.bytedeco.javacpp.Pointer::equals (82 bytes)
Event: 43.710 Thread 0x0000024528486000 nmethod 4137 0x0000024514d02790 code [0x0000024514d02920, 0x0000024514d02ad8]

GC Heap History (10 events):
Event: 35.120 GC heap before
{Heap before GC invocations=25 (full 0):
 garbage-first heap   total 292864K, used 291397K [0x0000000702400000, 0x0000000800000000)
  region size 1024K, 168 young (172032K), 1 survivors (1024K)
 Metaspace       used 27913K, capacity 28617K, committed 28924K, reserved 1075200K
  class space    used 3513K, capacity 3806K, committed 3916K, reserved 1048576K
}
Event: 35.123 GC heap after
{Heap after GC invocations=26 (full 0):
 garbage-first heap   total 293888K, used 15953K [0x0000000702400000, 0x0000000800000000)
  region size 1024K, 1 young (1024K), 1 survivors (1024K)
 Metaspace       used 27913K, capacity 28617K, committed 28924K, reserved 1075200K
  class space    used 3513K, capacity 3806K, committed 3916K, reserved 1048576K
}
Event: 37.124 GC heap before
{Heap before GC invocations=26 (full 0):
 garbage-first heap   total 295936K, used 293457K [0x0000000702400000, 0x0000000800000000)
  region size 1024K, 172 young (176128K), 1 survivors (1024K)
 Metaspace       used 27917K, capacity 28617K, committed 28924K, reserved 1075200K
  class space    used 3513K, capacity 3806K, committed 3916K, reserved 1048576K
}
Event: 37.125 GC heap after
{Heap after GC invocations=27 (full 0):
 garbage-first heap   total 295936K, used 15949K [0x0000000702400000, 0x0000000800000000)
  region size 1024K, 1 young (1024K), 1 survivors (1024K)
 Metaspace       used 27917K, capacity 28617K, committed 28924K, reserved 1075200K
  class space    used 3513K, capacity 3806K, committed 3916K, reserved 1048576K
}
Event: 39.258 GC heap before
{Heap before GC invocations=27 (full 0):
 garbage-first heap   total 297984K, used 296525K [0x0000000702400000, 0x0000000800000000)
  region size 1024K, 169 young (173056K), 1 survivors (1024K)
 Metaspace       used 27921K, capacity 28617K, committed 28924K, reserved 1075200K
  class space    used 3513K, capacity 3806K, committed 3916K, reserved 1048576K
}
Event: 39.260 GC heap after
{Heap after GC invocations=28 (full 0):
 garbage-first heap   total 299008K, used 15948K [0x0000000702400000, 0x0000000800000000)
  region size 1024K, 1 young (1024K), 1 survivors (1024K)
 Metaspace       used 27921K, capacity 28617K, committed 28924K, reserved 1075200K
  class space    used 3513K, capacity 3806K, committed 3916K, reserved 1048576K
}
Event: 41.324 GC heap before
{Heap before GC invocations=28 (full 0):
 garbage-first heap   total 301056K, used 299596K [0x0000000702400000, 0x0000000800000000)
  region size 1024K, 174 young (178176K), 1 survivors (1024K)
 Metaspace       used 27925K, capacity 28620K, committed 28924K, reserved 1075200K
  class space    used 3513K, capacity 3806K, committed 3916K, reserved 1048576K
}
Event: 41.325 GC heap after
{Heap after GC invocations=29 (full 0):
 garbage-first heap   total 302080K, used 15957K [0x0000000702400000, 0x0000000800000000)
  region size 1024K, 1 young (1024K), 1 survivors (1024K)
 Metaspace       used 27925K, capacity 28620K, committed 28924K, reserved 1075200K
  class space    used 3513K, capacity 3806K, committed 3916K, reserved 1048576K
}
Event: 43.900 GC heap before
{Heap before GC invocations=29 (full 0):
 garbage-first heap   total 302080K, used 274005K [0x0000000702400000, 0x0000000800000000)
  region size 1024K, 177 young (181248K), 1 survivors (1024K)
 Metaspace       used 27925K, capacity 28620K, committed 28924K, reserved 1075200K
  class space    used 3513K, capacity 3806K, committed 3916K, reserved 1048576K
}
Event: 43.903 GC heap after
{Heap after GC invocations=30 (full 0):
 garbage-first heap   total 302080K, used 15955K [0x0000000702400000, 0x0000000800000000)
  region size 1024K, 1 young (1024K), 1 survivors (1024K)
 Metaspace       used 27925K, capacity 28620K, committed 28924K, reserved 1075200K
  class space    used 3513K, capacity 3806K, committed 3916K, reserved 1048576K
}

Deoptimization events (10 events):
Event: 5.382 Thread 0x0000024529c5a000 Uncommon trap: reason=class_check action=maybe_recompile pc=0x0000024514b933f0 method=java.util.HashMap.putVal(ILjava/lang/Object;Ljava/lang/Object;ZZ)Ljava/lang/Object; @ 253 c2
Event: 5.435 Thread 0x0000024529c5a000 Uncommon trap: reason=unstable_if action=reinterpret pc=0x0000024514b8ffbc method=java.lang.String.replace(Ljava/lang/CharSequence;Ljava/lang/CharSequence;)Ljava/lang/String; @ 24 c2
Event: 5.550 Thread 0x0000024529c5a000 Uncommon trap: reason=intrinsic_or_type_checked_inlining action=make_not_entrant pc=0x0000024514bb1350 method=java.util.ArrayList.toArray([Ljava/lang/Object;)[Ljava/lang/Object; @ 36 c2
Event: 5.800 Thread 0x0000024529c5a000 Uncommon trap: reason=class_check action=make_not_entrant pc=0x0000024514bccd40 method=java.util.ArrayList.toArray([Ljava/lang/Object;)[Ljava/lang/Object; @ 21 c2
Event: 6.266 Thread 0x0000024529c5a000 Uncommon trap: reason=range_check action=make_not_entrant pc=0x0000024514b9fdfc method=java.util.zip.ZipUtils.get16([BI)I @ 11 c2
Event: 12.454 Thread 0x0000024529c58800 Uncommon trap: reason=range_check action=make_not_entrant pc=0x0000024514c12be0 method=org.bytedeco.javacpp.Loader.loadLibrary(Ljava/lang/Class;[Ljava/net/URL;Ljava/lang/String;[Ljava/lang/String;)Ljava/lang/String; @ 86 c2
Event: 12.965 Thread 0x0000024528e64800 Uncommon trap: reason=unstable_if action=reinterpret pc=0x0000024514bc6a48 method=java.util.concurrent.locks.AbstractQueuedSynchronizer.doReleaseShared()V @ 69 c2
Event: 13.379 Thread 0x0000024528e64800 Uncommon trap: reason=unstable_if action=reinterpret pc=0x0000024514b3e444 method=java.util.WeakHashMap.expungeStaleEntries()V @ 66 c2
Event: 17.217 Thread 0x00000245294a5000 Uncommon trap: reason=unstable_if action=reinterpret pc=0x0000024514c97dbc method=java.lang.StrictMath.floorOrCeil(DDDD)D @ 14 c2
Event: 39.851 Thread 0x00000245294a5000 Uncommon trap: reason=unstable_if action=reinterpret pc=0x0000024514ce228c method=java.security.AccessControlContext.optimize()Ljava/security/AccessControlContext; @ 11 c2

Classes redefined (0 events):
No events

Internal exceptions (10 events):
Event: 12.704 Thread 0x0000024529c58800 Exception <a 'sun/nio/fs/WindowsException'{0x000000070c3561b8}> (0x000000070c3561b8) thrown at [./open/src/hotspot/share/prims/jni.cpp, line 611]
Event: 12.704 Thread 0x0000024529c58800 Exception <a 'sun/nio/fs/WindowsException'{0x000000070c3574d8}> (0x000000070c3574d8) thrown at [./open/src/hotspot/share/prims/jni.cpp, line 611]
Event: 12.704 Thread 0x0000024529c58800 Exception <a 'sun/nio/fs/WindowsException'{0x000000070c358878}> (0x000000070c358878) thrown at [./open/src/hotspot/share/prims/jni.cpp, line 611]
Event: 12.704 Thread 0x0000024529c58800 Exception <a 'sun/nio/fs/WindowsException'{0x000000070c359a98}> (0x000000070c359a98) thrown at [./open/src/hotspot/share/prims/jni.cpp, line 611]
Event: 12.704 Thread 0x0000024529c58800 Exception <a 'sun/nio/fs/WindowsException'{0x000000070c35acf0}> (0x000000070c35acf0) thrown at [./open/src/hotspot/share/prims/jni.cpp, line 611]
Event: 12.705 Thread 0x0000024529c58800 Exception <a 'sun/nio/fs/WindowsException'{0x000000070c35bf60}> (0x000000070c35bf60) thrown at [./open/src/hotspot/share/prims/jni.cpp, line 611]
Event: 12.705 Thread 0x0000024529c58800 Exception <a 'sun/nio/fs/WindowsException'{0x000000070c35d180}> (0x000000070c35d180) thrown at [./open/src/hotspot/share/prims/jni.cpp, line 611]
Event: 12.705 Thread 0x0000024529c58800 Exception <a 'sun/nio/fs/WindowsException'{0x000000070c35e3a0}> (0x000000070c35e3a0) thrown at [./open/src/hotspot/share/prims/jni.cpp, line 611]
Event: 12.705 Thread 0x0000024529c58800 Exception <a 'sun/nio/fs/WindowsException'{0x000000070c35f5c0}> (0x000000070c35f5c0) thrown at [./open/src/hotspot/share/prims/jni.cpp, line 611]
Event: 12.705 Thread 0x0000024529c58800 Exception <a 'sun/nio/fs/WindowsException'{0x000000070c3607e0}> (0x000000070c3607e0) thrown at [./open/src/hotspot/share/prims/jni.cpp, line 611]

Events (10 events):
Event: 43.907 Thread 0x0000024529c59800 Thread exited: 0x0000024529c59800
Event: 43.907 Thread 0x0000024529c59800 Thread added: 0x0000024529c59800
Event: 43.907 Thread 0x0000024529c59800 Thread exited: 0x0000024529c59800
Event: 43.907 Thread 0x0000024529c59800 Thread added: 0x0000024529c59800
Event: 43.908 Thread 0x0000024529c59800 Thread exited: 0x0000024529c59800
Event: 43.908 Thread 0x0000024529c59800 Thread added: 0x0000024529c59800
Event: 43.908 Thread 0x0000024529c59800 Thread exited: 0x0000024529c59800
Event: 44.001 Thread 0x0000024529c5a000 Thread added: 0x0000024529c5a000
Event: 44.001 Thread 0x0000024529c5a000 Thread exited: 0x0000024529c5a000
Event: 44.001 Thread 0x0000024529c59800 Thread added: 0x0000024529c59800


Dynamic libraries:
0x00007ff7b6390000 - 0x00007ff7b63a0000 	C:\Program Files\Java\jdk-11\bin\java.exe
0x00007ffd0cbb0000 - 0x00007ffd0cda8000 	C:\Windows\SYSTEM32\ntdll.dll
0x00007ffd0c620000 - 0x00007ffd0c6df000 	C:\Windows\System32\KERNEL32.DLL
0x00007ffd0a390000 - 0x00007ffd0a686000 	C:\Windows\System32\KERNELBASE.dll
0x00007ffd0a290000 - 0x00007ffd0a390000 	C:\Windows\System32\ucrtbase.dll
0x00007ffd020c0000 - 0x00007ffd020db000 	C:\Program Files\Java\jdk-11\bin\VCRUNTIME140.dll
0x00007ffcfee30000 - 0x00007ffcfee48000 	C:\Program Files\Java\jdk-11\bin\jli.dll
0x00007ffd0aeb0000 - 0x00007ffd0af5f000 	C:\Windows\System32\ADVAPI32.dll
0x00007ffd0bc50000 - 0x00007ffd0bcee000 	C:\Windows\System32\msvcrt.dll
0x00007ffd0bb30000 - 0x00007ffd0bbcc000 	C:\Windows\System32\sechost.dll
0x00007ffd0b250000 - 0x00007ffd0b376000 	C:\Windows\System32\RPCRT4.dll
0x00007ffd0b7f0000 - 0x00007ffd0b98d000 	C:\Windows\System32\USER32.dll
0x00007ffd0abe0000 - 0x00007ffd0ac02000 	C:\Windows\System32\win32u.dll
0x00007ffcf0730000 - 0x00007ffcf09ca000 	C:\Windows\WinSxS\amd64_microsoft.windows.common-controls_6595b64144ccf1df_6.0.19041.1110_none_60b5254171f9507e\COMCTL32.dll
0x00007ffd0c440000 - 0x00007ffd0c46c000 	C:\Windows\System32\GDI32.dll
0x00007ffd0a880000 - 0x00007ffd0a995000 	C:\Windows\System32\gdi32full.dll
0x00007ffd0a690000 - 0x00007ffd0a72d000 	C:\Windows\System32\msvcp_win.dll
0x00007ffcffed0000 - 0x00007ffcffeda000 	C:\Windows\SYSTEM32\VERSION.dll
0x00007ffd0c5f0000 - 0x00007ffd0c620000 	C:\Windows\System32\IMM32.DLL
0x00007ffd02220000 - 0x00007ffd0222c000 	C:\Program Files\Java\jdk-11\bin\vcruntime140_1.dll
0x00007ffcf6e90000 - 0x00007ffcf6f1e000 	C:\Program Files\Java\jdk-11\bin\msvcp140.dll
0x00007ffcbb880000 - 0x00007ffcbc3e8000 	C:\Program Files\Java\jdk-11\bin\server\jvm.dll
0x00007ffd0ba60000 - 0x00007ffd0ba68000 	C:\Windows\System32\PSAPI.DLL
0x00007ffcefde0000 - 0x00007ffcefe07000 	C:\Windows\SYSTEM32\WINMM.dll
0x00007ffd051c0000 - 0x00007ffd051c9000 	C:\Windows\SYSTEM32\WSOCK32.dll
0x00007ffd0b990000 - 0x00007ffd0b9fb000 	C:\Windows\System32\ws2_32.DLL
0x00007ffd08ad0000 - 0x00007ffd08ae2000 	C:\Windows\SYSTEM32\kernel.appcore.dll
0x00007ffd020b0000 - 0x00007ffd020c0000 	C:\Program Files\Java\jdk-11\bin\verify.dll
0x00007ffd07e80000 - 0x00007ffd08064000 	C:\Windows\SYSTEM32\DBGHELP.DLL
0x00007ffcefcb0000 - 0x00007ffcefce4000 	C:\Windows\SYSTEM32\dbgcore.DLL
0x00007ffd0a730000 - 0x00007ffd0a7b2000 	C:\Windows\System32\bcryptPrimitives.dll
0x00007ffcf70c0000 - 0x00007ffcf70e8000 	C:\Program Files\Java\jdk-11\bin\java.dll
0x00007ffd02060000 - 0x00007ffd0206a000 	C:\Program Files\Java\jdk-11\bin\jimage.dll
0x00007ffcf70b0000 - 0x00007ffcf70be000 	C:\Program Files\Java\jdk-11\bin\instrument.dll
0x00007ffcfeaf0000 - 0x00007ffcfeb07000 	C:\Program Files\Java\jdk-11\bin\zip.dll
0x00007ffd0bcf0000 - 0x00007ffd0c434000 	C:\Windows\System32\SHELL32.dll
0x00007ffd082e0000 - 0x00007ffd08a73000 	C:\Windows\SYSTEM32\windows.storage.dll
0x00007ffd0c810000 - 0x00007ffd0cb64000 	C:\Windows\System32\combase.dll
0x00007ffd09ce0000 - 0x00007ffd09d0e000 	C:\Windows\SYSTEM32\Wldp.dll
0x00007ffd0b070000 - 0x00007ffd0b11d000 	C:\Windows\System32\SHCORE.dll
0x00007ffd0bbf0000 - 0x00007ffd0bc45000 	C:\Windows\System32\shlwapi.dll
0x00007ffd0a1d0000 - 0x00007ffd0a1ef000 	C:\Windows\SYSTEM32\profapi.dll
0x00007ffcfa4e0000 - 0x00007ffcfa4f9000 	C:\Program Files\Java\jdk-11\bin\net.dll
0x00007ffd06610000 - 0x00007ffd0671a000 	C:\Windows\SYSTEM32\WINHTTP.dll
0x00007ffd09a40000 - 0x00007ffd09aaa000 	C:\Windows\system32\mswsock.dll
0x00007ffcf7b70000 - 0x00007ffcf7b82000 	C:\Program Files\Java\jdk-11\bin\nio.dll
0x00007ffcf7070000 - 0x00007ffcf708a000 	C:\Program Files\JetBrains\IntelliJ IDEA 2022.3.2\bin\breakgen64.dll
0x0000024505880000 - 0x0000024505883000 	C:\Users\fs-dev1\.openjfx\cache\17.0.2-ea\api-ms-win-core-console-l1-1-0.dll
0x0000024505890000 - 0x0000024505893000 	C:\Users\fs-dev1\.openjfx\cache\17.0.2-ea\api-ms-win-core-console-l1-2-0.dll
0x00000245058a0000 - 0x00000245058a3000 	C:\Users\fs-dev1\.openjfx\cache\17.0.2-ea\api-ms-win-core-datetime-l1-1-0.dll
0x0000024529200000 - 0x0000024529203000 	C:\Users\fs-dev1\.openjfx\cache\17.0.2-ea\api-ms-win-core-debug-l1-1-0.dll
0x0000024529210000 - 0x0000024529213000 	C:\Users\fs-dev1\.openjfx\cache\17.0.2-ea\api-ms-win-core-errorhandling-l1-1-0.dll
0x0000024529220000 - 0x0000024529224000 	C:\Users\fs-dev1\.openjfx\cache\17.0.2-ea\api-ms-win-core-file-l1-1-0.dll
0x0000024529230000 - 0x0000024529233000 	C:\Users\fs-dev1\.openjfx\cache\17.0.2-ea\api-ms-win-core-file-l1-2-0.dll
0x0000024529240000 - 0x0000024529243000 	C:\Users\fs-dev1\.openjfx\cache\17.0.2-ea\api-ms-win-core-file-l2-1-0.dll
0x0000024529250000 - 0x0000024529253000 	C:\Users\fs-dev1\.openjfx\cache\17.0.2-ea\api-ms-win-core-handle-l1-1-0.dll
0x0000024529260000 - 0x0000024529263000 	C:\Users\fs-dev1\.openjfx\cache\17.0.2-ea\api-ms-win-core-heap-l1-1-0.dll
0x0000024529270000 - 0x0000024529273000 	C:\Users\fs-dev1\.openjfx\cache\17.0.2-ea\api-ms-win-core-interlocked-l1-1-0.dll
0x0000024529280000 - 0x0000024529283000 	C:\Users\fs-dev1\.openjfx\cache\17.0.2-ea\api-ms-win-core-libraryloader-l1-1-0.dll
0x0000024529290000 - 0x0000024529293000 	C:\Users\fs-dev1\.openjfx\cache\17.0.2-ea\api-ms-win-core-localization-l1-2-0.dll
0x00000245292a0000 - 0x00000245292a3000 	C:\Users\fs-dev1\.openjfx\cache\17.0.2-ea\api-ms-win-core-memory-l1-1-0.dll
0x00000245292b0000 - 0x00000245292b3000 	C:\Users\fs-dev1\.openjfx\cache\17.0.2-ea\api-ms-win-core-namedpipe-l1-1-0.dll
0x00000245292c0000 - 0x00000245292c3000 	C:\Users\fs-dev1\.openjfx\cache\17.0.2-ea\api-ms-win-core-processenvironment-l1-1-0.dll
0x00000245292d0000 - 0x00000245292d3000 	C:\Users\fs-dev1\.openjfx\cache\17.0.2-ea\api-ms-win-core-processthreads-l1-1-0.dll
0x00000245292e0000 - 0x00000245292e3000 	C:\Users\fs-dev1\.openjfx\cache\17.0.2-ea\api-ms-win-core-processthreads-l1-1-1.dll
0x00000245292f0000 - 0x00000245292f3000 	C:\Users\fs-dev1\.openjfx\cache\17.0.2-ea\api-ms-win-core-profile-l1-1-0.dll
0x0000024529300000 - 0x0000024529303000 	C:\Users\fs-dev1\.openjfx\cache\17.0.2-ea\api-ms-win-core-rtlsupport-l1-1-0.dll
0x0000024529310000 - 0x0000024529313000 	C:\Users\fs-dev1\.openjfx\cache\17.0.2-ea\api-ms-win-core-string-l1-1-0.dll
0x0000024529320000 - 0x0000024529323000 	C:\Users\fs-dev1\.openjfx\cache\17.0.2-ea\api-ms-win-core-synch-l1-1-0.dll
0x0000024529330000 - 0x0000024529333000 	C:\Users\fs-dev1\.openjfx\cache\17.0.2-ea\api-ms-win-core-synch-l1-2-0.dll
0x0000024529340000 - 0x0000024529343000 	C:\Users\fs-dev1\.openjfx\cache\17.0.2-ea\api-ms-win-core-sysinfo-l1-1-0.dll
0x0000024529350000 - 0x0000024529353000 	C:\Users\fs-dev1\.openjfx\cache\17.0.2-ea\api-ms-win-core-timezone-l1-1-0.dll
0x0000024529360000 - 0x0000024529363000 	C:\Users\fs-dev1\.openjfx\cache\17.0.2-ea\api-ms-win-core-util-l1-1-0.dll
0x0000024529370000 - 0x0000024529373000 	C:\Users\fs-dev1\.openjfx\cache\17.0.2-ea\api-ms-win-crt-conio-l1-1-0.dll
0x0000024529380000 - 0x0000024529384000 	C:\Users\fs-dev1\.openjfx\cache\17.0.2-ea\api-ms-win-crt-convert-l1-1-0.dll
0x0000024529390000 - 0x0000024529393000 	C:\Users\fs-dev1\.openjfx\cache\17.0.2-ea\api-ms-win-crt-environment-l1-1-0.dll
0x00000245293a0000 - 0x00000245293a3000 	C:\Users\fs-dev1\.openjfx\cache\17.0.2-ea\api-ms-win-crt-filesystem-l1-1-0.dll
0x00000245293b0000 - 0x00000245293b3000 	C:\Users\fs-dev1\.openjfx\cache\17.0.2-ea\api-ms-win-crt-heap-l1-1-0.dll
0x00000245293c0000 - 0x00000245293c3000 	C:\Users\fs-dev1\.openjfx\cache\17.0.2-ea\api-ms-win-crt-locale-l1-1-0.dll
0x00000245293d0000 - 0x00000245293d5000 	C:\Users\fs-dev1\.openjfx\cache\17.0.2-ea\api-ms-win-crt-math-l1-1-0.dll
0x00000245293e0000 - 0x00000245293e5000 	C:\Users\fs-dev1\.openjfx\cache\17.0.2-ea\api-ms-win-crt-multibyte-l1-1-0.dll
0x00000245293f0000 - 0x0000024529400000 	C:\Users\fs-dev1\.openjfx\cache\17.0.2-ea\api-ms-win-crt-private-l1-1-0.dll
0x0000024529400000 - 0x0000024529403000 	C:\Users\fs-dev1\.openjfx\cache\17.0.2-ea\api-ms-win-crt-process-l1-1-0.dll
0x0000024529410000 - 0x0000024529414000 	C:\Users\fs-dev1\.openjfx\cache\17.0.2-ea\api-ms-win-crt-runtime-l1-1-0.dll
0x0000024529420000 - 0x0000024529424000 	C:\Users\fs-dev1\.openjfx\cache\17.0.2-ea\api-ms-win-crt-stdio-l1-1-0.dll
0x0000024529430000 - 0x0000024529434000 	C:\Users\fs-dev1\.openjfx\cache\17.0.2-ea\api-ms-win-crt-string-l1-1-0.dll
0x0000024529440000 - 0x0000024529443000 	C:\Users\fs-dev1\.openjfx\cache\17.0.2-ea\api-ms-win-crt-time-l1-1-0.dll
0x0000024529450000 - 0x0000024529453000 	C:\Users\fs-dev1\.openjfx\cache\17.0.2-ea\api-ms-win-crt-utility-l1-1-0.dll
0x00007ffcdd310000 - 0x00007ffcdd40c000 	C:\Users\fs-dev1\.openjfx\cache\17.0.2-ea\ucrtbase.dll
0x00007ffcf7050000 - 0x00007ffcf706a000 	C:\Users\fs-dev1\.openjfx\cache\17.0.2-ea\vcruntime140.dll
0x00007ffcf7040000 - 0x00007ffcf704c000 	C:\Users\fs-dev1\.openjfx\cache\17.0.2-ea\vcruntime140_1.dll
0x00007ffce5a50000 - 0x00007ffce5add000 	C:\Users\fs-dev1\.openjfx\cache\17.0.2-ea\msvcp140.dll
0x00007ffcf6ff0000 - 0x00007ffcf701a000 	C:\Users\fs-dev1\.openjfx\cache\17.0.2-ea\prism_d3d.dll
0x00007ffcd0310000 - 0x00007ffcd04dd000 	C:\Windows\system32\d3d9.dll
0x00007ffd07050000 - 0x00007ffd0707f000 	C:\Windows\SYSTEM32\dwmapi.dll
0x00007ffd06470000 - 0x00007ffd0650e000 	C:\Windows\system32\uxtheme.dll
0x00007ffcdb910000 - 0x00007ffcdbabf000 	C:\Windows\System32\DriverStore\FileRepository\iigd_dch.inf_amd64_51f685305808e3a5\igdumdim64.dll
0x00007ffd0c6e0000 - 0x00007ffd0c80a000 	C:\Windows\System32\ole32.dll
0x00007ffcad5d0000 - 0x00007ffcb0673000 	C:\Windows\System32\DriverStore\FileRepository\iigd_dch.inf_amd64_51f685305808e3a5\igd9dxva64.dll
0x00007ffd0b120000 - 0x00007ffd0b1ed000 	C:\Windows\System32\OLEAUT32.dll
0x00007ffd0b380000 - 0x00007ffd0b7e8000 	C:\Windows\System32\SETUPAPI.dll
0x00007ffd0a7c0000 - 0x00007ffd0a80e000 	C:\Windows\System32\cfgmgr32.dll
0x00007ffd0ab00000 - 0x00007ffd0ab27000 	C:\Windows\System32\bcrypt.dll
0x00007ffcfe6e0000 - 0x00007ffcfeae9000 	C:\Windows\System32\DriverStore\FileRepository\iigd_dch.inf_amd64_51f685305808e3a5\igdgmm64.dll
0x00007ffcf6e40000 - 0x00007ffcf6e82000 	C:\Users\fs-dev1\.openjfx\cache\17.0.2-ea\glass.dll
0x00007ffd0adc0000 - 0x00007ffd0ae9a000 	C:\Windows\System32\COMDLG32.dll
0x00007ffd0c470000 - 0x00007ffd0c584000 	C:\Windows\System32\MSCTF.dll
0x00007ffce5c30000 - 0x00007ffce5c57000 	C:\Windows\System32\DriverStore\FileRepository\iigd_dch.inf_amd64_51f685305808e3a5\igdinfo64.dll
0x00007ffd09c30000 - 0x00007ffd09c48000 	C:\Windows\SYSTEM32\CRYPTSP.dll
0x00007ffd092f0000 - 0x00007ffd09324000 	C:\Windows\system32\rsaenh.dll
0x00007ffd09c50000 - 0x00007ffd09c5c000 	C:\Windows\SYSTEM32\CRYPTBASE.dll
0x00007ffcfaf40000 - 0x00007ffcfe6d4000 	C:\Windows\System32\DriverStore\FileRepository\iigd_dch.inf_amd64_51f685305808e3a5\igc64.dll
0x00007ffd03e40000 - 0x00007ffd03e7b000 	C:\Windows\SYSTEM32\dxcore.dll
0x00007ffcf6e20000 - 0x00007ffcf6e34000 	C:\Users\fs-dev1\.openjfx\cache\17.0.2-ea\javafx_font.dll
0x00007ffd07ae0000 - 0x00007ffd07d5f000 	C:\Windows\SYSTEM32\dwrite.dll
0x00007ffcf7030000 - 0x00007ffcf7037000 	C:\Users\fs-dev1\.openjfx\cache\17.0.2-ea\prism_common.dll
0x00007ffd0ba70000 - 0x00007ffd0bb19000 	C:\Windows\System32\clbcatq.dll
0x00007ffd02dc0000 - 0x00007ffd02f74000 	C:\Windows\SYSTEM32\WindowsCodecs.dll
0x00007ffcdf710000 - 0x00007ffcdf74e000 	C:\Windows\system32\dataexchange.dll
0x00007ffd08070000 - 0x00007ffd082d3000 	C:\Windows\system32\d3d11.dll
0x00007ffd05820000 - 0x00007ffd05a03000 	C:\Windows\system32\dcomp.dll
0x00007ffd08c60000 - 0x00007ffd08d53000 	C:\Windows\system32\dxgi.dll
0x00007ffd02f80000 - 0x00007ffd03187000 	C:\Windows\system32\twinapi.appcore.dll
0x00007ffce5a10000 - 0x00007ffce5a44000 	C:\Program Files\Common Files\Microsoft Shared\Ink\rtscom.dll
0x00007ffcfa190000 - 0x00007ffcfa289000 	C:\Windows\SYSTEM32\textinputframework.dll
0x00007ffd060f0000 - 0x00007ffd061e2000 	C:\Windows\System32\CoreMessaging.dll
0x00007ffd05d90000 - 0x00007ffd060ee000 	C:\Windows\System32\CoreUIComponents.dll
0x00007ffd09410000 - 0x00007ffd09443000 	C:\Windows\SYSTEM32\ntmarta.dll

dbghelp: loaded successfully - version: 4.0.5 - missing functions: none
symbol engine: initialized successfully - sym options: 0x614 - pdb path: .;C:\Program Files\Java\jdk-11\bin;C:\Windows\SYSTEM32;C:\Windows\WinSxS\amd64_microsoft.windows.common-controls_6595b64144ccf1df_6.0.19041.1110_none_60b5254171f9507e;C:\Program Files\Java\jdk-11\bin\server;C:\Program Files\JetBrains\IntelliJ IDEA 2022.3.2\bin;C:\Users\fs-dev1\.openjfx\cache\17.0.2-ea;C:\Windows\System32\DriverStore\FileRepository\iigd_dch.inf_amd64_51f685305808e3a5;C:\Program Files\Common Files\Microsoft Shared\Ink;C:\Program Files (x86)\SogouInput\9.2.0.2770;C:\Program Files (x86)\SogouInput\Components\PicFace\1.1.0.1844;C:\Users\fs-dev1\AppData\Local\Temp;D:\work\project\WebCamComponent\lib\HV_lib;C:\Users\fs-dev1\.javacpp\cache\javacpp-1.5.4-windows-x86_64.jar\org\bytedeco\javacpp\windows-x86_64;C:\Users\fs-dev1\.javacpp\cache\ffmpeg-4.3.1-1.5.4-windows-x86_64.jar\org\bytedeco\ffmpeg\windows-x86_64;D:\work\project\WebCamComponent\lib\HV_lib\HCNetSDKCom

VM Arguments:
jvm_args: -javaagent:C:\Program Files\JetBrains\IntelliJ IDEA 2022.3.2\lib\idea_rt.jar=62104:C:\Program Files\JetBrains\IntelliJ IDEA 2022.3.2\bin -Dfile.encoding=UTF-8 --module-path=C:\Users\fs-dev1\.m2\repository\org\bytedeco\openblas\0.3.10-1.5.4\openblas-0.3.10-1.5.4.jar;C:\Users\fs-dev1\.m2\repository\org\bytedeco\artoolkitplus\2.3.1-1.5.4\artoolkitplus-2.3.1-1.5.4.jar;C:\Users\fs-dev1\.m2\repository\org\openjfx\javafx-base\17.0.2\javafx-base-17.0.2-win.jar;C:\Users\fs-dev1\.m2\repository\org\bytedeco\libfreenect2\0.2.0-1.5.4\libfreenect2-0.2.0-1.5.4.jar;C:\Users\fs-dev1\.m2\repository\org\bytedeco\libfreenect\0.5.7-1.5.4\libfreenect-0.5.7-1.5.4.jar;C:\Users\fs-dev1\.m2\repository\org\bytedeco\libdc1394\2.2.6-1.5.4\libdc1394-2.2.6-1.5.4.jar;C:\Users\fs-dev1\.m2\repository\org\bytedeco\ffmpeg\4.3.1-1.5.4\ffmpeg-4.3.1-1.5.4.jar;C:\Users\fs-dev1\.m2\repository\org\bytedeco\tesseract\4.1.1-1.5.4\tesseract-4.1.1-1.5.4.jar;C:\Users\fs-dev1\.m2\repository\org\bytedeco\javacpp\1.5.4\javacpp-1.5.4.jar;C:\Users\fs-dev1\.m2\repository\org\openjfx\javafx-graphics\17.0.2\javafx-graphics-17.0.2-win.jar;C:\Users\fs-dev1\.m2\repository\org\bytedeco\flycapture\2.13.3.31-1.5.4\flycapture-2.13.3.31-1.5.4.jar;C:\Users\fs-dev1\.m2\repository\org\openjfx\javafx-swing\16\javafx-swing-16-win.jar;C:\Users\fs-dev1\.m2\repository\org\openjfx\javafx-fxml\17.0.2\javafx-fxml-17.0.2-win.jar;D:\work\project\WebCamComponent\target\classes;C:\Users\fs-dev1\.m2\repository\org\bytedeco\opencv\4.4.0-1.5.4\opencv-4.4.0-1.5.4.jar;C:\Users\fs-dev1\.m2\repository\org\bytedeco\javacv\1.5.4\javacv-1.5.4.jar;C:\Users\fs-dev1\.m2\repository\org\openjfx\javafx-controls\17.0.2\javafx-controls-17.0.2-win.jar;D:\work\project\WebCamComponent\lib\HV_lib\jna.jar;C:\Users\fs-dev1\.m2\repository\org\bytedeco\flandmark\1.07-1.5.4\flandmark-1.07-1.5.4.jar;D:\work\project\WebCamComponent\lib\HV_lib\examples.jar;C:\Users\fs-dev1\.m2\repository\org\bytedeco\videoinput\0.200-1.5.4\videoinput-0.200-1.5.4.jar;C:\Users\fs-dev1\.m2\repository\org\bytedeco\librealsense\1.12.4-1.5.4\librealsense-1.12.4-1.5.4.jar;C:\Users\fs-dev1\.m2\repository\org\bytedeco\leptonica\1.80.0-1.5.4\leptonica-1-Djdk.module.main=com.fs.webcamcomponent 
java_command: com.fs.webcamcomponent/com.fs.webcamcomponent.WebCamApplication
java_class_path (initial): C:\Users\fs-dev1\.m2\repository\org\openjfx\javafx-controls\17.0.2\javafx-controls-17.0.2.jar;C:\Users\fs-dev1\.m2\repository\org\openjfx\javafx-graphics\17.0.2\javafx-graphics-17.0.2.jar;C:\Users\fs-dev1\.m2\repository\org\openjfx\javafx-base\17.0.2\javafx-base-17.0.2.jar;C:\Users\fs-dev1\.m2\repository\org\openjfx\javafx-fxml\17.0.2\javafx-fxml-17.0.2.jar;C:\Users\fs-dev1\.m2\repository\org\bytedeco\librealsense2\2.29.0-1.5.4\librealsense2-2.29.0-1.5.4.jar;C:\Users\fs-dev1\.m2\repository\org\bytedeco\ffmpeg-platform\4.3.1-1.5.4\ffmpeg-platform-4.3.1-1.5.4.jar;C:\Users\fs-dev1\.m2\repository\org\bytedeco\javacpp-platform\1.5.4\javacpp-platform-1.5.4.jar;C:\Users\fs-dev1\.m2\repository\org\bytedeco\javacpp\1.5.4\javacpp-1.5.4-android-arm.jar;C:\Users\fs-dev1\.m2\repository\org\bytedeco\javacpp\1.5.4\javacpp-1.5.4-android-arm64.jar;C:\Users\fs-dev1\.m2\repository\org\bytedeco\javacpp\1.5.4\javacpp-1.5.4-android-x86.jar;C:\Users\fs-dev1\.m2\repository\org\bytedeco\javacpp\1.5.4\javacpp-1.5.4-android-x86_64.jar;C:\Users\fs-dev1\.m2\repository\org\bytedeco\javacpp\1.5.4\javacpp-1.5.4-ios-arm64.jar;C:\Users\fs-dev1\.m2\repository\org\bytedeco\javacpp\1.5.4\javacpp-1.5.4-ios-x86_64.jar;C:\Users\fs-dev1\.m2\repository\org\bytedeco\javacpp\1.5.4\javacpp-1.5.4-linux-armhf.jar;C:\Users\fs-dev1\.m2\repository\org\bytedeco\javacpp\1.5.4\javacpp-1.5.4-linux-arm64.jar;C:\Users\fs-dev1\.m2\repository\org\bytedeco\javacpp\1.5.4\javacpp-1.5.4-linux-ppc64le.jar;C:\Users\fs-dev1\.m2\repository\org\bytedeco\javacpp\1.5.4\javacpp-1.5.4-linux-x86.jar;C:\Users\fs-dev1\.m2\repository\org\bytedeco\javacpp\1.5.4\javacpp-1.5.4-linux-x86_64.jar;C:\Users\fs-dev1\.m2\repository\org\bytedeco\javacpp\1.5.4\javacpp-1.5.4-macosx-x86_64.jar;C:\Users\fs-dev1\.m2\repository\org\bytedeco\javacpp\1.5.4\javacpp-1.5.4-windows-x86.jar;C:\Users\fs-dev1\.m2\repository\org\bytedeco\javacpp\1.5.4\javacpp-1.5.4-windows-x86_64.jar;C:\Users\fs-dev1\.m2\repository\org\bytedeco\ffmpeg\4.
Launcher Type: SUN_STANDARD

[Global flags]
     intx CICompilerCount                          = 3                                         {product} {ergonomic}
     uint ConcGCThreads                            = 1                                         {product} {ergonomic}
     uint G1ConcRefinementThreads                  = 4                                         {product} {ergonomic}
   size_t G1HeapRegionSize                         = 1048576                                   {product} {ergonomic}
    uintx GCDrainStackTargetSize                   = 64                                        {product} {ergonomic}
   size_t InitialHeapSize                          = 266338304                                 {product} {ergonomic}
   size_t MarkStackSize                            = 4194304                                   {product} {ergonomic}
   size_t MaxHeapSize                              = 4257218560                                {product} {ergonomic}
   size_t MaxNewSize                               = 2554331136                                {product} {ergonomic}
   size_t MinHeapDeltaBytes                        = 1048576                                   {product} {ergonomic}
    uintx NonNMethodCodeHeapSize                   = 5830732                                {pd product} {ergonomic}
    uintx NonProfiledCodeHeapSize                  = 122913754                              {pd product} {ergonomic}
    uintx ProfiledCodeHeapSize                     = 122913754                              {pd product} {ergonomic}
    uintx ReservedCodeCacheSize                    = 251658240                              {pd product} {ergonomic}
     bool SegmentedCodeCache                       = true                                      {product} {ergonomic}
     bool UseCompressedClassPointers               = true                                 {lp64_product} {ergonomic}
     bool UseCompressedOops                        = true                                 {lp64_product} {ergonomic}
     bool UseG1GC                                  = true                                      {product} {ergonomic}
     bool UseLargePagesIndividualAllocation        = false                                  {pd product} {ergonomic}

Logging:
Log output configuration:
 #0: stdout all=warning uptime,level,tags
 #1: stderr all=off uptime,level,tags

Environment Variables:
JAVA_HOME=C:\Program Files\Java\jdk-11
PATH=C:\Program Files\Common Files\Oracle\Java\javapath;C:\Windows\system32;C:\Windows;C:\Windows\System32\Wbem;C:\Windows\System32\WindowsPowerShell\v1.0\;C:\Windows\System32\OpenSSH\;C:\Program Files\Microsoft VS Code\bin;C:\Program Files\Tailscale\;C:\Program Files\Java\jdk-11\bin;C:\msys64\usr\bin;D:\Software\bazel;C:\Program Files\Git\cmd;D:\Software\OpenCV\opencv\build\x64\vc15\bin;C:\Users\fs-dev1\AppData\Local\Programs\Python\Python37;C:\Users\fs-dev1\AppData\Local\Programs\Python\Python37\libs;C:\Users\fs-dev1\AppData\Local\Programs\Python\Python37\Scripts;C:\Users\fs-dev1\AppData\Local\Programs\Python\Python37\Scripts\;C:\Users\fs-dev1\AppData\Local\Programs\Python\Python37\;C:\Users\fs-dev1\AppData\Local\Microsoft\WindowsApps
USERNAME=fs-dev1
OS=Windows_NT
PROCESSOR_IDENTIFIER=Intel64 Family 6 Model 142 Stepping 9, GenuineIntel



---------------  S Y S T E M  ---------------

OS: Windows 10 , 64 bit Build 19041 (10.0.19041.3031)

CPU:total 4 (initial active 4) (2 cores per cpu, 2 threads per core) family 6 model 142 stepping 9 microcode 0xde, cmov, cx8, fxsr, mmx, sse, sse2, sse3, ssse3, sse4.1, sse4.2, popcnt, avx, avx2, aes, clmul, erms, 3dnowpref, lzcnt, ht, tsc, tscinvbit, bmi1, bmi2, adx, fma

Memory: 4k page, system-wide physical 16234M (7439M free)
TotalPageFile size 19562M (AvailPageFile size 6038M)
current process WorkingSet (physical memory assigned to process): 579M, peak: 579M
current process commit charge ("private bytes"): 702M, peak: 702M

vm_info: Java HotSpot(TM) 64-Bit Server VM (11.0.18+9-LTS-195) for windows-amd64 JRE (11.0.18+9-LTS-195), built on Dec  6 2022 15:50:58 by "mach5one" with MS VC++ 17.1 (VS2022)

END.
