#
# A fatal error has been detected by the Java Runtime Environment:
#
#  EXCEPTION_ACCESS_VIOLATION (0xc0000005) at pc=0x00007ffcd1a3c19c, pid=18596, tid=3916
#
# JRE version: Java(TM) SE Runtime Environment 18.9 (11.0.18+9) (build 11.0.18+9-LTS-195)
# Java VM: Java HotSpot(TM) 64-Bit Server VM 18.9 (11.0.18+9-LTS-195, mixed mode, tiered, compressed oops, g1 gc, windows-amd64)
# Problematic frame:
# C  0x00007ffcd1a3c19c
#
# No core dump will be written. Minidumps are not enabled by default on client versions of Windows
#
# If you would like to submit a bug report, please visit:
#   https://bugreport.java.com/bugreport/crash.jsp
# The crash happened outside the Java Virtual Machine in native code.
# See problematic frame for where to report the bug.
#

---------------  S U M M A R Y ------------

Command Line: -javaagent:C:\Program Files\JetBrains\IntelliJ IDEA 2022.3.2\lib\idea_rt.jar=62956:C:\Program Files\JetBrains\IntelliJ IDEA 2022.3.2\bin -Dfile.encoding=UTF-8 --module-path=C:\Users\fs-dev1\.m2\repository\org\openjfx\javafx-controls\17.0.2\javafx-controls-17.0.2-win.jar;C:\Users\fs-dev1\.m2\repository\org\bytedeco\leptonica\1.80.0-1.5.4\leptonica-1.80.0-1.5.4.jar;C:\Users\fs-dev1\.m2\repository\org\openjfx\javafx-fxml\17.0.2\javafx-fxml-17.0.2-win.jar;C:\Users\fs-dev1\.m2\repository\org\bytedeco\opencv\4.4.0-1.5.4\opencv-4.4.0-1.5.4.jar;C:\Users\fs-dev1\.m2\repository\org\bytedeco\openblas\0.3.10-1.5.4\openblas-0.3.10-1.5.4.jar;C:\Users\fs-dev1\.m2\repository\org\bytedeco\libfreenect2\0.2.0-1.5.4\libfreenect2-0.2.0-1.5.4.jar;C:\Users\fs-dev1\.m2\repository\org\bytedeco\libfreenect\0.5.7-1.5.4\libfreenect-0.5.7-1.5.4.jar;D:\work\project\WebCamComponent\target\classes;D:\work\project\WebCamComponent\lib\HV_lib\jna.jar;C:\Users\fs-dev1\.m2\repository\org\bytedeco\librealsense\1.12.4-1.5.4\librealsense-1.12.4-1.5.4.jar;C:\Users\fs-dev1\.m2\repository\org\openjfx\javafx-graphics\17.0.2\javafx-graphics-17.0.2-win.jar;C:\Users\fs-dev1\.m2\repository\org\bytedeco\libdc1394\2.2.6-1.5.4\libdc1394-2.2.6-1.5.4.jar;C:\Users\fs-dev1\.m2\repository\org\bytedeco\artoolkitplus\2.3.1-1.5.4\artoolkitplus-2.3.1-1.5.4.jar;C:\Users\fs-dev1\.m2\repository\org\bytedeco\videoinput\0.200-1.5.4\videoinput-0.200-1.5.4.jar;C:\Users\fs-dev1\.m2\repository\org\openjfx\javafx-base\17.0.2\javafx-base-17.0.2-win.jar;D:\work\project\WebCamComponent\lib\HV_lib\examples.jar;C:\Users\fs-dev1\.m2\repository\org\openjfx\javafx-swing\16\javafx-swing-16-win.jar;C:\Users\fs-dev1\.m2\repository\org\bytedeco\javacpp\1.5.4\javacpp-1.5.4.jar;C:\Users\fs-dev1\.m2\repository\org\bytedeco\ffmpeg\4.3.1-1.5.4\ffmpeg-4.3.1-1.5.4.jar;C:\Users\fs-dev1\.m2\repository\org\bytedeco\flycapture\2.13.3.31-1.5.4\flycapture-2.13.3.31-1.5.4.jar;C:\Users\fs-dev1\.m2\repository\org\bytedeco\flandmark\1.07-1.5.4\flandmark-1.07-1.5.4.jar;C:\Users\fs-dev1\.m2\repository\org\bytedeco\tesseract\4.1.1-1.5.4\tesseract-4.1.1-1.5.4.jar;C:\Users\fs-dev1\.m2\repository\org\bytedeco\javacv\1.5.4\j-Djdk.module.main=com.fs.webcamcomponent com.fs.webcamcomponent/com.fs.webcamcomponent.WebCamApplication

Host: Intel(R) Core(TM) i7-7500U CPU @ 2.70GHz, 4 cores, 15G,  Windows 10 , 64 bit Build 19041 (10.0.19041.3031)
Time: Wed Jul 12 11:11:31 2023  Windows 10 , 64 bit Build 19041 (10.0.19041.3031) elapsed time: 68.746951 seconds (0d 0h 1m 8s)

---------------  T H R E A D  ---------------

Current thread (0x0000018bfec02000):  JavaThread "Thread-5" [_thread_in_native, id=3916, stack(0x00000062cba20000,0x00000062cbb20000)]

Stack: [0x00000062cba20000,0x00000062cbb20000],  sp=0x00000062cbb1ed18,  free space=1019k
Native frames: (J=compiled Java code, j=interpreted, Vv=VM code, C=native code)
C  0x00007ffcd1a3c19c

Java frames: (J=compiled Java code, j=interpreted, Vv=VM code)
J 3701  org.bytedeco.ffmpeg.global.swscale.sws_scale(Lorg/bytedeco/ffmpeg/swscale/SwsContext;Lorg/bytedeco/javacpp/PointerPointer;Lorg/bytedeco/javacpp/IntPointer;IILorg/bytedeco/javacpp/PointerPointer;Lorg/bytedeco/javacpp/IntPointer;)I org.bytedeco.ffmpeg (0 bytes) @ 0x0000018be98c5deb [0x0000018be98c5d20+0x00000000000000cb]
J 3838 c1 org.bytedeco.javacv.FFmpegFrameGrabber.processImage()V org.bytedeco.javacv (508 bytes) @ 0x0000018be29ed5cc [0x0000018be29ec580+0x000000000000104c]
J 3692 c1 org.bytedeco.javacv.FFmpegFrameGrabber.grabFrame(ZZZZZ)Lorg/bytedeco/javacv/Frame; org.bytedeco.javacv (1265 bytes) @ 0x0000018be2993fe4 [0x0000018be29920a0+0x0000000000001f44]
J 3691 c1 org.bytedeco.javacv.FFmpegFrameGrabber.grab()Lorg/bytedeco/javacv/Frame; org.bytedeco.javacv (10 bytes) @ 0x0000018be29916e4 [0x0000018be2991640+0x00000000000000a4]
j  com.fs.webcamcomponent.hv.HikvisionOperation$FrameGrabThread.run()V+65 com.fs.webcamcomponent
v  ~StubRoutines::call_stub

siginfo: EXCEPTION_ACCESS_VIOLATION (0xc0000005), reading address 0x0000018b898ce000


Register to memory mapping:

RIP=0x00007ffcd1a3c19c points into unknown readable memory: f3 41 0f 7e
RAX=0x000000000000057e is an unknown value
RBX=0x00000000000003c2 is an unknown value
RCX=0x000000000000057b is an unknown value
RDX=0x0000018b93a0f140 points into unknown readable memory: 0x4000400040004000 | 00 40 00 40 00 40 00 40
RSP=0x00000062cbb1ed18 is pointing into the stack for thread: 0x0000018bfec02000
RBP=0x0000018b92a8c740 points into unknown readable memory: 0x0000018b92b6cbc0 | c0 cb b6 92 8b 01 00 00
RSI=0x0000018b92a7f640 points into unknown readable memory: 0x00007ffcd1a5d860 | 60 d8 a5 d1 fc 7f 00 00
RDI=0x0000000000000280 is an unknown value
R8 =0xfffffffffffffea8 is an unknown value
R9 =0x0000018b898cda80 points into unknown readable memory: 0x0000000000000000 | 00 00 00 00 00 00 00 00
R10=0x0000018b92b6f3c0 points into unknown readable memory: 0x0000000000000000 | 00 00 00 00 00 00 00 00
R11=0x0000018b9362a0c0 points into unknown readable memory: 0x0000077800000778 | 78 07 00 00 78 07 00 00
R12=0x0000000000000780 is an unknown value
R13=0x0000000000030000 is an unknown value
R14=0x0000018bff847ae0 points into unknown readable memory: 0x0000018b93a0ec40 | 40 ec a0 93 8b 01 00 00
R15=0x0000018bff83fbc0 points into unknown readable memory: 0x0000018b91acc140 | 40 c1 ac 91 8b 01 00 00


Registers:
RAX=0x000000000000057e, RBX=0x00000000000003c2, RCX=0x000000000000057b, RDX=0x0000018b93a0f140
RSP=0x00000062cbb1ed18, RBP=0x0000018b92a8c740, RSI=0x0000018b92a7f640, RDI=0x0000000000000280
R8 =0xfffffffffffffea8, R9 =0x0000018b898cda80, R10=0x0000018b92b6f3c0, R11=0x0000018b9362a0c0
R12=0x0000000000000780, R13=0x0000000000030000, R14=0x0000018bff847ae0, R15=0x0000018bff83fbc0
RIP=0x00007ffcd1a3c19c, EFLAGS=0x0000000000010282

Top of Stack: (sp=0x00000062cbb1ed18)
0x00000062cbb1ed18:   00007ffcd19e25d2 0000000000000280
0x00000062cbb1ed28:   00000000000001a7 0000018b921790c0
0x00000062cbb1ed38:   00000280000001a7 0000018b92b6cbc0
0x00000062cbb1ed48:   0000018b936296c0 0000018b00000008
0x00000062cbb1ed58:   0000018b922bdf80 0000018b93a33540
0x00000062cbb1ed68:   000003c3000003c0 0000018b928a00c0
0x00000062cbb1ed78:   0000018b92a7f640 00000000000003be
0x00000062cbb1ed88:   0000018bff83fbe8 0000000000000005
0x00000062cbb1ed98:   0000018bff83fbc0 0000018b91acc1d8
0x00000062cbb1eda8:   00000000000003be 00000000000001df
0x00000062cbb1edb8:   00007ffcd1a19031 0000000000000000
0x00000062cbb1edc8:   00000007151b9648 0000018bfd821bf0
0x00000062cbb1edd8:   0000000700000005 00007ffc00000000
0x00000062cbb1ede8:   00007ffc000001e0 00007ffc00000000
0x00000062cbb1edf8:   00000000000001e0 0000000000000000
0x00000062cbb1ee08:   0000000000000200 000001e0fec02348 

Instructions: (pc=0x00007ffcd1a3c19c)
0x00007ffcd1a3c17c:   c0 66 0f ef db 49 d1 e0 4f 8d 14 c2 4a 8d 14 02
0x00007ffcd1a3c18c:   4f 8d 1c 43 49 f7 d8 4b 63 0c 43 4b 63 44 43 04
0x00007ffcd1a3c19c:   f3 41 0f 7e 04 09 f3 41 0f 7e 0c 01 4b 63 4c 43
0x00007ffcd1a3c1ac:   08 4b 63 44 43 0c f3 41 0f 7e 24 09 f3 41 0f 7e 


Stack slot to memory mapping:
stack at sp + 0 slots: 0x00007ffcd19e25d2 points into unknown readable memory: e9 1c ff ff ff 66
stack at sp + 1 slots: 0x0000000000000280 is an unknown value
stack at sp + 2 slots: 0x00000000000001a7 is an unknown value
stack at sp + 3 slots: 0x0000018b921790c0 points into unknown readable memory: 0x071c0e3915561555 | 55 15 56 15 39 0e 1c 07
stack at sp + 4 slots: 0x00000280000001a7 is an unknown value
stack at sp + 5 slots: 0x0000018b92b6cbc0 points into unknown readable memory: 0x071c0e3915561555 | 55 15 56 15 39 0e 1c 07
stack at sp + 6 slots: 0x0000018b936296c0 points into unknown readable memory: 0x0000000200000000 | 00 00 00 00 02 00 00 00
stack at sp + 7 slots: 0x0000018b00000008 is an unknown value


---------------  P R O C E S S  ---------------

Threads class SMR info:
_java_thread_list=0x0000018bfebc2480, length=21, elements={
0x0000018bda538000, 0x0000018bfc7ec000, 0x0000018bfc7f5000, 0x0000018bfd0e0800,
0x0000018bfd0e4800, 0x0000018bfd0ea000, 0x0000018bfd0f0000, 0x0000018bfd0f7800,
0x0000018bfd101000, 0x0000018bfd251000, 0x0000018bfd2f7000, 0x0000018bfe02e000,
0x0000018bfe677000, 0x0000018bfe622800, 0x0000018bfe3c3000, 0x0000018bfe3ce000,
0x0000018bfd318800, 0x0000018bfebf8000, 0x0000018bfec01000, 0x0000018bfec02000,
0x0000018bfebfe800
}

Java Threads: ( => current thread )
  0x0000018bda538000 JavaThread "main" [_thread_blocked, id=14376, stack(0x00000062c4f00000,0x00000062c5000000)]
  0x0000018bfc7ec000 JavaThread "Reference Handler" daemon [_thread_blocked, id=17788, stack(0x00000062c5600000,0x00000062c5700000)]
  0x0000018bfc7f5000 JavaThread "Finalizer" daemon [_thread_blocked, id=7904, stack(0x00000062c5700000,0x00000062c5800000)]
  0x0000018bfd0e0800 JavaThread "Signal Dispatcher" daemon [_thread_blocked, id=17512, stack(0x00000062c5800000,0x00000062c5900000)]
  0x0000018bfd0e4800 JavaThread "Attach Listener" daemon [_thread_blocked, id=18680, stack(0x00000062c5900000,0x00000062c5a00000)]
  0x0000018bfd0ea000 JavaThread "Service Thread" daemon [_thread_blocked, id=11564, stack(0x00000062c5a00000,0x00000062c5b00000)]
  0x0000018bfd0f0000 JavaThread "C2 CompilerThread0" daemon [_thread_blocked, id=9296, stack(0x00000062c5b00000,0x00000062c5c00000)]
  0x0000018bfd0f7800 JavaThread "C1 CompilerThread0" daemon [_thread_blocked, id=13420, stack(0x00000062c5c00000,0x00000062c5d00000)]
  0x0000018bfd101000 JavaThread "Sweeper thread" daemon [_thread_blocked, id=9416, stack(0x00000062c5d00000,0x00000062c5e00000)]
  0x0000018bfd251000 JavaThread "Common-Cleaner" daemon [_thread_blocked, id=17104, stack(0x00000062c5e00000,0x00000062c5f00000)]
  0x0000018bfd2f7000 JavaThread "Monitor Ctrl-Break" daemon [_thread_in_native, id=16624, stack(0x00000062c6300000,0x00000062c6400000)]
  0x0000018bfe02e000 JavaThread "QuantumRenderer-0" daemon [_thread_blocked, id=18048, stack(0x00000062c6500000,0x00000062c6600000)]
  0x0000018bfe677000 JavaThread "InvokeLaterDispatcher" daemon [_thread_blocked, id=1964, stack(0x00000062c6600000,0x00000062c6700000)]
  0x0000018bfe622800 JavaThread "JavaFX Application Thread" [_thread_in_native, id=12096, stack(0x00000062c6700000,0x00000062c6800000)]
  0x0000018bfe3c3000 JavaThread "Thread-1" daemon [_thread_in_native, id=8548, stack(0x00000062c6b00000,0x00000062c6c00000)]
  0x0000018bfe3ce000 JavaThread "JavaFX-Launcher" [_thread_blocked, id=3120, stack(0x00000062c6c00000,0x00000062c6d00000)]
  0x0000018bfd318800 JavaThread "Prism Font Disposer" daemon [_thread_blocked, id=14908, stack(0x00000062c5f00000,0x00000062c6000000)]
  0x0000018bfebf8000 JavaThread "Cleaner-0" daemon [_thread_blocked, id=540, stack(0x00000062c7100000,0x00000062c7200000)]
  0x0000018bfec01000 JavaThread "JavaCPP Deallocator" daemon [_thread_blocked, id=18280, stack(0x00000062cb920000,0x00000062cba20000)]
=>0x0000018bfec02000 JavaThread "Thread-5" [_thread_in_native, id=3916, stack(0x00000062cba20000,0x00000062cbb20000)]
  0x0000018bfebfe800 JavaThread "Thread-9616" [_thread_blocked, id=17832, stack(0x00000062cb200000,0x00000062cb300000)]

Other Threads:
  0x0000018bfc7c8800 VMThread "VM Thread" [stack: 0x00000062c5500000,0x00000062c5600000] [id=19328]
  0x0000018bfd959800 WatcherThread [stack: 0x00000062c6400000,0x00000062c6500000] [id=18200]
  0x0000018bda54d000 GCTaskThread "GC Thread#0" [stack: 0x00000062c5000000,0x00000062c5100000] [id=16356]
  0x0000018bfd790000 GCTaskThread "GC Thread#1" [stack: 0x00000062c6000000,0x00000062c6100000] [id=15172]
  0x0000018bfd791000 GCTaskThread "GC Thread#2" [stack: 0x00000062c6100000,0x00000062c6200000] [id=17536]
  0x0000018bfd6d9000 GCTaskThread "GC Thread#3" [stack: 0x00000062c6200000,0x00000062c6300000] [id=8444]
  0x0000018bda5a8800 ConcurrentGCThread "G1 Main Marker" [stack: 0x00000062c5100000,0x00000062c5200000] [id=19308]
  0x0000018bda5aa000 ConcurrentGCThread "G1 Conc#0" [stack: 0x00000062c5200000,0x00000062c5300000] [id=8944]
  0x0000018bfc6aa000 ConcurrentGCThread "G1 Refine#0" [stack: 0x00000062c5300000,0x00000062c5400000] [id=3396]
  0x0000018bfc6ab000 ConcurrentGCThread "G1 Young RemSet Sampling" [stack: 0x00000062c5400000,0x00000062c5500000] [id=11404]

Threads with active compile tasks:

VM state:not at safepoint (normal execution)

VM Mutex/Monitor currently owned by a thread: None

Heap address: 0x0000000702400000, size: 4060 MB, Compressed Oops mode: Zero based, Oop shift amount: 3
Narrow klass base: 0x0000000800000000, Narrow klass shift: 0
Compressed class space size: 1073741824 Address: 0x0000000800000000

Heap:
 garbage-first heap   total 309248K, used 45817K [0x0000000702400000, 0x0000000800000000)
  region size 1024K, 25 young (25600K), 1 survivors (1024K)
 Metaspace       used 27909K, capacity 28621K, committed 28672K, reserved 1075200K
  class space    used 3518K, capacity 3806K, committed 3840K, reserved 1048576K
Heap Regions: E=young(eden), S=young(survivor), O=old, HS=humongous(starts), HC=humongous(continues), CS=collection set, F=free, A=archive, TAMS=top-at-mark-start (previous, next)
|   0|0x0000000702400000, 0x0000000702500000, 0x0000000702500000|100%|HS|  |TAMS 0x0000000702500000, 0x0000000702400000| Complete 
|   1|0x0000000702500000, 0x0000000702600000, 0x0000000702600000|100%|HC|  |TAMS 0x0000000702600000, 0x0000000702500000| Complete 
|   2|0x0000000702600000, 0x0000000702700000, 0x0000000702700000|100%| O|  |TAMS 0x0000000702700000, 0x0000000702600000| Untracked 
|   3|0x0000000702700000, 0x0000000702800000, 0x0000000702800000|100%| O|  |TAMS 0x0000000702800000, 0x0000000702700000| Untracked 
|   4|0x0000000702800000, 0x0000000702900000, 0x0000000702900000|100%| O|  |TAMS 0x0000000702900000, 0x0000000702800000| Untracked 
|   5|0x0000000702900000, 0x0000000702a00000, 0x0000000702a00000|100%| O|  |TAMS 0x0000000702a00000, 0x0000000702900000| Untracked 
|   6|0x0000000702a00000, 0x0000000702b00000, 0x0000000702b00000|100%| O|  |TAMS 0x0000000702b00000, 0x0000000702a00000| Untracked 
|   7|0x0000000702b00000, 0x0000000702c00000, 0x0000000702c00000|100%| O|  |TAMS 0x0000000702c00000, 0x0000000702b00000| Untracked 
|   8|0x0000000702c00000, 0x0000000702d00000, 0x0000000702d00000|100%| O|  |TAMS 0x0000000702d00000, 0x0000000702c00000| Untracked 
|   9|0x0000000702d00000, 0x0000000702e00000, 0x0000000702e00000|100%| O|  |TAMS 0x0000000702d6d800, 0x0000000702d00000| Untracked 
|  10|0x0000000702e00000, 0x0000000702f00000, 0x0000000702f00000|100%|HS|  |TAMS 0x0000000702e00000, 0x0000000702e00000| Complete 
|  11|0x0000000702f00000, 0x0000000703000000, 0x0000000703000000|100%|HC|  |TAMS 0x0000000702f00000, 0x0000000702f00000| Complete 
|  12|0x0000000703000000, 0x0000000703100000, 0x0000000703100000|100%|HS|  |TAMS 0x0000000703000000, 0x0000000703000000| Complete 
|  13|0x0000000703100000, 0x0000000703200000, 0x0000000703200000|100%|HC|  |TAMS 0x0000000703100000, 0x0000000703100000| Complete 
|  14|0x0000000703200000, 0x0000000703300000, 0x0000000703300000|100%|HS|  |TAMS 0x0000000703200000, 0x0000000703200000| Complete 
|  15|0x0000000703300000, 0x0000000703400000, 0x0000000703400000|100%|HC|  |TAMS 0x0000000703300000, 0x0000000703300000| Complete 
|  16|0x0000000703400000, 0x0000000703500000, 0x0000000703500000|100%|HS|  |TAMS 0x0000000703400000, 0x0000000703400000| Complete 
|  17|0x0000000703500000, 0x0000000703600000, 0x0000000703600000|100%|HC|  |TAMS 0x0000000703500000, 0x0000000703500000| Complete 
|  18|0x0000000703600000, 0x0000000703600000, 0x0000000703700000|  0%| F|  |TAMS 0x0000000703600000, 0x0000000703600000| Untracked 
|  19|0x0000000703700000, 0x0000000703700000, 0x0000000703800000|  0%| F|  |TAMS 0x0000000703700000, 0x0000000703700000| Untracked 
|  20|0x0000000703800000, 0x0000000703800000, 0x0000000703900000|  0%| F|  |TAMS 0x0000000703800000, 0x0000000703800000| Untracked 
|  21|0x0000000703900000, 0x0000000703900000, 0x0000000703a00000|  0%| F|  |TAMS 0x0000000703900000, 0x0000000703900000| Untracked 
|  22|0x0000000703a00000, 0x0000000703a00000, 0x0000000703b00000|  0%| F|  |TAMS 0x0000000703a00000, 0x0000000703a00000| Untracked 
|  23|0x0000000703b00000, 0x0000000703b00000, 0x0000000703c00000|  0%| F|  |TAMS 0x0000000703b00000, 0x0000000703b00000| Untracked 
|  24|0x0000000703c00000, 0x0000000703c00000, 0x0000000703d00000|  0%| F|  |TAMS 0x0000000703c00000, 0x0000000703c00000| Untracked 
|  25|0x0000000703d00000, 0x0000000703d00000, 0x0000000703e00000|  0%| F|  |TAMS 0x0000000703d00000, 0x0000000703d00000| Untracked 
|  26|0x0000000703e00000, 0x0000000703e00000, 0x0000000703f00000|  0%| F|  |TAMS 0x0000000703e00000, 0x0000000703e00000| Untracked 
|  27|0x0000000703f00000, 0x0000000703f00000, 0x0000000704000000|  0%| F|  |TAMS 0x0000000703f00000, 0x0000000703f00000| Untracked 
|  28|0x0000000704000000, 0x0000000704000000, 0x0000000704100000|  0%| F|  |TAMS 0x0000000704000000, 0x0000000704000000| Untracked 
|  29|0x0000000704100000, 0x0000000704100000, 0x0000000704200000|  0%| F|  |TAMS 0x0000000704100000, 0x0000000704100000| Untracked 
|  30|0x0000000704200000, 0x0000000704200000, 0x0000000704300000|  0%| F|  |TAMS 0x0000000704200000, 0x0000000704200000| Untracked 
|  31|0x0000000704300000, 0x0000000704300000, 0x0000000704400000|  0%| F|  |TAMS 0x0000000704300000, 0x0000000704300000| Untracked 
|  32|0x0000000704400000, 0x0000000704400000, 0x0000000704500000|  0%| F|  |TAMS 0x0000000704400000, 0x0000000704400000| Untracked 
|  33|0x0000000704500000, 0x0000000704500000, 0x0000000704600000|  0%| F|  |TAMS 0x0000000704500000, 0x0000000704500000| Untracked 
|  34|0x0000000704600000, 0x0000000704600000, 0x0000000704700000|  0%| F|  |TAMS 0x0000000704600000, 0x0000000704600000| Untracked 
|  35|0x0000000704700000, 0x0000000704700000, 0x0000000704800000|  0%| F|  |TAMS 0x0000000704700000, 0x0000000704700000| Untracked 
|  36|0x0000000704800000, 0x0000000704800000, 0x0000000704900000|  0%| F|  |TAMS 0x0000000704800000, 0x0000000704800000| Untracked 
|  37|0x0000000704900000, 0x0000000704900000, 0x0000000704a00000|  0%| F|  |TAMS 0x0000000704900000, 0x0000000704900000| Untracked 
|  38|0x0000000704a00000, 0x0000000704a00000, 0x0000000704b00000|  0%| F|  |TAMS 0x0000000704a00000, 0x0000000704a00000| Untracked 
|  39|0x0000000704b00000, 0x0000000704b00000, 0x0000000704c00000|  0%| F|  |TAMS 0x0000000704b00000, 0x0000000704b00000| Untracked 
|  40|0x0000000704c00000, 0x0000000704c00000, 0x0000000704d00000|  0%| F|  |TAMS 0x0000000704c00000, 0x0000000704c00000| Untracked 
|  41|0x0000000704d00000, 0x0000000704d00000, 0x0000000704e00000|  0%| F|  |TAMS 0x0000000704d00000, 0x0000000704d00000| Untracked 
|  42|0x0000000704e00000, 0x0000000704e00000, 0x0000000704f00000|  0%| F|  |TAMS 0x0000000704e00000, 0x0000000704e00000| Untracked 
|  43|0x0000000704f00000, 0x0000000704f00000, 0x0000000705000000|  0%| F|  |TAMS 0x0000000704f00000, 0x0000000704f00000| Untracked 
|  44|0x0000000705000000, 0x0000000705000000, 0x0000000705100000|  0%| F|  |TAMS 0x0000000705000000, 0x0000000705000000| Untracked 
|  45|0x0000000705100000, 0x0000000705100000, 0x0000000705200000|  0%| F|  |TAMS 0x0000000705100000, 0x0000000705100000| Untracked 
|  46|0x0000000705200000, 0x0000000705200000, 0x0000000705300000|  0%| F|  |TAMS 0x0000000705200000, 0x0000000705200000| Untracked 
|  47|0x0000000705300000, 0x0000000705300000, 0x0000000705400000|  0%| F|  |TAMS 0x0000000705300000, 0x0000000705300000| Untracked 
|  48|0x0000000705400000, 0x0000000705400000, 0x0000000705500000|  0%| F|  |TAMS 0x0000000705400000, 0x0000000705400000| Untracked 
|  49|0x0000000705500000, 0x0000000705500000, 0x0000000705600000|  0%| F|  |TAMS 0x0000000705500000, 0x0000000705500000| Untracked 
|  50|0x0000000705600000, 0x0000000705600000, 0x0000000705700000|  0%| F|  |TAMS 0x0000000705600000, 0x0000000705600000| Untracked 
|  51|0x0000000705700000, 0x0000000705700000, 0x0000000705800000|  0%| F|  |TAMS 0x0000000705700000, 0x0000000705700000| Untracked 
|  52|0x0000000705800000, 0x0000000705800000, 0x0000000705900000|  0%| F|  |TAMS 0x0000000705800000, 0x0000000705800000| Untracked 
|  53|0x0000000705900000, 0x0000000705900000, 0x0000000705a00000|  0%| F|  |TAMS 0x0000000705900000, 0x0000000705900000| Untracked 
|  54|0x0000000705a00000, 0x0000000705a00000, 0x0000000705b00000|  0%| F|  |TAMS 0x0000000705a00000, 0x0000000705a00000| Untracked 
|  55|0x0000000705b00000, 0x0000000705b00000, 0x0000000705c00000|  0%| F|  |TAMS 0x0000000705b00000, 0x0000000705b00000| Untracked 
|  56|0x0000000705c00000, 0x0000000705c00000, 0x0000000705d00000|  0%| F|  |TAMS 0x0000000705c00000, 0x0000000705c00000| Untracked 
|  57|0x0000000705d00000, 0x0000000705d00000, 0x0000000705e00000|  0%| F|  |TAMS 0x0000000705d00000, 0x0000000705d00000| Untracked 
|  58|0x0000000705e00000, 0x0000000705e00000, 0x0000000705f00000|  0%| F|  |TAMS 0x0000000705e00000, 0x0000000705e00000| Untracked 
|  59|0x0000000705f00000, 0x0000000705f00000, 0x0000000706000000|  0%| F|  |TAMS 0x0000000705f00000, 0x0000000705f00000| Untracked 
|  60|0x0000000706000000, 0x0000000706000000, 0x0000000706100000|  0%| F|  |TAMS 0x0000000706000000, 0x0000000706000000| Untracked 
|  61|0x0000000706100000, 0x0000000706100000, 0x0000000706200000|  0%| F|  |TAMS 0x0000000706100000, 0x0000000706100000| Untracked 
|  62|0x0000000706200000, 0x0000000706200000, 0x0000000706300000|  0%| F|  |TAMS 0x0000000706200000, 0x0000000706200000| Untracked 
|  63|0x0000000706300000, 0x0000000706300000, 0x0000000706400000|  0%| F|  |TAMS 0x0000000706300000, 0x0000000706300000| Untracked 
|  64|0x0000000706400000, 0x0000000706400000, 0x0000000706500000|  0%| F|  |TAMS 0x0000000706400000, 0x0000000706400000| Untracked 
|  65|0x0000000706500000, 0x0000000706500000, 0x0000000706600000|  0%| F|  |TAMS 0x0000000706500000, 0x0000000706500000| Untracked 
|  66|0x0000000706600000, 0x0000000706600000, 0x0000000706700000|  0%| F|  |TAMS 0x0000000706600000, 0x0000000706600000| Untracked 
|  67|0x0000000706700000, 0x0000000706700000, 0x0000000706800000|  0%| F|  |TAMS 0x0000000706700000, 0x0000000706700000| Untracked 
|  68|0x0000000706800000, 0x0000000706800000, 0x0000000706900000|  0%| F|  |TAMS 0x0000000706800000, 0x0000000706800000| Untracked 
|  69|0x0000000706900000, 0x0000000706900000, 0x0000000706a00000|  0%| F|  |TAMS 0x0000000706900000, 0x0000000706900000| Untracked 
|  70|0x0000000706a00000, 0x0000000706a00000, 0x0000000706b00000|  0%| F|  |TAMS 0x0000000706a00000, 0x0000000706a00000| Untracked 
|  71|0x0000000706b00000, 0x0000000706b00000, 0x0000000706c00000|  0%| F|  |TAMS 0x0000000706b00000, 0x0000000706b00000| Untracked 
|  72|0x0000000706c00000, 0x0000000706c00000, 0x0000000706d00000|  0%| F|  |TAMS 0x0000000706c00000, 0x0000000706c00000| Untracked 
|  73|0x0000000706d00000, 0x0000000706d00000, 0x0000000706e00000|  0%| F|  |TAMS 0x0000000706d00000, 0x0000000706d00000| Untracked 
|  74|0x0000000706e00000, 0x0000000706e00000, 0x0000000706f00000|  0%| F|  |TAMS 0x0000000706e00000, 0x0000000706e00000| Untracked 
|  75|0x0000000706f00000, 0x0000000706f00000, 0x0000000707000000|  0%| F|  |TAMS 0x0000000706f00000, 0x0000000706f00000| Untracked 
|  76|0x0000000707000000, 0x0000000707000000, 0x0000000707100000|  0%| F|  |TAMS 0x0000000707000000, 0x0000000707000000| Untracked 
|  77|0x0000000707100000, 0x0000000707100000, 0x0000000707200000|  0%| F|  |TAMS 0x0000000707100000, 0x0000000707100000| Untracked 
|  78|0x0000000707200000, 0x0000000707200000, 0x0000000707300000|  0%| F|  |TAMS 0x0000000707200000, 0x0000000707200000| Untracked 
|  79|0x0000000707300000, 0x0000000707300000, 0x0000000707400000|  0%| F|  |TAMS 0x0000000707300000, 0x0000000707300000| Untracked 
|  80|0x0000000707400000, 0x0000000707400000, 0x0000000707500000|  0%| F|  |TAMS 0x0000000707400000, 0x0000000707400000| Untracked 
|  81|0x0000000707500000, 0x0000000707500000, 0x0000000707600000|  0%| F|  |TAMS 0x0000000707500000, 0x0000000707500000| Untracked 
|  82|0x0000000707600000, 0x0000000707600000, 0x0000000707700000|  0%| F|  |TAMS 0x0000000707600000, 0x0000000707600000| Untracked 
|  83|0x0000000707700000, 0x0000000707700000, 0x0000000707800000|  0%| F|  |TAMS 0x0000000707700000, 0x0000000707700000| Untracked 
|  84|0x0000000707800000, 0x0000000707800000, 0x0000000707900000|  0%| F|  |TAMS 0x0000000707800000, 0x0000000707800000| Untracked 
|  85|0x0000000707900000, 0x0000000707900000, 0x0000000707a00000|  0%| F|  |TAMS 0x0000000707900000, 0x0000000707900000| Untracked 
|  86|0x0000000707a00000, 0x0000000707a00000, 0x0000000707b00000|  0%| F|  |TAMS 0x0000000707a00000, 0x0000000707a00000| Untracked 
|  87|0x0000000707b00000, 0x0000000707b00000, 0x0000000707c00000|  0%| F|  |TAMS 0x0000000707b00000, 0x0000000707b00000| Untracked 
|  88|0x0000000707c00000, 0x0000000707c00000, 0x0000000707d00000|  0%| F|  |TAMS 0x0000000707c00000, 0x0000000707c00000| Untracked 
|  89|0x0000000707d00000, 0x0000000707d00000, 0x0000000707e00000|  0%| F|  |TAMS 0x0000000707d00000, 0x0000000707d00000| Untracked 
|  90|0x0000000707e00000, 0x0000000707e00000, 0x0000000707f00000|  0%| F|  |TAMS 0x0000000707e00000, 0x0000000707e00000| Untracked 
|  91|0x0000000707f00000, 0x0000000707f00000, 0x0000000708000000|  0%| F|  |TAMS 0x0000000707f00000, 0x0000000707f00000| Untracked 
|  92|0x0000000708000000, 0x0000000708000000, 0x0000000708100000|  0%| F|  |TAMS 0x0000000708000000, 0x0000000708000000| Untracked 
|  93|0x0000000708100000, 0x0000000708100000, 0x0000000708200000|  0%| F|  |TAMS 0x0000000708100000, 0x0000000708100000| Untracked 
|  94|0x0000000708200000, 0x0000000708200000, 0x0000000708300000|  0%| F|  |TAMS 0x0000000708200000, 0x0000000708200000| Untracked 
|  95|0x0000000708300000, 0x0000000708300000, 0x0000000708400000|  0%| F|  |TAMS 0x0000000708300000, 0x0000000708300000| Untracked 
|  96|0x0000000708400000, 0x0000000708400000, 0x0000000708500000|  0%| F|  |TAMS 0x0000000708400000, 0x0000000708400000| Untracked 
|  97|0x0000000708500000, 0x0000000708500000, 0x0000000708600000|  0%| F|  |TAMS 0x0000000708500000, 0x0000000708500000| Untracked 
|  98|0x0000000708600000, 0x0000000708600000, 0x0000000708700000|  0%| F|  |TAMS 0x0000000708600000, 0x0000000708600000| Untracked 
|  99|0x0000000708700000, 0x0000000708700000, 0x0000000708800000|  0%| F|  |TAMS 0x0000000708700000, 0x0000000708700000| Untracked 
| 100|0x0000000708800000, 0x0000000708800000, 0x0000000708900000|  0%| F|  |TAMS 0x0000000708800000, 0x0000000708800000| Untracked 
| 101|0x0000000708900000, 0x0000000708900000, 0x0000000708a00000|  0%| F|  |TAMS 0x0000000708900000, 0x0000000708900000| Untracked 
| 102|0x0000000708a00000, 0x0000000708b00000, 0x0000000708b00000|100%| O|  |TAMS 0x0000000708a00000, 0x0000000708a00000| Untracked 
| 103|0x0000000708b00000, 0x0000000708b00000, 0x0000000708c00000|  0%| F|  |TAMS 0x0000000708b00000, 0x0000000708b00000| Untracked 
| 104|0x0000000708c00000, 0x0000000708c00000, 0x0000000708d00000|  0%| F|  |TAMS 0x0000000708c00000, 0x0000000708c00000| Untracked 
| 105|0x0000000708d00000, 0x0000000708d00000, 0x0000000708e00000|  0%| F|  |TAMS 0x0000000708d00000, 0x0000000708d00000| Untracked 
| 106|0x0000000708e00000, 0x0000000708e00000, 0x0000000708f00000|  0%| F|  |TAMS 0x0000000708e00000, 0x0000000708e00000| Untracked 
| 107|0x0000000708f00000, 0x0000000708f00000, 0x0000000709000000|  0%| F|  |TAMS 0x0000000708f00000, 0x0000000708f00000| Untracked 
| 108|0x0000000709000000, 0x0000000709000000, 0x0000000709100000|  0%| F|  |TAMS 0x0000000709000000, 0x0000000709000000| Untracked 
| 109|0x0000000709100000, 0x0000000709100000, 0x0000000709200000|  0%| F|  |TAMS 0x0000000709100000, 0x0000000709100000| Untracked 
| 110|0x0000000709200000, 0x0000000709200000, 0x0000000709300000|  0%| F|  |TAMS 0x0000000709200000, 0x0000000709200000| Untracked 
| 111|0x0000000709300000, 0x0000000709400000, 0x0000000709400000|100%|HS|  |TAMS 0x0000000709300000, 0x0000000709300000| Complete 
| 112|0x0000000709400000, 0x0000000709500000, 0x0000000709500000|100%|HC|  |TAMS 0x0000000709400000, 0x0000000709400000| Complete 
| 113|0x0000000709500000, 0x0000000709500000, 0x0000000709600000|  0%| F|  |TAMS 0x0000000709500000, 0x0000000709500000| Untracked 
| 114|0x0000000709600000, 0x0000000709600000, 0x0000000709700000|  0%| F|  |TAMS 0x0000000709600000, 0x0000000709600000| Untracked 
| 115|0x0000000709700000, 0x0000000709700000, 0x0000000709800000|  0%| F|  |TAMS 0x0000000709700000, 0x0000000709700000| Untracked 
| 116|0x0000000709800000, 0x0000000709800000, 0x0000000709900000|  0%| F|  |TAMS 0x0000000709800000, 0x0000000709800000| Untracked 
| 117|0x0000000709900000, 0x0000000709900000, 0x0000000709a00000|  0%| F|  |TAMS 0x0000000709900000, 0x0000000709900000| Untracked 
| 118|0x0000000709a00000, 0x0000000709a00000, 0x0000000709b00000|  0%| F|  |TAMS 0x0000000709a00000, 0x0000000709a00000| Untracked 
| 119|0x0000000709b00000, 0x0000000709b12940, 0x0000000709c00000|  7%| S|CS|TAMS 0x0000000709b00000, 0x0000000709b00000| Complete 
| 120|0x0000000709c00000, 0x0000000709c00000, 0x0000000709d00000|  0%| F|  |TAMS 0x0000000709c00000, 0x0000000709c00000| Untracked 
| 121|0x0000000709d00000, 0x0000000709d00000, 0x0000000709e00000|  0%| F|  |TAMS 0x0000000709d00000, 0x0000000709d00000| Untracked 
| 122|0x0000000709e00000, 0x0000000709e00000, 0x0000000709f00000|  0%| F|  |TAMS 0x0000000709e00000, 0x0000000709e00000| Untracked 
| 123|0x0000000709f00000, 0x0000000709f00000, 0x000000070a000000|  0%| F|  |TAMS 0x0000000709f00000, 0x0000000709f00000| Untracked 
| 124|0x000000070a000000, 0x000000070a000000, 0x000000070a100000|  0%| F|  |TAMS 0x000000070a000000, 0x000000070a000000| Untracked 
| 125|0x000000070a100000, 0x000000070a100000, 0x000000070a200000|  0%| F|  |TAMS 0x000000070a100000, 0x000000070a100000| Untracked 
| 126|0x000000070a200000, 0x000000070a200000, 0x000000070a300000|  0%| F|  |TAMS 0x000000070a200000, 0x000000070a200000| Untracked 
| 127|0x000000070a300000, 0x000000070a300000, 0x000000070a400000|  0%| F|  |TAMS 0x000000070a300000, 0x000000070a300000| Untracked 
| 128|0x000000070a400000, 0x000000070a400000, 0x000000070a500000|  0%| F|  |TAMS 0x000000070a400000, 0x000000070a400000| Untracked 
| 129|0x000000070a500000, 0x000000070a500000, 0x000000070a600000|  0%| F|  |TAMS 0x000000070a500000, 0x000000070a500000| Untracked 
| 130|0x000000070a600000, 0x000000070a600000, 0x000000070a700000|  0%| F|  |TAMS 0x000000070a600000, 0x000000070a600000| Untracked 
| 131|0x000000070a700000, 0x000000070a700000, 0x000000070a800000|  0%| F|  |TAMS 0x000000070a700000, 0x000000070a700000| Untracked 
| 132|0x000000070a800000, 0x000000070a800000, 0x000000070a900000|  0%| F|  |TAMS 0x000000070a800000, 0x000000070a800000| Untracked 
| 133|0x000000070a900000, 0x000000070a900000, 0x000000070aa00000|  0%| F|  |TAMS 0x000000070a900000, 0x000000070a900000| Untracked 
| 134|0x000000070aa00000, 0x000000070aa00000, 0x000000070ab00000|  0%| F|  |TAMS 0x000000070aa00000, 0x000000070aa00000| Untracked 
| 135|0x000000070ab00000, 0x000000070ab00000, 0x000000070ac00000|  0%| F|  |TAMS 0x000000070ab00000, 0x000000070ab00000| Untracked 
| 136|0x000000070ac00000, 0x000000070ac00000, 0x000000070ad00000|  0%| F|  |TAMS 0x000000070ac00000, 0x000000070ac00000| Untracked 
| 137|0x000000070ad00000, 0x000000070ad00000, 0x000000070ae00000|  0%| F|  |TAMS 0x000000070ad00000, 0x000000070ad00000| Untracked 
| 138|0x000000070ae00000, 0x000000070ae00000, 0x000000070af00000|  0%| F|  |TAMS 0x000000070ae00000, 0x000000070ae00000| Untracked 
| 139|0x000000070af00000, 0x000000070af00000, 0x000000070b000000|  0%| F|  |TAMS 0x000000070af00000, 0x000000070af00000| Untracked 
| 140|0x000000070b000000, 0x000000070b000000, 0x000000070b100000|  0%| F|  |TAMS 0x000000070b000000, 0x000000070b000000| Untracked 
| 141|0x000000070b100000, 0x000000070b100000, 0x000000070b200000|  0%| F|  |TAMS 0x000000070b100000, 0x000000070b100000| Untracked 
| 142|0x000000070b200000, 0x000000070b200000, 0x000000070b300000|  0%| F|  |TAMS 0x000000070b200000, 0x000000070b200000| Untracked 
| 143|0x000000070b300000, 0x000000070b300000, 0x000000070b400000|  0%| F|  |TAMS 0x000000070b300000, 0x000000070b300000| Untracked 
| 144|0x000000070b400000, 0x000000070b400000, 0x000000070b500000|  0%| F|  |TAMS 0x000000070b400000, 0x000000070b400000| Untracked 
| 145|0x000000070b500000, 0x000000070b500000, 0x000000070b600000|  0%| F|  |TAMS 0x000000070b500000, 0x000000070b500000| Untracked 
| 146|0x000000070b600000, 0x000000070b600000, 0x000000070b700000|  0%| F|  |TAMS 0x000000070b600000, 0x000000070b600000| Untracked 
| 147|0x000000070b700000, 0x000000070b700000, 0x000000070b800000|  0%| F|  |TAMS 0x000000070b700000, 0x000000070b700000| Untracked 
| 148|0x000000070b800000, 0x000000070b800000, 0x000000070b900000|  0%| F|  |TAMS 0x000000070b800000, 0x000000070b800000| Untracked 
| 149|0x000000070b900000, 0x000000070b900000, 0x000000070ba00000|  0%| F|  |TAMS 0x000000070b900000, 0x000000070b900000| Untracked 
| 150|0x000000070ba00000, 0x000000070ba00000, 0x000000070bb00000|  0%| F|  |TAMS 0x000000070ba00000, 0x000000070ba00000| Untracked 
| 151|0x000000070bb00000, 0x000000070bb00000, 0x000000070bc00000|  0%| F|  |TAMS 0x000000070bb00000, 0x000000070bb00000| Untracked 
| 152|0x000000070bc00000, 0x000000070bc00000, 0x000000070bd00000|  0%| F|  |TAMS 0x000000070bc00000, 0x000000070bc00000| Untracked 
| 153|0x000000070bd00000, 0x000000070bd00000, 0x000000070be00000|  0%| F|  |TAMS 0x000000070bd00000, 0x000000070bd00000| Untracked 
| 154|0x000000070be00000, 0x000000070be00000, 0x000000070bf00000|  0%| F|  |TAMS 0x000000070be00000, 0x000000070be00000| Untracked 
| 155|0x000000070bf00000, 0x000000070bf00000, 0x000000070c000000|  0%| F|  |TAMS 0x000000070bf00000, 0x000000070bf00000| Untracked 
| 156|0x000000070c000000, 0x000000070c000000, 0x000000070c100000|  0%| F|  |TAMS 0x000000070c000000, 0x000000070c000000| Untracked 
| 157|0x000000070c100000, 0x000000070c100000, 0x000000070c200000|  0%| F|  |TAMS 0x000000070c100000, 0x000000070c100000| Untracked 
| 158|0x000000070c200000, 0x000000070c200000, 0x000000070c300000|  0%| F|  |TAMS 0x000000070c200000, 0x000000070c200000| Untracked 
| 159|0x000000070c300000, 0x000000070c300000, 0x000000070c400000|  0%| F|  |TAMS 0x000000070c300000, 0x000000070c300000| Untracked 
| 160|0x000000070c400000, 0x000000070c400000, 0x000000070c500000|  0%| F|  |TAMS 0x000000070c400000, 0x000000070c400000| Untracked 
| 161|0x000000070c500000, 0x000000070c500000, 0x000000070c600000|  0%| F|  |TAMS 0x000000070c500000, 0x000000070c500000| Untracked 
| 162|0x000000070c600000, 0x000000070c600000, 0x000000070c700000|  0%| F|  |TAMS 0x000000070c600000, 0x000000070c600000| Untracked 
| 163|0x000000070c700000, 0x000000070c700000, 0x000000070c800000|  0%| F|  |TAMS 0x000000070c700000, 0x000000070c700000| Untracked 
| 164|0x000000070c800000, 0x000000070c800000, 0x000000070c900000|  0%| F|  |TAMS 0x000000070c800000, 0x000000070c800000| Untracked 
| 165|0x000000070c900000, 0x000000070c900000, 0x000000070ca00000|  0%| F|  |TAMS 0x000000070c900000, 0x000000070c900000| Untracked 
| 166|0x000000070ca00000, 0x000000070ca00000, 0x000000070cb00000|  0%| F|  |TAMS 0x000000070ca00000, 0x000000070ca00000| Untracked 
| 167|0x000000070cb00000, 0x000000070cb00000, 0x000000070cc00000|  0%| F|  |TAMS 0x000000070cb00000, 0x000000070cb00000| Untracked 
| 168|0x000000070cc00000, 0x000000070cc00000, 0x000000070cd00000|  0%| F|  |TAMS 0x000000070cc00000, 0x000000070cc00000| Untracked 
| 169|0x000000070cd00000, 0x000000070cd00000, 0x000000070ce00000|  0%| F|  |TAMS 0x000000070cd00000, 0x000000070cd00000| Untracked 
| 170|0x000000070ce00000, 0x000000070ce00000, 0x000000070cf00000|  0%| F|  |TAMS 0x000000070ce00000, 0x000000070ce00000| Untracked 
| 171|0x000000070cf00000, 0x000000070cf00000, 0x000000070d000000|  0%| F|  |TAMS 0x000000070cf00000, 0x000000070cf00000| Untracked 
| 172|0x000000070d000000, 0x000000070d000000, 0x000000070d100000|  0%| F|  |TAMS 0x000000070d000000, 0x000000070d000000| Untracked 
| 173|0x000000070d100000, 0x000000070d100000, 0x000000070d200000|  0%| F|  |TAMS 0x000000070d100000, 0x000000070d100000| Untracked 
| 174|0x000000070d200000, 0x000000070d200000, 0x000000070d300000|  0%| F|  |TAMS 0x000000070d200000, 0x000000070d200000| Untracked 
| 175|0x000000070d300000, 0x000000070d300000, 0x000000070d400000|  0%| F|  |TAMS 0x000000070d300000, 0x000000070d300000| Untracked 
| 176|0x000000070d400000, 0x000000070d400000, 0x000000070d500000|  0%| F|  |TAMS 0x000000070d400000, 0x000000070d400000| Untracked 
| 177|0x000000070d500000, 0x000000070d500000, 0x000000070d600000|  0%| F|  |TAMS 0x000000070d500000, 0x000000070d500000| Untracked 
| 178|0x000000070d600000, 0x000000070d600000, 0x000000070d700000|  0%| F|  |TAMS 0x000000070d600000, 0x000000070d600000| Untracked 
| 179|0x000000070d700000, 0x000000070d700000, 0x000000070d800000|  0%| F|  |TAMS 0x000000070d700000, 0x000000070d700000| Untracked 
| 180|0x000000070d800000, 0x000000070d800000, 0x000000070d900000|  0%| F|  |TAMS 0x000000070d800000, 0x000000070d800000| Untracked 
| 181|0x000000070d900000, 0x000000070d900000, 0x000000070da00000|  0%| F|  |TAMS 0x000000070d900000, 0x000000070d900000| Untracked 
| 182|0x000000070da00000, 0x000000070da00000, 0x000000070db00000|  0%| F|  |TAMS 0x000000070da00000, 0x000000070da00000| Untracked 
| 183|0x000000070db00000, 0x000000070db00000, 0x000000070dc00000|  0%| F|  |TAMS 0x000000070db00000, 0x000000070db00000| Untracked 
| 184|0x000000070dc00000, 0x000000070dc00000, 0x000000070dd00000|  0%| F|  |TAMS 0x000000070dc00000, 0x000000070dc00000| Untracked 
| 185|0x000000070dd00000, 0x000000070dd00000, 0x000000070de00000|  0%| F|  |TAMS 0x000000070dd00000, 0x000000070dd00000| Untracked 
| 186|0x000000070de00000, 0x000000070de00000, 0x000000070df00000|  0%| F|  |TAMS 0x000000070de00000, 0x000000070de00000| Untracked 
| 187|0x000000070df00000, 0x000000070df00000, 0x000000070e000000|  0%| F|  |TAMS 0x000000070df00000, 0x000000070df00000| Untracked 
| 188|0x000000070e000000, 0x000000070e000000, 0x000000070e100000|  0%| F|  |TAMS 0x000000070e000000, 0x000000070e000000| Untracked 
| 189|0x000000070e100000, 0x000000070e100000, 0x000000070e200000|  0%| F|  |TAMS 0x000000070e100000, 0x000000070e100000| Untracked 
| 190|0x000000070e200000, 0x000000070e200000, 0x000000070e300000|  0%| F|  |TAMS 0x000000070e200000, 0x000000070e200000| Untracked 
| 191|0x000000070e300000, 0x000000070e300000, 0x000000070e400000|  0%| F|  |TAMS 0x000000070e300000, 0x000000070e300000| Untracked 
| 192|0x000000070e400000, 0x000000070e400000, 0x000000070e500000|  0%| F|  |TAMS 0x000000070e400000, 0x000000070e400000| Untracked 
| 193|0x000000070e500000, 0x000000070e500000, 0x000000070e600000|  0%| F|  |TAMS 0x000000070e500000, 0x000000070e500000| Untracked 
| 194|0x000000070e600000, 0x000000070e600000, 0x000000070e700000|  0%| F|  |TAMS 0x000000070e600000, 0x000000070e600000| Untracked 
| 195|0x000000070e700000, 0x000000070e700000, 0x000000070e800000|  0%| F|  |TAMS 0x000000070e700000, 0x000000070e700000| Untracked 
| 196|0x000000070e800000, 0x000000070e800000, 0x000000070e900000|  0%| F|  |TAMS 0x000000070e800000, 0x000000070e800000| Untracked 
| 197|0x000000070e900000, 0x000000070e900000, 0x000000070ea00000|  0%| F|  |TAMS 0x000000070e900000, 0x000000070e900000| Untracked 
| 198|0x000000070ea00000, 0x000000070ea00000, 0x000000070eb00000|  0%| F|  |TAMS 0x000000070ea00000, 0x000000070ea00000| Untracked 
| 199|0x000000070eb00000, 0x000000070eb00000, 0x000000070ec00000|  0%| F|  |TAMS 0x000000070eb00000, 0x000000070eb00000| Untracked 
| 200|0x000000070ec00000, 0x000000070ec00000, 0x000000070ed00000|  0%| F|  |TAMS 0x000000070ec00000, 0x000000070ec00000| Untracked 
| 201|0x000000070ed00000, 0x000000070ed00000, 0x000000070ee00000|  0%| F|  |TAMS 0x000000070ed00000, 0x000000070ed00000| Untracked 
| 202|0x000000070ee00000, 0x000000070ee00000, 0x000000070ef00000|  0%| F|  |TAMS 0x000000070ee00000, 0x000000070ee00000| Untracked 
| 203|0x000000070ef00000, 0x000000070ef00000, 0x000000070f000000|  0%| F|  |TAMS 0x000000070ef00000, 0x000000070ef00000| Untracked 
| 204|0x000000070f000000, 0x000000070f000000, 0x000000070f100000|  0%| F|  |TAMS 0x000000070f000000, 0x000000070f000000| Untracked 
| 205|0x000000070f100000, 0x000000070f100000, 0x000000070f200000|  0%| F|  |TAMS 0x000000070f100000, 0x000000070f100000| Untracked 
| 206|0x000000070f200000, 0x000000070f200000, 0x000000070f300000|  0%| F|  |TAMS 0x000000070f200000, 0x000000070f200000| Untracked 
| 207|0x000000070f300000, 0x000000070f300000, 0x000000070f400000|  0%| F|  |TAMS 0x000000070f300000, 0x000000070f300000| Untracked 
| 208|0x000000070f400000, 0x000000070f400000, 0x000000070f500000|  0%| F|  |TAMS 0x000000070f400000, 0x000000070f400000| Untracked 
| 209|0x000000070f500000, 0x000000070f500000, 0x000000070f600000|  0%| F|  |TAMS 0x000000070f500000, 0x000000070f500000| Untracked 
| 210|0x000000070f600000, 0x000000070f600000, 0x000000070f700000|  0%| F|  |TAMS 0x000000070f600000, 0x000000070f600000| Untracked 
| 211|0x000000070f700000, 0x000000070f700000, 0x000000070f800000|  0%| F|  |TAMS 0x000000070f700000, 0x000000070f700000| Untracked 
| 212|0x000000070f800000, 0x000000070f800000, 0x000000070f900000|  0%| F|  |TAMS 0x000000070f800000, 0x000000070f800000| Untracked 
| 213|0x000000070f900000, 0x000000070f900000, 0x000000070fa00000|  0%| F|  |TAMS 0x000000070f900000, 0x000000070f900000| Untracked 
| 214|0x000000070fa00000, 0x000000070fa00000, 0x000000070fb00000|  0%| F|  |TAMS 0x000000070fa00000, 0x000000070fa00000| Untracked 
| 215|0x000000070fb00000, 0x000000070fb00000, 0x000000070fc00000|  0%| F|  |TAMS 0x000000070fb00000, 0x000000070fb00000| Untracked 
| 216|0x000000070fc00000, 0x000000070fc00000, 0x000000070fd00000|  0%| F|  |TAMS 0x000000070fc00000, 0x000000070fc00000| Untracked 
| 217|0x000000070fd00000, 0x000000070fd00000, 0x000000070fe00000|  0%| F|  |TAMS 0x000000070fd00000, 0x000000070fd00000| Untracked 
| 218|0x000000070fe00000, 0x000000070fe00000, 0x000000070ff00000|  0%| F|  |TAMS 0x000000070fe00000, 0x000000070fe00000| Untracked 
| 219|0x000000070ff00000, 0x000000070ff00000, 0x0000000710000000|  0%| F|  |TAMS 0x000000070ff00000, 0x000000070ff00000| Untracked 
| 220|0x0000000710000000, 0x0000000710000000, 0x0000000710100000|  0%| F|  |TAMS 0x0000000710000000, 0x0000000710000000| Untracked 
| 221|0x0000000710100000, 0x0000000710100000, 0x0000000710200000|  0%| F|  |TAMS 0x0000000710100000, 0x0000000710100000| Untracked 
| 222|0x0000000710200000, 0x0000000710200000, 0x0000000710300000|  0%| F|  |TAMS 0x0000000710200000, 0x0000000710200000| Untracked 
| 223|0x0000000710300000, 0x0000000710300000, 0x0000000710400000|  0%| F|  |TAMS 0x0000000710300000, 0x0000000710300000| Untracked 
| 224|0x0000000710400000, 0x0000000710400000, 0x0000000710500000|  0%| F|  |TAMS 0x0000000710400000, 0x0000000710400000| Untracked 
| 225|0x0000000710500000, 0x0000000710500000, 0x0000000710600000|  0%| F|  |TAMS 0x0000000710500000, 0x0000000710500000| Untracked 
| 226|0x0000000710600000, 0x0000000710600000, 0x0000000710700000|  0%| F|  |TAMS 0x0000000710600000, 0x0000000710600000| Untracked 
| 227|0x0000000710700000, 0x0000000710700000, 0x0000000710800000|  0%| F|  |TAMS 0x0000000710700000, 0x0000000710700000| Untracked 
| 228|0x0000000710800000, 0x0000000710800000, 0x0000000710900000|  0%| F|  |TAMS 0x0000000710800000, 0x0000000710800000| Untracked 
| 229|0x0000000710900000, 0x0000000710900000, 0x0000000710a00000|  0%| F|  |TAMS 0x0000000710900000, 0x0000000710900000| Untracked 
| 230|0x0000000710a00000, 0x0000000710a00000, 0x0000000710b00000|  0%| F|  |TAMS 0x0000000710a00000, 0x0000000710a00000| Untracked 
| 231|0x0000000710b00000, 0x0000000710b00000, 0x0000000710c00000|  0%| F|  |TAMS 0x0000000710b00000, 0x0000000710b00000| Untracked 
| 232|0x0000000710c00000, 0x0000000710c00000, 0x0000000710d00000|  0%| F|  |TAMS 0x0000000710c00000, 0x0000000710c00000| Untracked 
| 233|0x0000000710d00000, 0x0000000710d00000, 0x0000000710e00000|  0%| F|  |TAMS 0x0000000710d00000, 0x0000000710d00000| Untracked 
| 234|0x0000000710e00000, 0x0000000710e00000, 0x0000000710f00000|  0%| F|  |TAMS 0x0000000710e00000, 0x0000000710e00000| Untracked 
| 235|0x0000000710f00000, 0x0000000710f00000, 0x0000000711000000|  0%| F|  |TAMS 0x0000000710f00000, 0x0000000710f00000| Untracked 
| 236|0x0000000711000000, 0x0000000711000000, 0x0000000711100000|  0%| F|  |TAMS 0x0000000711000000, 0x0000000711000000| Untracked 
| 237|0x0000000711100000, 0x0000000711100000, 0x0000000711200000|  0%| F|  |TAMS 0x0000000711100000, 0x0000000711100000| Untracked 
| 238|0x0000000711200000, 0x0000000711200000, 0x0000000711300000|  0%| F|  |TAMS 0x0000000711200000, 0x0000000711200000| Untracked 
| 239|0x0000000711300000, 0x0000000711300000, 0x0000000711400000|  0%| F|  |TAMS 0x0000000711300000, 0x0000000711300000| Untracked 
| 240|0x0000000711400000, 0x0000000711400000, 0x0000000711500000|  0%| F|  |TAMS 0x0000000711400000, 0x0000000711400000| Untracked 
| 241|0x0000000711500000, 0x0000000711500000, 0x0000000711600000|  0%| F|  |TAMS 0x0000000711500000, 0x0000000711500000| Untracked 
| 242|0x0000000711600000, 0x0000000711600000, 0x0000000711700000|  0%| F|  |TAMS 0x0000000711600000, 0x0000000711600000| Untracked 
| 243|0x0000000711700000, 0x0000000711700000, 0x0000000711800000|  0%| F|  |TAMS 0x0000000711700000, 0x0000000711700000| Untracked 
| 244|0x0000000711800000, 0x0000000711800000, 0x0000000711900000|  0%| F|  |TAMS 0x0000000711800000, 0x0000000711800000| Untracked 
| 245|0x0000000711900000, 0x0000000711900000, 0x0000000711a00000|  0%| F|  |TAMS 0x0000000711900000, 0x0000000711900000| Untracked 
| 246|0x0000000711a00000, 0x0000000711a00000, 0x0000000711b00000|  0%| F|  |TAMS 0x0000000711a00000, 0x0000000711a00000| Untracked 
| 247|0x0000000711b00000, 0x0000000711b00000, 0x0000000711c00000|  0%| F|  |TAMS 0x0000000711b00000, 0x0000000711b00000| Untracked 
| 248|0x0000000711c00000, 0x0000000711c00000, 0x0000000711d00000|  0%| F|  |TAMS 0x0000000711c00000, 0x0000000711c00000| Untracked 
| 249|0x0000000711d00000, 0x0000000711d00000, 0x0000000711e00000|  0%| F|  |TAMS 0x0000000711d00000, 0x0000000711d00000| Untracked 
| 250|0x0000000711e00000, 0x0000000711e00000, 0x0000000711f00000|  0%| F|  |TAMS 0x0000000711e00000, 0x0000000711e00000| Untracked 
| 251|0x0000000711f00000, 0x0000000711f00000, 0x0000000712000000|  0%| F|  |TAMS 0x0000000711f00000, 0x0000000711f00000| Untracked 
| 252|0x0000000712000000, 0x0000000712000000, 0x0000000712100000|  0%| F|  |TAMS 0x0000000712000000, 0x0000000712000000| Untracked 
| 253|0x0000000712100000, 0x0000000712100000, 0x0000000712200000|  0%| F|  |TAMS 0x0000000712100000, 0x0000000712100000| Untracked 
| 254|0x0000000712200000, 0x0000000712200000, 0x0000000712300000|  0%| F|  |TAMS 0x0000000712200000, 0x0000000712200000| Untracked 
| 255|0x0000000712300000, 0x0000000712300000, 0x0000000712400000|  0%| F|  |TAMS 0x0000000712300000, 0x0000000712300000| Untracked 
| 256|0x0000000712400000, 0x0000000712400000, 0x0000000712500000|  0%| F|  |TAMS 0x0000000712400000, 0x0000000712400000| Untracked 
| 257|0x0000000712500000, 0x0000000712500000, 0x0000000712600000|  0%| F|  |TAMS 0x0000000712500000, 0x0000000712500000| Untracked 
| 258|0x0000000712600000, 0x0000000712600000, 0x0000000712700000|  0%| F|  |TAMS 0x0000000712600000, 0x0000000712600000| Untracked 
| 259|0x0000000712700000, 0x0000000712700000, 0x0000000712800000|  0%| F|  |TAMS 0x0000000712700000, 0x0000000712700000| Untracked 
| 260|0x0000000712800000, 0x0000000712800000, 0x0000000712900000|  0%| F|  |TAMS 0x0000000712800000, 0x0000000712800000| Untracked 
| 261|0x0000000712900000, 0x0000000712900000, 0x0000000712a00000|  0%| F|  |TAMS 0x0000000712900000, 0x0000000712900000| Untracked 
| 262|0x0000000712a00000, 0x0000000712a00000, 0x0000000712b00000|  0%| F|  |TAMS 0x0000000712a00000, 0x0000000712a00000| Untracked 
| 263|0x0000000712b00000, 0x0000000712b00000, 0x0000000712c00000|  0%| F|  |TAMS 0x0000000712b00000, 0x0000000712b00000| Untracked 
| 264|0x0000000712c00000, 0x0000000712c00000, 0x0000000712d00000|  0%| F|  |TAMS 0x0000000712c00000, 0x0000000712c00000| Untracked 
| 265|0x0000000712d00000, 0x0000000712d00000, 0x0000000712e00000|  0%| F|  |TAMS 0x0000000712d00000, 0x0000000712d00000| Untracked 
| 266|0x0000000712e00000, 0x0000000712e00000, 0x0000000712f00000|  0%| F|  |TAMS 0x0000000712e00000, 0x0000000712e00000| Untracked 
| 267|0x0000000712f00000, 0x0000000712f00000, 0x0000000713000000|  0%| F|  |TAMS 0x0000000712f00000, 0x0000000712f00000| Untracked 
| 268|0x0000000713000000, 0x0000000713000000, 0x0000000713100000|  0%| F|  |TAMS 0x0000000713000000, 0x0000000713000000| Untracked 
| 269|0x0000000713100000, 0x0000000713100000, 0x0000000713200000|  0%| F|  |TAMS 0x0000000713100000, 0x0000000713100000| Untracked 
| 270|0x0000000713200000, 0x0000000713200000, 0x0000000713300000|  0%| F|  |TAMS 0x0000000713200000, 0x0000000713200000| Untracked 
| 271|0x0000000713300000, 0x0000000713300000, 0x0000000713400000|  0%| F|  |TAMS 0x0000000713300000, 0x0000000713300000| Untracked 
| 272|0x0000000713400000, 0x0000000713400000, 0x0000000713500000|  0%| F|  |TAMS 0x0000000713400000, 0x0000000713400000| Untracked 
| 273|0x0000000713500000, 0x0000000713500000, 0x0000000713600000|  0%| F|  |TAMS 0x0000000713500000, 0x0000000713500000| Untracked 
| 274|0x0000000713600000, 0x0000000713600000, 0x0000000713700000|  0%| F|  |TAMS 0x0000000713600000, 0x0000000713600000| Untracked 
| 275|0x0000000713700000, 0x00000007137abe00, 0x0000000713800000| 67%| O|  |TAMS 0x0000000713700000, 0x0000000713700000| Untracked 
| 276|0x0000000713800000, 0x0000000713800000, 0x0000000713900000|  0%| F|  |TAMS 0x0000000713800000, 0x0000000713800000| Untracked 
| 277|0x0000000713900000, 0x0000000713900000, 0x0000000713a00000|  0%| F|  |TAMS 0x0000000713900000, 0x0000000713900000| Untracked 
| 278|0x0000000713a00000, 0x0000000713a01270, 0x0000000713b00000|  0%| E|  |TAMS 0x0000000713a00000, 0x0000000713a00000| Complete 
| 279|0x0000000713b00000, 0x0000000713c00000, 0x0000000713c00000|100%| E|CS|TAMS 0x0000000713b00000, 0x0000000713b00000| Complete 
| 280|0x0000000713c00000, 0x0000000713d00000, 0x0000000713d00000|100%| E|CS|TAMS 0x0000000713c00000, 0x0000000713c00000| Complete 
| 281|0x0000000713d00000, 0x0000000713e00000, 0x0000000713e00000|100%| E|CS|TAMS 0x0000000713d00000, 0x0000000713d00000| Complete 
| 282|0x0000000713e00000, 0x0000000713f00000, 0x0000000713f00000|100%| E|CS|TAMS 0x0000000713e00000, 0x0000000713e00000| Complete 
| 283|0x0000000713f00000, 0x0000000714000000, 0x0000000714000000|100%| E|CS|TAMS 0x0000000713f00000, 0x0000000713f00000| Complete 
| 284|0x0000000714000000, 0x0000000714100000, 0x0000000714100000|100%| E|CS|TAMS 0x0000000714000000, 0x0000000714000000| Complete 
| 285|0x0000000714100000, 0x0000000714200000, 0x0000000714200000|100%| E|CS|TAMS 0x0000000714100000, 0x0000000714100000| Complete 
| 286|0x0000000714200000, 0x0000000714300000, 0x0000000714300000|100%| E|CS|TAMS 0x0000000714200000, 0x0000000714200000| Complete 
| 287|0x0000000714300000, 0x0000000714400000, 0x0000000714400000|100%| E|CS|TAMS 0x0000000714300000, 0x0000000714300000| Complete 
| 288|0x0000000714400000, 0x0000000714500000, 0x0000000714500000|100%| E|CS|TAMS 0x0000000714400000, 0x0000000714400000| Complete 
| 289|0x0000000714500000, 0x0000000714600000, 0x0000000714600000|100%| E|CS|TAMS 0x0000000714500000, 0x0000000714500000| Complete 
| 290|0x0000000714600000, 0x0000000714700000, 0x0000000714700000|100%| E|CS|TAMS 0x0000000714600000, 0x0000000714600000| Complete 
| 291|0x0000000714700000, 0x0000000714800000, 0x0000000714800000|100%| E|CS|TAMS 0x0000000714700000, 0x0000000714700000| Complete 
| 292|0x0000000714800000, 0x0000000714900000, 0x0000000714900000|100%| E|CS|TAMS 0x0000000714800000, 0x0000000714800000| Complete 
| 293|0x0000000714900000, 0x0000000714a00000, 0x0000000714a00000|100%| E|CS|TAMS 0x0000000714900000, 0x0000000714900000| Complete 
| 294|0x0000000714a00000, 0x0000000714b00000, 0x0000000714b00000|100%| E|CS|TAMS 0x0000000714a00000, 0x0000000714a00000| Complete 
| 295|0x0000000714b00000, 0x0000000714c00000, 0x0000000714c00000|100%| E|CS|TAMS 0x0000000714b00000, 0x0000000714b00000| Complete 
| 296|0x0000000714c00000, 0x0000000714d00000, 0x0000000714d00000|100%| E|CS|TAMS 0x0000000714c00000, 0x0000000714c00000| Complete 
| 297|0x0000000714d00000, 0x0000000714e00000, 0x0000000714e00000|100%| E|CS|TAMS 0x0000000714d00000, 0x0000000714d00000| Complete 
| 298|0x0000000714e00000, 0x0000000714f00000, 0x0000000714f00000|100%| E|CS|TAMS 0x0000000714e00000, 0x0000000714e00000| Complete 
| 299|0x0000000714f00000, 0x0000000715000000, 0x0000000715000000|100%| E|CS|TAMS 0x0000000714f00000, 0x0000000714f00000| Complete 
| 300|0x0000000715000000, 0x0000000715100000, 0x0000000715100000|100%| E|CS|TAMS 0x0000000715000000, 0x0000000715000000| Complete 
| 301|0x0000000715100000, 0x0000000715200000, 0x0000000715200000|100%| E|CS|TAMS 0x0000000715100000, 0x0000000715100000| Complete 

Card table byte_map: [0x0000018bf1400000,0x0000018bf1bf0000] _byte_map_base: 0x0000018bedbee000

Marking Bits (Prev, Next): (CMBitMap*) 0x0000018bda597ec8, (CMBitMap*) 0x0000018bda597f00
 Prev Bits: [0x0000018bf23e0000, 0x0000018bf6350000)
 Next Bits: [0x0000018bf6350000, 0x0000018bfa2c0000)

Polling page: 0x0000018bd9d10000

Metaspace:

Usage:
  Non-class:     24.23 MB capacity,    23.82 MB ( 98%) used,   341.61 KB (  1%) free+waste,    82.62 KB ( <1%) overhead. 
      Class:      3.72 MB capacity,     3.44 MB ( 92%) used,   244.99 KB (  6%) free+waste,    42.75 KB (  1%) overhead. 
       Both:     27.95 MB capacity,    27.25 MB ( 98%) used,   586.60 KB (  2%) free+waste,   125.38 KB ( <1%) overhead. 

Virtual space:
  Non-class space:       26.00 MB reserved,      24.25 MB ( 93%) committed 
      Class space:        1.00 GB reserved,       3.75 MB ( <1%) committed 
             Both:        1.03 GB reserved,      28.00 MB (  3%) committed 

Chunk freelists:
   Non-Class:  2.12 KB
       Class:  256 bytes
        Both:  2.38 KB

CodeHeap 'non-profiled nmethods': size=120064Kb used=2439Kb max_used=2439Kb free=117624Kb
 bounds [0x0000018be96d0000, 0x0000018be9940000, 0x0000018bf0c10000]
CodeHeap 'profiled nmethods': size=120000Kb used=9069Kb max_used=9069Kb free=110930Kb
 bounds [0x0000018be21a0000, 0x0000018be2a80000, 0x0000018be96d0000]
CodeHeap 'non-nmethods': size=5696Kb used=1380Kb max_used=1424Kb free=4315Kb
 bounds [0x0000018be1c10000, 0x0000018be1e80000, 0x0000018be21a0000]
 total_blobs=4923 nmethods=4101 adapters=732
 compilation: enabled
              stopped_count=0, restarted_count=0
 full_count=0

Compilation events (10 events):
Event: 67.211 Thread 0x0000018bfd0f0000 4105   !   4       java.util.concurrent.locks.AbstractQueuedSynchronizer::acquireQueued (74 bytes)
Event: 67.219 Thread 0x0000018bfd0f0000 nmethod 4105 0x0000018be992f710 code [0x0000018be992f8a0, 0x0000018be992fd18]
Event: 68.672 Thread 0x0000018bfd0f0000 4106       4       com.sun.javafx.sg.prism.NGGroup::clearDirty (21 bytes)
Event: 68.677 Thread 0x0000018bfd0f0000 nmethod 4106 0x0000018be992ff10 code [0x0000018be99300a0, 0x0000018be9930238]
Event: 68.684 Thread 0x0000018bfd0f0000 4107       4       javafx.scene.Parent::updateBounds (44 bytes)
Event: 68.699 Thread 0x0000018bfd0f0000 nmethod 4107 0x0000018be9930310 code [0x0000018be9930520, 0x0000018be9930c28]
Event: 68.699 Thread 0x0000018bfd0f0000 4108       4       com.sun.javafx.sg.prism.NGGroup::renderForcedContent (43 bytes)
Event: 68.702 Thread 0x0000018bfd0f0000 nmethod 4108 0x0000018be9931290 code [0x0000018be9931420, 0x0000018be9931658]
Event: 68.702 Thread 0x0000018bfd0f0000 4109       4       com.sun.javafx.geom.transform.Affine3D::transform (352 bytes)
Event: 68.705 Thread 0x0000018bfd0f0000 nmethod 4109 0x0000018be9931910 code [0x0000018be9931aa0, 0x0000018be9931ba8]

GC Heap History (10 events):
Event: 59.005 GC heap before
{Heap before GC invocations=36 (full 0):
 garbage-first heap   total 305152K, used 303851K [0x0000000702400000, 0x0000000800000000)
  region size 1024K, 166 young (169984K), 1 survivors (1024K)
 Metaspace       used 27908K, capacity 28621K, committed 28672K, reserved 1075200K
  class space    used 3518K, capacity 3806K, committed 3840K, reserved 1048576K
}
Event: 59.006 GC heap after
{Heap after GC invocations=37 (full 0):
 garbage-first heap   total 306176K, used 14056K [0x0000000702400000, 0x0000000800000000)
  region size 1024K, 1 young (1024K), 1 survivors (1024K)
 Metaspace       used 27908K, capacity 28621K, committed 28672K, reserved 1075200K
  class space    used 3518K, capacity 3806K, committed 3840K, reserved 1048576K
}
Event: 61.163 GC heap before
{Heap before GC invocations=37 (full 0):
 garbage-first heap   total 306176K, used 304872K [0x0000000702400000, 0x0000000800000000)
  region size 1024K, 177 young (181248K), 1 survivors (1024K)
 Metaspace       used 27908K, capacity 28621K, committed 28672K, reserved 1075200K
  class space    used 3518K, capacity 3806K, committed 3840K, reserved 1048576K
}
Event: 61.164 GC heap after
{Heap after GC invocations=38 (full 0):
 garbage-first heap   total 307200K, used 16115K [0x0000000702400000, 0x0000000800000000)
  region size 1024K, 1 young (1024K), 1 survivors (1024K)
 Metaspace       used 27908K, capacity 28621K, committed 28672K, reserved 1075200K
  class space    used 3518K, capacity 3806K, committed 3840K, reserved 1048576K
}
Event: 63.450 GC heap before
{Heap before GC invocations=38 (full 0):
 garbage-first heap   total 307200K, used 305907K [0x0000000702400000, 0x0000000800000000)
  region size 1024K, 170 young (174080K), 1 survivors (1024K)
 Metaspace       used 27908K, capacity 28621K, committed 28672K, reserved 1075200K
  class space    used 3518K, capacity 3806K, committed 3840K, reserved 1048576K
}
Event: 63.452 GC heap after
{Heap after GC invocations=39 (full 0):
 garbage-first heap   total 308224K, used 16116K [0x0000000702400000, 0x0000000800000000)
  region size 1024K, 1 young (1024K), 1 survivors (1024K)
 Metaspace       used 27908K, capacity 28621K, committed 28672K, reserved 1075200K
  class space    used 3518K, capacity 3806K, committed 3840K, reserved 1048576K
}
Event: 65.609 GC heap before
{Heap before GC invocations=39 (full 0):
 garbage-first heap   total 308224K, used 306932K [0x0000000702400000, 0x0000000800000000)
  region size 1024K, 177 young (181248K), 1 survivors (1024K)
 Metaspace       used 27908K, capacity 28621K, committed 28672K, reserved 1075200K
  class space    used 3518K, capacity 3806K, committed 3840K, reserved 1048576K
}
Event: 65.611 GC heap after
{Heap after GC invocations=40 (full 0):
 garbage-first heap   total 309248K, used 16118K [0x0000000702400000, 0x0000000800000000)
  region size 1024K, 1 young (1024K), 1 survivors (1024K)
 Metaspace       used 27908K, capacity 28621K, committed 28672K, reserved 1075200K
  class space    used 3518K, capacity 3806K, committed 3840K, reserved 1048576K
}
Event: 68.641 GC heap before
{Heap before GC invocations=40 (full 0):
 garbage-first heap   total 309248K, used 304886K [0x0000000702400000, 0x0000000800000000)
  region size 1024K, 181 young (185344K), 1 survivors (1024K)
 Metaspace       used 27909K, capacity 28621K, committed 28672K, reserved 1075200K
  class space    used 3518K, capacity 3806K, committed 3840K, reserved 1048576K
}
Event: 68.641 GC heap after
{Heap after GC invocations=41 (full 0):
 garbage-first heap   total 309248K, used 14073K [0x0000000702400000, 0x0000000800000000)
  region size 1024K, 1 young (1024K), 1 survivors (1024K)
 Metaspace       used 27909K, capacity 28621K, committed 28672K, reserved 1075200K
  class space    used 3518K, capacity 3806K, committed 3840K, reserved 1048576K
}

Deoptimization events (10 events):
Event: 6.429 Thread 0x0000018bfec03800 Uncommon trap: reason=unstable_if action=reinterpret pc=0x0000018be97cea28 method=sun.net.www.ParseUtil.firstEncodeIndex(Ljava/lang/String;)I @ 51 c2
Event: 6.459 Thread 0x0000018bfec03800 Uncommon trap: reason=unstable_if action=reinterpret pc=0x0000018be97dd758 method=java.lang.StringLatin1.compareToCI([B[B)I @ 31 c2
Event: 6.469 Thread 0x0000018bfec03800 Uncommon trap: reason=unstable_if action=reinterpret pc=0x0000018be97dc894 method=java.lang.StringLatin1.compareToCI([B[B)I @ 31 c2
Event: 6.754 Thread 0x0000018bfec03800 Uncommon trap: reason=intrinsic_or_type_checked_inlining action=make_not_entrant pc=0x0000018be97f44d0 method=java.util.ArrayList.toArray([Ljava/lang/Object;)[Ljava/lang/Object; @ 36 c2
Event: 7.004 Thread 0x0000018bfec03800 Uncommon trap: reason=class_check action=make_not_entrant pc=0x0000018be9814540 method=java.util.ArrayList.toArray([Ljava/lang/Object;)[Ljava/lang/Object; @ 21 c2
Event: 7.209 Thread 0x0000018bfec03800 Uncommon trap: reason=intrinsic_or_type_checked_inlining action=make_not_entrant pc=0x0000018be981feec method=java.util.Arrays.copyOf([Ljava/lang/Object;ILjava/lang/Class;)[Ljava/lang/Object; @ 35 c2
Event: 7.678 Thread 0x0000018bfec02000 Uncommon trap: reason=range_check action=make_not_entrant pc=0x0000018be9845d7c method=java.util.zip.ZipUtils.get16([BI)I @ 11 c2
Event: 13.950 Thread 0x0000018bfe02e000 Uncommon trap: reason=unstable_if action=reinterpret pc=0x0000018be980fb48 method=java.util.concurrent.locks.AbstractQueuedSynchronizer.doReleaseShared()V @ 69 c2
Event: 15.276 Thread 0x0000018bfe02e000 Uncommon trap: reason=unstable_if action=reinterpret pc=0x0000018be9805538 method=java.util.WeakHashMap.expungeStaleEntries()V @ 66 c2
Event: 16.360 Thread 0x0000018bfe622800 Uncommon trap: reason=unstable_if action=reinterpret pc=0x0000018be98a9f3c method=java.lang.StrictMath.floorOrCeil(DDDD)D @ 14 c2

Classes redefined (0 events):
No events

Internal exceptions (10 events):
Event: 13.807 Thread 0x0000018bfec02000 Exception <a 'sun/nio/fs/WindowsException'{0x000000070b071fb0}> (0x000000070b071fb0) thrown at [./open/src/hotspot/share/prims/jni.cpp, line 611]
Event: 13.807 Thread 0x0000018bfec02000 Exception <a 'sun/nio/fs/WindowsException'{0x000000070b0732d0}> (0x000000070b0732d0) thrown at [./open/src/hotspot/share/prims/jni.cpp, line 611]
Event: 13.807 Thread 0x0000018bfec02000 Exception <a 'sun/nio/fs/WindowsException'{0x000000070b074670}> (0x000000070b074670) thrown at [./open/src/hotspot/share/prims/jni.cpp, line 611]
Event: 13.807 Thread 0x0000018bfec02000 Exception <a 'sun/nio/fs/WindowsException'{0x000000070b075890}> (0x000000070b075890) thrown at [./open/src/hotspot/share/prims/jni.cpp, line 611]
Event: 13.807 Thread 0x0000018bfec02000 Exception <a 'sun/nio/fs/WindowsException'{0x000000070b076ae8}> (0x000000070b076ae8) thrown at [./open/src/hotspot/share/prims/jni.cpp, line 611]
Event: 13.807 Thread 0x0000018bfec02000 Exception <a 'sun/nio/fs/WindowsException'{0x000000070b077d58}> (0x000000070b077d58) thrown at [./open/src/hotspot/share/prims/jni.cpp, line 611]
Event: 13.807 Thread 0x0000018bfec02000 Exception <a 'sun/nio/fs/WindowsException'{0x000000070b078f78}> (0x000000070b078f78) thrown at [./open/src/hotspot/share/prims/jni.cpp, line 611]
Event: 13.808 Thread 0x0000018bfec02000 Exception <a 'sun/nio/fs/WindowsException'{0x000000070b07a198}> (0x000000070b07a198) thrown at [./open/src/hotspot/share/prims/jni.cpp, line 611]
Event: 13.808 Thread 0x0000018bfec02000 Exception <a 'sun/nio/fs/WindowsException'{0x000000070b07b3b8}> (0x000000070b07b3b8) thrown at [./open/src/hotspot/share/prims/jni.cpp, line 611]
Event: 13.808 Thread 0x0000018bfec02000 Exception <a 'sun/nio/fs/WindowsException'{0x000000070b07c5d8}> (0x000000070b07c5d8) thrown at [./open/src/hotspot/share/prims/jni.cpp, line 611]

Events (10 events):
Event: 68.692 Thread 0x0000018bfec02800 Thread exited: 0x0000018bfec02800
Event: 68.692 Thread 0x0000018bfec02800 Thread added: 0x0000018bfec02800
Event: 68.692 Thread 0x0000018bfec02800 Thread exited: 0x0000018bfec02800
Event: 68.692 Thread 0x0000018bfebfe800 Thread added: 0x0000018bfebfe800
Event: 68.692 Thread 0x0000018bfebfe800 Thread exited: 0x0000018bfebfe800
Event: 68.692 Thread 0x0000018bfec02800 Thread added: 0x0000018bfec02800
Event: 68.692 Thread 0x0000018bfec02800 Thread exited: 0x0000018bfec02800
Event: 68.693 Thread 0x0000018bfec03800 Thread added: 0x0000018bfec03800
Event: 68.693 Thread 0x0000018bfec03800 Thread exited: 0x0000018bfec03800
Event: 68.693 Thread 0x0000018bfebfe800 Thread added: 0x0000018bfebfe800


Dynamic libraries:
0x00007ff7b6390000 - 0x00007ff7b63a0000 	C:\Program Files\Java\jdk-11\bin\java.exe
0x00007ffd0cbb0000 - 0x00007ffd0cda8000 	C:\Windows\SYSTEM32\ntdll.dll
0x00007ffd0c620000 - 0x00007ffd0c6df000 	C:\Windows\System32\KERNEL32.DLL
0x00007ffd0a390000 - 0x00007ffd0a686000 	C:\Windows\System32\KERNELBASE.dll
0x00007ffd0a290000 - 0x00007ffd0a390000 	C:\Windows\System32\ucrtbase.dll
0x00007ffcfee30000 - 0x00007ffcfee4b000 	C:\Program Files\Java\jdk-11\bin\VCRUNTIME140.dll
0x00007ffd020c0000 - 0x00007ffd020d8000 	C:\Program Files\Java\jdk-11\bin\jli.dll
0x00007ffd0aeb0000 - 0x00007ffd0af5f000 	C:\Windows\System32\ADVAPI32.dll
0x00007ffd0bc50000 - 0x00007ffd0bcee000 	C:\Windows\System32\msvcrt.dll
0x00007ffd0bb30000 - 0x00007ffd0bbcc000 	C:\Windows\System32\sechost.dll
0x00007ffd0b250000 - 0x00007ffd0b376000 	C:\Windows\System32\RPCRT4.dll
0x00007ffd0b7f0000 - 0x00007ffd0b98d000 	C:\Windows\System32\USER32.dll
0x00007ffd0abe0000 - 0x00007ffd0ac02000 	C:\Windows\System32\win32u.dll
0x00007ffcf0730000 - 0x00007ffcf09ca000 	C:\Windows\WinSxS\amd64_microsoft.windows.common-controls_6595b64144ccf1df_6.0.19041.1110_none_60b5254171f9507e\COMCTL32.dll
0x00007ffd0c440000 - 0x00007ffd0c46c000 	C:\Windows\System32\GDI32.dll
0x00007ffd0a880000 - 0x00007ffd0a995000 	C:\Windows\System32\gdi32full.dll
0x00007ffd0a690000 - 0x00007ffd0a72d000 	C:\Windows\System32\msvcp_win.dll
0x00007ffcffed0000 - 0x00007ffcffeda000 	C:\Windows\SYSTEM32\VERSION.dll
0x00007ffd0c5f0000 - 0x00007ffd0c620000 	C:\Windows\System32\IMM32.DLL
0x00007ffd02220000 - 0x00007ffd0222c000 	C:\Program Files\Java\jdk-11\bin\vcruntime140_1.dll
0x00007ffcf6e90000 - 0x00007ffcf6f1e000 	C:\Program Files\Java\jdk-11\bin\msvcp140.dll
0x00007ffcbb880000 - 0x00007ffcbc3e8000 	C:\Program Files\Java\jdk-11\bin\server\jvm.dll
0x00007ffd0ba60000 - 0x00007ffd0ba68000 	C:\Windows\System32\PSAPI.DLL
0x00007ffd051c0000 - 0x00007ffd051c9000 	C:\Windows\SYSTEM32\WSOCK32.dll
0x00007ffcefde0000 - 0x00007ffcefe07000 	C:\Windows\SYSTEM32\WINMM.dll
0x00007ffd0b990000 - 0x00007ffd0b9fb000 	C:\Windows\System32\WS2_32.dll
0x00007ffd08ad0000 - 0x00007ffd08ae2000 	C:\Windows\SYSTEM32\kernel.appcore.dll
0x00007ffd020b0000 - 0x00007ffd020c0000 	C:\Program Files\Java\jdk-11\bin\verify.dll
0x00007ffd07e80000 - 0x00007ffd08064000 	C:\Windows\SYSTEM32\DBGHELP.DLL
0x00007ffcefcb0000 - 0x00007ffcefce4000 	C:\Windows\SYSTEM32\dbgcore.DLL
0x00007ffd0a730000 - 0x00007ffd0a7b2000 	C:\Windows\System32\bcryptPrimitives.dll
0x00007ffcf70c0000 - 0x00007ffcf70e8000 	C:\Program Files\Java\jdk-11\bin\java.dll
0x00007ffd02060000 - 0x00007ffd0206a000 	C:\Program Files\Java\jdk-11\bin\jimage.dll
0x00007ffcf70b0000 - 0x00007ffcf70be000 	C:\Program Files\Java\jdk-11\bin\instrument.dll
0x00007ffcfeaf0000 - 0x00007ffcfeb07000 	C:\Program Files\Java\jdk-11\bin\zip.dll
0x00007ffd0bcf0000 - 0x00007ffd0c434000 	C:\Windows\System32\SHELL32.dll
0x00007ffd082e0000 - 0x00007ffd08a73000 	C:\Windows\SYSTEM32\windows.storage.dll
0x00007ffd0c810000 - 0x00007ffd0cb64000 	C:\Windows\System32\combase.dll
0x00007ffd09ce0000 - 0x00007ffd09d0e000 	C:\Windows\SYSTEM32\Wldp.dll
0x00007ffd0b070000 - 0x00007ffd0b11d000 	C:\Windows\System32\SHCORE.dll
0x00007ffd0bbf0000 - 0x00007ffd0bc45000 	C:\Windows\System32\shlwapi.dll
0x00007ffd0a1d0000 - 0x00007ffd0a1ef000 	C:\Windows\SYSTEM32\profapi.dll
0x00007ffcfa4e0000 - 0x00007ffcfa4f9000 	C:\Program Files\Java\jdk-11\bin\net.dll
0x00007ffd06610000 - 0x00007ffd0671a000 	C:\Windows\SYSTEM32\WINHTTP.dll
0x00007ffd09a40000 - 0x00007ffd09aaa000 	C:\Windows\system32\mswsock.dll
0x00007ffcf7b70000 - 0x00007ffcf7b82000 	C:\Program Files\Java\jdk-11\bin\nio.dll
0x00007ffcf7040000 - 0x00007ffcf705a000 	C:\Program Files\JetBrains\IntelliJ IDEA 2022.3.2\bin\breakgen64.dll
0x0000018bfee40000 - 0x0000018bfee43000 	C:\Users\fs-dev1\.openjfx\cache\17.0.2-ea\api-ms-win-core-console-l1-1-0.dll
0x0000018bfee50000 - 0x0000018bfee53000 	C:\Users\fs-dev1\.openjfx\cache\17.0.2-ea\api-ms-win-core-console-l1-2-0.dll
0x0000018bfee60000 - 0x0000018bfee63000 	C:\Users\fs-dev1\.openjfx\cache\17.0.2-ea\api-ms-win-core-datetime-l1-1-0.dll
0x0000018bfee70000 - 0x0000018bfee73000 	C:\Users\fs-dev1\.openjfx\cache\17.0.2-ea\api-ms-win-core-debug-l1-1-0.dll
0x0000018bfee80000 - 0x0000018bfee83000 	C:\Users\fs-dev1\.openjfx\cache\17.0.2-ea\api-ms-win-core-errorhandling-l1-1-0.dll
0x0000018bfee90000 - 0x0000018bfee94000 	C:\Users\fs-dev1\.openjfx\cache\17.0.2-ea\api-ms-win-core-file-l1-1-0.dll
0x0000018bfeea0000 - 0x0000018bfeea3000 	C:\Users\fs-dev1\.openjfx\cache\17.0.2-ea\api-ms-win-core-file-l1-2-0.dll
0x0000018bfeeb0000 - 0x0000018bfeeb3000 	C:\Users\fs-dev1\.openjfx\cache\17.0.2-ea\api-ms-win-core-file-l2-1-0.dll
0x0000018bfeec0000 - 0x0000018bfeec3000 	C:\Users\fs-dev1\.openjfx\cache\17.0.2-ea\api-ms-win-core-handle-l1-1-0.dll
0x0000018bfeed0000 - 0x0000018bfeed3000 	C:\Users\fs-dev1\.openjfx\cache\17.0.2-ea\api-ms-win-core-heap-l1-1-0.dll
0x0000018bfeee0000 - 0x0000018bfeee3000 	C:\Users\fs-dev1\.openjfx\cache\17.0.2-ea\api-ms-win-core-interlocked-l1-1-0.dll
0x0000018bfeef0000 - 0x0000018bfeef3000 	C:\Users\fs-dev1\.openjfx\cache\17.0.2-ea\api-ms-win-core-libraryloader-l1-1-0.dll
0x0000018bfef00000 - 0x0000018bfef03000 	C:\Users\fs-dev1\.openjfx\cache\17.0.2-ea\api-ms-win-core-localization-l1-2-0.dll
0x0000018bfef10000 - 0x0000018bfef13000 	C:\Users\fs-dev1\.openjfx\cache\17.0.2-ea\api-ms-win-core-memory-l1-1-0.dll
0x0000018bfef20000 - 0x0000018bfef23000 	C:\Users\fs-dev1\.openjfx\cache\17.0.2-ea\api-ms-win-core-namedpipe-l1-1-0.dll
0x0000018bfef30000 - 0x0000018bfef33000 	C:\Users\fs-dev1\.openjfx\cache\17.0.2-ea\api-ms-win-core-processenvironment-l1-1-0.dll
0x0000018bfef40000 - 0x0000018bfef43000 	C:\Users\fs-dev1\.openjfx\cache\17.0.2-ea\api-ms-win-core-processthreads-l1-1-0.dll
0x0000018bfef50000 - 0x0000018bfef53000 	C:\Users\fs-dev1\.openjfx\cache\17.0.2-ea\api-ms-win-core-processthreads-l1-1-1.dll
0x0000018bfef60000 - 0x0000018bfef63000 	C:\Users\fs-dev1\.openjfx\cache\17.0.2-ea\api-ms-win-core-profile-l1-1-0.dll
0x0000018bfef70000 - 0x0000018bfef73000 	C:\Users\fs-dev1\.openjfx\cache\17.0.2-ea\api-ms-win-core-rtlsupport-l1-1-0.dll
0x0000018bfef80000 - 0x0000018bfef83000 	C:\Users\fs-dev1\.openjfx\cache\17.0.2-ea\api-ms-win-core-string-l1-1-0.dll
0x0000018bfef90000 - 0x0000018bfef93000 	C:\Users\fs-dev1\.openjfx\cache\17.0.2-ea\api-ms-win-core-synch-l1-1-0.dll
0x0000018bfefa0000 - 0x0000018bfefa3000 	C:\Users\fs-dev1\.openjfx\cache\17.0.2-ea\api-ms-win-core-synch-l1-2-0.dll
0x0000018bfefb0000 - 0x0000018bfefb3000 	C:\Users\fs-dev1\.openjfx\cache\17.0.2-ea\api-ms-win-core-sysinfo-l1-1-0.dll
0x0000018bfefc0000 - 0x0000018bfefc3000 	C:\Users\fs-dev1\.openjfx\cache\17.0.2-ea\api-ms-win-core-timezone-l1-1-0.dll
0x0000018bfefd0000 - 0x0000018bfefd3000 	C:\Users\fs-dev1\.openjfx\cache\17.0.2-ea\api-ms-win-core-util-l1-1-0.dll
0x0000018bfefe0000 - 0x0000018bfefe3000 	C:\Users\fs-dev1\.openjfx\cache\17.0.2-ea\api-ms-win-crt-conio-l1-1-0.dll
0x0000018bfeff0000 - 0x0000018bfeff4000 	C:\Users\fs-dev1\.openjfx\cache\17.0.2-ea\api-ms-win-crt-convert-l1-1-0.dll
0x0000018bff000000 - 0x0000018bff003000 	C:\Users\fs-dev1\.openjfx\cache\17.0.2-ea\api-ms-win-crt-environment-l1-1-0.dll
0x0000018bff010000 - 0x0000018bff013000 	C:\Users\fs-dev1\.openjfx\cache\17.0.2-ea\api-ms-win-crt-filesystem-l1-1-0.dll
0x0000018bff020000 - 0x0000018bff023000 	C:\Users\fs-dev1\.openjfx\cache\17.0.2-ea\api-ms-win-crt-heap-l1-1-0.dll
0x0000018bff030000 - 0x0000018bff033000 	C:\Users\fs-dev1\.openjfx\cache\17.0.2-ea\api-ms-win-crt-locale-l1-1-0.dll
0x0000018bff040000 - 0x0000018bff045000 	C:\Users\fs-dev1\.openjfx\cache\17.0.2-ea\api-ms-win-crt-math-l1-1-0.dll
0x0000018bff050000 - 0x0000018bff055000 	C:\Users\fs-dev1\.openjfx\cache\17.0.2-ea\api-ms-win-crt-multibyte-l1-1-0.dll
0x0000018bff060000 - 0x0000018bff070000 	C:\Users\fs-dev1\.openjfx\cache\17.0.2-ea\api-ms-win-crt-private-l1-1-0.dll
0x0000018bff070000 - 0x0000018bff073000 	C:\Users\fs-dev1\.openjfx\cache\17.0.2-ea\api-ms-win-crt-process-l1-1-0.dll
0x0000018bff080000 - 0x0000018bff084000 	C:\Users\fs-dev1\.openjfx\cache\17.0.2-ea\api-ms-win-crt-runtime-l1-1-0.dll
0x0000018bff090000 - 0x0000018bff094000 	C:\Users\fs-dev1\.openjfx\cache\17.0.2-ea\api-ms-win-crt-stdio-l1-1-0.dll
0x0000018bff0a0000 - 0x0000018bff0a4000 	C:\Users\fs-dev1\.openjfx\cache\17.0.2-ea\api-ms-win-crt-string-l1-1-0.dll
0x0000018bff0b0000 - 0x0000018bff0b3000 	C:\Users\fs-dev1\.openjfx\cache\17.0.2-ea\api-ms-win-crt-time-l1-1-0.dll
0x0000018bff0c0000 - 0x0000018bff0c3000 	C:\Users\fs-dev1\.openjfx\cache\17.0.2-ea\api-ms-win-crt-utility-l1-1-0.dll
0x00007ffcdd310000 - 0x00007ffcdd40c000 	C:\Users\fs-dev1\.openjfx\cache\17.0.2-ea\ucrtbase.dll
0x00007ffcf7000000 - 0x00007ffcf701a000 	C:\Users\fs-dev1\.openjfx\cache\17.0.2-ea\vcruntime140.dll
0x00007ffcf7030000 - 0x00007ffcf703c000 	C:\Users\fs-dev1\.openjfx\cache\17.0.2-ea\vcruntime140_1.dll
0x00007ffce32c0000 - 0x00007ffce334d000 	C:\Users\fs-dev1\.openjfx\cache\17.0.2-ea\msvcp140.dll
0x00007ffcec000000 - 0x00007ffcec02a000 	C:\Users\fs-dev1\.openjfx\cache\17.0.2-ea\prism_d3d.dll
0x00007ffcd0310000 - 0x00007ffcd04dd000 	C:\Windows\system32\d3d9.dll
0x00007ffd07050000 - 0x00007ffd0707f000 	C:\Windows\SYSTEM32\dwmapi.dll
0x00007ffd06470000 - 0x00007ffd0650e000 	C:\Windows\system32\uxtheme.dll
0x00007ffcdbdb0000 - 0x00007ffcdbf5f000 	C:\Windows\System32\DriverStore\FileRepository\iigd_dch.inf_amd64_51f685305808e3a5\igdumdim64.dll
0x00007ffd0c6e0000 - 0x00007ffd0c80a000 	C:\Windows\System32\ole32.dll
0x00007ffcad5d0000 - 0x00007ffcb0673000 	C:\Windows\System32\DriverStore\FileRepository\iigd_dch.inf_amd64_51f685305808e3a5\igd9dxva64.dll
0x00007ffd0b120000 - 0x00007ffd0b1ed000 	C:\Windows\System32\OLEAUT32.dll
0x00007ffd0b380000 - 0x00007ffd0b7e8000 	C:\Windows\System32\SETUPAPI.dll
0x00007ffd0a7c0000 - 0x00007ffd0a80e000 	C:\Windows\System32\cfgmgr32.dll
0x00007ffd0ab00000 - 0x00007ffd0ab27000 	C:\Windows\System32\bcrypt.dll
0x00007ffcfe6e0000 - 0x00007ffcfeae9000 	C:\Windows\System32\DriverStore\FileRepository\iigd_dch.inf_amd64_51f685305808e3a5\igdgmm64.dll
0x00007ffce21f0000 - 0x00007ffce2232000 	C:\Users\fs-dev1\.openjfx\cache\17.0.2-ea\glass.dll
0x00007ffd0adc0000 - 0x00007ffd0ae9a000 	C:\Windows\System32\COMDLG32.dll
0x00007ffd0c470000 - 0x00007ffd0c584000 	C:\Windows\System32\MSCTF.dll
0x00007ffce5c30000 - 0x00007ffce5c57000 	C:\Windows\System32\DriverStore\FileRepository\iigd_dch.inf_amd64_51f685305808e3a5\igdinfo64.dll
0x00007ffd09c30000 - 0x00007ffd09c48000 	C:\Windows\SYSTEM32\CRYPTSP.dll
0x00007ffd092f0000 - 0x00007ffd09324000 	C:\Windows\system32\rsaenh.dll
0x00007ffd09c50000 - 0x00007ffd09c5c000 	C:\Windows\SYSTEM32\CRYPTBASE.dll
0x00007ffcfaf40000 - 0x00007ffcfe6d4000 	C:\Windows\System32\DriverStore\FileRepository\iigd_dch.inf_amd64_51f685305808e3a5\igc64.dll
0x00007ffd03e40000 - 0x00007ffd03e7b000 	C:\Windows\SYSTEM32\dxcore.dll
0x00007ffce7a50000 - 0x00007ffce7a64000 	C:\Users\fs-dev1\.openjfx\cache\17.0.2-ea\javafx_font.dll
0x00007ffd07ae0000 - 0x00007ffd07d5f000 	C:\Windows\SYSTEM32\dwrite.dll
0x00007ffcf6ff0000 - 0x00007ffcf6ff7000 	C:\Users\fs-dev1\.openjfx\cache\17.0.2-ea\prism_common.dll
0x00007ffd0ba70000 - 0x00007ffd0bb19000 	C:\Windows\System32\clbcatq.dll
0x00007ffd02dc0000 - 0x00007ffd02f74000 	C:\Windows\SYSTEM32\WindowsCodecs.dll
0x00007ffcdf710000 - 0x00007ffcdf74e000 	C:\Windows\system32\dataexchange.dll
0x00007ffd08070000 - 0x00007ffd082d3000 	C:\Windows\system32\d3d11.dll
0x00007ffd05820000 - 0x00007ffd05a03000 	C:\Windows\system32\dcomp.dll
0x00007ffd08c60000 - 0x00007ffd08d53000 	C:\Windows\system32\dxgi.dll
0x00007ffd02f80000 - 0x00007ffd03187000 	C:\Windows\system32\twinapi.appcore.dll
0x00007ffce0850000 - 0x00007ffce0884000 	C:\Program Files\Common Files\Microsoft Shared\Ink\rtscom.dll
0x00007ffcfa190000 - 0x00007ffcfa289000 	C:\Windows\SYSTEM32\textinputframework.dll
0x00007ffd05d90000 - 0x00007ffd060ee000 	C:\Windows\System32\CoreUIComponents.dll
0x00007ffd060f0000 - 0x00007ffd061e2000 	C:\Windows\System32\CoreMessaging.dll
0x00007ffd09410000 - 0x00007ffd09443000 	C:\Windows\SYSTEM32\ntmarta.dll

dbghelp: loaded successfully - version: 4.0.5 - missing functions: none
symbol engine: initialized successfully - sym options: 0x614 - pdb path: .;C:\Program Files\Java\jdk-11\bin;C:\Windows\SYSTEM32;C:\Windows\WinSxS\amd64_microsoft.windows.common-controls_6595b64144ccf1df_6.0.19041.1110_none_60b5254171f9507e;C:\Program Files\Java\jdk-11\bin\server;C:\Program Files\JetBrains\IntelliJ IDEA 2022.3.2\bin;C:\Users\fs-dev1\.openjfx\cache\17.0.2-ea;C:\Windows\System32\DriverStore\FileRepository\iigd_dch.inf_amd64_51f685305808e3a5;C:\Program Files\Common Files\Microsoft Shared\Ink;C:\Program Files (x86)\SogouInput\9.2.0.2770;C:\Program Files (x86)\SogouInput\Components\PicFace\1.1.0.1844;C:\Users\fs-dev1\AppData\Local\Temp;D:\work\project\WebCamComponent\lib\HV_lib;C:\Users\fs-dev1\.javacpp\cache\javacpp-1.5.4-windows-x86_64.jar\org\bytedeco\javacpp\windows-x86_64;C:\Users\fs-dev1\.javacpp\cache\ffmpeg-4.3.1-1.5.4-windows-x86_64.jar\org\bytedeco\ffmpeg\windows-x86_64;D:\work\project\WebCamComponent\lib\HV_lib\HCNetSDKCom

VM Arguments:
jvm_args: -javaagent:C:\Program Files\JetBrains\IntelliJ IDEA 2022.3.2\lib\idea_rt.jar=62956:C:\Program Files\JetBrains\IntelliJ IDEA 2022.3.2\bin -Dfile.encoding=UTF-8 --module-path=C:\Users\fs-dev1\.m2\repository\org\openjfx\javafx-controls\17.0.2\javafx-controls-17.0.2-win.jar;C:\Users\fs-dev1\.m2\repository\org\bytedeco\leptonica\1.80.0-1.5.4\leptonica-1.80.0-1.5.4.jar;C:\Users\fs-dev1\.m2\repository\org\openjfx\javafx-fxml\17.0.2\javafx-fxml-17.0.2-win.jar;C:\Users\fs-dev1\.m2\repository\org\bytedeco\opencv\4.4.0-1.5.4\opencv-4.4.0-1.5.4.jar;C:\Users\fs-dev1\.m2\repository\org\bytedeco\openblas\0.3.10-1.5.4\openblas-0.3.10-1.5.4.jar;C:\Users\fs-dev1\.m2\repository\org\bytedeco\libfreenect2\0.2.0-1.5.4\libfreenect2-0.2.0-1.5.4.jar;C:\Users\fs-dev1\.m2\repository\org\bytedeco\libfreenect\0.5.7-1.5.4\libfreenect-0.5.7-1.5.4.jar;D:\work\project\WebCamComponent\target\classes;D:\work\project\WebCamComponent\lib\HV_lib\jna.jar;C:\Users\fs-dev1\.m2\repository\org\bytedeco\librealsense\1.12.4-1.5.4\librealsense-1.12.4-1.5.4.jar;C:\Users\fs-dev1\.m2\repository\org\openjfx\javafx-graphics\17.0.2\javafx-graphics-17.0.2-win.jar;C:\Users\fs-dev1\.m2\repository\org\bytedeco\libdc1394\2.2.6-1.5.4\libdc1394-2.2.6-1.5.4.jar;C:\Users\fs-dev1\.m2\repository\org\bytedeco\artoolkitplus\2.3.1-1.5.4\artoolkitplus-2.3.1-1.5.4.jar;C:\Users\fs-dev1\.m2\repository\org\bytedeco\videoinput\0.200-1.5.4\videoinput-0.200-1.5.4.jar;C:\Users\fs-dev1\.m2\repository\org\openjfx\javafx-base\17.0.2\javafx-base-17.0.2-win.jar;D:\work\project\WebCamComponent\lib\HV_lib\examples.jar;C:\Users\fs-dev1\.m2\repository\org\openjfx\javafx-swing\16\javafx-swing-16-win.jar;C:\Users\fs-dev1\.m2\repository\org\bytedeco\javacpp\1.5.4\javacpp-1.5.4.jar;C:\Users\fs-dev1\.m2\repository\org\bytedeco\ffmpeg\4.3.1-1.5.4\ffmpeg-4.3.1-1.5.4.jar;C:\Users\fs-dev1\.m2\repository\org\bytedeco\flycapture\2.13.3.31-1.5.4\flycapture-2.13.3.31-1.5.4.jar;C:\Users\fs-dev1\.m2\repository\org\bytedeco\flandmark\1.07-1.5.4\flandmark-1.07-1.5.4.jar;C:\Users\fs-dev1\.m2\repository\org\bytedeco\tesseract\4.1.1-1.5.4\tesseract-4.1.1-1.5.4.jar;C:\Users\fs-dev1\.m2\repository\org\bytedeco\javacv\1.5.4\j-Djdk.module.main=com.fs.webcamcomponent 
java_command: com.fs.webcamcomponent/com.fs.webcamcomponent.WebCamApplication
java_class_path (initial): C:\Users\fs-dev1\.m2\repository\org\openjfx\javafx-controls\17.0.2\javafx-controls-17.0.2.jar;C:\Users\fs-dev1\.m2\repository\org\openjfx\javafx-graphics\17.0.2\javafx-graphics-17.0.2.jar;C:\Users\fs-dev1\.m2\repository\org\openjfx\javafx-base\17.0.2\javafx-base-17.0.2.jar;C:\Users\fs-dev1\.m2\repository\org\openjfx\javafx-fxml\17.0.2\javafx-fxml-17.0.2.jar;C:\Users\fs-dev1\.m2\repository\org\bytedeco\librealsense2\2.29.0-1.5.4\librealsense2-2.29.0-1.5.4.jar;C:\Users\fs-dev1\.m2\repository\org\bytedeco\ffmpeg-platform\4.3.1-1.5.4\ffmpeg-platform-4.3.1-1.5.4.jar;C:\Users\fs-dev1\.m2\repository\org\bytedeco\javacpp-platform\1.5.4\javacpp-platform-1.5.4.jar;C:\Users\fs-dev1\.m2\repository\org\bytedeco\javacpp\1.5.4\javacpp-1.5.4-android-arm.jar;C:\Users\fs-dev1\.m2\repository\org\bytedeco\javacpp\1.5.4\javacpp-1.5.4-android-arm64.jar;C:\Users\fs-dev1\.m2\repository\org\bytedeco\javacpp\1.5.4\javacpp-1.5.4-android-x86.jar;C:\Users\fs-dev1\.m2\repository\org\bytedeco\javacpp\1.5.4\javacpp-1.5.4-android-x86_64.jar;C:\Users\fs-dev1\.m2\repository\org\bytedeco\javacpp\1.5.4\javacpp-1.5.4-ios-arm64.jar;C:\Users\fs-dev1\.m2\repository\org\bytedeco\javacpp\1.5.4\javacpp-1.5.4-ios-x86_64.jar;C:\Users\fs-dev1\.m2\repository\org\bytedeco\javacpp\1.5.4\javacpp-1.5.4-linux-armhf.jar;C:\Users\fs-dev1\.m2\repository\org\bytedeco\javacpp\1.5.4\javacpp-1.5.4-linux-arm64.jar;C:\Users\fs-dev1\.m2\repository\org\bytedeco\javacpp\1.5.4\javacpp-1.5.4-linux-ppc64le.jar;C:\Users\fs-dev1\.m2\repository\org\bytedeco\javacpp\1.5.4\javacpp-1.5.4-linux-x86.jar;C:\Users\fs-dev1\.m2\repository\org\bytedeco\javacpp\1.5.4\javacpp-1.5.4-linux-x86_64.jar;C:\Users\fs-dev1\.m2\repository\org\bytedeco\javacpp\1.5.4\javacpp-1.5.4-macosx-x86_64.jar;C:\Users\fs-dev1\.m2\repository\org\bytedeco\javacpp\1.5.4\javacpp-1.5.4-windows-x86.jar;C:\Users\fs-dev1\.m2\repository\org\bytedeco\javacpp\1.5.4\javacpp-1.5.4-windows-x86_64.jar;C:\Users\fs-dev1\.m2\repository\org\bytedeco\ffmpeg\4.
Launcher Type: SUN_STANDARD

[Global flags]
     intx CICompilerCount                          = 3                                         {product} {ergonomic}
     uint ConcGCThreads                            = 1                                         {product} {ergonomic}
     uint G1ConcRefinementThreads                  = 4                                         {product} {ergonomic}
   size_t G1HeapRegionSize                         = 1048576                                   {product} {ergonomic}
    uintx GCDrainStackTargetSize                   = 64                                        {product} {ergonomic}
   size_t InitialHeapSize                          = 266338304                                 {product} {ergonomic}
   size_t MarkStackSize                            = 4194304                                   {product} {ergonomic}
   size_t MaxHeapSize                              = 4257218560                                {product} {ergonomic}
   size_t MaxNewSize                               = 2554331136                                {product} {ergonomic}
   size_t MinHeapDeltaBytes                        = 1048576                                   {product} {ergonomic}
    uintx NonNMethodCodeHeapSize                   = 5830732                                {pd product} {ergonomic}
    uintx NonProfiledCodeHeapSize                  = 122913754                              {pd product} {ergonomic}
    uintx ProfiledCodeHeapSize                     = 122913754                              {pd product} {ergonomic}
    uintx ReservedCodeCacheSize                    = 251658240                              {pd product} {ergonomic}
     bool SegmentedCodeCache                       = true                                      {product} {ergonomic}
     bool UseCompressedClassPointers               = true                                 {lp64_product} {ergonomic}
     bool UseCompressedOops                        = true                                 {lp64_product} {ergonomic}
     bool UseG1GC                                  = true                                      {product} {ergonomic}
     bool UseLargePagesIndividualAllocation        = false                                  {pd product} {ergonomic}

Logging:
Log output configuration:
 #0: stdout all=warning uptime,level,tags
 #1: stderr all=off uptime,level,tags

Environment Variables:
JAVA_HOME=C:\Program Files\Java\jdk-11
PATH=C:\Program Files\Common Files\Oracle\Java\javapath;C:\Windows\system32;C:\Windows;C:\Windows\System32\Wbem;C:\Windows\System32\WindowsPowerShell\v1.0\;C:\Windows\System32\OpenSSH\;C:\Program Files\Microsoft VS Code\bin;C:\Program Files\Tailscale\;C:\Program Files\Java\jdk-11\bin;C:\msys64\usr\bin;D:\Software\bazel;C:\Program Files\Git\cmd;D:\Software\OpenCV\opencv\build\x64\vc15\bin;C:\Users\fs-dev1\AppData\Local\Programs\Python\Python37;C:\Users\fs-dev1\AppData\Local\Programs\Python\Python37\libs;C:\Users\fs-dev1\AppData\Local\Programs\Python\Python37\Scripts;C:\Users\fs-dev1\AppData\Local\Programs\Python\Python37\Scripts\;C:\Users\fs-dev1\AppData\Local\Programs\Python\Python37\;C:\Users\fs-dev1\AppData\Local\Microsoft\WindowsApps
USERNAME=fs-dev1
OS=Windows_NT
PROCESSOR_IDENTIFIER=Intel64 Family 6 Model 142 Stepping 9, GenuineIntel



---------------  S Y S T E M  ---------------

OS: Windows 10 , 64 bit Build 19041 (10.0.19041.3031)

CPU:total 4 (initial active 4) (2 cores per cpu, 2 threads per core) family 6 model 142 stepping 9 microcode 0xde, cmov, cx8, fxsr, mmx, sse, sse2, sse3, ssse3, sse4.1, sse4.2, popcnt, avx, avx2, aes, clmul, erms, 3dnowpref, lzcnt, ht, tsc, tscinvbit, bmi1, bmi2, adx, fma

Memory: 4k page, system-wide physical 16234M (7322M free)
TotalPageFile size 19562M (AvailPageFile size 6052M)
current process WorkingSet (physical memory assigned to process): 612M, peak: 612M
current process commit charge ("private bytes"): 735M, peak: 735M

vm_info: Java HotSpot(TM) 64-Bit Server VM (11.0.18+9-LTS-195) for windows-amd64 JRE (11.0.18+9-LTS-195), built on Dec  6 2022 15:50:58 by "mach5one" with MS VC++ 17.1 (VS2022)

END.
