#
# A fatal error has been detected by the Java Runtime Environment:
#
#  EXCEPTION_ACCESS_VIOLATION (0xc0000005) at pc=0x00007ffce074c125, pid=3972, tid=4028
#
# JRE version: Java(TM) SE Runtime Environment 18.9 (11.0.18+9) (build 11.0.18+9-LTS-195)
# Java VM: Java HotSpot(TM) 64-Bit Server VM 18.9 (11.0.18+9-LTS-195, mixed mode, tiered, compressed oops, g1 gc, windows-amd64)
# Problematic frame:
# C  0x00007ffce074c125
#
# No core dump will be written. Minidumps are not enabled by default on client versions of Windows
#
# If you would like to submit a bug report, please visit:
#   https://bugreport.java.com/bugreport/crash.jsp
# The crash happened outside the Java Virtual Machine in native code.
# See problematic frame for where to report the bug.
#

---------------  S U M M A R Y ------------

Command Line: -javaagent:C:\Program Files\JetBrains\IntelliJ IDEA 2022.3.2\lib\idea_rt.jar=63036:C:\Program Files\JetBrains\IntelliJ IDEA 2022.3.2\bin -Dfile.encoding=UTF-8 --module-path=C:\Users\fs-dev1\.m2\repository\org\openjfx\javafx-controls\17.0.2\javafx-controls-17.0.2-win.jar;C:\Users\fs-dev1\.m2\repository\org\bytedeco\leptonica\1.80.0-1.5.4\leptonica-1.80.0-1.5.4.jar;C:\Users\fs-dev1\.m2\repository\org\openjfx\javafx-fxml\17.0.2\javafx-fxml-17.0.2-win.jar;C:\Users\fs-dev1\.m2\repository\org\bytedeco\opencv\4.4.0-1.5.4\opencv-4.4.0-1.5.4.jar;C:\Users\fs-dev1\.m2\repository\org\bytedeco\openblas\0.3.10-1.5.4\openblas-0.3.10-1.5.4.jar;C:\Users\fs-dev1\.m2\repository\org\bytedeco\libfreenect2\0.2.0-1.5.4\libfreenect2-0.2.0-1.5.4.jar;C:\Users\fs-dev1\.m2\repository\org\bytedeco\libfreenect\0.5.7-1.5.4\libfreenect-0.5.7-1.5.4.jar;D:\work\project\WebCamComponent\target\classes;D:\work\project\WebCamComponent\lib\HV_lib\jna.jar;C:\Users\fs-dev1\.m2\repository\org\bytedeco\librealsense\1.12.4-1.5.4\librealsense-1.12.4-1.5.4.jar;C:\Users\fs-dev1\.m2\repository\org\openjfx\javafx-graphics\17.0.2\javafx-graphics-17.0.2-win.jar;C:\Users\fs-dev1\.m2\repository\org\bytedeco\libdc1394\2.2.6-1.5.4\libdc1394-2.2.6-1.5.4.jar;C:\Users\fs-dev1\.m2\repository\org\bytedeco\artoolkitplus\2.3.1-1.5.4\artoolkitplus-2.3.1-1.5.4.jar;C:\Users\fs-dev1\.m2\repository\org\bytedeco\videoinput\0.200-1.5.4\videoinput-0.200-1.5.4.jar;C:\Users\fs-dev1\.m2\repository\org\openjfx\javafx-base\17.0.2\javafx-base-17.0.2-win.jar;D:\work\project\WebCamComponent\lib\HV_lib\examples.jar;C:\Users\fs-dev1\.m2\repository\org\openjfx\javafx-swing\16\javafx-swing-16-win.jar;C:\Users\fs-dev1\.m2\repository\org\bytedeco\javacpp\1.5.4\javacpp-1.5.4.jar;C:\Users\fs-dev1\.m2\repository\org\bytedeco\ffmpeg\4.3.1-1.5.4\ffmpeg-4.3.1-1.5.4.jar;C:\Users\fs-dev1\.m2\repository\org\bytedeco\flycapture\2.13.3.31-1.5.4\flycapture-2.13.3.31-1.5.4.jar;C:\Users\fs-dev1\.m2\repository\org\bytedeco\flandmark\1.07-1.5.4\flandmark-1.07-1.5.4.jar;C:\Users\fs-dev1\.m2\repository\org\bytedeco\tesseract\4.1.1-1.5.4\tesseract-4.1.1-1.5.4.jar;C:\Users\fs-dev1\.m2\repository\org\bytedeco\javacv\1.5.4\j-Djdk.module.main=com.fs.webcamcomponent com.fs.webcamcomponent/com.fs.webcamcomponent.WebCamApplication

Host: Intel(R) Core(TM) i7-7500U CPU @ 2.70GHz, 4 cores, 15G,  Windows 10 , 64 bit Build 19041 (10.0.19041.3031)
Time: Wed Jul 12 11:12:45 2023  Windows 10 , 64 bit Build 19041 (10.0.19041.3031) elapsed time: 50.296310 seconds (0d 0h 0m 50s)

---------------  T H R E A D  ---------------

Current thread (0x000001eabfefb800):  JavaThread "Thread-5" [_thread_in_native, id=4028, stack(0x00000036e6000000,0x00000036e6100000)]

Stack: [0x00000036e6000000,0x00000036e6100000],  sp=0x00000036e60fea38,  free space=1018k
Native frames: (J=compiled Java code, j=interpreted, Vv=VM code, C=native code)
C  0x00007ffce074c125

Java frames: (J=compiled Java code, j=interpreted, Vv=VM code)
J 3802  org.bytedeco.ffmpeg.global.swscale.sws_scale(Lorg/bytedeco/ffmpeg/swscale/SwsContext;Lorg/bytedeco/javacpp/PointerPointer;Lorg/bytedeco/javacpp/IntPointer;IILorg/bytedeco/javacpp/PointerPointer;Lorg/bytedeco/javacpp/IntPointer;)I org.bytedeco.ffmpeg (0 bytes) @ 0x000001eaab2feceb [0x000001eaab2fec20+0x00000000000000cb]
J 3933 c1 org.bytedeco.javacv.FFmpegFrameGrabber.processImage()V org.bytedeco.javacv (508 bytes) @ 0x000001eaa43fac4c [0x000001eaa43f9c00+0x000000000000104c]
J 3793 c1 org.bytedeco.javacv.FFmpegFrameGrabber.grabFrame(ZZZZZ)Lorg/bytedeco/javacv/Frame; org.bytedeco.javacv (1265 bytes) @ 0x000001eaa439e2e4 [0x000001eaa439c3a0+0x0000000000001f44]
J 3792 c1 org.bytedeco.javacv.FFmpegFrameGrabber.grab()Lorg/bytedeco/javacv/Frame; org.bytedeco.javacv (10 bytes) @ 0x000001eaa43a2764 [0x000001eaa43a26c0+0x00000000000000a4]
j  com.fs.webcamcomponent.hv.HikvisionOperation$FrameGrabThread.run()V+65 com.fs.webcamcomponent
v  ~StubRoutines::call_stub

siginfo: EXCEPTION_ACCESS_VIOLATION (0xc0000005), reading address 0x000001ead712c000


Register to memory mapping:

RIP=0x00007ffce074c125 points into unknown readable memory: 66 41 0f
RAX=0x00000000000001bd is an unknown value
RBX=0x00000000000002e6 is an unknown value
RCX=0x00000000000001bb is an unknown value
RDX=0x000001ead3200c80 points into unknown readable memory: 0x4000400040004000 | 00 40 00 40 00 40 00 40
RSP=0x00000036e60fea38 is pointing into the stack for thread: 0x000001eabfefb800
RBP=0x000001ead712bcc0 points into unknown readable memory: 0x000001ead4ca9580 | 80 95 ca d4 ea 01 00 00
RSI=0x000001ead3359740 points into unknown readable memory: 0x00007ffce076d860 | 60 d8 76 e0 fc 7f 00 00
RDI=0x0000000000000280 is an unknown value
R8 =0xfffffffffffffe5c is an unknown value
R9 =0x000001ead712be40 points into unknown readable memory: 0x2bca1c1284b5a2a0 | a0 a2 b5 84 12 1c ca 2b
R10=0x000001ead4caa980 points into unknown readable memory: 0x2000180008000000 | 00 00 00 08 00 18 00 20
R11=0x000001ead64a6480 points into unknown readable memory: 0x000004fc000004fc | fc 04 00 00 fc 04 00 00
R12=0x0000000000000500 is an unknown value
R13=0x0000000000020000 is an unknown value
R14=0x000001eac518e270 points into unknown readable memory: 0x000001ead3200780 | 80 07 20 d3 ea 01 00 00
R15=0x000001ead649cb40 points into unknown readable memory: 0x000001ead6414f00 | 00 4f 41 d6 ea 01 00 00


Registers:
RAX=0x00000000000001bd, RBX=0x00000000000002e6, RCX=0x00000000000001bb, RDX=0x000001ead3200c80
RSP=0x00000036e60fea38, RBP=0x000001ead712bcc0, RSI=0x000001ead3359740, RDI=0x0000000000000280
R8 =0xfffffffffffffe5c, R9 =0x000001ead712be40, R10=0x000001ead4caa980, R11=0x000001ead64a6480
R12=0x0000000000000500, R13=0x0000000000020000, R14=0x000001eac518e270, R15=0x000001ead649cb40
RIP=0x00007ffce074c125, EFLAGS=0x0000000000010286

Top of Stack: (sp=0x00000036e60fea38)
0x00000036e60fea38:   00007ffce06f25d2 0000000000000280
0x00000036e60fea48:   0000000000000170 000001ead7264880
0x00000036e60fea58:   0000028000000170 000001ead4ca9580
0x00000036e60fea68:   000001ead64a5a80 000001ea00000004
0x00000036e60fea78:   000001ead31ac140 000001ead4b6ef80
0x00000036e60fea88:   000002e900000280 000001ead63300c0
0x00000036e60fea98:   000001ead3359740 00000000000002e3
0x00000036e60feaa8:   000001ead649cb68 0000000000000006
0x00000036e60feab8:   000001ead649cb40 000001ead6414f98
0x00000036e60feac8:   00000000000002e4 0000000000000171
0x00000036e60fead8:   00007ffce0729031 0000000000000000
0x00000036e60feae8:   0000000714685be0 000001eac5823780
0x00000036e60feaf8:   0000000700000006 00007ffc00000000
0x00000036e60feb08:   00007ffc000001e0 00007ffc00000000
0x00000036e60feb18:   00000000000001e0 0000000000000000
0x00000036e60feb28:   0000000000000200 000001e0bfefbb48 

Instructions: (pc=0x00007ffce074c125)
0x00007ffce074c105:   63 44 83 04 66 41 0f 6e 04 09 66 41 0f 6e 24 01
0x00007ffce074c115:   4b 63 4c 83 08 4b 63 44 83 0c 66 41 0f 6e 0c 09
0x00007ffce074c125:   66 41 0f 6e 2c 01 66 0f 62 c4 66 0f 62 cd 66 0f
0x00007ffce074c135:   60 c3 66 0f 60 cb 66 43 0f f5 04 c2 66 43 0f f5 


Stack slot to memory mapping:
stack at sp + 0 slots: 0x00007ffce06f25d2 points into unknown readable memory: e9 1c ff ff ff 66
stack at sp + 1 slots: 0x0000000000000280 is an unknown value
stack at sp + 2 slots: 0x0000000000000170 is an unknown value
stack at sp + 3 slots: 0x000001ead7264880 points into unknown readable memory: 0x0000080018002000 | 00 20 00 18 00 08 00 00
stack at sp + 4 slots: 0x0000028000000170 is an unknown value
stack at sp + 5 slots: 0x000001ead4ca9580 points into unknown readable memory: 0x0000080018002000 | 00 20 00 18 00 08 00 00
stack at sp + 6 slots: 0x000001ead64a5a80 points into unknown readable memory: 0x0000000100000000 | 00 00 00 00 01 00 00 00
stack at sp + 7 slots: 0x000001ea00000004 is an unknown value


---------------  P R O C E S S  ---------------

Threads class SMR info:
_java_thread_list=0x000001eabeda19b0, length=21, elements={
0x000001ea9bf4a000, 0x000001eabe1ed000, 0x000001eabe1f6800, 0x000001eabeade000,
0x000001eabeae0000, 0x000001eabeae4000, 0x000001eabeaea800, 0x000001eabeaf5800,
0x000001eabeaff800, 0x000001eabec85000, 0x000001eabef45800, 0x000001eabf6ca800,
0x000001eabf7d3000, 0x000001eabf815800, 0x000001eabfbbf000, 0x000001eabfbdb800,
0x000001eabed32000, 0x000001eac5c88800, 0x000001eabfef9000, 0x000001eabfefb800,
0x000001eabfefc800
}

Java Threads: ( => current thread )
  0x000001ea9bf4a000 JavaThread "main" [_thread_blocked, id=19016, stack(0x00000036df600000,0x00000036df700000)]
  0x000001eabe1ed000 JavaThread "Reference Handler" daemon [_thread_blocked, id=12632, stack(0x00000036dfd00000,0x00000036dfe00000)]
  0x000001eabe1f6800 JavaThread "Finalizer" daemon [_thread_blocked, id=17996, stack(0x00000036dfe00000,0x00000036dff00000)]
  0x000001eabeade000 JavaThread "Signal Dispatcher" daemon [_thread_blocked, id=18844, stack(0x00000036dff00000,0x00000036e0000000)]
  0x000001eabeae0000 JavaThread "Attach Listener" daemon [_thread_blocked, id=18920, stack(0x00000036e0000000,0x00000036e0100000)]
  0x000001eabeae4000 JavaThread "Service Thread" daemon [_thread_blocked, id=11324, stack(0x00000036e0100000,0x00000036e0200000)]
  0x000001eabeaea800 JavaThread "C2 CompilerThread0" daemon [_thread_blocked, id=15392, stack(0x00000036e0200000,0x00000036e0300000)]
  0x000001eabeaf5800 JavaThread "C1 CompilerThread0" daemon [_thread_blocked, id=10160, stack(0x00000036e0300000,0x00000036e0400000)]
  0x000001eabeaff800 JavaThread "Sweeper thread" daemon [_thread_blocked, id=7472, stack(0x00000036e0400000,0x00000036e0500000)]
  0x000001eabec85000 JavaThread "Common-Cleaner" daemon [_thread_blocked, id=10400, stack(0x00000036e0500000,0x00000036e0600000)]
  0x000001eabef45800 JavaThread "Monitor Ctrl-Break" daemon [_thread_in_native, id=18988, stack(0x00000036e0a00000,0x00000036e0b00000)]
  0x000001eabf6ca800 JavaThread "QuantumRenderer-0" daemon [_thread_blocked, id=14700, stack(0x00000036e0c00000,0x00000036e0d00000)]
  0x000001eabf7d3000 JavaThread "InvokeLaterDispatcher" daemon [_thread_blocked, id=17196, stack(0x00000036e0d00000,0x00000036e0e00000)]
  0x000001eabf815800 JavaThread "JavaFX Application Thread" [_thread_in_native, id=8216, stack(0x00000036e0e00000,0x00000036e0f00000)]
  0x000001eabfbbf000 JavaThread "Thread-1" daemon [_thread_in_native, id=10396, stack(0x00000036e1200000,0x00000036e1300000)]
  0x000001eabfbdb800 JavaThread "JavaFX-Launcher" [_thread_blocked, id=18444, stack(0x00000036e1300000,0x00000036e1400000)]
  0x000001eabed32000 JavaThread "Prism Font Disposer" daemon [_thread_blocked, id=18500, stack(0x00000036e0600000,0x00000036e0700000)]
  0x000001eac5c88800 JavaThread "Cleaner-0" daemon [_thread_blocked, id=8884, stack(0x00000036e1800000,0x00000036e1900000)]
  0x000001eabfef9000 JavaThread "JavaCPP Deallocator" daemon [_thread_blocked, id=8816, stack(0x00000036e5f00000,0x00000036e6000000)]
=>0x000001eabfefb800 JavaThread "Thread-5" [_thread_in_native, id=4028, stack(0x00000036e6000000,0x00000036e6100000)]
  0x000001eabfefc800 JavaThread "Thread-6165" [_thread_blocked, id=14828, stack(0x00000036e5900000,0x00000036e5a00000)]

Other Threads:
  0x000001eabe1ca800 VMThread "VM Thread" [stack: 0x00000036dfc00000,0x00000036dfd00000] [id=12388]
  0x000001eabf233800 WatcherThread [stack: 0x00000036e0b00000,0x00000036e0c00000] [id=8060]
  0x000001ea9bf5d000 GCTaskThread "GC Thread#0" [stack: 0x00000036df700000,0x00000036df800000] [id=10516]
  0x000001eabf476800 GCTaskThread "GC Thread#1" [stack: 0x00000036e0700000,0x00000036e0800000] [id=2280]
  0x000001eabeff4800 GCTaskThread "GC Thread#2" [stack: 0x00000036e0800000,0x00000036e0900000] [id=3948]
  0x000001eabeedc000 GCTaskThread "GC Thread#3" [stack: 0x00000036e0900000,0x00000036e0a00000] [id=16664]
  0x000001ea9bfb8800 ConcurrentGCThread "G1 Main Marker" [stack: 0x00000036df800000,0x00000036df900000] [id=17900]
  0x000001ea9bfbb000 ConcurrentGCThread "G1 Conc#0" [stack: 0x00000036df900000,0x00000036dfa00000] [id=13148]
  0x000001eabe0aa800 ConcurrentGCThread "G1 Refine#0" [stack: 0x00000036dfa00000,0x00000036dfb00000] [id=6284]
  0x000001eabe0ab800 ConcurrentGCThread "G1 Young RemSet Sampling" [stack: 0x00000036dfb00000,0x00000036dfc00000] [id=16248]

Threads with active compile tasks:

VM state:not at safepoint (normal execution)

VM Mutex/Monitor currently owned by a thread: None

Heap address: 0x0000000702400000, size: 4060 MB, Compressed Oops mode: Zero based, Oop shift amount: 3
Narrow klass base: 0x0000000800000000, Narrow klass shift: 0
Compressed class space size: 1073741824 Address: 0x0000000800000000

Heap:
 garbage-first heap   total 297984K, used 19218K [0x0000000702400000, 0x0000000800000000)
  region size 1024K, 5 young (5120K), 1 survivors (1024K)
 Metaspace       used 28003K, capacity 28714K, committed 28924K, reserved 1075200K
  class space    used 3519K, capacity 3838K, committed 3916K, reserved 1048576K
Heap Regions: E=young(eden), S=young(survivor), O=old, HS=humongous(starts), HC=humongous(continues), CS=collection set, F=free, A=archive, TAMS=top-at-mark-start (previous, next)
|   0|0x0000000702400000, 0x0000000702500000, 0x0000000702500000|100%|HS|  |TAMS 0x0000000702500000, 0x0000000702400000| Complete 
|   1|0x0000000702500000, 0x0000000702600000, 0x0000000702600000|100%|HC|  |TAMS 0x0000000702600000, 0x0000000702500000| Complete 
|   2|0x0000000702600000, 0x0000000702700000, 0x0000000702700000|100%| O|  |TAMS 0x0000000702700000, 0x0000000702600000| Untracked 
|   3|0x0000000702700000, 0x0000000702800000, 0x0000000702800000|100%| O|  |TAMS 0x0000000702800000, 0x0000000702700000| Untracked 
|   4|0x0000000702800000, 0x0000000702900000, 0x0000000702900000|100%| O|  |TAMS 0x0000000702900000, 0x0000000702800000| Untracked 
|   5|0x0000000702900000, 0x0000000702a00000, 0x0000000702a00000|100%| O|  |TAMS 0x0000000702a00000, 0x0000000702900000| Untracked 
|   6|0x0000000702a00000, 0x0000000702b00000, 0x0000000702b00000|100%| O|  |TAMS 0x0000000702b00000, 0x0000000702a00000| Untracked 
|   7|0x0000000702b00000, 0x0000000702c00000, 0x0000000702c00000|100%| O|  |TAMS 0x0000000702c00000, 0x0000000702b00000| Untracked 
|   8|0x0000000702c00000, 0x0000000702d00000, 0x0000000702d00000|100%| O|  |TAMS 0x0000000702d00000, 0x0000000702c00000| Untracked 
|   9|0x0000000702d00000, 0x0000000702e00000, 0x0000000702e00000|100%| O|  |TAMS 0x0000000702d82400, 0x0000000702d00000| Untracked 
|  10|0x0000000702e00000, 0x0000000702e00000, 0x0000000702f00000|  0%| F|  |TAMS 0x0000000702e00000, 0x0000000702e00000| Untracked 
|  11|0x0000000702f00000, 0x0000000702f00000, 0x0000000703000000|  0%| F|  |TAMS 0x0000000702f00000, 0x0000000702f00000| Untracked 
|  12|0x0000000703000000, 0x0000000703000000, 0x0000000703100000|  0%| F|  |TAMS 0x0000000703000000, 0x0000000703000000| Untracked 
|  13|0x0000000703100000, 0x0000000703100000, 0x0000000703200000|  0%| F|  |TAMS 0x0000000703100000, 0x0000000703100000| Untracked 
|  14|0x0000000703200000, 0x0000000703200000, 0x0000000703300000|  0%| F|  |TAMS 0x0000000703200000, 0x0000000703200000| Untracked 
|  15|0x0000000703300000, 0x0000000703300000, 0x0000000703400000|  0%| F|  |TAMS 0x0000000703300000, 0x0000000703300000| Untracked 
|  16|0x0000000703400000, 0x0000000703400000, 0x0000000703500000|  0%| F|  |TAMS 0x0000000703400000, 0x0000000703400000| Untracked 
|  17|0x0000000703500000, 0x0000000703500000, 0x0000000703600000|  0%| F|  |TAMS 0x0000000703500000, 0x0000000703500000| Untracked 
|  18|0x0000000703600000, 0x0000000703600000, 0x0000000703700000|  0%| F|  |TAMS 0x0000000703600000, 0x0000000703600000| Untracked 
|  19|0x0000000703700000, 0x0000000703700000, 0x0000000703800000|  0%| F|  |TAMS 0x0000000703700000, 0x0000000703700000| Untracked 
|  20|0x0000000703800000, 0x0000000703800000, 0x0000000703900000|  0%| F|  |TAMS 0x0000000703800000, 0x0000000703800000| Untracked 
|  21|0x0000000703900000, 0x0000000703900000, 0x0000000703a00000|  0%| F|  |TAMS 0x0000000703900000, 0x0000000703900000| Untracked 
|  22|0x0000000703a00000, 0x0000000703a00000, 0x0000000703b00000|  0%| F|  |TAMS 0x0000000703a00000, 0x0000000703a00000| Untracked 
|  23|0x0000000703b00000, 0x0000000703b00000, 0x0000000703c00000|  0%| F|  |TAMS 0x0000000703b00000, 0x0000000703b00000| Untracked 
|  24|0x0000000703c00000, 0x0000000703c00000, 0x0000000703d00000|  0%| F|  |TAMS 0x0000000703c00000, 0x0000000703c00000| Untracked 
|  25|0x0000000703d00000, 0x0000000703d00000, 0x0000000703e00000|  0%| F|  |TAMS 0x0000000703d00000, 0x0000000703d00000| Untracked 
|  26|0x0000000703e00000, 0x0000000703e00000, 0x0000000703f00000|  0%| F|  |TAMS 0x0000000703e00000, 0x0000000703e00000| Untracked 
|  27|0x0000000703f00000, 0x0000000703f00000, 0x0000000704000000|  0%| F|  |TAMS 0x0000000703f00000, 0x0000000703f00000| Untracked 
|  28|0x0000000704000000, 0x0000000704000000, 0x0000000704100000|  0%| F|  |TAMS 0x0000000704000000, 0x0000000704000000| Untracked 
|  29|0x0000000704100000, 0x0000000704100000, 0x0000000704200000|  0%| F|  |TAMS 0x0000000704100000, 0x0000000704100000| Untracked 
|  30|0x0000000704200000, 0x0000000704200000, 0x0000000704300000|  0%| F|  |TAMS 0x0000000704200000, 0x0000000704200000| Untracked 
|  31|0x0000000704300000, 0x0000000704300000, 0x0000000704400000|  0%| F|  |TAMS 0x0000000704300000, 0x0000000704300000| Untracked 
|  32|0x0000000704400000, 0x0000000704400000, 0x0000000704500000|  0%| F|  |TAMS 0x0000000704400000, 0x0000000704400000| Untracked 
|  33|0x0000000704500000, 0x0000000704500000, 0x0000000704600000|  0%| F|  |TAMS 0x0000000704500000, 0x0000000704500000| Untracked 
|  34|0x0000000704600000, 0x0000000704600000, 0x0000000704700000|  0%| F|  |TAMS 0x0000000704600000, 0x0000000704600000| Untracked 
|  35|0x0000000704700000, 0x0000000704700000, 0x0000000704800000|  0%| F|  |TAMS 0x0000000704700000, 0x0000000704700000| Untracked 
|  36|0x0000000704800000, 0x0000000704800000, 0x0000000704900000|  0%| F|  |TAMS 0x0000000704800000, 0x0000000704800000| Untracked 
|  37|0x0000000704900000, 0x0000000704900000, 0x0000000704a00000|  0%| F|  |TAMS 0x0000000704900000, 0x0000000704900000| Untracked 
|  38|0x0000000704a00000, 0x0000000704a00000, 0x0000000704b00000|  0%| F|  |TAMS 0x0000000704a00000, 0x0000000704a00000| Untracked 
|  39|0x0000000704b00000, 0x0000000704b00000, 0x0000000704c00000|  0%| F|  |TAMS 0x0000000704b00000, 0x0000000704b00000| Untracked 
|  40|0x0000000704c00000, 0x0000000704c00000, 0x0000000704d00000|  0%| F|  |TAMS 0x0000000704c00000, 0x0000000704c00000| Untracked 
|  41|0x0000000704d00000, 0x0000000704d00000, 0x0000000704e00000|  0%| F|  |TAMS 0x0000000704d00000, 0x0000000704d00000| Untracked 
|  42|0x0000000704e00000, 0x0000000704e00000, 0x0000000704f00000|  0%| F|  |TAMS 0x0000000704e00000, 0x0000000704e00000| Untracked 
|  43|0x0000000704f00000, 0x0000000704f00000, 0x0000000705000000|  0%| F|  |TAMS 0x0000000704f00000, 0x0000000704f00000| Untracked 
|  44|0x0000000705000000, 0x0000000705000000, 0x0000000705100000|  0%| F|  |TAMS 0x0000000705000000, 0x0000000705000000| Untracked 
|  45|0x0000000705100000, 0x0000000705100000, 0x0000000705200000|  0%| F|  |TAMS 0x0000000705100000, 0x0000000705100000| Untracked 
|  46|0x0000000705200000, 0x0000000705200000, 0x0000000705300000|  0%| F|  |TAMS 0x0000000705200000, 0x0000000705200000| Untracked 
|  47|0x0000000705300000, 0x0000000705300000, 0x0000000705400000|  0%| F|  |TAMS 0x0000000705300000, 0x0000000705300000| Untracked 
|  48|0x0000000705400000, 0x0000000705400000, 0x0000000705500000|  0%| F|  |TAMS 0x0000000705400000, 0x0000000705400000| Untracked 
|  49|0x0000000705500000, 0x0000000705500000, 0x0000000705600000|  0%| F|  |TAMS 0x0000000705500000, 0x0000000705500000| Untracked 
|  50|0x0000000705600000, 0x0000000705600000, 0x0000000705700000|  0%| F|  |TAMS 0x0000000705600000, 0x0000000705600000| Untracked 
|  51|0x0000000705700000, 0x0000000705700000, 0x0000000705800000|  0%| F|  |TAMS 0x0000000705700000, 0x0000000705700000| Untracked 
|  52|0x0000000705800000, 0x0000000705800000, 0x0000000705900000|  0%| F|  |TAMS 0x0000000705800000, 0x0000000705800000| Untracked 
|  53|0x0000000705900000, 0x0000000705900000, 0x0000000705a00000|  0%| F|  |TAMS 0x0000000705900000, 0x0000000705900000| Untracked 
|  54|0x0000000705a00000, 0x0000000705a00000, 0x0000000705b00000|  0%| F|  |TAMS 0x0000000705a00000, 0x0000000705a00000| Untracked 
|  55|0x0000000705b00000, 0x0000000705b00000, 0x0000000705c00000|  0%| F|  |TAMS 0x0000000705b00000, 0x0000000705b00000| Untracked 
|  56|0x0000000705c00000, 0x0000000705c00000, 0x0000000705d00000|  0%| F|  |TAMS 0x0000000705c00000, 0x0000000705c00000| Untracked 
|  57|0x0000000705d00000, 0x0000000705d00000, 0x0000000705e00000|  0%| F|  |TAMS 0x0000000705d00000, 0x0000000705d00000| Untracked 
|  58|0x0000000705e00000, 0x0000000705e00000, 0x0000000705f00000|  0%| F|  |TAMS 0x0000000705e00000, 0x0000000705e00000| Untracked 
|  59|0x0000000705f00000, 0x0000000705f00000, 0x0000000706000000|  0%| F|  |TAMS 0x0000000705f00000, 0x0000000705f00000| Untracked 
|  60|0x0000000706000000, 0x0000000706000000, 0x0000000706100000|  0%| F|  |TAMS 0x0000000706000000, 0x0000000706000000| Untracked 
|  61|0x0000000706100000, 0x0000000706100000, 0x0000000706200000|  0%| F|  |TAMS 0x0000000706100000, 0x0000000706100000| Untracked 
|  62|0x0000000706200000, 0x0000000706200000, 0x0000000706300000|  0%| F|  |TAMS 0x0000000706200000, 0x0000000706200000| Untracked 
|  63|0x0000000706300000, 0x0000000706300000, 0x0000000706400000|  0%| F|  |TAMS 0x0000000706300000, 0x0000000706300000| Untracked 
|  64|0x0000000706400000, 0x0000000706400000, 0x0000000706500000|  0%| F|  |TAMS 0x0000000706400000, 0x0000000706400000| Untracked 
|  65|0x0000000706500000, 0x0000000706500000, 0x0000000706600000|  0%| F|  |TAMS 0x0000000706500000, 0x0000000706500000| Untracked 
|  66|0x0000000706600000, 0x0000000706600000, 0x0000000706700000|  0%| F|  |TAMS 0x0000000706600000, 0x0000000706600000| Untracked 
|  67|0x0000000706700000, 0x0000000706700000, 0x0000000706800000|  0%| F|  |TAMS 0x0000000706700000, 0x0000000706700000| Untracked 
|  68|0x0000000706800000, 0x0000000706800000, 0x0000000706900000|  0%| F|  |TAMS 0x0000000706800000, 0x0000000706800000| Untracked 
|  69|0x0000000706900000, 0x0000000706900000, 0x0000000706a00000|  0%| F|  |TAMS 0x0000000706900000, 0x0000000706900000| Untracked 
|  70|0x0000000706a00000, 0x0000000706a00000, 0x0000000706b00000|  0%| F|  |TAMS 0x0000000706a00000, 0x0000000706a00000| Untracked 
|  71|0x0000000706b00000, 0x0000000706b00000, 0x0000000706c00000|  0%| F|  |TAMS 0x0000000706b00000, 0x0000000706b00000| Untracked 
|  72|0x0000000706c00000, 0x0000000706c00000, 0x0000000706d00000|  0%| F|  |TAMS 0x0000000706c00000, 0x0000000706c00000| Untracked 
|  73|0x0000000706d00000, 0x0000000706d00000, 0x0000000706e00000|  0%| F|  |TAMS 0x0000000706d00000, 0x0000000706d00000| Untracked 
|  74|0x0000000706e00000, 0x0000000706e00000, 0x0000000706f00000|  0%| F|  |TAMS 0x0000000706e00000, 0x0000000706e00000| Untracked 
|  75|0x0000000706f00000, 0x0000000706f00000, 0x0000000707000000|  0%| F|  |TAMS 0x0000000706f00000, 0x0000000706f00000| Untracked 
|  76|0x0000000707000000, 0x0000000707000000, 0x0000000707100000|  0%| F|  |TAMS 0x0000000707000000, 0x0000000707000000| Untracked 
|  77|0x0000000707100000, 0x0000000707100000, 0x0000000707200000|  0%| F|  |TAMS 0x0000000707100000, 0x0000000707100000| Untracked 
|  78|0x0000000707200000, 0x0000000707200000, 0x0000000707300000|  0%| F|  |TAMS 0x0000000707200000, 0x0000000707200000| Untracked 
|  79|0x0000000707300000, 0x0000000707300000, 0x0000000707400000|  0%| F|  |TAMS 0x0000000707300000, 0x0000000707300000| Untracked 
|  80|0x0000000707400000, 0x0000000707400000, 0x0000000707500000|  0%| F|  |TAMS 0x0000000707400000, 0x0000000707400000| Untracked 
|  81|0x0000000707500000, 0x0000000707500000, 0x0000000707600000|  0%| F|  |TAMS 0x0000000707500000, 0x0000000707500000| Untracked 
|  82|0x0000000707600000, 0x0000000707600000, 0x0000000707700000|  0%| F|  |TAMS 0x0000000707600000, 0x0000000707600000| Untracked 
|  83|0x0000000707700000, 0x0000000707700000, 0x0000000707800000|  0%| F|  |TAMS 0x0000000707700000, 0x0000000707700000| Untracked 
|  84|0x0000000707800000, 0x0000000707800000, 0x0000000707900000|  0%| F|  |TAMS 0x0000000707800000, 0x0000000707800000| Untracked 
|  85|0x0000000707900000, 0x0000000707900000, 0x0000000707a00000|  0%| F|  |TAMS 0x0000000707900000, 0x0000000707900000| Untracked 
|  86|0x0000000707a00000, 0x0000000707a00000, 0x0000000707b00000|  0%| F|  |TAMS 0x0000000707a00000, 0x0000000707a00000| Untracked 
|  87|0x0000000707b00000, 0x0000000707b00000, 0x0000000707c00000|  0%| F|  |TAMS 0x0000000707b00000, 0x0000000707b00000| Untracked 
|  88|0x0000000707c00000, 0x0000000707c00000, 0x0000000707d00000|  0%| F|  |TAMS 0x0000000707c00000, 0x0000000707c00000| Untracked 
|  89|0x0000000707d00000, 0x0000000707d00000, 0x0000000707e00000|  0%| F|  |TAMS 0x0000000707d00000, 0x0000000707d00000| Untracked 
|  90|0x0000000707e00000, 0x0000000707e00000, 0x0000000707f00000|  0%| F|  |TAMS 0x0000000707e00000, 0x0000000707e00000| Untracked 
|  91|0x0000000707f00000, 0x0000000707f00000, 0x0000000708000000|  0%| F|  |TAMS 0x0000000707f00000, 0x0000000707f00000| Untracked 
|  92|0x0000000708000000, 0x0000000708100000, 0x0000000708100000|100%|HS|  |TAMS 0x0000000708000000, 0x0000000708000000| Complete 
|  93|0x0000000708100000, 0x0000000708200000, 0x0000000708200000|100%|HC|  |TAMS 0x0000000708100000, 0x0000000708100000| Complete 
|  94|0x0000000708200000, 0x0000000708300000, 0x0000000708300000|100%|HS|  |TAMS 0x0000000708200000, 0x0000000708200000| Complete 
|  95|0x0000000708300000, 0x0000000708400000, 0x0000000708400000|100%|HC|  |TAMS 0x0000000708300000, 0x0000000708300000| Complete 
|  96|0x0000000708400000, 0x00000007084afa00, 0x0000000708500000| 68%| O|  |TAMS 0x0000000708400000, 0x0000000708400000| Untracked 
|  97|0x0000000708500000, 0x0000000708500000, 0x0000000708600000|  0%| F|  |TAMS 0x0000000708500000, 0x0000000708500000| Untracked 
|  98|0x0000000708600000, 0x0000000708600000, 0x0000000708700000|  0%| F|  |TAMS 0x0000000708600000, 0x0000000708600000| Untracked 
|  99|0x0000000708700000, 0x0000000708700000, 0x0000000708800000|  0%| F|  |TAMS 0x0000000708700000, 0x0000000708700000| Untracked 
| 100|0x0000000708800000, 0x0000000708800000, 0x0000000708900000|  0%| F|  |TAMS 0x0000000708800000, 0x0000000708800000| Untracked 
| 101|0x0000000708900000, 0x0000000708900000, 0x0000000708a00000|  0%| F|  |TAMS 0x0000000708900000, 0x0000000708900000| Untracked 
| 102|0x0000000708a00000, 0x0000000708b00000, 0x0000000708b00000|100%| O|  |TAMS 0x0000000708a00000, 0x0000000708a00000| Untracked 
| 103|0x0000000708b00000, 0x0000000708b00000, 0x0000000708c00000|  0%| F|  |TAMS 0x0000000708b00000, 0x0000000708b00000| Untracked 
| 104|0x0000000708c00000, 0x0000000708c00000, 0x0000000708d00000|  0%| F|  |TAMS 0x0000000708c00000, 0x0000000708c00000| Untracked 
| 105|0x0000000708d00000, 0x0000000708d00000, 0x0000000708e00000|  0%| F|  |TAMS 0x0000000708d00000, 0x0000000708d00000| Untracked 
| 106|0x0000000708e00000, 0x0000000708e00000, 0x0000000708f00000|  0%| F|  |TAMS 0x0000000708e00000, 0x0000000708e00000| Untracked 
| 107|0x0000000708f00000, 0x0000000708f00000, 0x0000000709000000|  0%| F|  |TAMS 0x0000000708f00000, 0x0000000708f00000| Untracked 
| 108|0x0000000709000000, 0x0000000709000000, 0x0000000709100000|  0%| F|  |TAMS 0x0000000709000000, 0x0000000709000000| Untracked 
| 109|0x0000000709100000, 0x0000000709100000, 0x0000000709200000|  0%| F|  |TAMS 0x0000000709100000, 0x0000000709100000| Untracked 
| 110|0x0000000709200000, 0x0000000709200000, 0x0000000709300000|  0%| F|  |TAMS 0x0000000709200000, 0x0000000709200000| Untracked 
| 111|0x0000000709300000, 0x0000000709300000, 0x0000000709400000|  0%| F|  |TAMS 0x0000000709300000, 0x0000000709300000| Untracked 
| 112|0x0000000709400000, 0x00000007094150f8, 0x0000000709500000|  8%| S|CS|TAMS 0x0000000709400000, 0x0000000709400000| Complete 
| 113|0x0000000709500000, 0x0000000709500000, 0x0000000709600000|  0%| F|  |TAMS 0x0000000709500000, 0x0000000709500000| Untracked 
| 114|0x0000000709600000, 0x0000000709600000, 0x0000000709700000|  0%| F|  |TAMS 0x0000000709600000, 0x0000000709600000| Untracked 
| 115|0x0000000709700000, 0x0000000709700000, 0x0000000709800000|  0%| F|  |TAMS 0x0000000709700000, 0x0000000709700000| Untracked 
| 116|0x0000000709800000, 0x0000000709800000, 0x0000000709900000|  0%| F|  |TAMS 0x0000000709800000, 0x0000000709800000| Untracked 
| 117|0x0000000709900000, 0x0000000709900000, 0x0000000709a00000|  0%| F|  |TAMS 0x0000000709900000, 0x0000000709900000| Untracked 
| 118|0x0000000709a00000, 0x0000000709a00000, 0x0000000709b00000|  0%| F|  |TAMS 0x0000000709a00000, 0x0000000709a00000| Untracked 
| 119|0x0000000709b00000, 0x0000000709b00000, 0x0000000709c00000|  0%| F|  |TAMS 0x0000000709b00000, 0x0000000709b00000| Untracked 
| 120|0x0000000709c00000, 0x0000000709c00000, 0x0000000709d00000|  0%| F|  |TAMS 0x0000000709c00000, 0x0000000709c00000| Untracked 
| 121|0x0000000709d00000, 0x0000000709d00000, 0x0000000709e00000|  0%| F|  |TAMS 0x0000000709d00000, 0x0000000709d00000| Untracked 
| 122|0x0000000709e00000, 0x0000000709e00000, 0x0000000709f00000|  0%| F|  |TAMS 0x0000000709e00000, 0x0000000709e00000| Untracked 
| 123|0x0000000709f00000, 0x0000000709f00000, 0x000000070a000000|  0%| F|  |TAMS 0x0000000709f00000, 0x0000000709f00000| Untracked 
| 124|0x000000070a000000, 0x000000070a000000, 0x000000070a100000|  0%| F|  |TAMS 0x000000070a000000, 0x000000070a000000| Untracked 
| 125|0x000000070a100000, 0x000000070a100000, 0x000000070a200000|  0%| F|  |TAMS 0x000000070a100000, 0x000000070a100000| Untracked 
| 126|0x000000070a200000, 0x000000070a200000, 0x000000070a300000|  0%| F|  |TAMS 0x000000070a200000, 0x000000070a200000| Untracked 
| 127|0x000000070a300000, 0x000000070a300000, 0x000000070a400000|  0%| F|  |TAMS 0x000000070a300000, 0x000000070a300000| Untracked 
| 128|0x000000070a400000, 0x000000070a400000, 0x000000070a500000|  0%| F|  |TAMS 0x000000070a400000, 0x000000070a400000| Untracked 
| 129|0x000000070a500000, 0x000000070a500000, 0x000000070a600000|  0%| F|  |TAMS 0x000000070a500000, 0x000000070a500000| Untracked 
| 130|0x000000070a600000, 0x000000070a600000, 0x000000070a700000|  0%| F|  |TAMS 0x000000070a600000, 0x000000070a600000| Untracked 
| 131|0x000000070a700000, 0x000000070a700000, 0x000000070a800000|  0%| F|  |TAMS 0x000000070a700000, 0x000000070a700000| Untracked 
| 132|0x000000070a800000, 0x000000070a800000, 0x000000070a900000|  0%| F|  |TAMS 0x000000070a800000, 0x000000070a800000| Untracked 
| 133|0x000000070a900000, 0x000000070a900000, 0x000000070aa00000|  0%| F|  |TAMS 0x000000070a900000, 0x000000070a900000| Untracked 
| 134|0x000000070aa00000, 0x000000070aa00000, 0x000000070ab00000|  0%| F|  |TAMS 0x000000070aa00000, 0x000000070aa00000| Untracked 
| 135|0x000000070ab00000, 0x000000070ab00000, 0x000000070ac00000|  0%| F|  |TAMS 0x000000070ab00000, 0x000000070ab00000| Untracked 
| 136|0x000000070ac00000, 0x000000070ac00000, 0x000000070ad00000|  0%| F|  |TAMS 0x000000070ac00000, 0x000000070ac00000| Untracked 
| 137|0x000000070ad00000, 0x000000070ad00000, 0x000000070ae00000|  0%| F|  |TAMS 0x000000070ad00000, 0x000000070ad00000| Untracked 
| 138|0x000000070ae00000, 0x000000070ae00000, 0x000000070af00000|  0%| F|  |TAMS 0x000000070ae00000, 0x000000070ae00000| Untracked 
| 139|0x000000070af00000, 0x000000070af00000, 0x000000070b000000|  0%| F|  |TAMS 0x000000070af00000, 0x000000070af00000| Untracked 
| 140|0x000000070b000000, 0x000000070b000000, 0x000000070b100000|  0%| F|  |TAMS 0x000000070b000000, 0x000000070b000000| Untracked 
| 141|0x000000070b100000, 0x000000070b100000, 0x000000070b200000|  0%| F|  |TAMS 0x000000070b100000, 0x000000070b100000| Untracked 
| 142|0x000000070b200000, 0x000000070b200000, 0x000000070b300000|  0%| F|  |TAMS 0x000000070b200000, 0x000000070b200000| Untracked 
| 143|0x000000070b300000, 0x000000070b300000, 0x000000070b400000|  0%| F|  |TAMS 0x000000070b300000, 0x000000070b300000| Untracked 
| 144|0x000000070b400000, 0x000000070b400000, 0x000000070b500000|  0%| F|  |TAMS 0x000000070b400000, 0x000000070b400000| Untracked 
| 145|0x000000070b500000, 0x000000070b500000, 0x000000070b600000|  0%| F|  |TAMS 0x000000070b500000, 0x000000070b500000| Untracked 
| 146|0x000000070b600000, 0x000000070b600000, 0x000000070b700000|  0%| F|  |TAMS 0x000000070b600000, 0x000000070b600000| Untracked 
| 147|0x000000070b700000, 0x000000070b700000, 0x000000070b800000|  0%| F|  |TAMS 0x000000070b700000, 0x000000070b700000| Untracked 
| 148|0x000000070b800000, 0x000000070b800000, 0x000000070b900000|  0%| F|  |TAMS 0x000000070b800000, 0x000000070b800000| Untracked 
| 149|0x000000070b900000, 0x000000070b900000, 0x000000070ba00000|  0%| F|  |TAMS 0x000000070b900000, 0x000000070b900000| Untracked 
| 150|0x000000070ba00000, 0x000000070ba00000, 0x000000070bb00000|  0%| F|  |TAMS 0x000000070ba00000, 0x000000070ba00000| Untracked 
| 151|0x000000070bb00000, 0x000000070bb00000, 0x000000070bc00000|  0%| F|  |TAMS 0x000000070bb00000, 0x000000070bb00000| Untracked 
| 152|0x000000070bc00000, 0x000000070bc00000, 0x000000070bd00000|  0%| F|  |TAMS 0x000000070bc00000, 0x000000070bc00000| Untracked 
| 153|0x000000070bd00000, 0x000000070bd00000, 0x000000070be00000|  0%| F|  |TAMS 0x000000070bd00000, 0x000000070bd00000| Untracked 
| 154|0x000000070be00000, 0x000000070be00000, 0x000000070bf00000|  0%| F|  |TAMS 0x000000070be00000, 0x000000070be00000| Untracked 
| 155|0x000000070bf00000, 0x000000070bf00000, 0x000000070c000000|  0%| F|  |TAMS 0x000000070bf00000, 0x000000070bf00000| Untracked 
| 156|0x000000070c000000, 0x000000070c000000, 0x000000070c100000|  0%| F|  |TAMS 0x000000070c000000, 0x000000070c000000| Untracked 
| 157|0x000000070c100000, 0x000000070c100000, 0x000000070c200000|  0%| F|  |TAMS 0x000000070c100000, 0x000000070c100000| Untracked 
| 158|0x000000070c200000, 0x000000070c200000, 0x000000070c300000|  0%| F|  |TAMS 0x000000070c200000, 0x000000070c200000| Untracked 
| 159|0x000000070c300000, 0x000000070c300000, 0x000000070c400000|  0%| F|  |TAMS 0x000000070c300000, 0x000000070c300000| Untracked 
| 160|0x000000070c400000, 0x000000070c400000, 0x000000070c500000|  0%| F|  |TAMS 0x000000070c400000, 0x000000070c400000| Untracked 
| 161|0x000000070c500000, 0x000000070c500000, 0x000000070c600000|  0%| F|  |TAMS 0x000000070c500000, 0x000000070c500000| Untracked 
| 162|0x000000070c600000, 0x000000070c600000, 0x000000070c700000|  0%| F|  |TAMS 0x000000070c600000, 0x000000070c600000| Untracked 
| 163|0x000000070c700000, 0x000000070c700000, 0x000000070c800000|  0%| F|  |TAMS 0x000000070c700000, 0x000000070c700000| Untracked 
| 164|0x000000070c800000, 0x000000070c800000, 0x000000070c900000|  0%| F|  |TAMS 0x000000070c800000, 0x000000070c800000| Untracked 
| 165|0x000000070c900000, 0x000000070c900000, 0x000000070ca00000|  0%| F|  |TAMS 0x000000070c900000, 0x000000070c900000| Untracked 
| 166|0x000000070ca00000, 0x000000070ca00000, 0x000000070cb00000|  0%| F|  |TAMS 0x000000070ca00000, 0x000000070ca00000| Untracked 
| 167|0x000000070cb00000, 0x000000070cb00000, 0x000000070cc00000|  0%| F|  |TAMS 0x000000070cb00000, 0x000000070cb00000| Untracked 
| 168|0x000000070cc00000, 0x000000070cc00000, 0x000000070cd00000|  0%| F|  |TAMS 0x000000070cc00000, 0x000000070cc00000| Untracked 
| 169|0x000000070cd00000, 0x000000070cd00000, 0x000000070ce00000|  0%| F|  |TAMS 0x000000070cd00000, 0x000000070cd00000| Untracked 
| 170|0x000000070ce00000, 0x000000070ce00000, 0x000000070cf00000|  0%| F|  |TAMS 0x000000070ce00000, 0x000000070ce00000| Untracked 
| 171|0x000000070cf00000, 0x000000070cf00000, 0x000000070d000000|  0%| F|  |TAMS 0x000000070cf00000, 0x000000070cf00000| Untracked 
| 172|0x000000070d000000, 0x000000070d000000, 0x000000070d100000|  0%| F|  |TAMS 0x000000070d000000, 0x000000070d000000| Untracked 
| 173|0x000000070d100000, 0x000000070d100000, 0x000000070d200000|  0%| F|  |TAMS 0x000000070d100000, 0x000000070d100000| Untracked 
| 174|0x000000070d200000, 0x000000070d200000, 0x000000070d300000|  0%| F|  |TAMS 0x000000070d200000, 0x000000070d200000| Untracked 
| 175|0x000000070d300000, 0x000000070d300000, 0x000000070d400000|  0%| F|  |TAMS 0x000000070d300000, 0x000000070d300000| Untracked 
| 176|0x000000070d400000, 0x000000070d400000, 0x000000070d500000|  0%| F|  |TAMS 0x000000070d400000, 0x000000070d400000| Untracked 
| 177|0x000000070d500000, 0x000000070d500000, 0x000000070d600000|  0%| F|  |TAMS 0x000000070d500000, 0x000000070d500000| Untracked 
| 178|0x000000070d600000, 0x000000070d600000, 0x000000070d700000|  0%| F|  |TAMS 0x000000070d600000, 0x000000070d600000| Untracked 
| 179|0x000000070d700000, 0x000000070d700000, 0x000000070d800000|  0%| F|  |TAMS 0x000000070d700000, 0x000000070d700000| Untracked 
| 180|0x000000070d800000, 0x000000070d800000, 0x000000070d900000|  0%| F|  |TAMS 0x000000070d800000, 0x000000070d800000| Untracked 
| 181|0x000000070d900000, 0x000000070d900000, 0x000000070da00000|  0%| F|  |TAMS 0x000000070d900000, 0x000000070d900000| Untracked 
| 182|0x000000070da00000, 0x000000070da00000, 0x000000070db00000|  0%| F|  |TAMS 0x000000070da00000, 0x000000070da00000| Untracked 
| 183|0x000000070db00000, 0x000000070db00000, 0x000000070dc00000|  0%| F|  |TAMS 0x000000070db00000, 0x000000070db00000| Untracked 
| 184|0x000000070dc00000, 0x000000070dc00000, 0x000000070dd00000|  0%| F|  |TAMS 0x000000070dc00000, 0x000000070dc00000| Untracked 
| 185|0x000000070dd00000, 0x000000070dd00000, 0x000000070de00000|  0%| F|  |TAMS 0x000000070dd00000, 0x000000070dd00000| Untracked 
| 186|0x000000070de00000, 0x000000070de00000, 0x000000070df00000|  0%| F|  |TAMS 0x000000070de00000, 0x000000070de00000| Untracked 
| 187|0x000000070df00000, 0x000000070df00000, 0x000000070e000000|  0%| F|  |TAMS 0x000000070df00000, 0x000000070df00000| Untracked 
| 188|0x000000070e000000, 0x000000070e000000, 0x000000070e100000|  0%| F|  |TAMS 0x000000070e000000, 0x000000070e000000| Untracked 
| 189|0x000000070e100000, 0x000000070e100000, 0x000000070e200000|  0%| F|  |TAMS 0x000000070e100000, 0x000000070e100000| Untracked 
| 190|0x000000070e200000, 0x000000070e200000, 0x000000070e300000|  0%| F|  |TAMS 0x000000070e200000, 0x000000070e200000| Untracked 
| 191|0x000000070e300000, 0x000000070e300000, 0x000000070e400000|  0%| F|  |TAMS 0x000000070e300000, 0x000000070e300000| Untracked 
| 192|0x000000070e400000, 0x000000070e400000, 0x000000070e500000|  0%| F|  |TAMS 0x000000070e400000, 0x000000070e400000| Untracked 
| 193|0x000000070e500000, 0x000000070e500000, 0x000000070e600000|  0%| F|  |TAMS 0x000000070e500000, 0x000000070e500000| Untracked 
| 194|0x000000070e600000, 0x000000070e600000, 0x000000070e700000|  0%| F|  |TAMS 0x000000070e600000, 0x000000070e600000| Untracked 
| 195|0x000000070e700000, 0x000000070e700000, 0x000000070e800000|  0%| F|  |TAMS 0x000000070e700000, 0x000000070e700000| Untracked 
| 196|0x000000070e800000, 0x000000070e800000, 0x000000070e900000|  0%| F|  |TAMS 0x000000070e800000, 0x000000070e800000| Untracked 
| 197|0x000000070e900000, 0x000000070e900000, 0x000000070ea00000|  0%| F|  |TAMS 0x000000070e900000, 0x000000070e900000| Untracked 
| 198|0x000000070ea00000, 0x000000070ea00000, 0x000000070eb00000|  0%| F|  |TAMS 0x000000070ea00000, 0x000000070ea00000| Untracked 
| 199|0x000000070eb00000, 0x000000070eb00000, 0x000000070ec00000|  0%| F|  |TAMS 0x000000070eb00000, 0x000000070eb00000| Untracked 
| 200|0x000000070ec00000, 0x000000070ec00000, 0x000000070ed00000|  0%| F|  |TAMS 0x000000070ec00000, 0x000000070ec00000| Untracked 
| 201|0x000000070ed00000, 0x000000070ed00000, 0x000000070ee00000|  0%| F|  |TAMS 0x000000070ed00000, 0x000000070ed00000| Untracked 
| 202|0x000000070ee00000, 0x000000070ee00000, 0x000000070ef00000|  0%| F|  |TAMS 0x000000070ee00000, 0x000000070ee00000| Untracked 
| 203|0x000000070ef00000, 0x000000070ef00000, 0x000000070f000000|  0%| F|  |TAMS 0x000000070ef00000, 0x000000070ef00000| Untracked 
| 204|0x000000070f000000, 0x000000070f000000, 0x000000070f100000|  0%| F|  |TAMS 0x000000070f000000, 0x000000070f000000| Untracked 
| 205|0x000000070f100000, 0x000000070f100000, 0x000000070f200000|  0%| F|  |TAMS 0x000000070f100000, 0x000000070f100000| Untracked 
| 206|0x000000070f200000, 0x000000070f200000, 0x000000070f300000|  0%| F|  |TAMS 0x000000070f200000, 0x000000070f200000| Untracked 
| 207|0x000000070f300000, 0x000000070f300000, 0x000000070f400000|  0%| F|  |TAMS 0x000000070f300000, 0x000000070f300000| Untracked 
| 208|0x000000070f400000, 0x000000070f400000, 0x000000070f500000|  0%| F|  |TAMS 0x000000070f400000, 0x000000070f400000| Untracked 
| 209|0x000000070f500000, 0x000000070f500000, 0x000000070f600000|  0%| F|  |TAMS 0x000000070f500000, 0x000000070f500000| Untracked 
| 210|0x000000070f600000, 0x000000070f600000, 0x000000070f700000|  0%| F|  |TAMS 0x000000070f600000, 0x000000070f600000| Untracked 
| 211|0x000000070f700000, 0x000000070f700000, 0x000000070f800000|  0%| F|  |TAMS 0x000000070f700000, 0x000000070f700000| Untracked 
| 212|0x000000070f800000, 0x000000070f800000, 0x000000070f900000|  0%| F|  |TAMS 0x000000070f800000, 0x000000070f800000| Untracked 
| 213|0x000000070f900000, 0x000000070f900000, 0x000000070fa00000|  0%| F|  |TAMS 0x000000070f900000, 0x000000070f900000| Untracked 
| 214|0x000000070fa00000, 0x000000070fa00000, 0x000000070fb00000|  0%| F|  |TAMS 0x000000070fa00000, 0x000000070fa00000| Untracked 
| 215|0x000000070fb00000, 0x000000070fb00000, 0x000000070fc00000|  0%| F|  |TAMS 0x000000070fb00000, 0x000000070fb00000| Untracked 
| 216|0x000000070fc00000, 0x000000070fc00000, 0x000000070fd00000|  0%| F|  |TAMS 0x000000070fc00000, 0x000000070fc00000| Untracked 
| 217|0x000000070fd00000, 0x000000070fd00000, 0x000000070fe00000|  0%| F|  |TAMS 0x000000070fd00000, 0x000000070fd00000| Untracked 
| 218|0x000000070fe00000, 0x000000070fe00000, 0x000000070ff00000|  0%| F|  |TAMS 0x000000070fe00000, 0x000000070fe00000| Untracked 
| 219|0x000000070ff00000, 0x000000070ff00000, 0x0000000710000000|  0%| F|  |TAMS 0x000000070ff00000, 0x000000070ff00000| Untracked 
| 220|0x0000000710000000, 0x0000000710000000, 0x0000000710100000|  0%| F|  |TAMS 0x0000000710000000, 0x0000000710000000| Untracked 
| 221|0x0000000710100000, 0x0000000710100000, 0x0000000710200000|  0%| F|  |TAMS 0x0000000710100000, 0x0000000710100000| Untracked 
| 222|0x0000000710200000, 0x0000000710200000, 0x0000000710300000|  0%| F|  |TAMS 0x0000000710200000, 0x0000000710200000| Untracked 
| 223|0x0000000710300000, 0x0000000710300000, 0x0000000710400000|  0%| F|  |TAMS 0x0000000710300000, 0x0000000710300000| Untracked 
| 224|0x0000000710400000, 0x0000000710400000, 0x0000000710500000|  0%| F|  |TAMS 0x0000000710400000, 0x0000000710400000| Untracked 
| 225|0x0000000710500000, 0x0000000710500000, 0x0000000710600000|  0%| F|  |TAMS 0x0000000710500000, 0x0000000710500000| Untracked 
| 226|0x0000000710600000, 0x0000000710600000, 0x0000000710700000|  0%| F|  |TAMS 0x0000000710600000, 0x0000000710600000| Untracked 
| 227|0x0000000710700000, 0x0000000710700000, 0x0000000710800000|  0%| F|  |TAMS 0x0000000710700000, 0x0000000710700000| Untracked 
| 228|0x0000000710800000, 0x0000000710800000, 0x0000000710900000|  0%| F|  |TAMS 0x0000000710800000, 0x0000000710800000| Untracked 
| 229|0x0000000710900000, 0x0000000710900000, 0x0000000710a00000|  0%| F|  |TAMS 0x0000000710900000, 0x0000000710900000| Untracked 
| 230|0x0000000710a00000, 0x0000000710a00000, 0x0000000710b00000|  0%| F|  |TAMS 0x0000000710a00000, 0x0000000710a00000| Untracked 
| 231|0x0000000710b00000, 0x0000000710b00000, 0x0000000710c00000|  0%| F|  |TAMS 0x0000000710b00000, 0x0000000710b00000| Untracked 
| 232|0x0000000710c00000, 0x0000000710c00000, 0x0000000710d00000|  0%| F|  |TAMS 0x0000000710c00000, 0x0000000710c00000| Untracked 
| 233|0x0000000710d00000, 0x0000000710d00000, 0x0000000710e00000|  0%| F|  |TAMS 0x0000000710d00000, 0x0000000710d00000| Untracked 
| 234|0x0000000710e00000, 0x0000000710e00000, 0x0000000710f00000|  0%| F|  |TAMS 0x0000000710e00000, 0x0000000710e00000| Untracked 
| 235|0x0000000710f00000, 0x0000000710f00000, 0x0000000711000000|  0%| F|  |TAMS 0x0000000710f00000, 0x0000000710f00000| Untracked 
| 236|0x0000000711000000, 0x0000000711000000, 0x0000000711100000|  0%| F|  |TAMS 0x0000000711000000, 0x0000000711000000| Untracked 
| 237|0x0000000711100000, 0x0000000711100000, 0x0000000711200000|  0%| F|  |TAMS 0x0000000711100000, 0x0000000711100000| Untracked 
| 238|0x0000000711200000, 0x0000000711200000, 0x0000000711300000|  0%| F|  |TAMS 0x0000000711200000, 0x0000000711200000| Untracked 
| 239|0x0000000711300000, 0x0000000711300000, 0x0000000711400000|  0%| F|  |TAMS 0x0000000711300000, 0x0000000711300000| Untracked 
| 240|0x0000000711400000, 0x0000000711400000, 0x0000000711500000|  0%| F|  |TAMS 0x0000000711400000, 0x0000000711400000| Untracked 
| 241|0x0000000711500000, 0x0000000711500000, 0x0000000711600000|  0%| F|  |TAMS 0x0000000711500000, 0x0000000711500000| Untracked 
| 242|0x0000000711600000, 0x0000000711600000, 0x0000000711700000|  0%| F|  |TAMS 0x0000000711600000, 0x0000000711600000| Untracked 
| 243|0x0000000711700000, 0x0000000711700000, 0x0000000711800000|  0%| F|  |TAMS 0x0000000711700000, 0x0000000711700000| Untracked 
| 244|0x0000000711800000, 0x0000000711800000, 0x0000000711900000|  0%| F|  |TAMS 0x0000000711800000, 0x0000000711800000| Untracked 
| 245|0x0000000711900000, 0x0000000711900000, 0x0000000711a00000|  0%| F|  |TAMS 0x0000000711900000, 0x0000000711900000| Untracked 
| 246|0x0000000711a00000, 0x0000000711a00000, 0x0000000711b00000|  0%| F|  |TAMS 0x0000000711a00000, 0x0000000711a00000| Untracked 
| 247|0x0000000711b00000, 0x0000000711b00000, 0x0000000711c00000|  0%| F|  |TAMS 0x0000000711b00000, 0x0000000711b00000| Untracked 
| 248|0x0000000711c00000, 0x0000000711c00000, 0x0000000711d00000|  0%| F|  |TAMS 0x0000000711c00000, 0x0000000711c00000| Untracked 
| 249|0x0000000711d00000, 0x0000000711d00000, 0x0000000711e00000|  0%| F|  |TAMS 0x0000000711d00000, 0x0000000711d00000| Untracked 
| 250|0x0000000711e00000, 0x0000000711e00000, 0x0000000711f00000|  0%| F|  |TAMS 0x0000000711e00000, 0x0000000711e00000| Untracked 
| 251|0x0000000711f00000, 0x0000000711f00000, 0x0000000712000000|  0%| F|  |TAMS 0x0000000711f00000, 0x0000000711f00000| Untracked 
| 252|0x0000000712000000, 0x0000000712000000, 0x0000000712100000|  0%| F|  |TAMS 0x0000000712000000, 0x0000000712000000| Untracked 
| 253|0x0000000712100000, 0x0000000712100000, 0x0000000712200000|  0%| F|  |TAMS 0x0000000712100000, 0x0000000712100000| Untracked 
| 254|0x0000000712200000, 0x0000000712200000, 0x0000000712300000|  0%| F|  |TAMS 0x0000000712200000, 0x0000000712200000| Untracked 
| 255|0x0000000712300000, 0x0000000712300000, 0x0000000712400000|  0%| F|  |TAMS 0x0000000712300000, 0x0000000712300000| Untracked 
| 256|0x0000000712400000, 0x0000000712400000, 0x0000000712500000|  0%| F|  |TAMS 0x0000000712400000, 0x0000000712400000| Untracked 
| 257|0x0000000712500000, 0x0000000712500000, 0x0000000712600000|  0%| F|  |TAMS 0x0000000712500000, 0x0000000712500000| Untracked 
| 258|0x0000000712600000, 0x0000000712600000, 0x0000000712700000|  0%| F|  |TAMS 0x0000000712600000, 0x0000000712600000| Untracked 
| 259|0x0000000712700000, 0x0000000712700000, 0x0000000712800000|  0%| F|  |TAMS 0x0000000712700000, 0x0000000712700000| Untracked 
| 260|0x0000000712800000, 0x0000000712800000, 0x0000000712900000|  0%| F|  |TAMS 0x0000000712800000, 0x0000000712800000| Untracked 
| 261|0x0000000712900000, 0x0000000712900000, 0x0000000712a00000|  0%| F|  |TAMS 0x0000000712900000, 0x0000000712900000| Untracked 
| 262|0x0000000712a00000, 0x0000000712a00000, 0x0000000712b00000|  0%| F|  |TAMS 0x0000000712a00000, 0x0000000712a00000| Untracked 
| 263|0x0000000712b00000, 0x0000000712b00000, 0x0000000712c00000|  0%| F|  |TAMS 0x0000000712b00000, 0x0000000712b00000| Untracked 
| 264|0x0000000712c00000, 0x0000000712c00000, 0x0000000712d00000|  0%| F|  |TAMS 0x0000000712c00000, 0x0000000712c00000| Untracked 
| 265|0x0000000712d00000, 0x0000000712d00000, 0x0000000712e00000|  0%| F|  |TAMS 0x0000000712d00000, 0x0000000712d00000| Untracked 
| 266|0x0000000712e00000, 0x0000000712e00000, 0x0000000712f00000|  0%| F|  |TAMS 0x0000000712e00000, 0x0000000712e00000| Untracked 
| 267|0x0000000712f00000, 0x0000000712f00000, 0x0000000713000000|  0%| F|  |TAMS 0x0000000712f00000, 0x0000000712f00000| Untracked 
| 268|0x0000000713000000, 0x0000000713000000, 0x0000000713100000|  0%| F|  |TAMS 0x0000000713000000, 0x0000000713000000| Untracked 
| 269|0x0000000713100000, 0x0000000713100000, 0x0000000713200000|  0%| F|  |TAMS 0x0000000713100000, 0x0000000713100000| Untracked 
| 270|0x0000000713200000, 0x0000000713200000, 0x0000000713300000|  0%| F|  |TAMS 0x0000000713200000, 0x0000000713200000| Untracked 
| 271|0x0000000713300000, 0x0000000713300000, 0x0000000713400000|  0%| F|  |TAMS 0x0000000713300000, 0x0000000713300000| Untracked 
| 272|0x0000000713400000, 0x0000000713400000, 0x0000000713500000|  0%| F|  |TAMS 0x0000000713400000, 0x0000000713400000| Untracked 
| 273|0x0000000713500000, 0x0000000713500000, 0x0000000713600000|  0%| F|  |TAMS 0x0000000713500000, 0x0000000713500000| Untracked 
| 274|0x0000000713600000, 0x0000000713600000, 0x0000000713700000|  0%| F|  |TAMS 0x0000000713600000, 0x0000000713600000| Untracked 
| 275|0x0000000713700000, 0x0000000713700000, 0x0000000713800000|  0%| F|  |TAMS 0x0000000713700000, 0x0000000713700000| Untracked 
| 276|0x0000000713800000, 0x0000000713800000, 0x0000000713900000|  0%| F|  |TAMS 0x0000000713800000, 0x0000000713800000| Untracked 
| 277|0x0000000713900000, 0x0000000713900000, 0x0000000713a00000|  0%| F|  |TAMS 0x0000000713900000, 0x0000000713900000| Untracked 
| 278|0x0000000713a00000, 0x0000000713a00000, 0x0000000713b00000|  0%| F|  |TAMS 0x0000000713a00000, 0x0000000713a00000| Untracked 
| 279|0x0000000713b00000, 0x0000000713b00000, 0x0000000713c00000|  0%| F|  |TAMS 0x0000000713b00000, 0x0000000713b00000| Untracked 
| 280|0x0000000713c00000, 0x0000000713c00000, 0x0000000713d00000|  0%| F|  |TAMS 0x0000000713c00000, 0x0000000713c00000| Untracked 
| 281|0x0000000713d00000, 0x0000000713d00000, 0x0000000713e00000|  0%| F|  |TAMS 0x0000000713d00000, 0x0000000713d00000| Untracked 
| 282|0x0000000713e00000, 0x0000000713e00000, 0x0000000713f00000|  0%| F|  |TAMS 0x0000000713e00000, 0x0000000713e00000| Untracked 
| 283|0x0000000713f00000, 0x0000000713f00000, 0x0000000714000000|  0%| F|  |TAMS 0x0000000713f00000, 0x0000000713f00000| Untracked 
| 284|0x0000000714000000, 0x0000000714000000, 0x0000000714100000|  0%| F|  |TAMS 0x0000000714000000, 0x0000000714000000| Untracked 
| 285|0x0000000714100000, 0x0000000714100000, 0x0000000714200000|  0%| F|  |TAMS 0x0000000714100000, 0x0000000714100000| Untracked 
| 286|0x0000000714200000, 0x0000000714200000, 0x0000000714300000|  0%| F|  |TAMS 0x0000000714200000, 0x0000000714200000| Untracked 
| 287|0x0000000714300000, 0x0000000714304c80, 0x0000000714400000|  1%| E|  |TAMS 0x0000000714300000, 0x0000000714300000| Complete 
| 288|0x0000000714400000, 0x0000000714500000, 0x0000000714500000|100%| E|CS|TAMS 0x0000000714400000, 0x0000000714400000| Complete 
| 289|0x0000000714500000, 0x0000000714600000, 0x0000000714600000|100%| E|CS|TAMS 0x0000000714500000, 0x0000000714500000| Complete 
| 290|0x0000000714600000, 0x0000000714700000, 0x0000000714700000|100%| E|CS|TAMS 0x0000000714600000, 0x0000000714600000| Complete 

Card table byte_map: [0x000001eab2e10000,0x000001eab3600000] _byte_map_base: 0x000001eaaf5fe000

Marking Bits (Prev, Next): (CMBitMap*) 0x000001ea9bfa7c78, (CMBitMap*) 0x000001ea9bfa7cb0
 Prev Bits: [0x000001eab3df0000, 0x000001eab7d60000)
 Next Bits: [0x000001eab7d60000, 0x000001eabbcd0000)

Polling page: 0x000001ea99e30000

Metaspace:

Usage:
  Non-class:     24.29 MB capacity,    23.91 MB ( 98%) used,   309.26 KB (  1%) free+waste,    82.50 KB ( <1%) overhead. 
      Class:      3.75 MB capacity,     3.44 MB ( 92%) used,   275.73 KB (  7%) free+waste,    42.81 KB (  1%) overhead. 
       Both:     28.04 MB capacity,    27.35 MB ( 98%) used,   584.99 KB (  2%) free+waste,   125.31 KB ( <1%) overhead. 

Virtual space:
  Non-class space:       26.00 MB reserved,      24.42 MB ( 94%) committed 
      Class space:        1.00 GB reserved,       3.82 MB ( <1%) committed 
             Both:        1.03 GB reserved,      28.25 MB (  3%) committed 

Chunk freelists:
   Non-Class:  512 bytes
       Class:  256 bytes
        Both:  768 bytes

CodeHeap 'non-profiled nmethods': size=120064Kb used=2476Kb max_used=2476Kb free=117587Kb
 bounds [0x000001eaab0e0000, 0x000001eaab350000, 0x000001eab2620000]
CodeHeap 'profiled nmethods': size=120000Kb used=9023Kb max_used=9023Kb free=110976Kb
 bounds [0x000001eaa3bb0000, 0x000001eaa4480000, 0x000001eaab0e0000]
CodeHeap 'non-nmethods': size=5696Kb used=1386Kb max_used=1460Kb free=4309Kb
 bounds [0x000001eaa3620000, 0x000001eaa3890000, 0x000001eaa3bb0000]
 total_blobs=4963 nmethods=4141 adapters=732
 compilation: enabled
              stopped_count=0, restarted_count=0
 full_count=0

Compilation events (10 events):
Event: 45.859 Thread 0x000001eabeaea800 4143   !   4       com.sun.jna.CallbackReference$DefaultCallbackProxy::callback (13 bytes)
Event: 45.860 Thread 0x000001eabeaea800 nmethod 4143 0x000001eaab349d10 code [0x000001eaab349ea0, 0x000001eaab349f38]
Event: 46.043 Thread 0x000001eabeaea800 4144       4       java.util.concurrent.locks.AbstractQueuedSynchronizer$ConditionObject::signal (33 bytes)
Event: 46.067 Thread 0x000001eabeaea800 nmethod 4144 0x000001eaab34a010 code [0x000001eaab34a1a0, 0x000001eaab34a7f8]
Event: 46.573 Thread 0x000001eabeaea800 4145       4       javafx.scene.paint.Color::acc_getPlatformPaint (23 bytes)
Event: 46.575 Thread 0x000001eabeaea800 nmethod 4145 0x000001eaab34aa10 code [0x000001eaab34ab80, 0x000001eaab34abf8]
Event: 47.709 Thread 0x000001eabeaea800 4146       4       java.lang.ref.ReferenceQueue::remove (6 bytes)
Event: 47.710 Thread 0x000001eabeaea800 nmethod 4146 0x000001eaab34ac90 code [0x000001eaab34ae20, 0x000001eaab34aea8]
Event: 47.803 Thread 0x000001eabeaea800 4147       4       com.sun.javafx.sg.prism.NGNode::clearDirty (26 bytes)
Event: 47.805 Thread 0x000001eabeaea800 nmethod 4147 0x000001eaab34af90 code [0x000001eaab34b120, 0x000001eaab34b2b8]

GC Heap History (10 events):
Event: 40.712 GC heap before
{Heap before GC invocations=26 (full 0):
 garbage-first heap   total 287744K, used 286464K [0x0000000702400000, 0x0000000800000000)
  region size 1024K, 159 young (162816K), 1 survivors (1024K)
 Metaspace       used 28003K, capacity 28714K, committed 28924K, reserved 1075200K
  class space    used 3519K, capacity 3838K, committed 3916K, reserved 1048576K
}
Event: 40.716 GC heap after
{Heap after GC invocations=27 (full 0):
 garbage-first heap   total 288768K, used 14083K [0x0000000702400000, 0x0000000800000000)
  region size 1024K, 1 young (1024K), 1 survivors (1024K)
 Metaspace       used 28003K, capacity 28714K, committed 28924K, reserved 1075200K
  class space    used 3519K, capacity 3838K, committed 3916K, reserved 1048576K
}
Event: 43.482 GC heap before
{Heap before GC invocations=27 (full 0):
 garbage-first heap   total 290816K, used 289539K [0x0000000702400000, 0x0000000800000000)
  region size 1024K, 168 young (172032K), 1 survivors (1024K)
 Metaspace       used 28003K, capacity 28714K, committed 28924K, reserved 1075200K
  class space    used 3519K, capacity 3838K, committed 3916K, reserved 1048576K
}
Event: 43.484 GC heap after
{Heap after GC invocations=28 (full 0):
 garbage-first heap   total 291840K, used 16129K [0x0000000702400000, 0x0000000800000000)
  region size 1024K, 1 young (1024K), 1 survivors (1024K)
 Metaspace       used 28003K, capacity 28714K, committed 28924K, reserved 1075200K
  class space    used 3519K, capacity 3838K, committed 3916K, reserved 1048576K
}
Event: 45.597 GC heap before
{Heap before GC invocations=28 (full 0):
 garbage-first heap   total 291840K, used 290561K [0x0000000702400000, 0x0000000800000000)
  region size 1024K, 163 young (166912K), 1 survivors (1024K)
 Metaspace       used 28003K, capacity 28714K, committed 28924K, reserved 1075200K
  class space    used 3519K, capacity 3838K, committed 3916K, reserved 1048576K
}
Event: 45.600 GC heap after
{Heap after GC invocations=29 (full 0):
 garbage-first heap   total 292864K, used 14083K [0x0000000702400000, 0x0000000800000000)
  region size 1024K, 1 young (1024K), 1 survivors (1024K)
 Metaspace       used 28003K, capacity 28714K, committed 28924K, reserved 1075200K
  class space    used 3519K, capacity 3838K, committed 3916K, reserved 1048576K
}
Event: 47.708 GC heap before
{Heap before GC invocations=29 (full 0):
 garbage-first heap   total 296960K, used 295683K [0x0000000702400000, 0x0000000800000000)
  region size 1024K, 170 young (174080K), 1 survivors (1024K)
 Metaspace       used 28003K, capacity 28714K, committed 28924K, reserved 1075200K
  class space    used 3519K, capacity 3838K, committed 3916K, reserved 1048576K
}
Event: 47.709 GC heap after
{Heap after GC invocations=30 (full 0):
 garbage-first heap   total 297984K, used 16140K [0x0000000702400000, 0x0000000800000000)
  region size 1024K, 1 young (1024K), 1 survivors (1024K)
 Metaspace       used 28003K, capacity 28714K, committed 28924K, reserved 1075200K
  class space    used 3519K, capacity 3838K, committed 3916K, reserved 1048576K
}
Event: 50.260 GC heap before
{Heap before GC invocations=30 (full 0):
 garbage-first heap   total 297984K, used 281356K [0x0000000702400000, 0x0000000800000000)
  region size 1024K, 174 young (178176K), 1 survivors (1024K)
 Metaspace       used 28003K, capacity 28714K, committed 28924K, reserved 1075200K
  class space    used 3519K, capacity 3838K, committed 3916K, reserved 1048576K
}
Event: 50.261 GC heap after
{Heap after GC invocations=31 (full 0):
 garbage-first heap   total 297984K, used 16146K [0x0000000702400000, 0x0000000800000000)
  region size 1024K, 1 young (1024K), 1 survivors (1024K)
 Metaspace       used 28003K, capacity 28714K, committed 28924K, reserved 1075200K
  class space    used 3519K, capacity 3838K, committed 3916K, reserved 1048576K
}

Deoptimization events (10 events):
Event: 8.275 Thread 0x000001eabfefa000 Uncommon trap: reason=unstable_if action=reinterpret pc=0x000001eaab1f9f30 method=sun.net.www.ParseUtil.firstEncodeIndex(Ljava/lang/String;)I @ 51 c2
Event: 8.305 Thread 0x000001eabfefa000 Uncommon trap: reason=unstable_if action=reinterpret pc=0x000001eaab207ad8 method=java.lang.StringLatin1.compareToCI([B[B)I @ 31 c2
Event: 8.311 Thread 0x000001eabfefa000 Uncommon trap: reason=unstable_if action=reinterpret pc=0x000001eaab205314 method=java.lang.StringLatin1.compareToCI([B[B)I @ 31 c2
Event: 8.321 Thread 0x000001eabfefa000 Uncommon trap: reason=unstable_if action=reinterpret pc=0x000001eaab1ffedc method=java.lang.String.replace(Ljava/lang/CharSequence;Ljava/lang/CharSequence;)Ljava/lang/String; @ 24 c2
Event: 8.321 Thread 0x000001eabfefa000 Uncommon trap: reason=unstable_if action=reinterpret pc=0x000001eaab203150 method=java.lang.String.replace(Ljava/lang/CharSequence;Ljava/lang/CharSequence;)Ljava/lang/String; @ 24 c2
Event: 8.563 Thread 0x000001eabfefa000 Uncommon trap: reason=intrinsic_or_type_checked_inlining action=make_not_entrant pc=0x000001eaab230450 method=java.util.ArrayList.toArray([Ljava/lang/Object;)[Ljava/lang/Object; @ 36 c2
Event: 8.697 Thread 0x000001eabfefa000 Uncommon trap: reason=class_check action=make_not_entrant pc=0x000001eaab233640 method=java.util.ArrayList.toArray([Ljava/lang/Object;)[Ljava/lang/Object; @ 21 c2
Event: 9.545 Thread 0x000001eabfefb800 Uncommon trap: reason=range_check action=make_not_entrant pc=0x000001eaab26de7c method=java.util.zip.ZipUtils.get16([BI)I @ 11 c2
Event: 15.810 Thread 0x000001eabf6ca800 Uncommon trap: reason=unstable_if action=reinterpret pc=0x000001eaab224f48 method=java.util.concurrent.locks.AbstractQueuedSynchronizer.doReleaseShared()V @ 69 c2
Event: 16.901 Thread 0x000001eabf6ca800 Uncommon trap: reason=unstable_if action=reinterpret pc=0x000001eaab235838 method=java.util.WeakHashMap.expungeStaleEntries()V @ 66 c2

Classes redefined (0 events):
No events

Internal exceptions (10 events):
Event: 15.552 Thread 0x000001eabfefb800 Exception <a 'sun/nio/fs/WindowsException'{0x000000070b5d9818}> (0x000000070b5d9818) thrown at [./open/src/hotspot/share/prims/jni.cpp, line 611]
Event: 15.553 Thread 0x000001eabfefb800 Exception <a 'sun/nio/fs/WindowsException'{0x000000070b5dab38}> (0x000000070b5dab38) thrown at [./open/src/hotspot/share/prims/jni.cpp, line 611]
Event: 15.553 Thread 0x000001eabfefb800 Exception <a 'sun/nio/fs/WindowsException'{0x000000070b5dbed8}> (0x000000070b5dbed8) thrown at [./open/src/hotspot/share/prims/jni.cpp, line 611]
Event: 15.553 Thread 0x000001eabfefb800 Exception <a 'sun/nio/fs/WindowsException'{0x000000070b5dd0f8}> (0x000000070b5dd0f8) thrown at [./open/src/hotspot/share/prims/jni.cpp, line 611]
Event: 15.553 Thread 0x000001eabfefb800 Exception <a 'sun/nio/fs/WindowsException'{0x000000070b5de350}> (0x000000070b5de350) thrown at [./open/src/hotspot/share/prims/jni.cpp, line 611]
Event: 15.553 Thread 0x000001eabfefb800 Exception <a 'sun/nio/fs/WindowsException'{0x000000070b5df5c0}> (0x000000070b5df5c0) thrown at [./open/src/hotspot/share/prims/jni.cpp, line 611]
Event: 15.554 Thread 0x000001eabfefb800 Exception <a 'sun/nio/fs/WindowsException'{0x000000070b5e07e0}> (0x000000070b5e07e0) thrown at [./open/src/hotspot/share/prims/jni.cpp, line 611]
Event: 15.554 Thread 0x000001eabfefb800 Exception <a 'sun/nio/fs/WindowsException'{0x000000070b5e1a00}> (0x000000070b5e1a00) thrown at [./open/src/hotspot/share/prims/jni.cpp, line 611]
Event: 15.554 Thread 0x000001eabfefb800 Exception <a 'sun/nio/fs/WindowsException'{0x000000070b5e2c20}> (0x000000070b5e2c20) thrown at [./open/src/hotspot/share/prims/jni.cpp, line 611]
Event: 15.554 Thread 0x000001eabfefb800 Exception <a 'sun/nio/fs/WindowsException'{0x000000070b5e3e40}> (0x000000070b5e3e40) thrown at [./open/src/hotspot/share/prims/jni.cpp, line 611]

Events (10 events):
Event: 50.261 Thread 0x000001eabfefa000 Thread exited: 0x000001eabfefa000
Event: 50.261 Thread 0x000001eabfefa000 Thread added: 0x000001eabfefa000
Event: 50.262 Thread 0x000001eabfefa000 Thread exited: 0x000001eabfefa000
Event: 50.262 Thread 0x000001eabfefa000 Thread added: 0x000001eabfefa000
Event: 50.262 Thread 0x000001eabfefa000 Thread exited: 0x000001eabfefa000
Event: 50.262 Thread 0x000001eabfefd000 Thread added: 0x000001eabfefd000
Event: 50.262 Thread 0x000001eabfefd000 Thread exited: 0x000001eabfefd000
Event: 50.262 Thread 0x000001eabfefd000 Thread added: 0x000001eabfefd000
Event: 50.262 Thread 0x000001eabfefd000 Thread exited: 0x000001eabfefd000
Event: 50.262 Thread 0x000001eabfefc800 Thread added: 0x000001eabfefc800


Dynamic libraries:
0x00007ff7b6390000 - 0x00007ff7b63a0000 	C:\Program Files\Java\jdk-11\bin\java.exe
0x00007ffd0cbb0000 - 0x00007ffd0cda8000 	C:\Windows\SYSTEM32\ntdll.dll
0x00007ffd0c620000 - 0x00007ffd0c6df000 	C:\Windows\System32\KERNEL32.DLL
0x00007ffd0a390000 - 0x00007ffd0a686000 	C:\Windows\System32\KERNELBASE.dll
0x00007ffd0a290000 - 0x00007ffd0a390000 	C:\Windows\System32\ucrtbase.dll
0x00007ffcfee30000 - 0x00007ffcfee4b000 	C:\Program Files\Java\jdk-11\bin\VCRUNTIME140.dll
0x00007ffd020c0000 - 0x00007ffd020d8000 	C:\Program Files\Java\jdk-11\bin\jli.dll
0x00007ffd0aeb0000 - 0x00007ffd0af5f000 	C:\Windows\System32\ADVAPI32.dll
0x00007ffd0bc50000 - 0x00007ffd0bcee000 	C:\Windows\System32\msvcrt.dll
0x00007ffd0bb30000 - 0x00007ffd0bbcc000 	C:\Windows\System32\sechost.dll
0x00007ffd0b250000 - 0x00007ffd0b376000 	C:\Windows\System32\RPCRT4.dll
0x00007ffd0b7f0000 - 0x00007ffd0b98d000 	C:\Windows\System32\USER32.dll
0x00007ffd0abe0000 - 0x00007ffd0ac02000 	C:\Windows\System32\win32u.dll
0x00007ffcf0730000 - 0x00007ffcf09ca000 	C:\Windows\WinSxS\amd64_microsoft.windows.common-controls_6595b64144ccf1df_6.0.19041.1110_none_60b5254171f9507e\COMCTL32.dll
0x00007ffd0c440000 - 0x00007ffd0c46c000 	C:\Windows\System32\GDI32.dll
0x00007ffd0a880000 - 0x00007ffd0a995000 	C:\Windows\System32\gdi32full.dll
0x00007ffd0a690000 - 0x00007ffd0a72d000 	C:\Windows\System32\msvcp_win.dll
0x00007ffcffed0000 - 0x00007ffcffeda000 	C:\Windows\SYSTEM32\VERSION.dll
0x00007ffd0c5f0000 - 0x00007ffd0c620000 	C:\Windows\System32\IMM32.DLL
0x00007ffd02220000 - 0x00007ffd0222c000 	C:\Program Files\Java\jdk-11\bin\vcruntime140_1.dll
0x00007ffcf6e90000 - 0x00007ffcf6f1e000 	C:\Program Files\Java\jdk-11\bin\msvcp140.dll
0x00007ffcbb880000 - 0x00007ffcbc3e8000 	C:\Program Files\Java\jdk-11\bin\server\jvm.dll
0x00007ffd0ba60000 - 0x00007ffd0ba68000 	C:\Windows\System32\PSAPI.DLL
0x00007ffd051c0000 - 0x00007ffd051c9000 	C:\Windows\SYSTEM32\WSOCK32.dll
0x00007ffd0b990000 - 0x00007ffd0b9fb000 	C:\Windows\System32\WS2_32.dll
0x00007ffcefde0000 - 0x00007ffcefe07000 	C:\Windows\SYSTEM32\WINMM.dll
0x00007ffd08ad0000 - 0x00007ffd08ae2000 	C:\Windows\SYSTEM32\kernel.appcore.dll
0x00007ffd020b0000 - 0x00007ffd020c0000 	C:\Program Files\Java\jdk-11\bin\verify.dll
0x00007ffd07e80000 - 0x00007ffd08064000 	C:\Windows\SYSTEM32\DBGHELP.DLL
0x00007ffcefcb0000 - 0x00007ffcefce4000 	C:\Windows\SYSTEM32\dbgcore.DLL
0x00007ffd0a730000 - 0x00007ffd0a7b2000 	C:\Windows\System32\bcryptPrimitives.dll
0x00007ffcf70c0000 - 0x00007ffcf70e8000 	C:\Program Files\Java\jdk-11\bin\java.dll
0x00007ffd02060000 - 0x00007ffd0206a000 	C:\Program Files\Java\jdk-11\bin\jimage.dll
0x00007ffcf70b0000 - 0x00007ffcf70be000 	C:\Program Files\Java\jdk-11\bin\instrument.dll
0x00007ffcfeaf0000 - 0x00007ffcfeb07000 	C:\Program Files\Java\jdk-11\bin\zip.dll
0x00007ffd0bcf0000 - 0x00007ffd0c434000 	C:\Windows\System32\SHELL32.dll
0x00007ffd082e0000 - 0x00007ffd08a73000 	C:\Windows\SYSTEM32\windows.storage.dll
0x00007ffd0c810000 - 0x00007ffd0cb64000 	C:\Windows\System32\combase.dll
0x00007ffd09ce0000 - 0x00007ffd09d0e000 	C:\Windows\SYSTEM32\Wldp.dll
0x00007ffd0b070000 - 0x00007ffd0b11d000 	C:\Windows\System32\SHCORE.dll
0x00007ffd0bbf0000 - 0x00007ffd0bc45000 	C:\Windows\System32\shlwapi.dll
0x00007ffd0a1d0000 - 0x00007ffd0a1ef000 	C:\Windows\SYSTEM32\profapi.dll
0x00007ffcfa4e0000 - 0x00007ffcfa4f9000 	C:\Program Files\Java\jdk-11\bin\net.dll
0x00007ffd06610000 - 0x00007ffd0671a000 	C:\Windows\SYSTEM32\WINHTTP.dll
0x00007ffd09a40000 - 0x00007ffd09aaa000 	C:\Windows\system32\mswsock.dll
0x00007ffcf7b70000 - 0x00007ffcf7b82000 	C:\Program Files\Java\jdk-11\bin\nio.dll
0x00007ffcf7070000 - 0x00007ffcf708a000 	C:\Program Files\JetBrains\IntelliJ IDEA 2022.3.2\bin\breakgen64.dll
0x000001ea9bef0000 - 0x000001ea9bef3000 	C:\Users\fs-dev1\.openjfx\cache\17.0.2-ea\api-ms-win-core-console-l1-1-0.dll
0x000001ea9bf00000 - 0x000001ea9bf03000 	C:\Users\fs-dev1\.openjfx\cache\17.0.2-ea\api-ms-win-core-console-l1-2-0.dll
0x000001ea9bf10000 - 0x000001ea9bf13000 	C:\Users\fs-dev1\.openjfx\cache\17.0.2-ea\api-ms-win-core-datetime-l1-1-0.dll
0x000001eac0830000 - 0x000001eac0833000 	C:\Users\fs-dev1\.openjfx\cache\17.0.2-ea\api-ms-win-core-debug-l1-1-0.dll
0x000001eac0840000 - 0x000001eac0843000 	C:\Users\fs-dev1\.openjfx\cache\17.0.2-ea\api-ms-win-core-errorhandling-l1-1-0.dll
0x000001eac0850000 - 0x000001eac0854000 	C:\Users\fs-dev1\.openjfx\cache\17.0.2-ea\api-ms-win-core-file-l1-1-0.dll
0x000001eac0860000 - 0x000001eac0863000 	C:\Users\fs-dev1\.openjfx\cache\17.0.2-ea\api-ms-win-core-file-l1-2-0.dll
0x000001eac0870000 - 0x000001eac0873000 	C:\Users\fs-dev1\.openjfx\cache\17.0.2-ea\api-ms-win-core-file-l2-1-0.dll
0x000001eac0880000 - 0x000001eac0883000 	C:\Users\fs-dev1\.openjfx\cache\17.0.2-ea\api-ms-win-core-handle-l1-1-0.dll
0x000001eac0890000 - 0x000001eac0893000 	C:\Users\fs-dev1\.openjfx\cache\17.0.2-ea\api-ms-win-core-heap-l1-1-0.dll
0x000001eac08a0000 - 0x000001eac08a3000 	C:\Users\fs-dev1\.openjfx\cache\17.0.2-ea\api-ms-win-core-interlocked-l1-1-0.dll
0x000001eac08b0000 - 0x000001eac08b3000 	C:\Users\fs-dev1\.openjfx\cache\17.0.2-ea\api-ms-win-core-libraryloader-l1-1-0.dll
0x000001eac08c0000 - 0x000001eac08c3000 	C:\Users\fs-dev1\.openjfx\cache\17.0.2-ea\api-ms-win-core-localization-l1-2-0.dll
0x000001eac08d0000 - 0x000001eac08d3000 	C:\Users\fs-dev1\.openjfx\cache\17.0.2-ea\api-ms-win-core-memory-l1-1-0.dll
0x000001eac08e0000 - 0x000001eac08e3000 	C:\Users\fs-dev1\.openjfx\cache\17.0.2-ea\api-ms-win-core-namedpipe-l1-1-0.dll
0x000001eac08f0000 - 0x000001eac08f3000 	C:\Users\fs-dev1\.openjfx\cache\17.0.2-ea\api-ms-win-core-processenvironment-l1-1-0.dll
0x000001eac0900000 - 0x000001eac0903000 	C:\Users\fs-dev1\.openjfx\cache\17.0.2-ea\api-ms-win-core-processthreads-l1-1-0.dll
0x000001eac0910000 - 0x000001eac0913000 	C:\Users\fs-dev1\.openjfx\cache\17.0.2-ea\api-ms-win-core-processthreads-l1-1-1.dll
0x000001eac0920000 - 0x000001eac0923000 	C:\Users\fs-dev1\.openjfx\cache\17.0.2-ea\api-ms-win-core-profile-l1-1-0.dll
0x000001eac0930000 - 0x000001eac0933000 	C:\Users\fs-dev1\.openjfx\cache\17.0.2-ea\api-ms-win-core-rtlsupport-l1-1-0.dll
0x000001eac0940000 - 0x000001eac0943000 	C:\Users\fs-dev1\.openjfx\cache\17.0.2-ea\api-ms-win-core-string-l1-1-0.dll
0x000001eac0950000 - 0x000001eac0953000 	C:\Users\fs-dev1\.openjfx\cache\17.0.2-ea\api-ms-win-core-synch-l1-1-0.dll
0x000001eac0960000 - 0x000001eac0963000 	C:\Users\fs-dev1\.openjfx\cache\17.0.2-ea\api-ms-win-core-synch-l1-2-0.dll
0x000001eac0970000 - 0x000001eac0973000 	C:\Users\fs-dev1\.openjfx\cache\17.0.2-ea\api-ms-win-core-sysinfo-l1-1-0.dll
0x000001eac0980000 - 0x000001eac0983000 	C:\Users\fs-dev1\.openjfx\cache\17.0.2-ea\api-ms-win-core-timezone-l1-1-0.dll
0x000001eac0990000 - 0x000001eac0993000 	C:\Users\fs-dev1\.openjfx\cache\17.0.2-ea\api-ms-win-core-util-l1-1-0.dll
0x000001eac09a0000 - 0x000001eac09a3000 	C:\Users\fs-dev1\.openjfx\cache\17.0.2-ea\api-ms-win-crt-conio-l1-1-0.dll
0x000001eac09b0000 - 0x000001eac09b4000 	C:\Users\fs-dev1\.openjfx\cache\17.0.2-ea\api-ms-win-crt-convert-l1-1-0.dll
0x000001eac09c0000 - 0x000001eac09c3000 	C:\Users\fs-dev1\.openjfx\cache\17.0.2-ea\api-ms-win-crt-environment-l1-1-0.dll
0x000001eac09d0000 - 0x000001eac09d3000 	C:\Users\fs-dev1\.openjfx\cache\17.0.2-ea\api-ms-win-crt-filesystem-l1-1-0.dll
0x000001eac09e0000 - 0x000001eac09e3000 	C:\Users\fs-dev1\.openjfx\cache\17.0.2-ea\api-ms-win-crt-heap-l1-1-0.dll
0x000001eac09f0000 - 0x000001eac09f3000 	C:\Users\fs-dev1\.openjfx\cache\17.0.2-ea\api-ms-win-crt-locale-l1-1-0.dll
0x000001eac0a00000 - 0x000001eac0a05000 	C:\Users\fs-dev1\.openjfx\cache\17.0.2-ea\api-ms-win-crt-math-l1-1-0.dll
0x000001eac0a10000 - 0x000001eac0a15000 	C:\Users\fs-dev1\.openjfx\cache\17.0.2-ea\api-ms-win-crt-multibyte-l1-1-0.dll
0x000001eac0a20000 - 0x000001eac0a30000 	C:\Users\fs-dev1\.openjfx\cache\17.0.2-ea\api-ms-win-crt-private-l1-1-0.dll
0x000001eac0a30000 - 0x000001eac0a33000 	C:\Users\fs-dev1\.openjfx\cache\17.0.2-ea\api-ms-win-crt-process-l1-1-0.dll
0x000001eac0a40000 - 0x000001eac0a44000 	C:\Users\fs-dev1\.openjfx\cache\17.0.2-ea\api-ms-win-crt-runtime-l1-1-0.dll
0x000001eac0a50000 - 0x000001eac0a54000 	C:\Users\fs-dev1\.openjfx\cache\17.0.2-ea\api-ms-win-crt-stdio-l1-1-0.dll
0x000001eac0a60000 - 0x000001eac0a64000 	C:\Users\fs-dev1\.openjfx\cache\17.0.2-ea\api-ms-win-crt-string-l1-1-0.dll
0x000001eac0a70000 - 0x000001eac0a73000 	C:\Users\fs-dev1\.openjfx\cache\17.0.2-ea\api-ms-win-crt-time-l1-1-0.dll
0x000001eac0a80000 - 0x000001eac0a83000 	C:\Users\fs-dev1\.openjfx\cache\17.0.2-ea\api-ms-win-crt-utility-l1-1-0.dll
0x00007ffcdd310000 - 0x00007ffcdd40c000 	C:\Users\fs-dev1\.openjfx\cache\17.0.2-ea\ucrtbase.dll
0x00007ffcf7050000 - 0x00007ffcf706a000 	C:\Users\fs-dev1\.openjfx\cache\17.0.2-ea\vcruntime140.dll
0x00007ffcf7040000 - 0x00007ffcf704c000 	C:\Users\fs-dev1\.openjfx\cache\17.0.2-ea\vcruntime140_1.dll
0x00007ffce5a50000 - 0x00007ffce5add000 	C:\Users\fs-dev1\.openjfx\cache\17.0.2-ea\msvcp140.dll
0x00007ffcf6ff0000 - 0x00007ffcf701a000 	C:\Users\fs-dev1\.openjfx\cache\17.0.2-ea\prism_d3d.dll
0x00007ffcd0310000 - 0x00007ffcd04dd000 	C:\Windows\system32\d3d9.dll
0x00007ffd07050000 - 0x00007ffd0707f000 	C:\Windows\SYSTEM32\dwmapi.dll
0x00007ffd06470000 - 0x00007ffd0650e000 	C:\Windows\system32\uxtheme.dll
0x00007ffcdbdb0000 - 0x00007ffcdbf5f000 	C:\Windows\System32\DriverStore\FileRepository\iigd_dch.inf_amd64_51f685305808e3a5\igdumdim64.dll
0x00007ffd0c6e0000 - 0x00007ffd0c80a000 	C:\Windows\System32\ole32.dll
0x00007ffcad5d0000 - 0x00007ffcb0673000 	C:\Windows\System32\DriverStore\FileRepository\iigd_dch.inf_amd64_51f685305808e3a5\igd9dxva64.dll
0x00007ffd0b120000 - 0x00007ffd0b1ed000 	C:\Windows\System32\OLEAUT32.dll
0x00007ffd0b380000 - 0x00007ffd0b7e8000 	C:\Windows\System32\SETUPAPI.dll
0x00007ffd0a7c0000 - 0x00007ffd0a80e000 	C:\Windows\System32\cfgmgr32.dll
0x00007ffd0ab00000 - 0x00007ffd0ab27000 	C:\Windows\System32\bcrypt.dll
0x00007ffcfe6e0000 - 0x00007ffcfeae9000 	C:\Windows\System32\DriverStore\FileRepository\iigd_dch.inf_amd64_51f685305808e3a5\igdgmm64.dll
0x00007ffce5a00000 - 0x00007ffce5a42000 	C:\Users\fs-dev1\.openjfx\cache\17.0.2-ea\glass.dll
0x00007ffd0adc0000 - 0x00007ffd0ae9a000 	C:\Windows\System32\COMDLG32.dll
0x00007ffd0c470000 - 0x00007ffd0c584000 	C:\Windows\System32\MSCTF.dll
0x00007ffce5c30000 - 0x00007ffce5c57000 	C:\Windows\System32\DriverStore\FileRepository\iigd_dch.inf_amd64_51f685305808e3a5\igdinfo64.dll
0x00007ffd09c30000 - 0x00007ffd09c48000 	C:\Windows\SYSTEM32\CRYPTSP.dll
0x00007ffd092f0000 - 0x00007ffd09324000 	C:\Windows\system32\rsaenh.dll
0x00007ffd09c50000 - 0x00007ffd09c5c000 	C:\Windows\SYSTEM32\CRYPTBASE.dll
0x00007ffcfaf40000 - 0x00007ffcfe6d4000 	C:\Windows\System32\DriverStore\FileRepository\iigd_dch.inf_amd64_51f685305808e3a5\igc64.dll
0x00007ffd03e40000 - 0x00007ffd03e7b000 	C:\Windows\SYSTEM32\dxcore.dll
0x00007ffcec010000 - 0x00007ffcec024000 	C:\Users\fs-dev1\.openjfx\cache\17.0.2-ea\javafx_font.dll
0x00007ffd07ae0000 - 0x00007ffd07d5f000 	C:\Windows\SYSTEM32\dwrite.dll
0x00007ffcf7030000 - 0x00007ffcf7037000 	C:\Users\fs-dev1\.openjfx\cache\17.0.2-ea\prism_common.dll
0x00007ffd0ba70000 - 0x00007ffd0bb19000 	C:\Windows\System32\clbcatq.dll
0x00007ffd02dc0000 - 0x00007ffd02f74000 	C:\Windows\SYSTEM32\WindowsCodecs.dll
0x00007ffcdf710000 - 0x00007ffcdf74e000 	C:\Windows\system32\dataexchange.dll
0x00007ffd08070000 - 0x00007ffd082d3000 	C:\Windows\system32\d3d11.dll
0x00007ffd05820000 - 0x00007ffd05a03000 	C:\Windows\system32\dcomp.dll
0x00007ffd08c60000 - 0x00007ffd08d53000 	C:\Windows\system32\dxgi.dll
0x00007ffd02f80000 - 0x00007ffd03187000 	C:\Windows\system32\twinapi.appcore.dll
0x00007ffce3370000 - 0x00007ffce33a4000 	C:\Program Files\Common Files\Microsoft Shared\Ink\rtscom.dll
0x00007ffcfa190000 - 0x00007ffcfa289000 	C:\Windows\SYSTEM32\textinputframework.dll
0x00007ffd05d90000 - 0x00007ffd060ee000 	C:\Windows\System32\CoreUIComponents.dll
0x00007ffd060f0000 - 0x00007ffd061e2000 	C:\Windows\System32\CoreMessaging.dll
0x00007ffd09410000 - 0x00007ffd09443000 	C:\Windows\SYSTEM32\ntmarta.dll

dbghelp: loaded successfully - version: 4.0.5 - missing functions: none
symbol engine: initialized successfully - sym options: 0x614 - pdb path: .;C:\Program Files\Java\jdk-11\bin;C:\Windows\SYSTEM32;C:\Windows\WinSxS\amd64_microsoft.windows.common-controls_6595b64144ccf1df_6.0.19041.1110_none_60b5254171f9507e;C:\Program Files\Java\jdk-11\bin\server;C:\Program Files\JetBrains\IntelliJ IDEA 2022.3.2\bin;C:\Users\fs-dev1\.openjfx\cache\17.0.2-ea;C:\Windows\System32\DriverStore\FileRepository\iigd_dch.inf_amd64_51f685305808e3a5;C:\Program Files\Common Files\Microsoft Shared\Ink;C:\Program Files (x86)\SogouInput\9.2.0.2770;C:\Program Files (x86)\SogouInput\Components\PicFace\1.1.0.1844;C:\Users\fs-dev1\AppData\Local\Temp;D:\work\project\WebCamComponent\lib\HV_lib;C:\Users\fs-dev1\.javacpp\cache\javacpp-1.5.4-windows-x86_64.jar\org\bytedeco\javacpp\windows-x86_64;C:\Users\fs-dev1\.javacpp\cache\ffmpeg-4.3.1-1.5.4-windows-x86_64.jar\org\bytedeco\ffmpeg\windows-x86_64;D:\work\project\WebCamComponent\lib\HV_lib\HCNetSDKCom

VM Arguments:
jvm_args: -javaagent:C:\Program Files\JetBrains\IntelliJ IDEA 2022.3.2\lib\idea_rt.jar=63036:C:\Program Files\JetBrains\IntelliJ IDEA 2022.3.2\bin -Dfile.encoding=UTF-8 --module-path=C:\Users\fs-dev1\.m2\repository\org\openjfx\javafx-controls\17.0.2\javafx-controls-17.0.2-win.jar;C:\Users\fs-dev1\.m2\repository\org\bytedeco\leptonica\1.80.0-1.5.4\leptonica-1.80.0-1.5.4.jar;C:\Users\fs-dev1\.m2\repository\org\openjfx\javafx-fxml\17.0.2\javafx-fxml-17.0.2-win.jar;C:\Users\fs-dev1\.m2\repository\org\bytedeco\opencv\4.4.0-1.5.4\opencv-4.4.0-1.5.4.jar;C:\Users\fs-dev1\.m2\repository\org\bytedeco\openblas\0.3.10-1.5.4\openblas-0.3.10-1.5.4.jar;C:\Users\fs-dev1\.m2\repository\org\bytedeco\libfreenect2\0.2.0-1.5.4\libfreenect2-0.2.0-1.5.4.jar;C:\Users\fs-dev1\.m2\repository\org\bytedeco\libfreenect\0.5.7-1.5.4\libfreenect-0.5.7-1.5.4.jar;D:\work\project\WebCamComponent\target\classes;D:\work\project\WebCamComponent\lib\HV_lib\jna.jar;C:\Users\fs-dev1\.m2\repository\org\bytedeco\librealsense\1.12.4-1.5.4\librealsense-1.12.4-1.5.4.jar;C:\Users\fs-dev1\.m2\repository\org\openjfx\javafx-graphics\17.0.2\javafx-graphics-17.0.2-win.jar;C:\Users\fs-dev1\.m2\repository\org\bytedeco\libdc1394\2.2.6-1.5.4\libdc1394-2.2.6-1.5.4.jar;C:\Users\fs-dev1\.m2\repository\org\bytedeco\artoolkitplus\2.3.1-1.5.4\artoolkitplus-2.3.1-1.5.4.jar;C:\Users\fs-dev1\.m2\repository\org\bytedeco\videoinput\0.200-1.5.4\videoinput-0.200-1.5.4.jar;C:\Users\fs-dev1\.m2\repository\org\openjfx\javafx-base\17.0.2\javafx-base-17.0.2-win.jar;D:\work\project\WebCamComponent\lib\HV_lib\examples.jar;C:\Users\fs-dev1\.m2\repository\org\openjfx\javafx-swing\16\javafx-swing-16-win.jar;C:\Users\fs-dev1\.m2\repository\org\bytedeco\javacpp\1.5.4\javacpp-1.5.4.jar;C:\Users\fs-dev1\.m2\repository\org\bytedeco\ffmpeg\4.3.1-1.5.4\ffmpeg-4.3.1-1.5.4.jar;C:\Users\fs-dev1\.m2\repository\org\bytedeco\flycapture\2.13.3.31-1.5.4\flycapture-2.13.3.31-1.5.4.jar;C:\Users\fs-dev1\.m2\repository\org\bytedeco\flandmark\1.07-1.5.4\flandmark-1.07-1.5.4.jar;C:\Users\fs-dev1\.m2\repository\org\bytedeco\tesseract\4.1.1-1.5.4\tesseract-4.1.1-1.5.4.jar;C:\Users\fs-dev1\.m2\repository\org\bytedeco\javacv\1.5.4\j-Djdk.module.main=com.fs.webcamcomponent 
java_command: com.fs.webcamcomponent/com.fs.webcamcomponent.WebCamApplication
java_class_path (initial): C:\Users\fs-dev1\.m2\repository\org\openjfx\javafx-controls\17.0.2\javafx-controls-17.0.2.jar;C:\Users\fs-dev1\.m2\repository\org\openjfx\javafx-graphics\17.0.2\javafx-graphics-17.0.2.jar;C:\Users\fs-dev1\.m2\repository\org\openjfx\javafx-base\17.0.2\javafx-base-17.0.2.jar;C:\Users\fs-dev1\.m2\repository\org\openjfx\javafx-fxml\17.0.2\javafx-fxml-17.0.2.jar;C:\Users\fs-dev1\.m2\repository\org\bytedeco\librealsense2\2.29.0-1.5.4\librealsense2-2.29.0-1.5.4.jar;C:\Users\fs-dev1\.m2\repository\org\bytedeco\ffmpeg-platform\4.3.1-1.5.4\ffmpeg-platform-4.3.1-1.5.4.jar;C:\Users\fs-dev1\.m2\repository\org\bytedeco\javacpp-platform\1.5.4\javacpp-platform-1.5.4.jar;C:\Users\fs-dev1\.m2\repository\org\bytedeco\javacpp\1.5.4\javacpp-1.5.4-android-arm.jar;C:\Users\fs-dev1\.m2\repository\org\bytedeco\javacpp\1.5.4\javacpp-1.5.4-android-arm64.jar;C:\Users\fs-dev1\.m2\repository\org\bytedeco\javacpp\1.5.4\javacpp-1.5.4-android-x86.jar;C:\Users\fs-dev1\.m2\repository\org\bytedeco\javacpp\1.5.4\javacpp-1.5.4-android-x86_64.jar;C:\Users\fs-dev1\.m2\repository\org\bytedeco\javacpp\1.5.4\javacpp-1.5.4-ios-arm64.jar;C:\Users\fs-dev1\.m2\repository\org\bytedeco\javacpp\1.5.4\javacpp-1.5.4-ios-x86_64.jar;C:\Users\fs-dev1\.m2\repository\org\bytedeco\javacpp\1.5.4\javacpp-1.5.4-linux-armhf.jar;C:\Users\fs-dev1\.m2\repository\org\bytedeco\javacpp\1.5.4\javacpp-1.5.4-linux-arm64.jar;C:\Users\fs-dev1\.m2\repository\org\bytedeco\javacpp\1.5.4\javacpp-1.5.4-linux-ppc64le.jar;C:\Users\fs-dev1\.m2\repository\org\bytedeco\javacpp\1.5.4\javacpp-1.5.4-linux-x86.jar;C:\Users\fs-dev1\.m2\repository\org\bytedeco\javacpp\1.5.4\javacpp-1.5.4-linux-x86_64.jar;C:\Users\fs-dev1\.m2\repository\org\bytedeco\javacpp\1.5.4\javacpp-1.5.4-macosx-x86_64.jar;C:\Users\fs-dev1\.m2\repository\org\bytedeco\javacpp\1.5.4\javacpp-1.5.4-windows-x86.jar;C:\Users\fs-dev1\.m2\repository\org\bytedeco\javacpp\1.5.4\javacpp-1.5.4-windows-x86_64.jar;C:\Users\fs-dev1\.m2\repository\org\bytedeco\ffmpeg\4.
Launcher Type: SUN_STANDARD

[Global flags]
     intx CICompilerCount                          = 3                                         {product} {ergonomic}
     uint ConcGCThreads                            = 1                                         {product} {ergonomic}
     uint G1ConcRefinementThreads                  = 4                                         {product} {ergonomic}
   size_t G1HeapRegionSize                         = 1048576                                   {product} {ergonomic}
    uintx GCDrainStackTargetSize                   = 64                                        {product} {ergonomic}
   size_t InitialHeapSize                          = 266338304                                 {product} {ergonomic}
   size_t MarkStackSize                            = 4194304                                   {product} {ergonomic}
   size_t MaxHeapSize                              = 4257218560                                {product} {ergonomic}
   size_t MaxNewSize                               = 2554331136                                {product} {ergonomic}
   size_t MinHeapDeltaBytes                        = 1048576                                   {product} {ergonomic}
    uintx NonNMethodCodeHeapSize                   = 5830732                                {pd product} {ergonomic}
    uintx NonProfiledCodeHeapSize                  = 122913754                              {pd product} {ergonomic}
    uintx ProfiledCodeHeapSize                     = 122913754                              {pd product} {ergonomic}
    uintx ReservedCodeCacheSize                    = 251658240                              {pd product} {ergonomic}
     bool SegmentedCodeCache                       = true                                      {product} {ergonomic}
     bool UseCompressedClassPointers               = true                                 {lp64_product} {ergonomic}
     bool UseCompressedOops                        = true                                 {lp64_product} {ergonomic}
     bool UseG1GC                                  = true                                      {product} {ergonomic}
     bool UseLargePagesIndividualAllocation        = false                                  {pd product} {ergonomic}

Logging:
Log output configuration:
 #0: stdout all=warning uptime,level,tags
 #1: stderr all=off uptime,level,tags

Environment Variables:
JAVA_HOME=C:\Program Files\Java\jdk-11
PATH=C:\Program Files\Common Files\Oracle\Java\javapath;C:\Windows\system32;C:\Windows;C:\Windows\System32\Wbem;C:\Windows\System32\WindowsPowerShell\v1.0\;C:\Windows\System32\OpenSSH\;C:\Program Files\Microsoft VS Code\bin;C:\Program Files\Tailscale\;C:\Program Files\Java\jdk-11\bin;C:\msys64\usr\bin;D:\Software\bazel;C:\Program Files\Git\cmd;D:\Software\OpenCV\opencv\build\x64\vc15\bin;C:\Users\fs-dev1\AppData\Local\Programs\Python\Python37;C:\Users\fs-dev1\AppData\Local\Programs\Python\Python37\libs;C:\Users\fs-dev1\AppData\Local\Programs\Python\Python37\Scripts;C:\Users\fs-dev1\AppData\Local\Programs\Python\Python37\Scripts\;C:\Users\fs-dev1\AppData\Local\Programs\Python\Python37\;C:\Users\fs-dev1\AppData\Local\Microsoft\WindowsApps
USERNAME=fs-dev1
OS=Windows_NT
PROCESSOR_IDENTIFIER=Intel64 Family 6 Model 142 Stepping 9, GenuineIntel



---------------  S Y S T E M  ---------------

OS: Windows 10 , 64 bit Build 19041 (10.0.19041.3031)

CPU:total 4 (initial active 4) (2 cores per cpu, 2 threads per core) family 6 model 142 stepping 9 microcode 0xde, cmov, cx8, fxsr, mmx, sse, sse2, sse3, ssse3, sse4.1, sse4.2, popcnt, avx, avx2, aes, clmul, erms, 3dnowpref, lzcnt, ht, tsc, tscinvbit, bmi1, bmi2, adx, fma

Memory: 4k page, system-wide physical 16234M (7347M free)
TotalPageFile size 19562M (AvailPageFile size 6079M)
current process WorkingSet (physical memory assigned to process): 574M, peak: 609M
current process commit charge ("private bytes"): 702M, peak: 735M

vm_info: Java HotSpot(TM) 64-Bit Server VM (11.0.18+9-LTS-195) for windows-amd64 JRE (11.0.18+9-LTS-195), built on Dec  6 2022 15:50:58 by "mach5one" with MS VC++ 17.1 (VS2022)

END.
